ARM GAS  C:\Users\jon\AppData\Local\Temp\ccYzXwj8.s 			page 1


   1              		.syntax unified
   2              		.cpu cortex-m3
   3              		.fpu softvfp
   4              		.eabi_attribute 20, 1
   5              		.eabi_attribute 21, 1
   6              		.eabi_attribute 23, 3
   7              		.eabi_attribute 24, 1
   8              		.eabi_attribute 25, 1
   9              		.eabi_attribute 26, 1
  10              		.eabi_attribute 30, 4
  11              		.eabi_attribute 34, 1
  12              		.eabi_attribute 18, 4
  13              		.thumb
  14              		.syntax unified
  15              		.file	"cymetadata.c"
  16              		.text
  17              	.Ltext0:
  18              		.cfi_sections	.debug_frame
  19              		.global	cy_metadata
  20              		.global	cy_meta_flashprotect
  21              		.global	cy_meta_wonvl
  22              		.global	cy_meta_custnvl
  23              		.global	cy_meta_configecc
  24              		.section	.cyconfigecc,"a",%progbits
  25              		.type	cy_meta_configecc, %object
  26              		.size	cy_meta_configecc, 1984
  27              	cy_meta_configecc:
  28 0000 01       		.byte	1
  29 0001 4F       		.byte	79
  30 0002 00       		.byte	0
  31 0003 40       		.byte	64
  32 0004 06       		.byte	6
  33 0005 52       		.byte	82
  34 0006 00       		.byte	0
  35 0007 40       		.byte	64
  36 0008 04       		.byte	4
  37 0009 64       		.byte	100
  38 000a 00       		.byte	0
  39 000b 40       		.byte	64
  40 000c 04       		.byte	4
  41 000d 65       		.byte	101
  42 000e 00       		.byte	0
  43 000f 40       		.byte	64
  44 0010 04       		.byte	4
  45 0011 00       		.byte	0
  46 0012 01       		.byte	1
  47 0013 40       		.byte	64
  48 0014 01       		.byte	1
  49 0015 01       		.byte	1
  50 0016 01       		.byte	1
  51 0017 40       		.byte	64
  52 0018 42       		.byte	66
  53 0019 02       		.byte	2
  54 001a 01       		.byte	1
  55 001b 40       		.byte	64
  56 001c 22       		.byte	34
  57 001d 03       		.byte	3
ARM GAS  C:\Users\jon\AppData\Local\Temp\ccYzXwj8.s 			page 2


  58 001e 01       		.byte	1
  59 001f 40       		.byte	64
  60 0020 42       		.byte	66
  61 0021 04       		.byte	4
  62 0022 01       		.byte	1
  63 0023 40       		.byte	64
  64 0024 24       		.byte	36
  65 0025 05       		.byte	5
  66 0026 01       		.byte	1
  67 0027 40       		.byte	64
  68 0028 02       		.byte	2
  69 0029 07       		.byte	7
  70 002a 01       		.byte	1
  71 002b 40       		.byte	64
  72 002c 41       		.byte	65
  73 002d 08       		.byte	8
  74 002e 01       		.byte	1
  75 002f 40       		.byte	64
  76 0030 23       		.byte	35
  77 0031 09       		.byte	9
  78 0032 01       		.byte	1
  79 0033 40       		.byte	64
  80 0034 42       		.byte	66
  81 0035 0A       		.byte	10
  82 0036 01       		.byte	1
  83 0037 40       		.byte	64
  84 0038 25       		.byte	37
  85 0039 0B       		.byte	11
  86 003a 01       		.byte	1
  87 003b 40       		.byte	64
  88 003c 02       		.byte	2
  89 003d 0D       		.byte	13
  90 003e 01       		.byte	1
  91 003f 40       		.byte	64
  92 0040 42       		.byte	66
  93 0041 14       		.byte	20
  94 0042 01       		.byte	1
  95 0043 40       		.byte	64
  96 0044 22       		.byte	34
  97 0045 15       		.byte	21
  98 0046 01       		.byte	1
  99 0047 40       		.byte	64
 100 0048 41       		.byte	65
 101 0049 16       		.byte	22
 102 004a 01       		.byte	1
 103 004b 40       		.byte	64
 104 004c 24       		.byte	36
 105 004d 17       		.byte	23
 106 004e 01       		.byte	1
 107 004f 40       		.byte	64
 108 0050 41       		.byte	65
 109 0051 18       		.byte	24
 110 0052 01       		.byte	1
 111 0053 40       		.byte	64
 112 0054 1F       		.byte	31
 113 0055 19       		.byte	25
 114 0056 01       		.byte	1
ARM GAS  C:\Users\jon\AppData\Local\Temp\ccYzXwj8.s 			page 3


 115 0057 40       		.byte	64
 116 0058 42       		.byte	66
 117 0059 1A       		.byte	26
 118 005a 01       		.byte	1
 119 005b 40       		.byte	64
 120 005c 25       		.byte	37
 121 005d 1B       		.byte	27
 122 005e 01       		.byte	1
 123 005f 40       		.byte	64
 124 0060 03       		.byte	3
 125 0061 41       		.byte	65
 126 0062 01       		.byte	1
 127 0063 40       		.byte	64
 128 0064 06       		.byte	6
 129 0065 42       		.byte	66
 130 0066 01       		.byte	1
 131 0067 40       		.byte	64
 132 0068 03       		.byte	3
 133 0069 43       		.byte	67
 134 006a 01       		.byte	1
 135 006b 40       		.byte	64
 136 006c 04       		.byte	4
 137 006d 44       		.byte	68
 138 006e 01       		.byte	1
 139 006f 40       		.byte	64
 140 0070 0E       		.byte	14
 141 0071 45       		.byte	69
 142 0072 01       		.byte	1
 143 0073 40       		.byte	64
 144 0074 08       		.byte	8
 145 0075 46       		.byte	70
 146 0076 01       		.byte	1
 147 0077 40       		.byte	64
 148 0078 08       		.byte	8
 149 0079 47       		.byte	71
 150 007a 01       		.byte	1
 151 007b 40       		.byte	64
 152 007c 04       		.byte	4
 153 007d 48       		.byte	72
 154 007e 01       		.byte	1
 155 007f 40       		.byte	64
 156 0080 07       		.byte	7
 157 0081 49       		.byte	73
 158 0082 01       		.byte	1
 159 0083 40       		.byte	64
 160 0084 04       		.byte	4
 161 0085 4C       		.byte	76
 162 0086 01       		.byte	1
 163 0087 40       		.byte	64
 164 0088 0A       		.byte	10
 165 0089 4D       		.byte	77
 166 008a 01       		.byte	1
 167 008b 40       		.byte	64
 168 008c 07       		.byte	7
 169 008d 50       		.byte	80
 170 008e 01       		.byte	1
 171 008f 40       		.byte	64
ARM GAS  C:\Users\jon\AppData\Local\Temp\ccYzXwj8.s 			page 4


 172 0090 0A       		.byte	10
 173 0091 4B       		.byte	75
 174 0092 08       		.byte	8
 175 0093 10       		.byte	16
 176 0094 09       		.byte	9
 177 0095 04       		.byte	4
 178 0096 10       		.byte	16
 179 0097 99       		.byte	-103
 180 0098 11       		.byte	17
 181 0099 A1       		.byte	-95
 182 009a 60       		.byte	96
 183 009b 65       		.byte	101
 184 009c 61       		.byte	97
 185 009d 36       		.byte	54
 186 009e 83       		.byte	-125
 187 009f 0F       		.byte	15
 188 00a0 85       		.byte	-123
 189 00a1 0F       		.byte	15
 190 00a2 89       		.byte	-119
 191 00a3 0F       		.byte	15
 192 00a4 8B       		.byte	-117
 193 00a5 0F       		.byte	15
 194 00a6 85       		.byte	-123
 195 00a7 0F       		.byte	15
 196 00a8 87       		.byte	-121
 197 00a9 0F       		.byte	15
 198 00aa 89       		.byte	-119
 199 00ab 0F       		.byte	15
 200 00ac 8B       		.byte	-117
 201 00ad 0F       		.byte	15
 202 00ae 38       		.byte	56
 203 00af 08       		.byte	8
 204 00b0 3E       		.byte	62
 205 00b1 04       		.byte	4
 206 00b2 58       		.byte	88
 207 00b3 04       		.byte	4
 208 00b4 5F       		.byte	95
 209 00b5 01       		.byte	1
 210 00b6 1B       		.byte	27
 211 00b7 04       		.byte	4
 212 00b8 40       		.byte	64
 213 00b9 50       		.byte	80
 214 00ba 41       		.byte	65
 215 00bb 03       		.byte	3
 216 00bc 49       		.byte	73
 217 00bd FF       		.byte	-1
 218 00be 4A       		.byte	74
 219 00bf FF       		.byte	-1
 220 00c0 4B       		.byte	75
 221 00c1 FF       		.byte	-1
 222 00c2 4D       		.byte	77
 223 00c3 A0       		.byte	-96
 224 00c4 4F       		.byte	79
 225 00c5 04       		.byte	4
 226 00c6 50       		.byte	80
 227 00c7 18       		.byte	24
 228 00c8 5A       		.byte	90
ARM GAS  C:\Users\jon\AppData\Local\Temp\ccYzXwj8.s 			page 5


 229 00c9 04       		.byte	4
 230 00ca 5F       		.byte	95
 231 00cb 01       		.byte	1
 232 00cc 60       		.byte	96
 233 00cd 40       		.byte	64
 234 00ce 62       		.byte	98
 235 00cf C0       		.byte	-64
 236 00d0 64       		.byte	100
 237 00d1 40       		.byte	64
 238 00d2 65       		.byte	101
 239 00d3 40       		.byte	64
 240 00d4 66       		.byte	102
 241 00d5 C0       		.byte	-64
 242 00d6 68       		.byte	104
 243 00d7 C0       		.byte	-64
 244 00d8 6A       		.byte	106
 245 00d9 C0       		.byte	-64
 246 00da 6C       		.byte	108
 247 00db C0       		.byte	-64
 248 00dc 6E       		.byte	110
 249 00dd C0       		.byte	-64
 250 00de 86       		.byte	-122
 251 00df 02       		.byte	2
 252 00e0 89       		.byte	-119
 253 00e1 02       		.byte	2
 254 00e2 8D       		.byte	-115
 255 00e3 08       		.byte	8
 256 00e4 92       		.byte	-110
 257 00e5 01       		.byte	1
 258 00e6 97       		.byte	-105
 259 00e7 03       		.byte	3
 260 00e8 9B       		.byte	-101
 261 00e9 0C       		.byte	12
 262 00ea 9E       		.byte	-98
 263 00eb 0E       		.byte	14
 264 00ec A6       		.byte	-90
 265 00ed 08       		.byte	8
 266 00ee AA       		.byte	-86
 267 00ef 04       		.byte	4
 268 00f0 B0       		.byte	-80
 269 00f1 04       		.byte	4
 270 00f2 B1       		.byte	-79
 271 00f3 04       		.byte	4
 272 00f4 B2       		.byte	-78
 273 00f5 02       		.byte	2
 274 00f6 B3       		.byte	-77
 275 00f7 01       		.byte	1
 276 00f8 B4       		.byte	-76
 277 00f9 08       		.byte	8
 278 00fa B5       		.byte	-75
 279 00fb 08       		.byte	8
 280 00fc B6       		.byte	-74
 281 00fd 01       		.byte	1
 282 00fe B7       		.byte	-73
 283 00ff 02       		.byte	2
 284 0100 BE       		.byte	-66
 285 0101 04       		.byte	4
ARM GAS  C:\Users\jon\AppData\Local\Temp\ccYzXwj8.s 			page 6


 286 0102 C0       		.byte	-64
 287 0103 10       		.byte	16
 288 0104 C1       		.byte	-63
 289 0105 02       		.byte	2
 290 0106 C5       		.byte	-59
 291 0107 D5       		.byte	-43
 292 0108 C6       		.byte	-58
 293 0109 20       		.byte	32
 294 010a C7       		.byte	-57
 295 010b 01       		.byte	1
 296 010c C8       		.byte	-56
 297 010d 1B       		.byte	27
 298 010e C9       		.byte	-55
 299 010f FF       		.byte	-1
 300 0110 CA       		.byte	-54
 301 0111 FF       		.byte	-1
 302 0112 CB       		.byte	-53
 303 0113 FF       		.byte	-1
 304 0114 CD       		.byte	-51
 305 0115 AF       		.byte	-81
 306 0116 CE       		.byte	-50
 307 0117 0F       		.byte	15
 308 0118 CF       		.byte	-49
 309 0119 04       		.byte	4
 310 011a D0       		.byte	-48
 311 011b 18       		.byte	24
 312 011c D2       		.byte	-46
 313 011d 80       		.byte	-128
 314 011e D4       		.byte	-44
 315 011f 07       		.byte	7
 316 0120 D8       		.byte	-40
 317 0121 04       		.byte	4
 318 0122 D9       		.byte	-39
 319 0123 04       		.byte	4
 320 0124 DA       		.byte	-38
 321 0125 04       		.byte	4
 322 0126 DB       		.byte	-37
 323 0127 04       		.byte	4
 324 0128 DF       		.byte	-33
 325 0129 01       		.byte	1
 326 012a E0       		.byte	-32
 327 012b 40       		.byte	64
 328 012c E2       		.byte	-30
 329 012d C0       		.byte	-64
 330 012e E4       		.byte	-28
 331 012f 40       		.byte	64
 332 0130 E5       		.byte	-27
 333 0131 40       		.byte	64
 334 0132 E6       		.byte	-26
 335 0133 C0       		.byte	-64
 336 0134 E8       		.byte	-24
 337 0135 C0       		.byte	-64
 338 0136 EA       		.byte	-22
 339 0137 C0       		.byte	-64
 340 0138 EC       		.byte	-20
 341 0139 C0       		.byte	-64
 342 013a EE       		.byte	-18
ARM GAS  C:\Users\jon\AppData\Local\Temp\ccYzXwj8.s 			page 7


 343 013b C0       		.byte	-64
 344 013c 02       		.byte	2
 345 013d 10       		.byte	16
 346 013e 0A       		.byte	10
 347 013f 41       		.byte	65
 348 0140 10       		.byte	16
 349 0141 28       		.byte	40
 350 0142 18       		.byte	24
 351 0143 04       		.byte	4
 352 0144 19       		.byte	25
 353 0145 06       		.byte	6
 354 0146 1A       		.byte	26
 355 0147 01       		.byte	1
 356 0148 1B       		.byte	27
 357 0149 40       		.byte	64
 358 014a 20       		.byte	32
 359 014b 50       		.byte	80
 360 014c 22       		.byte	34
 361 014d 50       		.byte	80
 362 014e 30       		.byte	48
 363 014f 28       		.byte	40
 364 0150 38       		.byte	56
 365 0151 50       		.byte	80
 366 0152 41       		.byte	65
 367 0153 10       		.byte	16
 368 0154 42       		.byte	66
 369 0155 01       		.byte	1
 370 0156 46       		.byte	70
 371 0157 10       		.byte	16
 372 0158 48       		.byte	72
 373 0159 20       		.byte	32
 374 015a 49       		.byte	73
 375 015b 01       		.byte	1
 376 015c 4F       		.byte	79
 377 015d 80       		.byte	-128
 378 015e 50       		.byte	80
 379 015f 08       		.byte	8
 380 0160 51       		.byte	81
 381 0161 10       		.byte	16
 382 0162 52       		.byte	82
 383 0163 10       		.byte	16
 384 0164 59       		.byte	89
 385 0165 05       		.byte	5
 386 0166 5A       		.byte	90
 387 0167 A0       		.byte	-96
 388 0168 72       		.byte	114
 389 0169 40       		.byte	64
 390 016a 89       		.byte	-119
 391 016b 02       		.byte	2
 392 016c 8C       		.byte	-116
 393 016d 04       		.byte	4
 394 016e AB       		.byte	-85
 395 016f 04       		.byte	4
 396 0170 C0       		.byte	-64
 397 0171 04       		.byte	4
 398 0172 C2       		.byte	-62
 399 0173 09       		.byte	9
ARM GAS  C:\Users\jon\AppData\Local\Temp\ccYzXwj8.s 			page 8


 400 0174 C4       		.byte	-60
 401 0175 06       		.byte	6
 402 0176 CC       		.byte	-52
 403 0177 06       		.byte	6
 404 0178 CE       		.byte	-50
 405 0179 0C       		.byte	12
 406 017a D0       		.byte	-48
 407 017b 4C       		.byte	76
 408 017c D2       		.byte	-46
 409 017d 10       		.byte	16
 410 017e D6       		.byte	-42
 411 017f 0F       		.byte	15
 412 0180 40       		.byte	64
 413 0181 30       		.byte	48
 414 0182 41       		.byte	65
 415 0183 02       		.byte	2
 416 0184 49       		.byte	73
 417 0185 FF       		.byte	-1
 418 0186 4A       		.byte	74
 419 0187 FF       		.byte	-1
 420 0188 4B       		.byte	75
 421 0189 FF       		.byte	-1
 422 018a 4D       		.byte	77
 423 018b A0       		.byte	-96
 424 018c 4F       		.byte	79
 425 018d 04       		.byte	4
 426 018e 50       		.byte	80
 427 018f 18       		.byte	24
 428 0190 5A       		.byte	90
 429 0191 04       		.byte	4
 430 0192 5F       		.byte	95
 431 0193 01       		.byte	1
 432 0194 60       		.byte	96
 433 0195 40       		.byte	64
 434 0196 62       		.byte	98
 435 0197 C0       		.byte	-64
 436 0198 64       		.byte	100
 437 0199 40       		.byte	64
 438 019a 65       		.byte	101
 439 019b 40       		.byte	64
 440 019c 66       		.byte	102
 441 019d C0       		.byte	-64
 442 019e 68       		.byte	104
 443 019f C0       		.byte	-64
 444 01a0 6A       		.byte	106
 445 01a1 C0       		.byte	-64
 446 01a2 6C       		.byte	108
 447 01a3 C0       		.byte	-64
 448 01a4 6E       		.byte	110
 449 01a5 C0       		.byte	-64
 450 01a6 83       		.byte	-125
 451 01a7 0C       		.byte	12
 452 01a8 87       		.byte	-121
 453 01a9 03       		.byte	3
 454 01aa 8A       		.byte	-118
 455 01ab 0E       		.byte	14
 456 01ac 91       		.byte	-111
ARM GAS  C:\Users\jon\AppData\Local\Temp\ccYzXwj8.s 			page 9


 457 01ad 02       		.byte	2
 458 01ae 96       		.byte	-106
 459 01af 02       		.byte	2
 460 01b0 99       		.byte	-103
 461 01b1 08       		.byte	8
 462 01b2 9E       		.byte	-98
 463 01b3 08       		.byte	8
 464 01b4 AA       		.byte	-86
 465 01b5 04       		.byte	4
 466 01b6 AE       		.byte	-82
 467 01b7 01       		.byte	1
 468 01b8 B0       		.byte	-80
 469 01b9 08       		.byte	8
 470 01ba B1       		.byte	-79
 471 01bb 02       		.byte	2
 472 01bc B2       		.byte	-78
 473 01bd 01       		.byte	1
 474 01be B3       		.byte	-77
 475 01bf 08       		.byte	8
 476 01c0 B4       		.byte	-76
 477 01c1 02       		.byte	2
 478 01c2 B5       		.byte	-75
 479 01c3 04       		.byte	4
 480 01c4 B6       		.byte	-74
 481 01c5 04       		.byte	4
 482 01c6 B7       		.byte	-73
 483 01c7 01       		.byte	1
 484 01c8 BE       		.byte	-66
 485 01c9 10       		.byte	16
 486 01ca C0       		.byte	-64
 487 01cb 30       		.byte	48
 488 01cc C1       		.byte	-63
 489 01cd 02       		.byte	2
 490 01ce C5       		.byte	-59
 491 01cf D0       		.byte	-48
 492 01d0 C6       		.byte	-58
 493 01d1 20       		.byte	32
 494 01d2 C7       		.byte	-57
 495 01d3 51       		.byte	81
 496 01d4 C8       		.byte	-56
 497 01d5 3A       		.byte	58
 498 01d6 C9       		.byte	-55
 499 01d7 FF       		.byte	-1
 500 01d8 CA       		.byte	-54
 501 01d9 FF       		.byte	-1
 502 01da CB       		.byte	-53
 503 01db FF       		.byte	-1
 504 01dc CD       		.byte	-51
 505 01dd AF       		.byte	-81
 506 01de CE       		.byte	-50
 507 01df 0F       		.byte	15
 508 01e0 CF       		.byte	-49
 509 01e1 04       		.byte	4
 510 01e2 D0       		.byte	-48
 511 01e3 18       		.byte	24
 512 01e4 D2       		.byte	-46
 513 01e5 80       		.byte	-128
ARM GAS  C:\Users\jon\AppData\Local\Temp\ccYzXwj8.s 			page 10


 514 01e6 D4       		.byte	-44
 515 01e7 07       		.byte	7
 516 01e8 D8       		.byte	-40
 517 01e9 04       		.byte	4
 518 01ea D9       		.byte	-39
 519 01eb 04       		.byte	4
 520 01ec DA       		.byte	-38
 521 01ed 04       		.byte	4
 522 01ee DB       		.byte	-37
 523 01ef 04       		.byte	4
 524 01f0 DF       		.byte	-33
 525 01f1 01       		.byte	1
 526 01f2 E0       		.byte	-32
 527 01f3 40       		.byte	64
 528 01f4 E2       		.byte	-30
 529 01f5 C0       		.byte	-64
 530 01f6 E4       		.byte	-28
 531 01f7 40       		.byte	64
 532 01f8 E5       		.byte	-27
 533 01f9 40       		.byte	64
 534 01fa E6       		.byte	-26
 535 01fb C0       		.byte	-64
 536 01fc E8       		.byte	-24
 537 01fd C0       		.byte	-64
 538 01fe EA       		.byte	-22
 539 01ff C0       		.byte	-64
 540 0200 EC       		.byte	-20
 541 0201 C0       		.byte	-64
 542 0202 EE       		.byte	-18
 543 0203 C0       		.byte	-64
 544 0204 04       		.byte	4
 545 0205 10       		.byte	16
 546 0206 0F       		.byte	15
 547 0207 22       		.byte	34
 548 0208 16       		.byte	22
 549 0209 08       		.byte	8
 550 020a 17       		.byte	23
 551 020b 40       		.byte	64
 552 020c 1C       		.byte	28
 553 020d 11       		.byte	17
 554 020e 1D       		.byte	29
 555 020f 08       		.byte	8
 556 0210 1E       		.byte	30
 557 0211 08       		.byte	8
 558 0212 1F       		.byte	31
 559 0213 01       		.byte	1
 560 0214 24       		.byte	36
 561 0215 40       		.byte	64
 562 0216 26       		.byte	38
 563 0217 20       		.byte	32
 564 0218 27       		.byte	39
 565 0219 22       		.byte	34
 566 021a 36       		.byte	54
 567 021b 20       		.byte	32
 568 021c 37       		.byte	55
 569 021d 02       		.byte	2
 570 021e 3E       		.byte	62
ARM GAS  C:\Users\jon\AppData\Local\Temp\ccYzXwj8.s 			page 11


 571 021f 08       		.byte	8
 572 0220 3F       		.byte	63
 573 0221 02       		.byte	2
 574 0222 40       		.byte	64
 575 0223 10       		.byte	16
 576 0224 41       		.byte	65
 577 0225 20       		.byte	32
 578 0226 45       		.byte	69
 579 0227 28       		.byte	40
 580 0228 4F       		.byte	79
 581 0229 01       		.byte	1
 582 022a 55       		.byte	85
 583 022b 20       		.byte	32
 584 022c 56       		.byte	86
 585 022d 08       		.byte	8
 586 022e 57       		.byte	87
 587 022f 11       		.byte	17
 588 0230 5C       		.byte	92
 589 0231 40       		.byte	64
 590 0232 5E       		.byte	94
 591 0233 08       		.byte	8
 592 0234 5F       		.byte	95
 593 0235 21       		.byte	33
 594 0236 77       		.byte	119
 595 0237 40       		.byte	64
 596 0238 97       		.byte	-105
 597 0239 02       		.byte	2
 598 023a AB       		.byte	-85
 599 023b 01       		.byte	1
 600 023c C0       		.byte	-64
 601 023d 40       		.byte	64
 602 023e C2       		.byte	-62
 603 023f A0       		.byte	-96
 604 0240 C4       		.byte	-60
 605 0241 C0       		.byte	-64
 606 0242 CC       		.byte	-52
 607 0243 A0       		.byte	-96
 608 0244 CE       		.byte	-50
 609 0245 C0       		.byte	-64
 610 0246 D0       		.byte	-48
 611 0247 66       		.byte	102
 612 0248 D6       		.byte	-42
 613 0249 F0       		.byte	-16
 614 024a EC       		.byte	-20
 615 024b 04       		.byte	4
 616 024c B4       		.byte	-76
 617 024d 01       		.byte	1
 618 024e E6       		.byte	-26
 619 024f 80       		.byte	-128
 620 0250 40       		.byte	64
 621 0251 60       		.byte	96
 622 0252 41       		.byte	65
 623 0253 05       		.byte	5
 624 0254 49       		.byte	73
 625 0255 FF       		.byte	-1
 626 0256 4A       		.byte	74
 627 0257 FF       		.byte	-1
ARM GAS  C:\Users\jon\AppData\Local\Temp\ccYzXwj8.s 			page 12


 628 0258 4B       		.byte	75
 629 0259 FF       		.byte	-1
 630 025a 4D       		.byte	77
 631 025b A0       		.byte	-96
 632 025c 4F       		.byte	79
 633 025d 04       		.byte	4
 634 025e 50       		.byte	80
 635 025f 18       		.byte	24
 636 0260 5A       		.byte	90
 637 0261 04       		.byte	4
 638 0262 5F       		.byte	95
 639 0263 01       		.byte	1
 640 0264 60       		.byte	96
 641 0265 40       		.byte	64
 642 0266 62       		.byte	98
 643 0267 C0       		.byte	-64
 644 0268 64       		.byte	100
 645 0269 40       		.byte	64
 646 026a 65       		.byte	101
 647 026b 40       		.byte	64
 648 026c 66       		.byte	102
 649 026d C0       		.byte	-64
 650 026e 68       		.byte	104
 651 026f C0       		.byte	-64
 652 0270 6A       		.byte	106
 653 0271 C0       		.byte	-64
 654 0272 6C       		.byte	108
 655 0273 C0       		.byte	-64
 656 0274 6E       		.byte	110
 657 0275 C0       		.byte	-64
 658 0276 89       		.byte	-119
 659 0277 02       		.byte	2
 660 0278 8D       		.byte	-115
 661 0279 08       		.byte	8
 662 027a 8E       		.byte	-114
 663 027b 02       		.byte	2
 664 027c 92       		.byte	-110
 665 027d 01       		.byte	1
 666 027e 97       		.byte	-105
 667 027f 03       		.byte	3
 668 0280 9A       		.byte	-102
 669 0281 0E       		.byte	14
 670 0282 9B       		.byte	-101
 671 0283 0C       		.byte	12
 672 0284 A6       		.byte	-90
 673 0285 08       		.byte	8
 674 0286 AA       		.byte	-86
 675 0287 04       		.byte	4
 676 0288 B0       		.byte	-80
 677 0289 04       		.byte	4
 678 028a B1       		.byte	-79
 679 028b 04       		.byte	4
 680 028c B2       		.byte	-78
 681 028d 02       		.byte	2
 682 028e B3       		.byte	-77
 683 028f 01       		.byte	1
 684 0290 B4       		.byte	-76
ARM GAS  C:\Users\jon\AppData\Local\Temp\ccYzXwj8.s 			page 13


 685 0291 01       		.byte	1
 686 0292 B5       		.byte	-75
 687 0293 08       		.byte	8
 688 0294 B6       		.byte	-74
 689 0295 08       		.byte	8
 690 0296 B7       		.byte	-73
 691 0297 02       		.byte	2
 692 0298 BE       		.byte	-66
 693 0299 04       		.byte	4
 694 029a C0       		.byte	-64
 695 029b 20       		.byte	32
 696 029c C1       		.byte	-63
 697 029d 05       		.byte	5
 698 029e C5       		.byte	-59
 699 029f D5       		.byte	-43
 700 02a0 C7       		.byte	-57
 701 02a1 21       		.byte	33
 702 02a2 C8       		.byte	-56
 703 02a3 33       		.byte	51
 704 02a4 C9       		.byte	-55
 705 02a5 FF       		.byte	-1
 706 02a6 CA       		.byte	-54
 707 02a7 FF       		.byte	-1
 708 02a8 CB       		.byte	-53
 709 02a9 FF       		.byte	-1
 710 02aa CD       		.byte	-51
 711 02ab AF       		.byte	-81
 712 02ac CE       		.byte	-50
 713 02ad 0F       		.byte	15
 714 02ae CF       		.byte	-49
 715 02af 04       		.byte	4
 716 02b0 D0       		.byte	-48
 717 02b1 18       		.byte	24
 718 02b2 D2       		.byte	-46
 719 02b3 80       		.byte	-128
 720 02b4 D4       		.byte	-44
 721 02b5 07       		.byte	7
 722 02b6 D8       		.byte	-40
 723 02b7 04       		.byte	4
 724 02b8 D9       		.byte	-39
 725 02b9 04       		.byte	4
 726 02ba DA       		.byte	-38
 727 02bb 04       		.byte	4
 728 02bc DB       		.byte	-37
 729 02bd 04       		.byte	4
 730 02be DF       		.byte	-33
 731 02bf 01       		.byte	1
 732 02c0 E0       		.byte	-32
 733 02c1 40       		.byte	64
 734 02c2 E2       		.byte	-30
 735 02c3 C0       		.byte	-64
 736 02c4 E4       		.byte	-28
 737 02c5 40       		.byte	64
 738 02c6 E5       		.byte	-27
 739 02c7 40       		.byte	64
 740 02c8 E6       		.byte	-26
 741 02c9 C0       		.byte	-64
ARM GAS  C:\Users\jon\AppData\Local\Temp\ccYzXwj8.s 			page 14


 742 02ca E8       		.byte	-24
 743 02cb C0       		.byte	-64
 744 02cc EA       		.byte	-22
 745 02cd C0       		.byte	-64
 746 02ce EC       		.byte	-20
 747 02cf C0       		.byte	-64
 748 02d0 EE       		.byte	-18
 749 02d1 C0       		.byte	-64
 750 02d2 02       		.byte	2
 751 02d3 02       		.byte	2
 752 02d4 0A       		.byte	10
 753 02d5 44       		.byte	68
 754 02d6 10       		.byte	16
 755 02d7 28       		.byte	40
 756 02d8 18       		.byte	24
 757 02d9 80       		.byte	-128
 758 02da 19       		.byte	25
 759 02db 04       		.byte	4
 760 02dc 1A       		.byte	26
 761 02dd 04       		.byte	4
 762 02de 1B       		.byte	27
 763 02df 90       		.byte	-112
 764 02e0 20       		.byte	32
 765 02e1 50       		.byte	80
 766 02e2 22       		.byte	34
 767 02e3 50       		.byte	80
 768 02e4 30       		.byte	48
 769 02e5 28       		.byte	40
 770 02e6 38       		.byte	56
 771 02e7 50       		.byte	80
 772 02e8 42       		.byte	66
 773 02e9 04       		.byte	4
 774 02ea 48       		.byte	72
 775 02eb 20       		.byte	32
 776 02ec 49       		.byte	73
 777 02ed 01       		.byte	1
 778 02ee 4A       		.byte	74
 779 02ef 02       		.byte	2
 780 02f0 4E       		.byte	78
 781 02f1 02       		.byte	2
 782 02f2 4F       		.byte	79
 783 02f3 20       		.byte	32
 784 02f4 50       		.byte	80
 785 02f5 08       		.byte	8
 786 02f6 52       		.byte	82
 787 02f7 02       		.byte	2
 788 02f8 59       		.byte	89
 789 02f9 05       		.byte	5
 790 02fa 5A       		.byte	90
 791 02fb A0       		.byte	-96
 792 02fc 72       		.byte	114
 793 02fd 40       		.byte	64
 794 02fe 8A       		.byte	-118
 795 02ff 01       		.byte	1
 796 0300 8C       		.byte	-116
 797 0301 40       		.byte	64
 798 0302 8F       		.byte	-113
ARM GAS  C:\Users\jon\AppData\Local\Temp\ccYzXwj8.s 			page 15


 799 0303 80       		.byte	-128
 800 0304 C0       		.byte	-64
 801 0305 01       		.byte	1
 802 0306 C2       		.byte	-62
 803 0307 0A       		.byte	10
 804 0308 C4       		.byte	-60
 805 0309 06       		.byte	6
 806 030a CC       		.byte	-52
 807 030b 06       		.byte	6
 808 030c CE       		.byte	-50
 809 030d 0C       		.byte	12
 810 030e D0       		.byte	-48
 811 030f 04       		.byte	4
 812 0310 D2       		.byte	-46
 813 0311 38       		.byte	56
 814 0312 D6       		.byte	-42
 815 0313 0F       		.byte	15
 816 0314 E6       		.byte	-26
 817 0315 80       		.byte	-128
 818 0316 EC       		.byte	-20
 819 0317 10       		.byte	16
 820 0318 40       		.byte	64
 821 0319 30       		.byte	48
 822 031a 41       		.byte	65
 823 031b 02       		.byte	2
 824 031c 49       		.byte	73
 825 031d FF       		.byte	-1
 826 031e 4A       		.byte	74
 827 031f FF       		.byte	-1
 828 0320 4B       		.byte	75
 829 0321 FF       		.byte	-1
 830 0322 4D       		.byte	77
 831 0323 A0       		.byte	-96
 832 0324 4F       		.byte	79
 833 0325 04       		.byte	4
 834 0326 50       		.byte	80
 835 0327 18       		.byte	24
 836 0328 5A       		.byte	90
 837 0329 04       		.byte	4
 838 032a 5F       		.byte	95
 839 032b 01       		.byte	1
 840 032c 60       		.byte	96
 841 032d 40       		.byte	64
 842 032e 62       		.byte	98
 843 032f C0       		.byte	-64
 844 0330 64       		.byte	100
 845 0331 40       		.byte	64
 846 0332 65       		.byte	101
 847 0333 40       		.byte	64
 848 0334 66       		.byte	102
 849 0335 C0       		.byte	-64
 850 0336 68       		.byte	104
 851 0337 C0       		.byte	-64
 852 0338 6A       		.byte	106
 853 0339 C0       		.byte	-64
 854 033a 6C       		.byte	108
 855 033b C0       		.byte	-64
ARM GAS  C:\Users\jon\AppData\Local\Temp\ccYzXwj8.s 			page 16


 856 033c 6E       		.byte	110
 857 033d C0       		.byte	-64
 858 033e 83       		.byte	-125
 859 033f 0C       		.byte	12
 860 0340 87       		.byte	-121
 861 0341 03       		.byte	3
 862 0342 8A       		.byte	-118
 863 0343 0E       		.byte	14
 864 0344 91       		.byte	-111
 865 0345 02       		.byte	2
 866 0346 99       		.byte	-103
 867 0347 08       		.byte	8
 868 0348 9E       		.byte	-98
 869 0349 08       		.byte	8
 870 034a A6       		.byte	-90
 871 034b 02       		.byte	2
 872 034c AA       		.byte	-86
 873 034d 04       		.byte	4
 874 034e AE       		.byte	-82
 875 034f 01       		.byte	1
 876 0350 B0       		.byte	-80
 877 0351 08       		.byte	8
 878 0352 B1       		.byte	-79
 879 0353 02       		.byte	2
 880 0354 B2       		.byte	-78
 881 0355 01       		.byte	1
 882 0356 B3       		.byte	-77
 883 0357 08       		.byte	8
 884 0358 B4       		.byte	-76
 885 0359 02       		.byte	2
 886 035a B5       		.byte	-75
 887 035b 04       		.byte	4
 888 035c B6       		.byte	-74
 889 035d 04       		.byte	4
 890 035e B7       		.byte	-73
 891 035f 01       		.byte	1
 892 0360 BE       		.byte	-66
 893 0361 10       		.byte	16
 894 0362 C0       		.byte	-64
 895 0363 30       		.byte	48
 896 0364 C1       		.byte	-63
 897 0365 02       		.byte	2
 898 0366 C5       		.byte	-59
 899 0367 D0       		.byte	-48
 900 0368 C6       		.byte	-58
 901 0369 20       		.byte	32
 902 036a C7       		.byte	-57
 903 036b 51       		.byte	81
 904 036c C8       		.byte	-56
 905 036d 3A       		.byte	58
 906 036e C9       		.byte	-55
 907 036f FF       		.byte	-1
 908 0370 CA       		.byte	-54
 909 0371 FF       		.byte	-1
 910 0372 CB       		.byte	-53
 911 0373 FF       		.byte	-1
 912 0374 CD       		.byte	-51
ARM GAS  C:\Users\jon\AppData\Local\Temp\ccYzXwj8.s 			page 17


 913 0375 AF       		.byte	-81
 914 0376 CE       		.byte	-50
 915 0377 0F       		.byte	15
 916 0378 CF       		.byte	-49
 917 0379 04       		.byte	4
 918 037a D0       		.byte	-48
 919 037b 18       		.byte	24
 920 037c D2       		.byte	-46
 921 037d 80       		.byte	-128
 922 037e D4       		.byte	-44
 923 037f 07       		.byte	7
 924 0380 D8       		.byte	-40
 925 0381 04       		.byte	4
 926 0382 D9       		.byte	-39
 927 0383 04       		.byte	4
 928 0384 DA       		.byte	-38
 929 0385 04       		.byte	4
 930 0386 DB       		.byte	-37
 931 0387 04       		.byte	4
 932 0388 DF       		.byte	-33
 933 0389 01       		.byte	1
 934 038a E0       		.byte	-32
 935 038b 40       		.byte	64
 936 038c E2       		.byte	-30
 937 038d C0       		.byte	-64
 938 038e E4       		.byte	-28
 939 038f 40       		.byte	64
 940 0390 E5       		.byte	-27
 941 0391 40       		.byte	64
 942 0392 E6       		.byte	-26
 943 0393 C0       		.byte	-64
 944 0394 E8       		.byte	-24
 945 0395 C0       		.byte	-64
 946 0396 EA       		.byte	-22
 947 0397 C0       		.byte	-64
 948 0398 EC       		.byte	-20
 949 0399 C0       		.byte	-64
 950 039a EE       		.byte	-18
 951 039b C0       		.byte	-64
 952 039c 04       		.byte	4
 953 039d 10       		.byte	16
 954 039e 0F       		.byte	15
 955 039f 02       		.byte	2
 956 03a0 16       		.byte	22
 957 03a1 28       		.byte	40
 958 03a2 17       		.byte	23
 959 03a3 40       		.byte	64
 960 03a4 1C       		.byte	28
 961 03a5 10       		.byte	16
 962 03a6 1D       		.byte	29
 963 03a7 08       		.byte	8
 964 03a8 1E       		.byte	30
 965 03a9 08       		.byte	8
 966 03aa 1F       		.byte	31
 967 03ab 82       		.byte	-126
 968 03ac 24       		.byte	36
 969 03ad 40       		.byte	64
ARM GAS  C:\Users\jon\AppData\Local\Temp\ccYzXwj8.s 			page 18


 970 03ae 26       		.byte	38
 971 03af 20       		.byte	32
 972 03b0 27       		.byte	39
 973 03b1 22       		.byte	34
 974 03b2 36       		.byte	54
 975 03b3 20       		.byte	32
 976 03b4 37       		.byte	55
 977 03b5 02       		.byte	2
 978 03b6 3E       		.byte	62
 979 03b7 08       		.byte	8
 980 03b8 3F       		.byte	63
 981 03b9 02       		.byte	2
 982 03ba 40       		.byte	64
 983 03bb 10       		.byte	16
 984 03bc 41       		.byte	65
 985 03bd 20       		.byte	32
 986 03be 45       		.byte	69
 987 03bf 28       		.byte	40
 988 03c0 4F       		.byte	79
 989 03c1 01       		.byte	1
 990 03c2 55       		.byte	85
 991 03c3 20       		.byte	32
 992 03c4 56       		.byte	86
 993 03c5 28       		.byte	40
 994 03c6 57       		.byte	87
 995 03c7 01       		.byte	1
 996 03c8 5C       		.byte	92
 997 03c9 40       		.byte	64
 998 03ca 5E       		.byte	94
 999 03cb 08       		.byte	8
 1000 03cc 5F       		.byte	95
 1001 03cd 21       		.byte	33
 1002 03ce 77       		.byte	119
 1003 03cf 40       		.byte	64
 1004 03d0 83       		.byte	-125
 1005 03d1 80       		.byte	-128
 1006 03d2 8F       		.byte	-113
 1007 03d3 02       		.byte	2
 1008 03d4 C0       		.byte	-64
 1009 03d5 40       		.byte	64
 1010 03d6 C2       		.byte	-62
 1011 03d7 80       		.byte	-128
 1012 03d8 C4       		.byte	-60
 1013 03d9 E0       		.byte	-32
 1014 03da CC       		.byte	-52
 1015 03db A0       		.byte	-96
 1016 03dc CE       		.byte	-50
 1017 03dd C0       		.byte	-64
 1018 03de D0       		.byte	-48
 1019 03df 66       		.byte	102
 1020 03e0 D6       		.byte	-42
 1021 03e1 F0       		.byte	-16
 1022 03e2 E4       		.byte	-28
 1023 03e3 04       		.byte	4
 1024 03e4 EC       		.byte	-20
 1025 03e5 04       		.byte	4
 1026 03e6 E0       		.byte	-32
ARM GAS  C:\Users\jon\AppData\Local\Temp\ccYzXwj8.s 			page 19


 1027 03e7 80       		.byte	-128
 1028 03e8 E4       		.byte	-28
 1029 03e9 40       		.byte	64
 1030 03ea 40       		.byte	64
 1031 03eb 30       		.byte	48
 1032 03ec 41       		.byte	65
 1033 03ed 02       		.byte	2
 1034 03ee 49       		.byte	73
 1035 03ef FF       		.byte	-1
 1036 03f0 4A       		.byte	74
 1037 03f1 FF       		.byte	-1
 1038 03f2 4B       		.byte	75
 1039 03f3 FF       		.byte	-1
 1040 03f4 4D       		.byte	77
 1041 03f5 A0       		.byte	-96
 1042 03f6 4F       		.byte	79
 1043 03f7 04       		.byte	4
 1044 03f8 50       		.byte	80
 1045 03f9 18       		.byte	24
 1046 03fa 5A       		.byte	90
 1047 03fb 04       		.byte	4
 1048 03fc 5F       		.byte	95
 1049 03fd 01       		.byte	1
 1050 03fe 60       		.byte	96
 1051 03ff 40       		.byte	64
 1052 0400 62       		.byte	98
 1053 0401 C0       		.byte	-64
 1054 0402 64       		.byte	100
 1055 0403 40       		.byte	64
 1056 0404 65       		.byte	101
 1057 0405 40       		.byte	64
 1058 0406 66       		.byte	102
 1059 0407 C0       		.byte	-64
 1060 0408 68       		.byte	104
 1061 0409 C0       		.byte	-64
 1062 040a 6A       		.byte	106
 1063 040b C0       		.byte	-64
 1064 040c 6C       		.byte	108
 1065 040d C0       		.byte	-64
 1066 040e 6E       		.byte	110
 1067 040f C0       		.byte	-64
 1068 0410 83       		.byte	-125
 1069 0411 0C       		.byte	12
 1070 0412 87       		.byte	-121
 1071 0413 03       		.byte	3
 1072 0414 8A       		.byte	-118
 1073 0415 0E       		.byte	14
 1074 0416 91       		.byte	-111
 1075 0417 02       		.byte	2
 1076 0418 99       		.byte	-103
 1077 0419 08       		.byte	8
 1078 041a 9E       		.byte	-98
 1079 041b 08       		.byte	8
 1080 041c A6       		.byte	-90
 1081 041d 02       		.byte	2
 1082 041e AA       		.byte	-86
 1083 041f 04       		.byte	4
ARM GAS  C:\Users\jon\AppData\Local\Temp\ccYzXwj8.s 			page 20


 1084 0420 AE       		.byte	-82
 1085 0421 01       		.byte	1
 1086 0422 B0       		.byte	-80
 1087 0423 04       		.byte	4
 1088 0424 B1       		.byte	-79
 1089 0425 02       		.byte	2
 1090 0426 B2       		.byte	-78
 1091 0427 01       		.byte	1
 1092 0428 B3       		.byte	-77
 1093 0429 08       		.byte	8
 1094 042a B4       		.byte	-76
 1095 042b 02       		.byte	2
 1096 042c B5       		.byte	-75
 1097 042d 04       		.byte	4
 1098 042e B6       		.byte	-74
 1099 042f 08       		.byte	8
 1100 0430 B7       		.byte	-73
 1101 0431 01       		.byte	1
 1102 0432 BE       		.byte	-66
 1103 0433 10       		.byte	16
 1104 0434 C0       		.byte	-64
 1105 0435 30       		.byte	48
 1106 0436 C1       		.byte	-63
 1107 0437 02       		.byte	2
 1108 0438 C5       		.byte	-59
 1109 0439 D0       		.byte	-48
 1110 043a C6       		.byte	-58
 1111 043b 20       		.byte	32
 1112 043c C7       		.byte	-57
 1113 043d 51       		.byte	81
 1114 043e C8       		.byte	-56
 1115 043f 3A       		.byte	58
 1116 0440 C9       		.byte	-55
 1117 0441 FF       		.byte	-1
 1118 0442 CA       		.byte	-54
 1119 0443 FF       		.byte	-1
 1120 0444 CB       		.byte	-53
 1121 0445 FF       		.byte	-1
 1122 0446 CD       		.byte	-51
 1123 0447 AF       		.byte	-81
 1124 0448 CE       		.byte	-50
 1125 0449 0F       		.byte	15
 1126 044a CF       		.byte	-49
 1127 044b 04       		.byte	4
 1128 044c D0       		.byte	-48
 1129 044d 18       		.byte	24
 1130 044e D2       		.byte	-46
 1131 044f 80       		.byte	-128
 1132 0450 D4       		.byte	-44
 1133 0451 07       		.byte	7
 1134 0452 D8       		.byte	-40
 1135 0453 04       		.byte	4
 1136 0454 D9       		.byte	-39
 1137 0455 04       		.byte	4
 1138 0456 DA       		.byte	-38
 1139 0457 04       		.byte	4
 1140 0458 DB       		.byte	-37
ARM GAS  C:\Users\jon\AppData\Local\Temp\ccYzXwj8.s 			page 21


 1141 0459 04       		.byte	4
 1142 045a DF       		.byte	-33
 1143 045b 01       		.byte	1
 1144 045c E0       		.byte	-32
 1145 045d 40       		.byte	64
 1146 045e E2       		.byte	-30
 1147 045f C0       		.byte	-64
 1148 0460 E4       		.byte	-28
 1149 0461 40       		.byte	64
 1150 0462 E5       		.byte	-27
 1151 0463 40       		.byte	64
 1152 0464 E6       		.byte	-26
 1153 0465 C0       		.byte	-64
 1154 0466 E8       		.byte	-24
 1155 0467 C0       		.byte	-64
 1156 0468 EA       		.byte	-22
 1157 0469 C0       		.byte	-64
 1158 046a EC       		.byte	-20
 1159 046b C0       		.byte	-64
 1160 046c EE       		.byte	-18
 1161 046d C0       		.byte	-64
 1162 046e 04       		.byte	4
 1163 046f 10       		.byte	16
 1164 0470 0F       		.byte	15
 1165 0471 02       		.byte	2
 1166 0472 16       		.byte	22
 1167 0473 28       		.byte	40
 1168 0474 17       		.byte	23
 1169 0475 40       		.byte	64
 1170 0476 1C       		.byte	28
 1171 0477 10       		.byte	16
 1172 0478 1D       		.byte	29
 1173 0479 0A       		.byte	10
 1174 047a 1E       		.byte	30
 1175 047b 08       		.byte	8
 1176 047c 1F       		.byte	31
 1177 047d 80       		.byte	-128
 1178 047e 26       		.byte	38
 1179 047f 20       		.byte	32
 1180 0480 27       		.byte	39
 1181 0481 A2       		.byte	-94
 1182 0482 36       		.byte	54
 1183 0483 20       		.byte	32
 1184 0484 37       		.byte	55
 1185 0485 02       		.byte	2
 1186 0486 3E       		.byte	62
 1187 0487 08       		.byte	8
 1188 0488 3F       		.byte	63
 1189 0489 02       		.byte	2
 1190 048a 40       		.byte	64
 1191 048b 10       		.byte	16
 1192 048c 41       		.byte	65
 1193 048d 20       		.byte	32
 1194 048e 45       		.byte	69
 1195 048f 28       		.byte	40
 1196 0490 4F       		.byte	79
 1197 0491 01       		.byte	1
ARM GAS  C:\Users\jon\AppData\Local\Temp\ccYzXwj8.s 			page 22


 1198 0492 55       		.byte	85
 1199 0493 20       		.byte	32
 1200 0494 56       		.byte	86
 1201 0495 28       		.byte	40
 1202 0496 57       		.byte	87
 1203 0497 01       		.byte	1
 1204 0498 5E       		.byte	94
 1205 0499 08       		.byte	8
 1206 049a 5F       		.byte	95
 1207 049b A1       		.byte	-95
 1208 049c 77       		.byte	119
 1209 049d 40       		.byte	64
 1210 049e 81       		.byte	-127
 1211 049f 02       		.byte	2
 1212 04a0 87       		.byte	-121
 1213 04a1 80       		.byte	-128
 1214 04a2 C0       		.byte	-64
 1215 04a3 40       		.byte	64
 1216 04a4 C2       		.byte	-62
 1217 04a5 80       		.byte	-128
 1218 04a6 C4       		.byte	-60
 1219 04a7 E0       		.byte	-32
 1220 04a8 CC       		.byte	-52
 1221 04a9 A0       		.byte	-96
 1222 04aa CE       		.byte	-50
 1223 04ab C0       		.byte	-64
 1224 04ac D0       		.byte	-48
 1225 04ad 66       		.byte	102
 1226 04ae D6       		.byte	-42
 1227 04af F0       		.byte	-16
 1228 04b0 E0       		.byte	-32
 1229 04b1 01       		.byte	1
 1230 04b2 40       		.byte	64
 1231 04b3 60       		.byte	96
 1232 04b4 41       		.byte	65
 1233 04b5 05       		.byte	5
 1234 04b6 49       		.byte	73
 1235 04b7 FF       		.byte	-1
 1236 04b8 4A       		.byte	74
 1237 04b9 FF       		.byte	-1
 1238 04ba 4B       		.byte	75
 1239 04bb FF       		.byte	-1
 1240 04bc 4D       		.byte	77
 1241 04bd A0       		.byte	-96
 1242 04be 4F       		.byte	79
 1243 04bf 04       		.byte	4
 1244 04c0 50       		.byte	80
 1245 04c1 18       		.byte	24
 1246 04c2 5A       		.byte	90
 1247 04c3 04       		.byte	4
 1248 04c4 5F       		.byte	95
 1249 04c5 01       		.byte	1
 1250 04c6 60       		.byte	96
 1251 04c7 40       		.byte	64
 1252 04c8 62       		.byte	98
 1253 04c9 C0       		.byte	-64
 1254 04ca 64       		.byte	100
ARM GAS  C:\Users\jon\AppData\Local\Temp\ccYzXwj8.s 			page 23


 1255 04cb 40       		.byte	64
 1256 04cc 65       		.byte	101
 1257 04cd 40       		.byte	64
 1258 04ce 66       		.byte	102
 1259 04cf C0       		.byte	-64
 1260 04d0 68       		.byte	104
 1261 04d1 C0       		.byte	-64
 1262 04d2 6A       		.byte	106
 1263 04d3 C0       		.byte	-64
 1264 04d4 6C       		.byte	108
 1265 04d5 C0       		.byte	-64
 1266 04d6 6E       		.byte	110
 1267 04d7 C0       		.byte	-64
 1268 04d8 89       		.byte	-119
 1269 04d9 02       		.byte	2
 1270 04da 8D       		.byte	-115
 1271 04db 08       		.byte	8
 1272 04dc 8E       		.byte	-114
 1273 04dd 02       		.byte	2
 1274 04de 92       		.byte	-110
 1275 04df 01       		.byte	1
 1276 04e0 97       		.byte	-105
 1277 04e1 03       		.byte	3
 1278 04e2 9A       		.byte	-102
 1279 04e3 0E       		.byte	14
 1280 04e4 9B       		.byte	-101
 1281 04e5 0C       		.byte	12
 1282 04e6 A6       		.byte	-90
 1283 04e7 08       		.byte	8
 1284 04e8 AA       		.byte	-86
 1285 04e9 04       		.byte	4
 1286 04ea B0       		.byte	-80
 1287 04eb 08       		.byte	8
 1288 04ec B1       		.byte	-79
 1289 04ed 04       		.byte	4
 1290 04ee B2       		.byte	-78
 1291 04ef 02       		.byte	2
 1292 04f0 B3       		.byte	-77
 1293 04f1 01       		.byte	1
 1294 04f2 B4       		.byte	-76
 1295 04f3 01       		.byte	1
 1296 04f4 B5       		.byte	-75
 1297 04f5 08       		.byte	8
 1298 04f6 B6       		.byte	-74
 1299 04f7 04       		.byte	4
 1300 04f8 B7       		.byte	-73
 1301 04f9 02       		.byte	2
 1302 04fa BE       		.byte	-66
 1303 04fb 04       		.byte	4
 1304 04fc C0       		.byte	-64
 1305 04fd 20       		.byte	32
 1306 04fe C1       		.byte	-63
 1307 04ff 05       		.byte	5
 1308 0500 C5       		.byte	-59
 1309 0501 D5       		.byte	-43
 1310 0502 C7       		.byte	-57
 1311 0503 21       		.byte	33
ARM GAS  C:\Users\jon\AppData\Local\Temp\ccYzXwj8.s 			page 24


 1312 0504 C8       		.byte	-56
 1313 0505 33       		.byte	51
 1314 0506 C9       		.byte	-55
 1315 0507 FF       		.byte	-1
 1316 0508 CA       		.byte	-54
 1317 0509 FF       		.byte	-1
 1318 050a CB       		.byte	-53
 1319 050b FF       		.byte	-1
 1320 050c CD       		.byte	-51
 1321 050d AF       		.byte	-81
 1322 050e CE       		.byte	-50
 1323 050f 0F       		.byte	15
 1324 0510 CF       		.byte	-49
 1325 0511 04       		.byte	4
 1326 0512 D0       		.byte	-48
 1327 0513 18       		.byte	24
 1328 0514 D2       		.byte	-46
 1329 0515 80       		.byte	-128
 1330 0516 D4       		.byte	-44
 1331 0517 07       		.byte	7
 1332 0518 D8       		.byte	-40
 1333 0519 04       		.byte	4
 1334 051a D9       		.byte	-39
 1335 051b 04       		.byte	4
 1336 051c DA       		.byte	-38
 1337 051d 04       		.byte	4
 1338 051e DB       		.byte	-37
 1339 051f 04       		.byte	4
 1340 0520 DF       		.byte	-33
 1341 0521 01       		.byte	1
 1342 0522 E0       		.byte	-32
 1343 0523 40       		.byte	64
 1344 0524 E2       		.byte	-30
 1345 0525 C0       		.byte	-64
 1346 0526 E4       		.byte	-28
 1347 0527 40       		.byte	64
 1348 0528 E5       		.byte	-27
 1349 0529 40       		.byte	64
 1350 052a E6       		.byte	-26
 1351 052b C0       		.byte	-64
 1352 052c E8       		.byte	-24
 1353 052d C0       		.byte	-64
 1354 052e EA       		.byte	-22
 1355 052f C0       		.byte	-64
 1356 0530 EC       		.byte	-20
 1357 0531 C0       		.byte	-64
 1358 0532 EE       		.byte	-18
 1359 0533 C0       		.byte	-64
 1360 0534 02       		.byte	2
 1361 0535 02       		.byte	2
 1362 0536 0A       		.byte	10
 1363 0537 44       		.byte	68
 1364 0538 10       		.byte	16
 1365 0539 28       		.byte	40
 1366 053a 19       		.byte	25
 1367 053b 04       		.byte	4
 1368 053c 1A       		.byte	26
ARM GAS  C:\Users\jon\AppData\Local\Temp\ccYzXwj8.s 			page 25


 1369 053d 04       		.byte	4
 1370 053e 1B       		.byte	27
 1371 053f 51       		.byte	81
 1372 0540 20       		.byte	32
 1373 0541 50       		.byte	80
 1374 0542 22       		.byte	34
 1375 0543 10       		.byte	16
 1376 0544 23       		.byte	35
 1377 0545 02       		.byte	2
 1378 0546 30       		.byte	48
 1379 0547 28       		.byte	40
 1380 0548 38       		.byte	56
 1381 0549 50       		.byte	80
 1382 054a 42       		.byte	66
 1383 054b 04       		.byte	4
 1384 054c 44       		.byte	68
 1385 054d 40       		.byte	64
 1386 054e 47       		.byte	71
 1387 054f 02       		.byte	2
 1388 0550 48       		.byte	72
 1389 0551 20       		.byte	32
 1390 0552 49       		.byte	73
 1391 0553 01       		.byte	1
 1392 0554 4A       		.byte	74
 1393 0555 02       		.byte	2
 1394 0556 4E       		.byte	78
 1395 0557 02       		.byte	2
 1396 0558 4F       		.byte	79
 1397 0559 20       		.byte	32
 1398 055a 50       		.byte	80
 1399 055b 08       		.byte	8
 1400 055c 52       		.byte	82
 1401 055d 02       		.byte	2
 1402 055e 58       		.byte	88
 1403 055f 40       		.byte	64
 1404 0560 59       		.byte	89
 1405 0561 05       		.byte	5
 1406 0562 5A       		.byte	90
 1407 0563 20       		.byte	32
 1408 0564 72       		.byte	114
 1409 0565 40       		.byte	64
 1410 0566 87       		.byte	-121
 1411 0567 01       		.byte	1
 1412 0568 8F       		.byte	-113
 1413 0569 40       		.byte	64
 1414 056a C0       		.byte	-64
 1415 056b 01       		.byte	1
 1416 056c C2       		.byte	-62
 1417 056d 0A       		.byte	10
 1418 056e C4       		.byte	-60
 1419 056f 06       		.byte	6
 1420 0570 CC       		.byte	-52
 1421 0571 06       		.byte	6
 1422 0572 CE       		.byte	-50
 1423 0573 0C       		.byte	12
 1424 0574 D0       		.byte	-48
 1425 0575 04       		.byte	4
ARM GAS  C:\Users\jon\AppData\Local\Temp\ccYzXwj8.s 			page 26


 1426 0576 D2       		.byte	-46
 1427 0577 38       		.byte	56
 1428 0578 D6       		.byte	-42
 1429 0579 0F       		.byte	15
 1430 057a E6       		.byte	-26
 1431 057b 40       		.byte	64
 1432 057c 40       		.byte	64
 1433 057d 60       		.byte	96
 1434 057e 41       		.byte	65
 1435 057f 05       		.byte	5
 1436 0580 49       		.byte	73
 1437 0581 FF       		.byte	-1
 1438 0582 4A       		.byte	74
 1439 0583 FF       		.byte	-1
 1440 0584 4B       		.byte	75
 1441 0585 FF       		.byte	-1
 1442 0586 4D       		.byte	77
 1443 0587 A0       		.byte	-96
 1444 0588 4F       		.byte	79
 1445 0589 04       		.byte	4
 1446 058a 50       		.byte	80
 1447 058b 18       		.byte	24
 1448 058c 5A       		.byte	90
 1449 058d 04       		.byte	4
 1450 058e 5F       		.byte	95
 1451 058f 01       		.byte	1
 1452 0590 60       		.byte	96
 1453 0591 40       		.byte	64
 1454 0592 62       		.byte	98
 1455 0593 C0       		.byte	-64
 1456 0594 64       		.byte	100
 1457 0595 40       		.byte	64
 1458 0596 65       		.byte	101
 1459 0597 40       		.byte	64
 1460 0598 66       		.byte	102
 1461 0599 C0       		.byte	-64
 1462 059a 68       		.byte	104
 1463 059b C0       		.byte	-64
 1464 059c 6A       		.byte	106
 1465 059d C0       		.byte	-64
 1466 059e 6C       		.byte	108
 1467 059f C0       		.byte	-64
 1468 05a0 6E       		.byte	110
 1469 05a1 C0       		.byte	-64
 1470 05a2 89       		.byte	-119
 1471 05a3 02       		.byte	2
 1472 05a4 8D       		.byte	-115
 1473 05a5 08       		.byte	8
 1474 05a6 8E       		.byte	-114
 1475 05a7 02       		.byte	2
 1476 05a8 92       		.byte	-110
 1477 05a9 01       		.byte	1
 1478 05aa 97       		.byte	-105
 1479 05ab 03       		.byte	3
 1480 05ac 9A       		.byte	-102
 1481 05ad 0E       		.byte	14
 1482 05ae 9B       		.byte	-101
ARM GAS  C:\Users\jon\AppData\Local\Temp\ccYzXwj8.s 			page 27


 1483 05af 0C       		.byte	12
 1484 05b0 A6       		.byte	-90
 1485 05b1 08       		.byte	8
 1486 05b2 AA       		.byte	-86
 1487 05b3 04       		.byte	4
 1488 05b4 B0       		.byte	-80
 1489 05b5 04       		.byte	4
 1490 05b6 B1       		.byte	-79
 1491 05b7 04       		.byte	4
 1492 05b8 B2       		.byte	-78
 1493 05b9 02       		.byte	2
 1494 05ba B3       		.byte	-77
 1495 05bb 01       		.byte	1
 1496 05bc B4       		.byte	-76
 1497 05bd 01       		.byte	1
 1498 05be B5       		.byte	-75
 1499 05bf 08       		.byte	8
 1500 05c0 B6       		.byte	-74
 1501 05c1 08       		.byte	8
 1502 05c2 B7       		.byte	-73
 1503 05c3 02       		.byte	2
 1504 05c4 BE       		.byte	-66
 1505 05c5 04       		.byte	4
 1506 05c6 C0       		.byte	-64
 1507 05c7 20       		.byte	32
 1508 05c8 C1       		.byte	-63
 1509 05c9 05       		.byte	5
 1510 05ca C5       		.byte	-59
 1511 05cb D5       		.byte	-43
 1512 05cc C7       		.byte	-57
 1513 05cd 21       		.byte	33
 1514 05ce C8       		.byte	-56
 1515 05cf 33       		.byte	51
 1516 05d0 C9       		.byte	-55
 1517 05d1 FF       		.byte	-1
 1518 05d2 CA       		.byte	-54
 1519 05d3 FF       		.byte	-1
 1520 05d4 CB       		.byte	-53
 1521 05d5 FF       		.byte	-1
 1522 05d6 CD       		.byte	-51
 1523 05d7 AF       		.byte	-81
 1524 05d8 CE       		.byte	-50
 1525 05d9 0F       		.byte	15
 1526 05da CF       		.byte	-49
 1527 05db 04       		.byte	4
 1528 05dc D0       		.byte	-48
 1529 05dd 18       		.byte	24
 1530 05de D2       		.byte	-46
 1531 05df 80       		.byte	-128
 1532 05e0 D4       		.byte	-44
 1533 05e1 07       		.byte	7
 1534 05e2 D8       		.byte	-40
 1535 05e3 04       		.byte	4
 1536 05e4 D9       		.byte	-39
 1537 05e5 04       		.byte	4
 1538 05e6 DA       		.byte	-38
 1539 05e7 04       		.byte	4
ARM GAS  C:\Users\jon\AppData\Local\Temp\ccYzXwj8.s 			page 28


 1540 05e8 DB       		.byte	-37
 1541 05e9 04       		.byte	4
 1542 05ea DF       		.byte	-33
 1543 05eb 01       		.byte	1
 1544 05ec E0       		.byte	-32
 1545 05ed 40       		.byte	64
 1546 05ee E2       		.byte	-30
 1547 05ef C0       		.byte	-64
 1548 05f0 E4       		.byte	-28
 1549 05f1 40       		.byte	64
 1550 05f2 E5       		.byte	-27
 1551 05f3 40       		.byte	64
 1552 05f4 E6       		.byte	-26
 1553 05f5 C0       		.byte	-64
 1554 05f6 E8       		.byte	-24
 1555 05f7 C0       		.byte	-64
 1556 05f8 EA       		.byte	-22
 1557 05f9 C0       		.byte	-64
 1558 05fa EC       		.byte	-20
 1559 05fb C0       		.byte	-64
 1560 05fc EE       		.byte	-18
 1561 05fd C0       		.byte	-64
 1562 05fe 02       		.byte	2
 1563 05ff 02       		.byte	2
 1564 0600 0A       		.byte	10
 1565 0601 44       		.byte	68
 1566 0602 10       		.byte	16
 1567 0603 28       		.byte	40
 1568 0604 18       		.byte	24
 1569 0605 80       		.byte	-128
 1570 0606 19       		.byte	25
 1571 0607 04       		.byte	4
 1572 0608 1A       		.byte	26
 1573 0609 05       		.byte	5
 1574 060a 1B       		.byte	27
 1575 060b 10       		.byte	16
 1576 060c 20       		.byte	32
 1577 060d 50       		.byte	80
 1578 060e 22       		.byte	34
 1579 060f 50       		.byte	80
 1580 0610 30       		.byte	48
 1581 0611 28       		.byte	40
 1582 0612 38       		.byte	56
 1583 0613 50       		.byte	80
 1584 0614 42       		.byte	66
 1585 0615 04       		.byte	4
 1586 0616 48       		.byte	72
 1587 0617 20       		.byte	32
 1588 0618 49       		.byte	73
 1589 0619 01       		.byte	1
 1590 061a 4A       		.byte	74
 1591 061b 02       		.byte	2
 1592 061c 4E       		.byte	78
 1593 061d 02       		.byte	2
 1594 061e 4F       		.byte	79
 1595 061f 20       		.byte	32
 1596 0620 50       		.byte	80
ARM GAS  C:\Users\jon\AppData\Local\Temp\ccYzXwj8.s 			page 29


 1597 0621 08       		.byte	8
 1598 0622 52       		.byte	82
 1599 0623 02       		.byte	2
 1600 0624 59       		.byte	89
 1601 0625 05       		.byte	5
 1602 0626 5A       		.byte	90
 1603 0627 A0       		.byte	-96
 1604 0628 72       		.byte	114
 1605 0629 40       		.byte	64
 1606 062a 96       		.byte	-106
 1607 062b 01       		.byte	1
 1608 062c C0       		.byte	-64
 1609 062d 01       		.byte	1
 1610 062e C2       		.byte	-62
 1611 062f 0A       		.byte	10
 1612 0630 C4       		.byte	-60
 1613 0631 06       		.byte	6
 1614 0632 CC       		.byte	-52
 1615 0633 06       		.byte	6
 1616 0634 CE       		.byte	-50
 1617 0635 0C       		.byte	12
 1618 0636 D0       		.byte	-48
 1619 0637 04       		.byte	4
 1620 0638 D2       		.byte	-46
 1621 0639 38       		.byte	56
 1622 063a D6       		.byte	-42
 1623 063b 0F       		.byte	15
 1624 063c 40       		.byte	64
 1625 063d 40       		.byte	64
 1626 063e 41       		.byte	65
 1627 063f 02       		.byte	2
 1628 0640 49       		.byte	73
 1629 0641 FF       		.byte	-1
 1630 0642 4A       		.byte	74
 1631 0643 FF       		.byte	-1
 1632 0644 4B       		.byte	75
 1633 0645 FF       		.byte	-1
 1634 0646 4D       		.byte	77
 1635 0647 A0       		.byte	-96
 1636 0648 4F       		.byte	79
 1637 0649 04       		.byte	4
 1638 064a 50       		.byte	80
 1639 064b 18       		.byte	24
 1640 064c 5A       		.byte	90
 1641 064d 04       		.byte	4
 1642 064e 5F       		.byte	95
 1643 064f 01       		.byte	1
 1644 0650 60       		.byte	96
 1645 0651 40       		.byte	64
 1646 0652 62       		.byte	98
 1647 0653 C0       		.byte	-64
 1648 0654 64       		.byte	100
 1649 0655 40       		.byte	64
 1650 0656 65       		.byte	101
 1651 0657 40       		.byte	64
 1652 0658 66       		.byte	102
 1653 0659 C0       		.byte	-64
ARM GAS  C:\Users\jon\AppData\Local\Temp\ccYzXwj8.s 			page 30


 1654 065a 68       		.byte	104
 1655 065b C0       		.byte	-64
 1656 065c 6A       		.byte	106
 1657 065d C0       		.byte	-64
 1658 065e 6C       		.byte	108
 1659 065f C0       		.byte	-64
 1660 0660 6E       		.byte	110
 1661 0661 C0       		.byte	-64
 1662 0662 83       		.byte	-125
 1663 0663 0C       		.byte	12
 1664 0664 87       		.byte	-121
 1665 0665 03       		.byte	3
 1666 0666 8A       		.byte	-118
 1667 0667 04       		.byte	4
 1668 0668 8E       		.byte	-114
 1669 0669 0E       		.byte	14
 1670 066a 91       		.byte	-111
 1671 066b 02       		.byte	2
 1672 066c 96       		.byte	-106
 1673 066d 02       		.byte	2
 1674 066e 99       		.byte	-103
 1675 066f 08       		.byte	8
 1676 0670 9E       		.byte	-98
 1677 0671 08       		.byte	8
 1678 0672 AE       		.byte	-82
 1679 0673 01       		.byte	1
 1680 0674 B0       		.byte	-80
 1681 0675 01       		.byte	1
 1682 0676 B1       		.byte	-79
 1683 0677 02       		.byte	2
 1684 0678 B2       		.byte	-78
 1685 0679 04       		.byte	4
 1686 067a B3       		.byte	-77
 1687 067b 08       		.byte	8
 1688 067c B4       		.byte	-76
 1689 067d 02       		.byte	2
 1690 067e B5       		.byte	-75
 1691 067f 04       		.byte	4
 1692 0680 B6       		.byte	-74
 1693 0681 08       		.byte	8
 1694 0682 B7       		.byte	-73
 1695 0683 01       		.byte	1
 1696 0684 BE       		.byte	-66
 1697 0685 10       		.byte	16
 1698 0686 C0       		.byte	-64
 1699 0687 40       		.byte	64
 1700 0688 C1       		.byte	-63
 1701 0689 02       		.byte	2
 1702 068a C5       		.byte	-59
 1703 068b D0       		.byte	-48
 1704 068c C6       		.byte	-58
 1705 068d 20       		.byte	32
 1706 068e C7       		.byte	-57
 1707 068f 51       		.byte	81
 1708 0690 C8       		.byte	-56
 1709 0691 3A       		.byte	58
 1710 0692 C9       		.byte	-55
ARM GAS  C:\Users\jon\AppData\Local\Temp\ccYzXwj8.s 			page 31


 1711 0693 FF       		.byte	-1
 1712 0694 CA       		.byte	-54
 1713 0695 FF       		.byte	-1
 1714 0696 CB       		.byte	-53
 1715 0697 FF       		.byte	-1
 1716 0698 CD       		.byte	-51
 1717 0699 AF       		.byte	-81
 1718 069a CE       		.byte	-50
 1719 069b 0F       		.byte	15
 1720 069c CF       		.byte	-49
 1721 069d 04       		.byte	4
 1722 069e D0       		.byte	-48
 1723 069f 18       		.byte	24
 1724 06a0 D2       		.byte	-46
 1725 06a1 80       		.byte	-128
 1726 06a2 D4       		.byte	-44
 1727 06a3 07       		.byte	7
 1728 06a4 D8       		.byte	-40
 1729 06a5 04       		.byte	4
 1730 06a6 D9       		.byte	-39
 1731 06a7 04       		.byte	4
 1732 06a8 DA       		.byte	-38
 1733 06a9 04       		.byte	4
 1734 06aa DB       		.byte	-37
 1735 06ab 04       		.byte	4
 1736 06ac DF       		.byte	-33
 1737 06ad 01       		.byte	1
 1738 06ae E0       		.byte	-32
 1739 06af 40       		.byte	64
 1740 06b0 E2       		.byte	-30
 1741 06b1 C0       		.byte	-64
 1742 06b2 E4       		.byte	-28
 1743 06b3 40       		.byte	64
 1744 06b4 E5       		.byte	-27
 1745 06b5 40       		.byte	64
 1746 06b6 E6       		.byte	-26
 1747 06b7 C0       		.byte	-64
 1748 06b8 E8       		.byte	-24
 1749 06b9 C0       		.byte	-64
 1750 06ba EA       		.byte	-22
 1751 06bb C0       		.byte	-64
 1752 06bc EC       		.byte	-20
 1753 06bd C0       		.byte	-64
 1754 06be EE       		.byte	-18
 1755 06bf C0       		.byte	-64
 1756 06c0 04       		.byte	4
 1757 06c1 40       		.byte	64
 1758 06c2 06       		.byte	6
 1759 06c3 08       		.byte	8
 1760 06c4 0F       		.byte	15
 1761 06c5 22       		.byte	34
 1762 06c6 17       		.byte	23
 1763 06c7 40       		.byte	64
 1764 06c8 1C       		.byte	28
 1765 06c9 50       		.byte	80
 1766 06ca 1D       		.byte	29
 1767 06cb 02       		.byte	2
ARM GAS  C:\Users\jon\AppData\Local\Temp\ccYzXwj8.s 			page 32


 1768 06cc 1E       		.byte	30
 1769 06cd 08       		.byte	8
 1770 06ce 1F       		.byte	31
 1771 06cf 80       		.byte	-128
 1772 06d0 26       		.byte	38
 1773 06d1 20       		.byte	32
 1774 06d2 27       		.byte	39
 1775 06d3 A2       		.byte	-94
 1776 06d4 36       		.byte	54
 1777 06d5 20       		.byte	32
 1778 06d6 37       		.byte	55
 1779 06d7 02       		.byte	2
 1780 06d8 3E       		.byte	62
 1781 06d9 08       		.byte	8
 1782 06da 3F       		.byte	63
 1783 06db 02       		.byte	2
 1784 06dc 40       		.byte	64
 1785 06dd 40       		.byte	64
 1786 06de 41       		.byte	65
 1787 06df 20       		.byte	32
 1788 06e0 45       		.byte	69
 1789 06e1 22       		.byte	34
 1790 06e2 4F       		.byte	79
 1791 06e3 01       		.byte	1
 1792 06e4 55       		.byte	85
 1793 06e5 20       		.byte	32
 1794 06e6 56       		.byte	86
 1795 06e7 08       		.byte	8
 1796 06e8 57       		.byte	87
 1797 06e9 11       		.byte	17
 1798 06ea 5E       		.byte	94
 1799 06eb 08       		.byte	8
 1800 06ec 5F       		.byte	95
 1801 06ed A1       		.byte	-95
 1802 06ee 77       		.byte	119
 1803 06ef 40       		.byte	64
 1804 06f0 80       		.byte	-128
 1805 06f1 10       		.byte	16
 1806 06f2 A7       		.byte	-89
 1807 06f3 80       		.byte	-128
 1808 06f4 B4       		.byte	-76
 1809 06f5 40       		.byte	64
 1810 06f6 B7       		.byte	-73
 1811 06f7 80       		.byte	-128
 1812 06f8 C0       		.byte	-64
 1813 06f9 C0       		.byte	-64
 1814 06fa C2       		.byte	-62
 1815 06fb A0       		.byte	-96
 1816 06fc C4       		.byte	-60
 1817 06fd 80       		.byte	-128
 1818 06fe CC       		.byte	-52
 1819 06ff A0       		.byte	-96
 1820 0700 CE       		.byte	-50
 1821 0701 C0       		.byte	-64
 1822 0702 D0       		.byte	-48
 1823 0703 A5       		.byte	-91
 1824 0704 D6       		.byte	-42
ARM GAS  C:\Users\jon\AppData\Local\Temp\ccYzXwj8.s 			page 33


 1825 0705 F0       		.byte	-16
 1826 0706 E0       		.byte	-32
 1827 0707 01       		.byte	1
 1828 0708 E4       		.byte	-28
 1829 0709 01       		.byte	1
 1830 070a A2       		.byte	-94
 1831 070b 80       		.byte	-128
 1832 070c AA       		.byte	-86
 1833 070d 80       		.byte	-128
 1834 070e EE       		.byte	-18
 1835 070f 20       		.byte	32
 1836 0710 51       		.byte	81
 1837 0711 20       		.byte	32
 1838 0712 54       		.byte	84
 1839 0713 10       		.byte	16
 1840 0714 62       		.byte	98
 1841 0715 80       		.byte	-128
 1842 0716 A2       		.byte	-94
 1843 0717 80       		.byte	-128
 1844 0718 D4       		.byte	-44
 1845 0719 60       		.byte	96
 1846 071a D6       		.byte	-42
 1847 071b 40       		.byte	64
 1848 071c 88       		.byte	-120
 1849 071d 10       		.byte	16
 1850 071e A4       		.byte	-92
 1851 071f 10       		.byte	16
 1852 0720 A5       		.byte	-91
 1853 0721 20       		.byte	32
 1854 0722 72       		.byte	114
 1855 0723 10       		.byte	16
 1856 0724 7F       		.byte	127
 1857 0725 01       		.byte	1
 1858 0726 DC       		.byte	-36
 1859 0727 01       		.byte	1
 1860 0728 DE       		.byte	-34
 1861 0729 04       		.byte	4
 1862 072a 56       		.byte	86
 1863 072b 20       		.byte	32
 1864 072c 5C       		.byte	92
 1865 072d 41       		.byte	65
 1866 072e 60       		.byte	96
 1867 072f 08       		.byte	8
 1868 0730 63       		.byte	99
 1869 0731 02       		.byte	2
 1870 0732 65       		.byte	101
 1871 0733 01       		.byte	1
 1872 0734 8B       		.byte	-117
 1873 0735 01       		.byte	1
 1874 0736 8D       		.byte	-115
 1875 0737 01       		.byte	1
 1876 0738 96       		.byte	-106
 1877 0739 10       		.byte	16
 1878 073a 97       		.byte	-105
 1879 073b 02       		.byte	2
 1880 073c D4       		.byte	-44
 1881 073d 02       		.byte	2
ARM GAS  C:\Users\jon\AppData\Local\Temp\ccYzXwj8.s 			page 34


 1882 073e D6       		.byte	-42
 1883 073f 07       		.byte	7
 1884 0740 D8       		.byte	-40
 1885 0741 03       		.byte	3
 1886 0742 E0       		.byte	-32
 1887 0743 01       		.byte	1
 1888 0744 E4       		.byte	-28
 1889 0745 02       		.byte	2
 1890 0746 80       		.byte	-128
 1891 0747 40       		.byte	64
 1892 0748 8E       		.byte	-114
 1893 0749 20       		.byte	32
 1894 074a 94       		.byte	-108
 1895 074b 41       		.byte	65
 1896 074c 96       		.byte	-106
 1897 074d 10       		.byte	16
 1898 074e 97       		.byte	-105
 1899 074f 02       		.byte	2
 1900 0750 9E       		.byte	-98
 1901 0751 20       		.byte	32
 1902 0752 A8       		.byte	-88
 1903 0753 08       		.byte	8
 1904 0754 E4       		.byte	-28
 1905 0755 02       		.byte	2
 1906 0756 8E       		.byte	-114
 1907 0757 10       		.byte	16
 1908 0758 8F       		.byte	-113
 1909 0759 01       		.byte	1
 1910 075a 96       		.byte	-106
 1911 075b 10       		.byte	16
 1912 075c 97       		.byte	-105
 1913 075d 02       		.byte	2
 1914 075e B4       		.byte	-76
 1915 075f 01       		.byte	1
 1916 0760 E0       		.byte	-32
 1917 0761 02       		.byte	2
 1918 0762 E4       		.byte	-28
 1919 0763 08       		.byte	8
 1920 0764 EC       		.byte	-20
 1921 0765 08       		.byte	8
 1922 0766 84       		.byte	-124
 1923 0767 01       		.byte	1
 1924 0768 8D       		.byte	-115
 1925 0769 20       		.byte	32
 1926 076a A5       		.byte	-91
 1927 076b 20       		.byte	32
 1928 076c E6       		.byte	-26
 1929 076d 10       		.byte	16
 1930 076e 74       		.byte	116
 1931 076f 01       		.byte	1
 1932 0770 78       		.byte	120
 1933 0771 40       		.byte	64
 1934 0772 84       		.byte	-124
 1935 0773 40       		.byte	64
 1936 0774 A0       		.byte	-96
 1937 0775 01       		.byte	1
 1938 0776 DC       		.byte	-36
ARM GAS  C:\Users\jon\AppData\Local\Temp\ccYzXwj8.s 			page 35


 1939 0777 80       		.byte	-128
 1940 0778 DE       		.byte	-34
 1941 0779 20       		.byte	32
 1942 077a E6       		.byte	-26
 1943 077b 10       		.byte	16
 1944 077c 53       		.byte	83
 1945 077d 01       		.byte	1
 1946 077e 5C       		.byte	92
 1947 077f 01       		.byte	1
 1948 0780 D4       		.byte	-44
 1949 0781 01       		.byte	1
 1950 0782 D6       		.byte	-42
 1951 0783 01       		.byte	1
 1952 0784 72       		.byte	114
 1953 0785 80       		.byte	-128
 1954 0786 7C       		.byte	124
 1955 0787 80       		.byte	-128
 1956 0788 80       		.byte	-128
 1957 0789 80       		.byte	-128
 1958 078a 82       		.byte	-126
 1959 078b 80       		.byte	-128
 1960 078c B4       		.byte	-76
 1961 078d 01       		.byte	1
 1962 078e B7       		.byte	-73
 1963 078f 01       		.byte	1
 1964 0790 DC       		.byte	-36
 1965 0791 01       		.byte	1
 1966 0792 DE       		.byte	-34
 1967 0793 04       		.byte	4
 1968 0794 E8       		.byte	-24
 1969 0795 02       		.byte	2
 1970 0796 EC       		.byte	-20
 1971 0797 08       		.byte	8
 1972 0798 00       		.byte	0
 1973 0799 01       		.byte	1
 1974 079a 08       		.byte	8
 1975 079b 01       		.byte	1
 1976 079c 0A       		.byte	10
 1977 079d 01       		.byte	1
 1978 079e 0C       		.byte	12
 1979 079f 01       		.byte	1
 1980 07a0 10       		.byte	16
 1981 07a1 01       		.byte	1
 1982 07a2 1A       		.byte	26
 1983 07a3 01       		.byte	1
 1984 07a4 1C       		.byte	28
 1985 07a5 01       		.byte	1
 1986 07a6 00       		.byte	0
 1987 07a7 00       		.byte	0
 1988 07a8 00       		.byte	0
 1989 07a9 FF       		.byte	-1
 1990 07aa FF       		.byte	-1
 1991 07ab 00       		.byte	0
 1992 07ac FF       		.byte	-1
 1993 07ad 00       		.byte	0
 1994 07ae 00       		.byte	0
 1995 07af 00       		.byte	0
ARM GAS  C:\Users\jon\AppData\Local\Temp\ccYzXwj8.s 			page 36


 1996 07b0 00       		.byte	0
 1997 07b1 1F       		.byte	31
 1998 07b2 1F       		.byte	31
 1999 07b3 00       		.byte	0
 2000 07b4 14       		.byte	20
 2001 07b5 00       		.byte	0
 2002 07b6 00       		.byte	0
 2003 07b7 00       		.byte	0
 2004 07b8 00       		.byte	0
 2005 07b9 F9       		.byte	-7
 2006 07ba F9       		.byte	-7
 2007 07bb 00       		.byte	0
 2008 07bc F9       		.byte	-7
 2009 07bd 00       		.byte	0
 2010 07be 00       		.byte	0
 2011 07bf 00       		.byte	0
 2012              		.section	.cywolatch,"a",%progbits
 2013              		.type	cy_meta_wonvl, %object
 2014              		.size	cy_meta_wonvl, 4
 2015              	cy_meta_wonvl:
 2016 0000 BC       		.byte	-68
 2017 0001 90       		.byte	-112
 2018 0002 AC       		.byte	-84
 2019 0003 AF       		.byte	-81
 2020              		.section	.cycustnvl,"a",%progbits
 2021              		.type	cy_meta_custnvl, %object
 2022              		.size	cy_meta_custnvl, 4
 2023              	cy_meta_custnvl:
 2024 0000 00       		.byte	0
 2025 0001 00       		.byte	0
 2026 0002 40       		.byte	64
 2027 0003 05       		.byte	5
 2028              		.section	.cymeta,"a",%progbits
 2029              		.type	cy_metadata, %object
 2030              		.size	cy_metadata, 12
 2031              	cy_metadata:
 2032 0000 00       		.byte	0
 2033 0001 01       		.byte	1
 2034 0002 2E       		.byte	46
 2035 0003 16       		.byte	22
 2036 0004 10       		.byte	16
 2037 0005 69       		.byte	105
 2038 0006 00       		.byte	0
 2039 0007 01       		.byte	1
 2040 0008 00       		.byte	0
 2041 0009 00       		.byte	0
 2042 000a 00       		.byte	0
 2043 000b 00       		.byte	0
 2044              		.section	.cyflashprotect,"a",%progbits
 2045              		.type	cy_meta_flashprotect, %object
 2046              		.size	cy_meta_flashprotect, 256
 2047              	cy_meta_flashprotect:
 2048 0000 00000000 		.space	256
 2048      00000000 
 2048      00000000 
 2048      00000000 
 2048      00000000 
ARM GAS  C:\Users\jon\AppData\Local\Temp\ccYzXwj8.s 			page 37


 2049              		.text
 2050              	.Letext0:
 2051              		.file 1 "c:\\program files (x86)\\cypress\\psoc creator\\4.2\\psoc creator\\import\\gnu\\arm\\5.4.
 2052              		.file 2 "c:\\program files (x86)\\cypress\\psoc creator\\4.2\\psoc creator\\import\\gnu\\arm\\5.4.
 2053              		.file 3 "Generated_Source\\PSoC5\\cymetadata.c"
 2054              		.section	.debug_info,"",%progbits
 2055              	.Ldebug_info0:
 2056 0000 35010000 		.4byte	0x135
 2057 0004 0400     		.2byte	0x4
 2058 0006 00000000 		.4byte	.Ldebug_abbrev0
 2059 000a 04       		.byte	0x4
 2060 000b 01       		.uleb128 0x1
 2061 000c 8F000000 		.4byte	.LASF17
 2062 0010 0C       		.byte	0xc
 2063 0011 B2010000 		.4byte	.LASF18
 2064 0015 72010000 		.4byte	.LASF19
 2065 0019 00000000 		.4byte	.Ldebug_line0
 2066 001d 02       		.uleb128 0x2
 2067 001e 01       		.byte	0x1
 2068 001f 06       		.byte	0x6
 2069 0020 A6010000 		.4byte	.LASF0
 2070 0024 03       		.uleb128 0x3
 2071 0025 00000000 		.4byte	.LASF9
 2072 0029 01       		.byte	0x1
 2073 002a 1D       		.byte	0x1d
 2074 002b 2F000000 		.4byte	0x2f
 2075 002f 02       		.uleb128 0x2
 2076 0030 01       		.byte	0x1
 2077 0031 08       		.byte	0x8
 2078 0032 2D000000 		.4byte	.LASF1
 2079 0036 02       		.uleb128 0x2
 2080 0037 02       		.byte	0x2
 2081 0038 05       		.byte	0x5
 2082 0039 5F010000 		.4byte	.LASF2
 2083 003d 02       		.uleb128 0x2
 2084 003e 02       		.byte	0x2
 2085 003f 07       		.byte	0x7
 2086 0040 4D000000 		.4byte	.LASF3
 2087 0044 02       		.uleb128 0x2
 2088 0045 04       		.byte	0x4
 2089 0046 05       		.byte	0x5
 2090 0047 69010000 		.4byte	.LASF4
 2091 004b 02       		.uleb128 0x2
 2092 004c 04       		.byte	0x4
 2093 004d 07       		.byte	0x7
 2094 004e 3B000000 		.4byte	.LASF5
 2095 0052 02       		.uleb128 0x2
 2096 0053 08       		.byte	0x8
 2097 0054 05       		.byte	0x5
 2098 0055 51010000 		.4byte	.LASF6
 2099 0059 02       		.uleb128 0x2
 2100 005a 08       		.byte	0x8
 2101 005b 07       		.byte	0x7
 2102 005c 16000000 		.4byte	.LASF7
 2103 0060 04       		.uleb128 0x4
 2104 0061 04       		.byte	0x4
 2105 0062 05       		.byte	0x5
ARM GAS  C:\Users\jon\AppData\Local\Temp\ccYzXwj8.s 			page 38


 2106 0063 696E7400 		.ascii	"int\000"
 2107 0067 02       		.uleb128 0x2
 2108 0068 04       		.byte	0x4
 2109 0069 07       		.byte	0x7
 2110 006a 82000000 		.4byte	.LASF8
 2111 006e 03       		.uleb128 0x3
 2112 006f 1D010000 		.4byte	.LASF10
 2113 0073 02       		.byte	0x2
 2114 0074 18       		.byte	0x18
 2115 0075 24000000 		.4byte	0x24
 2116 0079 05       		.uleb128 0x5
 2117 007a 91000000 		.4byte	0x91
 2118 007e 8A000000 		.4byte	0x8a
 2119 0082 06       		.uleb128 0x6
 2120 0083 8A000000 		.4byte	0x8a
 2121 0087 BF07     		.2byte	0x7bf
 2122 0089 00       		.byte	0
 2123 008a 02       		.uleb128 0x2
 2124 008b 04       		.byte	0x4
 2125 008c 07       		.byte	0x7
 2126 008d 48010000 		.4byte	.LASF11
 2127 0091 07       		.uleb128 0x7
 2128 0092 6E000000 		.4byte	0x6e
 2129 0096 08       		.uleb128 0x8
 2130 0097 70000000 		.4byte	.LASF12
 2131 009b 03       		.byte	0x3
 2132 009c 1F       		.byte	0x1f
 2133 009d A7000000 		.4byte	0xa7
 2134 00a1 05       		.uleb128 0x5
 2135 00a2 03       		.byte	0x3
 2136 00a3 00000000 		.4byte	cy_meta_configecc
 2137 00a7 07       		.uleb128 0x7
 2138 00a8 79000000 		.4byte	0x79
 2139 00ac 05       		.uleb128 0x5
 2140 00ad 91000000 		.4byte	0x91
 2141 00b1 BC000000 		.4byte	0xbc
 2142 00b5 09       		.uleb128 0x9
 2143 00b6 8A000000 		.4byte	0x8a
 2144 00ba 03       		.byte	0x3
 2145 00bb 00       		.byte	0
 2146 00bc 0A       		.uleb128 0xa
 2147 00bd 60000000 		.4byte	.LASF13
 2148 00c1 03       		.byte	0x3
 2149 00c2 2401     		.2byte	0x124
 2150 00c4 CE000000 		.4byte	0xce
 2151 00c8 05       		.uleb128 0x5
 2152 00c9 03       		.byte	0x3
 2153 00ca 00000000 		.4byte	cy_meta_custnvl
 2154 00ce 07       		.uleb128 0x7
 2155 00cf AC000000 		.4byte	0xac
 2156 00d3 0A       		.uleb128 0xa
 2157 00d4 3A010000 		.4byte	.LASF14
 2158 00d8 03       		.byte	0x3
 2159 00d9 3201     		.2byte	0x132
 2160 00db E5000000 		.4byte	0xe5
 2161 00df 05       		.uleb128 0x5
 2162 00e0 03       		.byte	0x3
ARM GAS  C:\Users\jon\AppData\Local\Temp\ccYzXwj8.s 			page 39


 2163 00e1 00000000 		.4byte	cy_meta_wonvl
 2164 00e5 07       		.uleb128 0x7
 2165 00e6 AC000000 		.4byte	0xac
 2166 00ea 05       		.uleb128 0x5
 2167 00eb 91000000 		.4byte	0x91
 2168 00ef FA000000 		.4byte	0xfa
 2169 00f3 09       		.uleb128 0x9
 2170 00f4 8A000000 		.4byte	0x8a
 2171 00f8 FF       		.byte	0xff
 2172 00f9 00       		.byte	0
 2173 00fa 0A       		.uleb128 0xa
 2174 00fb 25010000 		.4byte	.LASF15
 2175 00ff 03       		.byte	0x3
 2176 0100 4001     		.2byte	0x140
 2177 0102 0C010000 		.4byte	0x10c
 2178 0106 05       		.uleb128 0x5
 2179 0107 03       		.byte	0x3
 2180 0108 00000000 		.4byte	cy_meta_flashprotect
 2181 010c 07       		.uleb128 0x7
 2182 010d EA000000 		.4byte	0xea
 2183 0111 05       		.uleb128 0x5
 2184 0112 91000000 		.4byte	0x91
 2185 0116 21010000 		.4byte	0x121
 2186 011a 09       		.uleb128 0x9
 2187 011b 8A000000 		.4byte	0x8a
 2188 011f 0B       		.byte	0xb
 2189 0120 00       		.byte	0
 2190 0121 0A       		.uleb128 0xa
 2191 0122 0A000000 		.4byte	.LASF16
 2192 0126 03       		.byte	0x3
 2193 0127 6D01     		.2byte	0x16d
 2194 0129 33010000 		.4byte	0x133
 2195 012d 05       		.uleb128 0x5
 2196 012e 03       		.byte	0x3
 2197 012f 00000000 		.4byte	cy_metadata
 2198 0133 07       		.uleb128 0x7
 2199 0134 11010000 		.4byte	0x111
 2200 0138 00       		.byte	0
 2201              		.section	.debug_abbrev,"",%progbits
 2202              	.Ldebug_abbrev0:
 2203 0000 01       		.uleb128 0x1
 2204 0001 11       		.uleb128 0x11
 2205 0002 01       		.byte	0x1
 2206 0003 25       		.uleb128 0x25
 2207 0004 0E       		.uleb128 0xe
 2208 0005 13       		.uleb128 0x13
 2209 0006 0B       		.uleb128 0xb
 2210 0007 03       		.uleb128 0x3
 2211 0008 0E       		.uleb128 0xe
 2212 0009 1B       		.uleb128 0x1b
 2213 000a 0E       		.uleb128 0xe
 2214 000b 10       		.uleb128 0x10
 2215 000c 17       		.uleb128 0x17
 2216 000d 00       		.byte	0
 2217 000e 00       		.byte	0
 2218 000f 02       		.uleb128 0x2
 2219 0010 24       		.uleb128 0x24
ARM GAS  C:\Users\jon\AppData\Local\Temp\ccYzXwj8.s 			page 40


 2220 0011 00       		.byte	0
 2221 0012 0B       		.uleb128 0xb
 2222 0013 0B       		.uleb128 0xb
 2223 0014 3E       		.uleb128 0x3e
 2224 0015 0B       		.uleb128 0xb
 2225 0016 03       		.uleb128 0x3
 2226 0017 0E       		.uleb128 0xe
 2227 0018 00       		.byte	0
 2228 0019 00       		.byte	0
 2229 001a 03       		.uleb128 0x3
 2230 001b 16       		.uleb128 0x16
 2231 001c 00       		.byte	0
 2232 001d 03       		.uleb128 0x3
 2233 001e 0E       		.uleb128 0xe
 2234 001f 3A       		.uleb128 0x3a
 2235 0020 0B       		.uleb128 0xb
 2236 0021 3B       		.uleb128 0x3b
 2237 0022 0B       		.uleb128 0xb
 2238 0023 49       		.uleb128 0x49
 2239 0024 13       		.uleb128 0x13
 2240 0025 00       		.byte	0
 2241 0026 00       		.byte	0
 2242 0027 04       		.uleb128 0x4
 2243 0028 24       		.uleb128 0x24
 2244 0029 00       		.byte	0
 2245 002a 0B       		.uleb128 0xb
 2246 002b 0B       		.uleb128 0xb
 2247 002c 3E       		.uleb128 0x3e
 2248 002d 0B       		.uleb128 0xb
 2249 002e 03       		.uleb128 0x3
 2250 002f 08       		.uleb128 0x8
 2251 0030 00       		.byte	0
 2252 0031 00       		.byte	0
 2253 0032 05       		.uleb128 0x5
 2254 0033 01       		.uleb128 0x1
 2255 0034 01       		.byte	0x1
 2256 0035 49       		.uleb128 0x49
 2257 0036 13       		.uleb128 0x13
 2258 0037 01       		.uleb128 0x1
 2259 0038 13       		.uleb128 0x13
 2260 0039 00       		.byte	0
 2261 003a 00       		.byte	0
 2262 003b 06       		.uleb128 0x6
 2263 003c 21       		.uleb128 0x21
 2264 003d 00       		.byte	0
 2265 003e 49       		.uleb128 0x49
 2266 003f 13       		.uleb128 0x13
 2267 0040 2F       		.uleb128 0x2f
 2268 0041 05       		.uleb128 0x5
 2269 0042 00       		.byte	0
 2270 0043 00       		.byte	0
 2271 0044 07       		.uleb128 0x7
 2272 0045 26       		.uleb128 0x26
 2273 0046 00       		.byte	0
 2274 0047 49       		.uleb128 0x49
 2275 0048 13       		.uleb128 0x13
 2276 0049 00       		.byte	0
ARM GAS  C:\Users\jon\AppData\Local\Temp\ccYzXwj8.s 			page 41


 2277 004a 00       		.byte	0
 2278 004b 08       		.uleb128 0x8
 2279 004c 34       		.uleb128 0x34
 2280 004d 00       		.byte	0
 2281 004e 03       		.uleb128 0x3
 2282 004f 0E       		.uleb128 0xe
 2283 0050 3A       		.uleb128 0x3a
 2284 0051 0B       		.uleb128 0xb
 2285 0052 3B       		.uleb128 0x3b
 2286 0053 0B       		.uleb128 0xb
 2287 0054 49       		.uleb128 0x49
 2288 0055 13       		.uleb128 0x13
 2289 0056 3F       		.uleb128 0x3f
 2290 0057 19       		.uleb128 0x19
 2291 0058 02       		.uleb128 0x2
 2292 0059 18       		.uleb128 0x18
 2293 005a 00       		.byte	0
 2294 005b 00       		.byte	0
 2295 005c 09       		.uleb128 0x9
 2296 005d 21       		.uleb128 0x21
 2297 005e 00       		.byte	0
 2298 005f 49       		.uleb128 0x49
 2299 0060 13       		.uleb128 0x13
 2300 0061 2F       		.uleb128 0x2f
 2301 0062 0B       		.uleb128 0xb
 2302 0063 00       		.byte	0
 2303 0064 00       		.byte	0
 2304 0065 0A       		.uleb128 0xa
 2305 0066 34       		.uleb128 0x34
 2306 0067 00       		.byte	0
 2307 0068 03       		.uleb128 0x3
 2308 0069 0E       		.uleb128 0xe
 2309 006a 3A       		.uleb128 0x3a
 2310 006b 0B       		.uleb128 0xb
 2311 006c 3B       		.uleb128 0x3b
 2312 006d 05       		.uleb128 0x5
 2313 006e 49       		.uleb128 0x49
 2314 006f 13       		.uleb128 0x13
 2315 0070 3F       		.uleb128 0x3f
 2316 0071 19       		.uleb128 0x19
 2317 0072 02       		.uleb128 0x2
 2318 0073 18       		.uleb128 0x18
 2319 0074 00       		.byte	0
 2320 0075 00       		.byte	0
 2321 0076 00       		.byte	0
 2322              		.section	.debug_aranges,"",%progbits
 2323 0000 14000000 		.4byte	0x14
 2324 0004 0200     		.2byte	0x2
 2325 0006 00000000 		.4byte	.Ldebug_info0
 2326 000a 04       		.byte	0x4
 2327 000b 00       		.byte	0
 2328 000c 0000     		.2byte	0
 2329 000e 0000     		.2byte	0
 2330 0010 00000000 		.4byte	0
 2331 0014 00000000 		.4byte	0
 2332              		.section	.debug_line,"",%progbits
 2333              	.Ldebug_line0:
ARM GAS  C:\Users\jon\AppData\Local\Temp\ccYzXwj8.s 			page 42


 2334 0000 3D010000 		.section	.debug_str,"MS",%progbits,1
 2334      02003701 
 2334      00000201 
 2334      FB0E0D00 
 2334      01010101 
 2335              	.LASF9:
 2336 0000 5F5F7569 		.ascii	"__uint8_t\000"
 2336      6E74385F 
 2336      7400
 2337              	.LASF16:
 2338 000a 63795F6D 		.ascii	"cy_metadata\000"
 2338      65746164 
 2338      61746100 
 2339              	.LASF7:
 2340 0016 6C6F6E67 		.ascii	"long long unsigned int\000"
 2340      206C6F6E 
 2340      6720756E 
 2340      7369676E 
 2340      65642069 
 2341              	.LASF1:
 2342 002d 756E7369 		.ascii	"unsigned char\000"
 2342      676E6564 
 2342      20636861 
 2342      7200
 2343              	.LASF5:
 2344 003b 6C6F6E67 		.ascii	"long unsigned int\000"
 2344      20756E73 
 2344      69676E65 
 2344      6420696E 
 2344      7400
 2345              	.LASF3:
 2346 004d 73686F72 		.ascii	"short unsigned int\000"
 2346      7420756E 
 2346      7369676E 
 2346      65642069 
 2346      6E7400
 2347              	.LASF13:
 2348 0060 63795F6D 		.ascii	"cy_meta_custnvl\000"
 2348      6574615F 
 2348      63757374 
 2348      6E766C00 
 2349              	.LASF12:
 2350 0070 63795F6D 		.ascii	"cy_meta_configecc\000"
 2350      6574615F 
 2350      636F6E66 
 2350      69676563 
 2350      6300
 2351              	.LASF8:
 2352 0082 756E7369 		.ascii	"unsigned int\000"
 2352      676E6564 
 2352      20696E74 
 2352      00
 2353              	.LASF17:
 2354 008f 474E5520 		.ascii	"GNU C11 5.4.1 20160609 (release) [ARM/embedded-5-br"
 2354      43313120 
 2354      352E342E 
 2354      31203230 
ARM GAS  C:\Users\jon\AppData\Local\Temp\ccYzXwj8.s 			page 43


 2354      31363036 
 2355 00c2 616E6368 		.ascii	"anch revision 237715] -mcpu=cortex-m3 -mthumb -g -O"
 2355      20726576 
 2355      6973696F 
 2355      6E203233 
 2355      37373135 
 2356 00f5 73202D66 		.ascii	"s -ffunction-sections -ffat-lto-objects\000"
 2356      66756E63 
 2356      74696F6E 
 2356      2D736563 
 2356      74696F6E 
 2357              	.LASF10:
 2358 011d 75696E74 		.ascii	"uint8_t\000"
 2358      385F7400 
 2359              	.LASF15:
 2360 0125 63795F6D 		.ascii	"cy_meta_flashprotect\000"
 2360      6574615F 
 2360      666C6173 
 2360      6870726F 
 2360      74656374 
 2361              	.LASF14:
 2362 013a 63795F6D 		.ascii	"cy_meta_wonvl\000"
 2362      6574615F 
 2362      776F6E76 
 2362      6C00
 2363              	.LASF11:
 2364 0148 73697A65 		.ascii	"sizetype\000"
 2364      74797065 
 2364      00
 2365              	.LASF6:
 2366 0151 6C6F6E67 		.ascii	"long long int\000"
 2366      206C6F6E 
 2366      6720696E 
 2366      7400
 2367              	.LASF2:
 2368 015f 73686F72 		.ascii	"short int\000"
 2368      7420696E 
 2368      7400
 2369              	.LASF4:
 2370 0169 6C6F6E67 		.ascii	"long int\000"
 2370      20696E74 
 2370      00
 2371              	.LASF19:
 2372 0172 433A5C55 		.ascii	"C:\\Users\\jon\\Desktop\\CSE564-PSoC\\Face\\Control"
 2372      73657273 
 2372      5C6A6F6E 
 2372      5C446573 
 2372      6B746F70 
 2373 019f 2E637964 		.ascii	".cydsn\000"
 2373      736E00
 2374              	.LASF0:
 2375 01a6 7369676E 		.ascii	"signed char\000"
 2375      65642063 
 2375      68617200 
 2376              	.LASF18:
 2377 01b2 47656E65 		.ascii	"Generated_Source\\PSoC5\\cymetadata.c\000"
 2377      72617465 
ARM GAS  C:\Users\jon\AppData\Local\Temp\ccYzXwj8.s 			page 44


 2377      645F536F 
 2377      75726365 
 2377      5C50536F 
 2378              		.ident	"GCC: (GNU Tools for ARM Embedded Processors) 5.4.1 20160609 (release) [ARM/embedded-5-bran
