ARM GAS  C:\Users\jon\AppData\Local\Temp\ccrSwDcA.s 			page 1


   1              		.syntax unified
   2              		.cpu cortex-m3
   3              		.fpu softvfp
   4              		.eabi_attribute 20, 1
   5              		.eabi_attribute 21, 1
   6              		.eabi_attribute 23, 3
   7              		.eabi_attribute 24, 1
   8              		.eabi_attribute 25, 1
   9              		.eabi_attribute 26, 1
  10              		.eabi_attribute 30, 4
  11              		.eabi_attribute 34, 1
  12              		.eabi_attribute 18, 4
  13              		.thumb
  14              		.syntax unified
  15              		.file	"Eyelids_PM.c"
  16              		.text
  17              	.Ltext0:
  18              		.cfi_sections	.debug_frame
  19              		.section	.text.Eyelids_SaveConfig,"ax",%progbits
  20              		.align	1
  21              		.global	Eyelids_SaveConfig
  22              		.thumb
  23              		.thumb_func
  24              		.type	Eyelids_SaveConfig, %function
  25              	Eyelids_SaveConfig:
  26              	.LFB0:
  27              		.file 1 "Generated_Source\\PSoC5\\Eyelids_PM.c"
   1:Generated_Source\PSoC5/Eyelids_PM.c **** /*******************************************************************************
   2:Generated_Source\PSoC5/Eyelids_PM.c **** * File Name: Eyelids_PM.c
   3:Generated_Source\PSoC5/Eyelids_PM.c **** * Version 3.30
   4:Generated_Source\PSoC5/Eyelids_PM.c **** *
   5:Generated_Source\PSoC5/Eyelids_PM.c **** * Description:
   6:Generated_Source\PSoC5/Eyelids_PM.c **** *  This file provides the power management source code to API for the
   7:Generated_Source\PSoC5/Eyelids_PM.c **** *  PWM.
   8:Generated_Source\PSoC5/Eyelids_PM.c **** *
   9:Generated_Source\PSoC5/Eyelids_PM.c **** * Note:
  10:Generated_Source\PSoC5/Eyelids_PM.c **** *
  11:Generated_Source\PSoC5/Eyelids_PM.c **** ********************************************************************************
  12:Generated_Source\PSoC5/Eyelids_PM.c **** * Copyright 2008-2014, Cypress Semiconductor Corporation.  All rights reserved.
  13:Generated_Source\PSoC5/Eyelids_PM.c **** * You may use this file only in accordance with the license, terms, conditions,
  14:Generated_Source\PSoC5/Eyelids_PM.c **** * disclaimers, and limitations in the end user license agreement accompanying
  15:Generated_Source\PSoC5/Eyelids_PM.c **** * the software package with which this file was provided.
  16:Generated_Source\PSoC5/Eyelids_PM.c **** *******************************************************************************/
  17:Generated_Source\PSoC5/Eyelids_PM.c **** 
  18:Generated_Source\PSoC5/Eyelids_PM.c **** #include "Eyelids.h"
  19:Generated_Source\PSoC5/Eyelids_PM.c **** 
  20:Generated_Source\PSoC5/Eyelids_PM.c **** static Eyelids_backupStruct Eyelids_backup;
  21:Generated_Source\PSoC5/Eyelids_PM.c **** 
  22:Generated_Source\PSoC5/Eyelids_PM.c **** 
  23:Generated_Source\PSoC5/Eyelids_PM.c **** /*******************************************************************************
  24:Generated_Source\PSoC5/Eyelids_PM.c **** * Function Name: Eyelids_SaveConfig
  25:Generated_Source\PSoC5/Eyelids_PM.c **** ********************************************************************************
  26:Generated_Source\PSoC5/Eyelids_PM.c **** *
  27:Generated_Source\PSoC5/Eyelids_PM.c **** * Summary:
  28:Generated_Source\PSoC5/Eyelids_PM.c **** *  Saves the current user configuration of the component.
  29:Generated_Source\PSoC5/Eyelids_PM.c **** *
  30:Generated_Source\PSoC5/Eyelids_PM.c **** * Parameters:
ARM GAS  C:\Users\jon\AppData\Local\Temp\ccrSwDcA.s 			page 2


  31:Generated_Source\PSoC5/Eyelids_PM.c **** *  None
  32:Generated_Source\PSoC5/Eyelids_PM.c **** *
  33:Generated_Source\PSoC5/Eyelids_PM.c **** * Return:
  34:Generated_Source\PSoC5/Eyelids_PM.c **** *  None
  35:Generated_Source\PSoC5/Eyelids_PM.c **** *
  36:Generated_Source\PSoC5/Eyelids_PM.c **** * Global variables:
  37:Generated_Source\PSoC5/Eyelids_PM.c **** *  Eyelids_backup:  Variables of this global structure are modified to
  38:Generated_Source\PSoC5/Eyelids_PM.c **** *  store the values of non retention configuration registers when Sleep() API is
  39:Generated_Source\PSoC5/Eyelids_PM.c **** *  called.
  40:Generated_Source\PSoC5/Eyelids_PM.c **** *
  41:Generated_Source\PSoC5/Eyelids_PM.c **** *******************************************************************************/
  42:Generated_Source\PSoC5/Eyelids_PM.c **** void Eyelids_SaveConfig(void) 
  43:Generated_Source\PSoC5/Eyelids_PM.c **** {
  28              		.loc 1 43 0
  29              		.cfi_startproc
  30              		@ args = 0, pretend = 0, frame = 0
  31              		@ frame_needed = 0, uses_anonymous_args = 0
  32 0000 10B5     		push	{r4, lr}
  33              		.cfi_def_cfa_offset 8
  34              		.cfi_offset 4, -8
  35              		.cfi_offset 14, -4
  44:Generated_Source\PSoC5/Eyelids_PM.c **** 
  45:Generated_Source\PSoC5/Eyelids_PM.c ****     #if(!Eyelids_UsingFixedFunction)
  46:Generated_Source\PSoC5/Eyelids_PM.c ****         #if(!Eyelids_PWMModeIsCenterAligned)
  47:Generated_Source\PSoC5/Eyelids_PM.c ****             Eyelids_backup.PWMPeriod = Eyelids_ReadPeriod();
  36              		.loc 1 47 0
  37 0002 FFF7FEFF 		bl	Eyelids_ReadPeriod
  38              	.LVL0:
  39 0006 064C     		ldr	r4, .L2
  40 0008 A080     		strh	r0, [r4, #4]	@ movhi
  48:Generated_Source\PSoC5/Eyelids_PM.c ****         #endif /* (!Eyelids_PWMModeIsCenterAligned) */
  49:Generated_Source\PSoC5/Eyelids_PM.c ****         Eyelids_backup.PWMUdb = Eyelids_ReadCounter();
  41              		.loc 1 49 0
  42 000a FFF7FEFF 		bl	Eyelids_ReadCounter
  43              	.LVL1:
  50:Generated_Source\PSoC5/Eyelids_PM.c ****         #if (Eyelids_UseStatus)
  51:Generated_Source\PSoC5/Eyelids_PM.c ****             Eyelids_backup.InterruptMaskValue = Eyelids_STATUS_MASK;
  44              		.loc 1 51 0
  45 000e 054B     		ldr	r3, .L2+4
  49:Generated_Source\PSoC5/Eyelids_PM.c ****         #if (Eyelids_UseStatus)
  46              		.loc 1 49 0
  47 0010 6080     		strh	r0, [r4, #2]	@ movhi
  48              		.loc 1 51 0
  49 0012 1B78     		ldrb	r3, [r3]	@ zero_extendqisi2
  50 0014 A371     		strb	r3, [r4, #6]
  52:Generated_Source\PSoC5/Eyelids_PM.c ****         #endif /* (Eyelids_UseStatus) */
  53:Generated_Source\PSoC5/Eyelids_PM.c **** 
  54:Generated_Source\PSoC5/Eyelids_PM.c ****         #if(Eyelids_DeadBandMode == Eyelids__B_PWM__DBM_256_CLOCKS || \
  55:Generated_Source\PSoC5/Eyelids_PM.c ****             Eyelids_DeadBandMode == Eyelids__B_PWM__DBM_2_4_CLOCKS)
  56:Generated_Source\PSoC5/Eyelids_PM.c ****             Eyelids_backup.PWMdeadBandValue = Eyelids_ReadDeadTime();
  57:Generated_Source\PSoC5/Eyelids_PM.c ****         #endif /*  deadband count is either 2-4 clocks or 256 clocks */
  58:Generated_Source\PSoC5/Eyelids_PM.c **** 
  59:Generated_Source\PSoC5/Eyelids_PM.c ****         #if(Eyelids_KillModeMinTime)
  60:Generated_Source\PSoC5/Eyelids_PM.c ****              Eyelids_backup.PWMKillCounterPeriod = Eyelids_ReadKillTime();
  61:Generated_Source\PSoC5/Eyelids_PM.c ****         #endif /* (Eyelids_KillModeMinTime) */
  62:Generated_Source\PSoC5/Eyelids_PM.c **** 
  63:Generated_Source\PSoC5/Eyelids_PM.c ****         #if(Eyelids_UseControl)
ARM GAS  C:\Users\jon\AppData\Local\Temp\ccrSwDcA.s 			page 3


  64:Generated_Source\PSoC5/Eyelids_PM.c ****             Eyelids_backup.PWMControlRegister = Eyelids_ReadControlRegister();
  51              		.loc 1 64 0
  52 0016 FFF7FEFF 		bl	Eyelids_ReadControlRegister
  53              	.LVL2:
  54 001a E071     		strb	r0, [r4, #7]
  55 001c 10BD     		pop	{r4, pc}
  56              	.L3:
  57 001e 00BF     		.align	2
  58              	.L2:
  59 0020 00000000 		.word	.LANCHOR0
  60 0024 8B650040 		.word	1073767819
  61              		.cfi_endproc
  62              	.LFE0:
  63              		.size	Eyelids_SaveConfig, .-Eyelids_SaveConfig
  64              		.section	.text.Eyelids_RestoreConfig,"ax",%progbits
  65              		.align	1
  66              		.global	Eyelids_RestoreConfig
  67              		.thumb
  68              		.thumb_func
  69              		.type	Eyelids_RestoreConfig, %function
  70              	Eyelids_RestoreConfig:
  71              	.LFB1:
  65:Generated_Source\PSoC5/Eyelids_PM.c ****         #endif /* (Eyelids_UseControl) */
  66:Generated_Source\PSoC5/Eyelids_PM.c ****     #endif  /* (!Eyelids_UsingFixedFunction) */
  67:Generated_Source\PSoC5/Eyelids_PM.c **** }
  68:Generated_Source\PSoC5/Eyelids_PM.c **** 
  69:Generated_Source\PSoC5/Eyelids_PM.c **** 
  70:Generated_Source\PSoC5/Eyelids_PM.c **** /*******************************************************************************
  71:Generated_Source\PSoC5/Eyelids_PM.c **** * Function Name: Eyelids_RestoreConfig
  72:Generated_Source\PSoC5/Eyelids_PM.c **** ********************************************************************************
  73:Generated_Source\PSoC5/Eyelids_PM.c **** *
  74:Generated_Source\PSoC5/Eyelids_PM.c **** * Summary:
  75:Generated_Source\PSoC5/Eyelids_PM.c **** *  Restores the current user configuration of the component.
  76:Generated_Source\PSoC5/Eyelids_PM.c **** *
  77:Generated_Source\PSoC5/Eyelids_PM.c **** * Parameters:
  78:Generated_Source\PSoC5/Eyelids_PM.c **** *  None
  79:Generated_Source\PSoC5/Eyelids_PM.c **** *
  80:Generated_Source\PSoC5/Eyelids_PM.c **** * Return:
  81:Generated_Source\PSoC5/Eyelids_PM.c **** *  None
  82:Generated_Source\PSoC5/Eyelids_PM.c **** *
  83:Generated_Source\PSoC5/Eyelids_PM.c **** * Global variables:
  84:Generated_Source\PSoC5/Eyelids_PM.c **** *  Eyelids_backup:  Variables of this global structure are used to
  85:Generated_Source\PSoC5/Eyelids_PM.c **** *  restore the values of non retention registers on wakeup from sleep mode.
  86:Generated_Source\PSoC5/Eyelids_PM.c **** *
  87:Generated_Source\PSoC5/Eyelids_PM.c **** *******************************************************************************/
  88:Generated_Source\PSoC5/Eyelids_PM.c **** void Eyelids_RestoreConfig(void) 
  89:Generated_Source\PSoC5/Eyelids_PM.c **** {
  72              		.loc 1 89 0
  73              		.cfi_startproc
  74              		@ args = 0, pretend = 0, frame = 0
  75              		@ frame_needed = 0, uses_anonymous_args = 0
  76 0000 10B5     		push	{r4, lr}
  77              		.cfi_def_cfa_offset 8
  78              		.cfi_offset 4, -8
  79              		.cfi_offset 14, -4
  90:Generated_Source\PSoC5/Eyelids_PM.c ****         #if(!Eyelids_UsingFixedFunction)
  91:Generated_Source\PSoC5/Eyelids_PM.c ****             #if(!Eyelids_PWMModeIsCenterAligned)
ARM GAS  C:\Users\jon\AppData\Local\Temp\ccrSwDcA.s 			page 4


  92:Generated_Source\PSoC5/Eyelids_PM.c ****                 Eyelids_WritePeriod(Eyelids_backup.PWMPeriod);
  80              		.loc 1 92 0
  81 0002 074C     		ldr	r4, .L5
  82 0004 A088     		ldrh	r0, [r4, #4]
  83 0006 FFF7FEFF 		bl	Eyelids_WritePeriod
  84              	.LVL3:
  93:Generated_Source\PSoC5/Eyelids_PM.c ****             #endif /* (!Eyelids_PWMModeIsCenterAligned) */
  94:Generated_Source\PSoC5/Eyelids_PM.c **** 
  95:Generated_Source\PSoC5/Eyelids_PM.c ****             Eyelids_WriteCounter(Eyelids_backup.PWMUdb);
  85              		.loc 1 95 0
  86 000a 6088     		ldrh	r0, [r4, #2]
  87 000c FFF7FEFF 		bl	Eyelids_WriteCounter
  88              	.LVL4:
  96:Generated_Source\PSoC5/Eyelids_PM.c **** 
  97:Generated_Source\PSoC5/Eyelids_PM.c ****             #if (Eyelids_UseStatus)
  98:Generated_Source\PSoC5/Eyelids_PM.c ****                 Eyelids_STATUS_MASK = Eyelids_backup.InterruptMaskValue;
  89              		.loc 1 98 0
  90 0010 A279     		ldrb	r2, [r4, #6]	@ zero_extendqisi2
  91 0012 044B     		ldr	r3, .L5+4
  92 0014 1A70     		strb	r2, [r3]
  99:Generated_Source\PSoC5/Eyelids_PM.c ****             #endif /* (Eyelids_UseStatus) */
 100:Generated_Source\PSoC5/Eyelids_PM.c **** 
 101:Generated_Source\PSoC5/Eyelids_PM.c ****             #if(Eyelids_DeadBandMode == Eyelids__B_PWM__DBM_256_CLOCKS || \
 102:Generated_Source\PSoC5/Eyelids_PM.c ****                 Eyelids_DeadBandMode == Eyelids__B_PWM__DBM_2_4_CLOCKS)
 103:Generated_Source\PSoC5/Eyelids_PM.c ****                 Eyelids_WriteDeadTime(Eyelids_backup.PWMdeadBandValue);
 104:Generated_Source\PSoC5/Eyelids_PM.c ****             #endif /* deadband count is either 2-4 clocks or 256 clocks */
 105:Generated_Source\PSoC5/Eyelids_PM.c **** 
 106:Generated_Source\PSoC5/Eyelids_PM.c ****             #if(Eyelids_KillModeMinTime)
 107:Generated_Source\PSoC5/Eyelids_PM.c ****                 Eyelids_WriteKillTime(Eyelids_backup.PWMKillCounterPeriod);
 108:Generated_Source\PSoC5/Eyelids_PM.c ****             #endif /* (Eyelids_KillModeMinTime) */
 109:Generated_Source\PSoC5/Eyelids_PM.c **** 
 110:Generated_Source\PSoC5/Eyelids_PM.c ****             #if(Eyelids_UseControl)
 111:Generated_Source\PSoC5/Eyelids_PM.c ****                 Eyelids_WriteControlRegister(Eyelids_backup.PWMControlRegister);
  93              		.loc 1 111 0
  94 0016 E079     		ldrb	r0, [r4, #7]	@ zero_extendqisi2
 112:Generated_Source\PSoC5/Eyelids_PM.c ****             #endif /* (Eyelids_UseControl) */
 113:Generated_Source\PSoC5/Eyelids_PM.c ****         #endif  /* (!Eyelids_UsingFixedFunction) */
 114:Generated_Source\PSoC5/Eyelids_PM.c ****     }
  95              		.loc 1 114 0
  96 0018 BDE81040 		pop	{r4, lr}
  97              		.cfi_restore 14
  98              		.cfi_restore 4
  99              		.cfi_def_cfa_offset 0
 111:Generated_Source\PSoC5/Eyelids_PM.c ****             #endif /* (Eyelids_UseControl) */
 100              		.loc 1 111 0
 101 001c FFF7FEBF 		b	Eyelids_WriteControlRegister
 102              	.LVL5:
 103              	.L6:
 104              		.align	2
 105              	.L5:
 106 0020 00000000 		.word	.LANCHOR0
 107 0024 8B650040 		.word	1073767819
 108              		.cfi_endproc
 109              	.LFE1:
 110              		.size	Eyelids_RestoreConfig, .-Eyelids_RestoreConfig
 111              		.section	.text.Eyelids_Sleep,"ax",%progbits
 112              		.align	1
ARM GAS  C:\Users\jon\AppData\Local\Temp\ccrSwDcA.s 			page 5


 113              		.global	Eyelids_Sleep
 114              		.thumb
 115              		.thumb_func
 116              		.type	Eyelids_Sleep, %function
 117              	Eyelids_Sleep:
 118              	.LFB2:
 115:Generated_Source\PSoC5/Eyelids_PM.c **** 
 116:Generated_Source\PSoC5/Eyelids_PM.c **** 
 117:Generated_Source\PSoC5/Eyelids_PM.c **** /*******************************************************************************
 118:Generated_Source\PSoC5/Eyelids_PM.c **** * Function Name: Eyelids_Sleep
 119:Generated_Source\PSoC5/Eyelids_PM.c **** ********************************************************************************
 120:Generated_Source\PSoC5/Eyelids_PM.c **** *
 121:Generated_Source\PSoC5/Eyelids_PM.c **** * Summary:
 122:Generated_Source\PSoC5/Eyelids_PM.c **** *  Disables block's operation and saves the user configuration. Should be called
 123:Generated_Source\PSoC5/Eyelids_PM.c **** *  just prior to entering sleep.
 124:Generated_Source\PSoC5/Eyelids_PM.c **** *
 125:Generated_Source\PSoC5/Eyelids_PM.c **** * Parameters:
 126:Generated_Source\PSoC5/Eyelids_PM.c **** *  None
 127:Generated_Source\PSoC5/Eyelids_PM.c **** *
 128:Generated_Source\PSoC5/Eyelids_PM.c **** * Return:
 129:Generated_Source\PSoC5/Eyelids_PM.c **** *  None
 130:Generated_Source\PSoC5/Eyelids_PM.c **** *
 131:Generated_Source\PSoC5/Eyelids_PM.c **** * Global variables:
 132:Generated_Source\PSoC5/Eyelids_PM.c **** *  Eyelids_backup.PWMEnableState:  Is modified depending on the enable
 133:Generated_Source\PSoC5/Eyelids_PM.c **** *  state of the block before entering sleep mode.
 134:Generated_Source\PSoC5/Eyelids_PM.c **** *
 135:Generated_Source\PSoC5/Eyelids_PM.c **** *******************************************************************************/
 136:Generated_Source\PSoC5/Eyelids_PM.c **** void Eyelids_Sleep(void) 
 137:Generated_Source\PSoC5/Eyelids_PM.c **** {
 119              		.loc 1 137 0
 120              		.cfi_startproc
 121              		@ args = 0, pretend = 0, frame = 0
 122              		@ frame_needed = 0, uses_anonymous_args = 0
 123 0000 08B5     		push	{r3, lr}
 124              		.cfi_def_cfa_offset 8
 125              		.cfi_offset 3, -8
 126              		.cfi_offset 14, -4
 138:Generated_Source\PSoC5/Eyelids_PM.c ****     #if(Eyelids_UseControl)
 139:Generated_Source\PSoC5/Eyelids_PM.c ****         if(Eyelids_CTRL_ENABLE == (Eyelids_CONTROL & Eyelids_CTRL_ENABLE))
 127              		.loc 1 139 0
 128 0002 074B     		ldr	r3, .L11
 129 0004 1B78     		ldrb	r3, [r3]	@ zero_extendqisi2
 130 0006 13F0800F 		tst	r3, #128
 131 000a 064B     		ldr	r3, .L11+4
 140:Generated_Source\PSoC5/Eyelids_PM.c ****         {
 141:Generated_Source\PSoC5/Eyelids_PM.c ****             /*Component is enabled */
 142:Generated_Source\PSoC5/Eyelids_PM.c ****             Eyelids_backup.PWMEnableState = 1u;
 132              		.loc 1 142 0
 133 000c 14BF     		ite	ne
 134 000e 0122     		movne	r2, #1
 143:Generated_Source\PSoC5/Eyelids_PM.c ****         }
 144:Generated_Source\PSoC5/Eyelids_PM.c ****         else
 145:Generated_Source\PSoC5/Eyelids_PM.c ****         {
 146:Generated_Source\PSoC5/Eyelids_PM.c ****             /* Component is disabled */
 147:Generated_Source\PSoC5/Eyelids_PM.c ****             Eyelids_backup.PWMEnableState = 0u;
 135              		.loc 1 147 0
 136 0010 0022     		moveq	r2, #0
ARM GAS  C:\Users\jon\AppData\Local\Temp\ccrSwDcA.s 			page 6


 137 0012 1A70     		strb	r2, [r3]
 148:Generated_Source\PSoC5/Eyelids_PM.c ****         }
 149:Generated_Source\PSoC5/Eyelids_PM.c ****     #endif /* (Eyelids_UseControl) */
 150:Generated_Source\PSoC5/Eyelids_PM.c **** 
 151:Generated_Source\PSoC5/Eyelids_PM.c ****     /* Stop component */
 152:Generated_Source\PSoC5/Eyelids_PM.c ****     Eyelids_Stop();
 138              		.loc 1 152 0
 139 0014 FFF7FEFF 		bl	Eyelids_Stop
 140              	.LVL6:
 153:Generated_Source\PSoC5/Eyelids_PM.c **** 
 154:Generated_Source\PSoC5/Eyelids_PM.c ****     /* Save registers configuration */
 155:Generated_Source\PSoC5/Eyelids_PM.c ****     Eyelids_SaveConfig();
 156:Generated_Source\PSoC5/Eyelids_PM.c **** }
 141              		.loc 1 156 0
 142 0018 BDE80840 		pop	{r3, lr}
 143              		.cfi_restore 14
 144              		.cfi_restore 3
 145              		.cfi_def_cfa_offset 0
 155:Generated_Source\PSoC5/Eyelids_PM.c **** }
 146              		.loc 1 155 0
 147 001c FFF7FEBF 		b	Eyelids_SaveConfig
 148              	.LVL7:
 149              	.L12:
 150              		.align	2
 151              	.L11:
 152 0020 7B650040 		.word	1073767803
 153 0024 00000000 		.word	.LANCHOR0
 154              		.cfi_endproc
 155              	.LFE2:
 156              		.size	Eyelids_Sleep, .-Eyelids_Sleep
 157              		.section	.text.Eyelids_Wakeup,"ax",%progbits
 158              		.align	1
 159              		.global	Eyelids_Wakeup
 160              		.thumb
 161              		.thumb_func
 162              		.type	Eyelids_Wakeup, %function
 163              	Eyelids_Wakeup:
 164              	.LFB3:
 157:Generated_Source\PSoC5/Eyelids_PM.c **** 
 158:Generated_Source\PSoC5/Eyelids_PM.c **** 
 159:Generated_Source\PSoC5/Eyelids_PM.c **** /*******************************************************************************
 160:Generated_Source\PSoC5/Eyelids_PM.c **** * Function Name: Eyelids_Wakeup
 161:Generated_Source\PSoC5/Eyelids_PM.c **** ********************************************************************************
 162:Generated_Source\PSoC5/Eyelids_PM.c **** *
 163:Generated_Source\PSoC5/Eyelids_PM.c **** * Summary:
 164:Generated_Source\PSoC5/Eyelids_PM.c **** *  Restores and enables the user configuration. Should be called just after
 165:Generated_Source\PSoC5/Eyelids_PM.c **** *  awaking from sleep.
 166:Generated_Source\PSoC5/Eyelids_PM.c **** *
 167:Generated_Source\PSoC5/Eyelids_PM.c **** * Parameters:
 168:Generated_Source\PSoC5/Eyelids_PM.c **** *  None
 169:Generated_Source\PSoC5/Eyelids_PM.c **** *
 170:Generated_Source\PSoC5/Eyelids_PM.c **** * Return:
 171:Generated_Source\PSoC5/Eyelids_PM.c **** *  None
 172:Generated_Source\PSoC5/Eyelids_PM.c **** *
 173:Generated_Source\PSoC5/Eyelids_PM.c **** * Global variables:
 174:Generated_Source\PSoC5/Eyelids_PM.c **** *  Eyelids_backup.pwmEnable:  Is used to restore the enable state of
 175:Generated_Source\PSoC5/Eyelids_PM.c **** *  block on wakeup from sleep mode.
ARM GAS  C:\Users\jon\AppData\Local\Temp\ccrSwDcA.s 			page 7


 176:Generated_Source\PSoC5/Eyelids_PM.c **** *
 177:Generated_Source\PSoC5/Eyelids_PM.c **** *******************************************************************************/
 178:Generated_Source\PSoC5/Eyelids_PM.c **** void Eyelids_Wakeup(void) 
 179:Generated_Source\PSoC5/Eyelids_PM.c **** {
 165              		.loc 1 179 0
 166              		.cfi_startproc
 167              		@ args = 0, pretend = 0, frame = 0
 168              		@ frame_needed = 0, uses_anonymous_args = 0
 169 0000 08B5     		push	{r3, lr}
 170              		.cfi_def_cfa_offset 8
 171              		.cfi_offset 3, -8
 172              		.cfi_offset 14, -4
 180:Generated_Source\PSoC5/Eyelids_PM.c ****      /* Restore registers values */
 181:Generated_Source\PSoC5/Eyelids_PM.c ****     Eyelids_RestoreConfig();
 173              		.loc 1 181 0
 174 0002 FFF7FEFF 		bl	Eyelids_RestoreConfig
 175              	.LVL8:
 182:Generated_Source\PSoC5/Eyelids_PM.c **** 
 183:Generated_Source\PSoC5/Eyelids_PM.c ****     if(Eyelids_backup.PWMEnableState != 0u)
 176              		.loc 1 183 0
 177 0006 044B     		ldr	r3, .L16
 178 0008 1B78     		ldrb	r3, [r3]	@ zero_extendqisi2
 179 000a 1BB1     		cbz	r3, .L13
 184:Generated_Source\PSoC5/Eyelids_PM.c ****     {
 185:Generated_Source\PSoC5/Eyelids_PM.c ****         /* Enable component's operation */
 186:Generated_Source\PSoC5/Eyelids_PM.c ****         Eyelids_Enable();
 187:Generated_Source\PSoC5/Eyelids_PM.c ****     } /* Do nothing if component's block was disabled before */
 188:Generated_Source\PSoC5/Eyelids_PM.c **** 
 189:Generated_Source\PSoC5/Eyelids_PM.c **** }
 180              		.loc 1 189 0
 181 000c BDE80840 		pop	{r3, lr}
 182              		.cfi_remember_state
 183              		.cfi_restore 14
 184              		.cfi_restore 3
 185              		.cfi_def_cfa_offset 0
 186:Generated_Source\PSoC5/Eyelids_PM.c ****     } /* Do nothing if component's block was disabled before */
 186              		.loc 1 186 0
 187 0010 FFF7FEBF 		b	Eyelids_Enable
 188              	.LVL9:
 189              	.L13:
 190              		.cfi_restore_state
 191 0014 08BD     		pop	{r3, pc}
 192              	.L17:
 193 0016 00BF     		.align	2
 194              	.L16:
 195 0018 00000000 		.word	.LANCHOR0
 196              		.cfi_endproc
 197              	.LFE3:
 198              		.size	Eyelids_Wakeup, .-Eyelids_Wakeup
 199              		.bss
 200              		.align	1
 201              		.set	.LANCHOR0,. + 0
 202              		.type	Eyelids_backup, %object
 203              		.size	Eyelids_backup, 8
 204              	Eyelids_backup:
 205 0000 00000000 		.space	8
 205      00000000 
ARM GAS  C:\Users\jon\AppData\Local\Temp\ccrSwDcA.s 			page 8


 206              		.text
 207              	.Letext0:
 208              		.file 2 "Generated_Source\\PSoC5\\cytypes.h"
 209              		.file 3 "Generated_Source\\PSoC5\\Eyelids.h"
 210              		.section	.debug_info,"",%progbits
 211              	.Ldebug_info0:
 212 0000 1F020000 		.4byte	0x21f
 213 0004 0400     		.2byte	0x4
 214 0006 00000000 		.4byte	.Ldebug_abbrev0
 215 000a 04       		.byte	0x4
 216 000b 01       		.uleb128 0x1
 217 000c AD000000 		.4byte	.LASF35
 218 0010 0C       		.byte	0xc
 219 0011 41010000 		.4byte	.LASF36
 220 0015 92020000 		.4byte	.LASF37
 221 0019 00000000 		.4byte	.Ldebug_ranges0+0
 222 001d 00000000 		.4byte	0
 223 0021 00000000 		.4byte	.Ldebug_line0
 224 0025 02       		.uleb128 0x2
 225 0026 01       		.byte	0x1
 226 0027 06       		.byte	0x6
 227 0028 C6020000 		.4byte	.LASF0
 228 002c 02       		.uleb128 0x2
 229 002d 01       		.byte	0x1
 230 002e 08       		.byte	0x8
 231 002f 81000000 		.4byte	.LASF1
 232 0033 02       		.uleb128 0x2
 233 0034 02       		.byte	0x2
 234 0035 05       		.byte	0x5
 235 0036 73020000 		.4byte	.LASF2
 236 003a 02       		.uleb128 0x2
 237 003b 02       		.byte	0x2
 238 003c 07       		.byte	0x7
 239 003d D2020000 		.4byte	.LASF3
 240 0041 02       		.uleb128 0x2
 241 0042 04       		.byte	0x4
 242 0043 05       		.byte	0x5
 243 0044 7D020000 		.4byte	.LASF4
 244 0048 02       		.uleb128 0x2
 245 0049 04       		.byte	0x4
 246 004a 07       		.byte	0x7
 247 004b AD010000 		.4byte	.LASF5
 248 004f 02       		.uleb128 0x2
 249 0050 08       		.byte	0x8
 250 0051 05       		.byte	0x5
 251 0052 31020000 		.4byte	.LASF6
 252 0056 02       		.uleb128 0x2
 253 0057 08       		.byte	0x8
 254 0058 07       		.byte	0x7
 255 0059 CC010000 		.4byte	.LASF7
 256 005d 03       		.uleb128 0x3
 257 005e 04       		.byte	0x4
 258 005f 05       		.byte	0x5
 259 0060 696E7400 		.ascii	"int\000"
 260 0064 02       		.uleb128 0x2
 261 0065 04       		.byte	0x4
 262 0066 07       		.byte	0x7
ARM GAS  C:\Users\jon\AppData\Local\Temp\ccrSwDcA.s 			page 9


 263 0067 BF010000 		.4byte	.LASF8
 264 006b 04       		.uleb128 0x4
 265 006c 3B010000 		.4byte	.LASF9
 266 0070 02       		.byte	0x2
 267 0071 E401     		.2byte	0x1e4
 268 0073 2C000000 		.4byte	0x2c
 269 0077 04       		.uleb128 0x4
 270 0078 A6010000 		.4byte	.LASF10
 271 007c 02       		.byte	0x2
 272 007d E501     		.2byte	0x1e5
 273 007f 3A000000 		.4byte	0x3a
 274 0083 02       		.uleb128 0x2
 275 0084 04       		.byte	0x4
 276 0085 04       		.byte	0x4
 277 0086 4B000000 		.4byte	.LASF11
 278 008a 02       		.uleb128 0x2
 279 008b 08       		.byte	0x8
 280 008c 04       		.byte	0x4
 281 008d 8C010000 		.4byte	.LASF12
 282 0091 02       		.uleb128 0x2
 283 0092 01       		.byte	0x1
 284 0093 08       		.byte	0x8
 285 0094 3F020000 		.4byte	.LASF13
 286 0098 04       		.uleb128 0x4
 287 0099 F8010000 		.4byte	.LASF14
 288 009d 02       		.byte	0x2
 289 009e 8E02     		.2byte	0x28e
 290 00a0 A4000000 		.4byte	0xa4
 291 00a4 05       		.uleb128 0x5
 292 00a5 6B000000 		.4byte	0x6b
 293 00a9 02       		.uleb128 0x2
 294 00aa 08       		.byte	0x8
 295 00ab 04       		.byte	0x4
 296 00ac 86020000 		.4byte	.LASF15
 297 00b0 02       		.uleb128 0x2
 298 00b1 04       		.byte	0x4
 299 00b2 07       		.byte	0x7
 300 00b3 0C020000 		.4byte	.LASF16
 301 00b7 06       		.uleb128 0x6
 302 00b8 08       		.byte	0x8
 303 00b9 03       		.byte	0x3
 304 00ba 6B       		.byte	0x6b
 305 00bb FC000000 		.4byte	0xfc
 306 00bf 07       		.uleb128 0x7
 307 00c0 8F000000 		.4byte	.LASF17
 308 00c4 03       		.byte	0x3
 309 00c5 6E       		.byte	0x6e
 310 00c6 6B000000 		.4byte	0x6b
 311 00ca 00       		.byte	0
 312 00cb 07       		.uleb128 0x7
 313 00cc 00000000 		.4byte	.LASF18
 314 00d0 03       		.byte	0x3
 315 00d1 71       		.byte	0x71
 316 00d2 77000000 		.4byte	0x77
 317 00d6 02       		.byte	0x2
 318 00d7 07       		.uleb128 0x7
 319 00d8 44020000 		.4byte	.LASF19
ARM GAS  C:\Users\jon\AppData\Local\Temp\ccrSwDcA.s 			page 10


 320 00dc 03       		.byte	0x3
 321 00dd 73       		.byte	0x73
 322 00de 77000000 		.4byte	0x77
 323 00e2 04       		.byte	0x4
 324 00e3 07       		.uleb128 0x7
 325 00e4 E5020000 		.4byte	.LASF20
 326 00e8 03       		.byte	0x3
 327 00e9 76       		.byte	0x76
 328 00ea 6B000000 		.4byte	0x6b
 329 00ee 06       		.byte	0x6
 330 00ef 07       		.uleb128 0x7
 331 00f0 65010000 		.4byte	.LASF21
 332 00f4 03       		.byte	0x3
 333 00f5 86       		.byte	0x86
 334 00f6 6B000000 		.4byte	0x6b
 335 00fa 07       		.byte	0x7
 336 00fb 00       		.byte	0
 337 00fc 08       		.uleb128 0x8
 338 00fd 15000000 		.4byte	.LASF22
 339 0101 03       		.byte	0x3
 340 0102 8B       		.byte	0x8b
 341 0103 B7000000 		.4byte	0xb7
 342 0107 09       		.uleb128 0x9
 343 0108 6E000000 		.4byte	.LASF23
 344 010c 01       		.byte	0x1
 345 010d 2A       		.byte	0x2a
 346 010e 00000000 		.4byte	.LFB0
 347 0112 28000000 		.4byte	.LFE0-.LFB0
 348 0116 01       		.uleb128 0x1
 349 0117 9C       		.byte	0x9c
 350 0118 38010000 		.4byte	0x138
 351 011c 0A       		.uleb128 0xa
 352 011d 06000000 		.4byte	.LVL0
 353 0121 CA010000 		.4byte	0x1ca
 354 0125 0A       		.uleb128 0xa
 355 0126 0E000000 		.4byte	.LVL1
 356 012a D5010000 		.4byte	0x1d5
 357 012e 0A       		.uleb128 0xa
 358 012f 1A000000 		.4byte	.LVL2
 359 0133 E0010000 		.4byte	0x1e0
 360 0137 00       		.byte	0
 361 0138 09       		.uleb128 0x9
 362 0139 4E020000 		.4byte	.LASF24
 363 013d 01       		.byte	0x1
 364 013e 58       		.byte	0x58
 365 013f 00000000 		.4byte	.LFB1
 366 0143 28000000 		.4byte	.LFE1-.LFB1
 367 0147 01       		.uleb128 0x1
 368 0148 9C       		.byte	0x9c
 369 0149 69010000 		.4byte	0x169
 370 014d 0A       		.uleb128 0xa
 371 014e 0A000000 		.4byte	.LVL3
 372 0152 EB010000 		.4byte	0x1eb
 373 0156 0A       		.uleb128 0xa
 374 0157 10000000 		.4byte	.LVL4
 375 015b F6010000 		.4byte	0x1f6
 376 015f 0B       		.uleb128 0xb
ARM GAS  C:\Users\jon\AppData\Local\Temp\ccrSwDcA.s 			page 11


 377 0160 20000000 		.4byte	.LVL5
 378 0164 01020000 		.4byte	0x201
 379 0168 00       		.byte	0
 380 0169 09       		.uleb128 0x9
 381 016a 07000000 		.4byte	.LASF25
 382 016e 01       		.byte	0x1
 383 016f 88       		.byte	0x88
 384 0170 00000000 		.4byte	.LFB2
 385 0174 28000000 		.4byte	.LFE2-.LFB2
 386 0178 01       		.uleb128 0x1
 387 0179 9C       		.byte	0x9c
 388 017a 91010000 		.4byte	0x191
 389 017e 0A       		.uleb128 0xa
 390 017f 18000000 		.4byte	.LVL6
 391 0183 0C020000 		.4byte	0x20c
 392 0187 0B       		.uleb128 0xb
 393 0188 20000000 		.4byte	.LVL7
 394 018c 07010000 		.4byte	0x107
 395 0190 00       		.byte	0
 396 0191 09       		.uleb128 0x9
 397 0192 64020000 		.4byte	.LASF26
 398 0196 01       		.byte	0x1
 399 0197 B2       		.byte	0xb2
 400 0198 00000000 		.4byte	.LFB3
 401 019c 1C000000 		.4byte	.LFE3-.LFB3
 402 01a0 01       		.uleb128 0x1
 403 01a1 9C       		.byte	0x9c
 404 01a2 B9010000 		.4byte	0x1b9
 405 01a6 0A       		.uleb128 0xa
 406 01a7 06000000 		.4byte	.LVL8
 407 01ab 38010000 		.4byte	0x138
 408 01af 0B       		.uleb128 0xb
 409 01b0 14000000 		.4byte	.LVL9
 410 01b4 17020000 		.4byte	0x217
 411 01b8 00       		.byte	0
 412 01b9 0C       		.uleb128 0xc
 413 01ba FD010000 		.4byte	.LASF38
 414 01be 01       		.byte	0x1
 415 01bf 14       		.byte	0x14
 416 01c0 FC000000 		.4byte	0xfc
 417 01c4 05       		.uleb128 0x5
 418 01c5 03       		.byte	0x3
 419 01c6 00000000 		.4byte	Eyelids_backup
 420 01ca 0D       		.uleb128 0xd
 421 01cb 93010000 		.4byte	.LASF27
 422 01cf 93010000 		.4byte	.LASF27
 423 01d3 03       		.byte	0x3
 424 01d4 C0       		.byte	0xc0
 425 01d5 0D       		.uleb128 0xd
 426 01d6 37000000 		.4byte	.LASF28
 427 01da 37000000 		.4byte	.LASF28
 428 01de 03       		.byte	0x3
 429 01df B3       		.byte	0xb3
 430 01e0 0D       		.uleb128 0xd
 431 01e1 15020000 		.4byte	.LASF29
 432 01e5 15020000 		.4byte	.LASF29
 433 01e9 03       		.byte	0x3
ARM GAS  C:\Users\jon\AppData\Local\Temp\ccrSwDcA.s 			page 12


 434 01ea 9D       		.byte	0x9d
 435 01eb 0D       		.uleb128 0xd
 436 01ec 78010000 		.4byte	.LASF30
 437 01f0 78010000 		.4byte	.LASF30
 438 01f4 03       		.byte	0x3
 439 01f5 BE       		.byte	0xbe
 440 01f6 0D       		.uleb128 0xd
 441 01f7 E3010000 		.4byte	.LASF31
 442 01fb E3010000 		.4byte	.LASF31
 443 01ff 03       		.byte	0x3
 444 0200 BA       		.byte	0xba
 445 0201 0D       		.uleb128 0xd
 446 0202 51000000 		.4byte	.LASF32
 447 0206 51000000 		.4byte	.LASF32
 448 020a 03       		.byte	0x3
 449 020b 9E       		.byte	0x9e
 450 020c 0D       		.uleb128 0xd
 451 020d 2A000000 		.4byte	.LASF33
 452 0211 2A000000 		.4byte	.LASF33
 453 0215 03       		.byte	0x3
 454 0216 93       		.byte	0x93
 455 0217 0D       		.uleb128 0xd
 456 0218 9E000000 		.4byte	.LASF34
 457 021c 9E000000 		.4byte	.LASF34
 458 0220 03       		.byte	0x3
 459 0221 DB       		.byte	0xdb
 460 0222 00       		.byte	0
 461              		.section	.debug_abbrev,"",%progbits
 462              	.Ldebug_abbrev0:
 463 0000 01       		.uleb128 0x1
 464 0001 11       		.uleb128 0x11
 465 0002 01       		.byte	0x1
 466 0003 25       		.uleb128 0x25
 467 0004 0E       		.uleb128 0xe
 468 0005 13       		.uleb128 0x13
 469 0006 0B       		.uleb128 0xb
 470 0007 03       		.uleb128 0x3
 471 0008 0E       		.uleb128 0xe
 472 0009 1B       		.uleb128 0x1b
 473 000a 0E       		.uleb128 0xe
 474 000b 55       		.uleb128 0x55
 475 000c 17       		.uleb128 0x17
 476 000d 11       		.uleb128 0x11
 477 000e 01       		.uleb128 0x1
 478 000f 10       		.uleb128 0x10
 479 0010 17       		.uleb128 0x17
 480 0011 00       		.byte	0
 481 0012 00       		.byte	0
 482 0013 02       		.uleb128 0x2
 483 0014 24       		.uleb128 0x24
 484 0015 00       		.byte	0
 485 0016 0B       		.uleb128 0xb
 486 0017 0B       		.uleb128 0xb
 487 0018 3E       		.uleb128 0x3e
 488 0019 0B       		.uleb128 0xb
 489 001a 03       		.uleb128 0x3
 490 001b 0E       		.uleb128 0xe
ARM GAS  C:\Users\jon\AppData\Local\Temp\ccrSwDcA.s 			page 13


 491 001c 00       		.byte	0
 492 001d 00       		.byte	0
 493 001e 03       		.uleb128 0x3
 494 001f 24       		.uleb128 0x24
 495 0020 00       		.byte	0
 496 0021 0B       		.uleb128 0xb
 497 0022 0B       		.uleb128 0xb
 498 0023 3E       		.uleb128 0x3e
 499 0024 0B       		.uleb128 0xb
 500 0025 03       		.uleb128 0x3
 501 0026 08       		.uleb128 0x8
 502 0027 00       		.byte	0
 503 0028 00       		.byte	0
 504 0029 04       		.uleb128 0x4
 505 002a 16       		.uleb128 0x16
 506 002b 00       		.byte	0
 507 002c 03       		.uleb128 0x3
 508 002d 0E       		.uleb128 0xe
 509 002e 3A       		.uleb128 0x3a
 510 002f 0B       		.uleb128 0xb
 511 0030 3B       		.uleb128 0x3b
 512 0031 05       		.uleb128 0x5
 513 0032 49       		.uleb128 0x49
 514 0033 13       		.uleb128 0x13
 515 0034 00       		.byte	0
 516 0035 00       		.byte	0
 517 0036 05       		.uleb128 0x5
 518 0037 35       		.uleb128 0x35
 519 0038 00       		.byte	0
 520 0039 49       		.uleb128 0x49
 521 003a 13       		.uleb128 0x13
 522 003b 00       		.byte	0
 523 003c 00       		.byte	0
 524 003d 06       		.uleb128 0x6
 525 003e 13       		.uleb128 0x13
 526 003f 01       		.byte	0x1
 527 0040 0B       		.uleb128 0xb
 528 0041 0B       		.uleb128 0xb
 529 0042 3A       		.uleb128 0x3a
 530 0043 0B       		.uleb128 0xb
 531 0044 3B       		.uleb128 0x3b
 532 0045 0B       		.uleb128 0xb
 533 0046 01       		.uleb128 0x1
 534 0047 13       		.uleb128 0x13
 535 0048 00       		.byte	0
 536 0049 00       		.byte	0
 537 004a 07       		.uleb128 0x7
 538 004b 0D       		.uleb128 0xd
 539 004c 00       		.byte	0
 540 004d 03       		.uleb128 0x3
 541 004e 0E       		.uleb128 0xe
 542 004f 3A       		.uleb128 0x3a
 543 0050 0B       		.uleb128 0xb
 544 0051 3B       		.uleb128 0x3b
 545 0052 0B       		.uleb128 0xb
 546 0053 49       		.uleb128 0x49
 547 0054 13       		.uleb128 0x13
ARM GAS  C:\Users\jon\AppData\Local\Temp\ccrSwDcA.s 			page 14


 548 0055 38       		.uleb128 0x38
 549 0056 0B       		.uleb128 0xb
 550 0057 00       		.byte	0
 551 0058 00       		.byte	0
 552 0059 08       		.uleb128 0x8
 553 005a 16       		.uleb128 0x16
 554 005b 00       		.byte	0
 555 005c 03       		.uleb128 0x3
 556 005d 0E       		.uleb128 0xe
 557 005e 3A       		.uleb128 0x3a
 558 005f 0B       		.uleb128 0xb
 559 0060 3B       		.uleb128 0x3b
 560 0061 0B       		.uleb128 0xb
 561 0062 49       		.uleb128 0x49
 562 0063 13       		.uleb128 0x13
 563 0064 00       		.byte	0
 564 0065 00       		.byte	0
 565 0066 09       		.uleb128 0x9
 566 0067 2E       		.uleb128 0x2e
 567 0068 01       		.byte	0x1
 568 0069 3F       		.uleb128 0x3f
 569 006a 19       		.uleb128 0x19
 570 006b 03       		.uleb128 0x3
 571 006c 0E       		.uleb128 0xe
 572 006d 3A       		.uleb128 0x3a
 573 006e 0B       		.uleb128 0xb
 574 006f 3B       		.uleb128 0x3b
 575 0070 0B       		.uleb128 0xb
 576 0071 27       		.uleb128 0x27
 577 0072 19       		.uleb128 0x19
 578 0073 11       		.uleb128 0x11
 579 0074 01       		.uleb128 0x1
 580 0075 12       		.uleb128 0x12
 581 0076 06       		.uleb128 0x6
 582 0077 40       		.uleb128 0x40
 583 0078 18       		.uleb128 0x18
 584 0079 9742     		.uleb128 0x2117
 585 007b 19       		.uleb128 0x19
 586 007c 01       		.uleb128 0x1
 587 007d 13       		.uleb128 0x13
 588 007e 00       		.byte	0
 589 007f 00       		.byte	0
 590 0080 0A       		.uleb128 0xa
 591 0081 898201   		.uleb128 0x4109
 592 0084 00       		.byte	0
 593 0085 11       		.uleb128 0x11
 594 0086 01       		.uleb128 0x1
 595 0087 31       		.uleb128 0x31
 596 0088 13       		.uleb128 0x13
 597 0089 00       		.byte	0
 598 008a 00       		.byte	0
 599 008b 0B       		.uleb128 0xb
 600 008c 898201   		.uleb128 0x4109
 601 008f 00       		.byte	0
 602 0090 11       		.uleb128 0x11
 603 0091 01       		.uleb128 0x1
 604 0092 9542     		.uleb128 0x2115
ARM GAS  C:\Users\jon\AppData\Local\Temp\ccrSwDcA.s 			page 15


 605 0094 19       		.uleb128 0x19
 606 0095 31       		.uleb128 0x31
 607 0096 13       		.uleb128 0x13
 608 0097 00       		.byte	0
 609 0098 00       		.byte	0
 610 0099 0C       		.uleb128 0xc
 611 009a 34       		.uleb128 0x34
 612 009b 00       		.byte	0
 613 009c 03       		.uleb128 0x3
 614 009d 0E       		.uleb128 0xe
 615 009e 3A       		.uleb128 0x3a
 616 009f 0B       		.uleb128 0xb
 617 00a0 3B       		.uleb128 0x3b
 618 00a1 0B       		.uleb128 0xb
 619 00a2 49       		.uleb128 0x49
 620 00a3 13       		.uleb128 0x13
 621 00a4 02       		.uleb128 0x2
 622 00a5 18       		.uleb128 0x18
 623 00a6 00       		.byte	0
 624 00a7 00       		.byte	0
 625 00a8 0D       		.uleb128 0xd
 626 00a9 2E       		.uleb128 0x2e
 627 00aa 00       		.byte	0
 628 00ab 3F       		.uleb128 0x3f
 629 00ac 19       		.uleb128 0x19
 630 00ad 3C       		.uleb128 0x3c
 631 00ae 19       		.uleb128 0x19
 632 00af 6E       		.uleb128 0x6e
 633 00b0 0E       		.uleb128 0xe
 634 00b1 03       		.uleb128 0x3
 635 00b2 0E       		.uleb128 0xe
 636 00b3 3A       		.uleb128 0x3a
 637 00b4 0B       		.uleb128 0xb
 638 00b5 3B       		.uleb128 0x3b
 639 00b6 0B       		.uleb128 0xb
 640 00b7 00       		.byte	0
 641 00b8 00       		.byte	0
 642 00b9 00       		.byte	0
 643              		.section	.debug_aranges,"",%progbits
 644 0000 34000000 		.4byte	0x34
 645 0004 0200     		.2byte	0x2
 646 0006 00000000 		.4byte	.Ldebug_info0
 647 000a 04       		.byte	0x4
 648 000b 00       		.byte	0
 649 000c 0000     		.2byte	0
 650 000e 0000     		.2byte	0
 651 0010 00000000 		.4byte	.LFB0
 652 0014 28000000 		.4byte	.LFE0-.LFB0
 653 0018 00000000 		.4byte	.LFB1
 654 001c 28000000 		.4byte	.LFE1-.LFB1
 655 0020 00000000 		.4byte	.LFB2
 656 0024 28000000 		.4byte	.LFE2-.LFB2
 657 0028 00000000 		.4byte	.LFB3
 658 002c 1C000000 		.4byte	.LFE3-.LFB3
 659 0030 00000000 		.4byte	0
 660 0034 00000000 		.4byte	0
 661              		.section	.debug_ranges,"",%progbits
ARM GAS  C:\Users\jon\AppData\Local\Temp\ccrSwDcA.s 			page 16


 662              	.Ldebug_ranges0:
 663 0000 00000000 		.4byte	.LFB0
 664 0004 28000000 		.4byte	.LFE0
 665 0008 00000000 		.4byte	.LFB1
 666 000c 28000000 		.4byte	.LFE1
 667 0010 00000000 		.4byte	.LFB2
 668 0014 28000000 		.4byte	.LFE2
 669 0018 00000000 		.4byte	.LFB3
 670 001c 1C000000 		.4byte	.LFE3
 671 0020 00000000 		.4byte	0
 672 0024 00000000 		.4byte	0
 673              		.section	.debug_line,"",%progbits
 674              	.Ldebug_line0:
 675 0000 B3000000 		.section	.debug_str,"MS",%progbits,1
 675      02005400 
 675      00000201 
 675      FB0E0D00 
 675      01010101 
 676              	.LASF18:
 677 0000 50574D55 		.ascii	"PWMUdb\000"
 677      646200
 678              	.LASF25:
 679 0007 4579656C 		.ascii	"Eyelids_Sleep\000"
 679      6964735F 
 679      536C6565 
 679      7000
 680              	.LASF22:
 681 0015 4579656C 		.ascii	"Eyelids_backupStruct\000"
 681      6964735F 
 681      6261636B 
 681      75705374 
 681      72756374 
 682              	.LASF33:
 683 002a 4579656C 		.ascii	"Eyelids_Stop\000"
 683      6964735F 
 683      53746F70 
 683      00
 684              	.LASF28:
 685 0037 4579656C 		.ascii	"Eyelids_ReadCounter\000"
 685      6964735F 
 685      52656164 
 685      436F756E 
 685      74657200 
 686              	.LASF11:
 687 004b 666C6F61 		.ascii	"float\000"
 687      7400
 688              	.LASF32:
 689 0051 4579656C 		.ascii	"Eyelids_WriteControlRegister\000"
 689      6964735F 
 689      57726974 
 689      65436F6E 
 689      74726F6C 
 690              	.LASF23:
 691 006e 4579656C 		.ascii	"Eyelids_SaveConfig\000"
 691      6964735F 
 691      53617665 
 691      436F6E66 
ARM GAS  C:\Users\jon\AppData\Local\Temp\ccrSwDcA.s 			page 17


 691      696700
 692              	.LASF1:
 693 0081 756E7369 		.ascii	"unsigned char\000"
 693      676E6564 
 693      20636861 
 693      7200
 694              	.LASF17:
 695 008f 50574D45 		.ascii	"PWMEnableState\000"
 695      6E61626C 
 695      65537461 
 695      746500
 696              	.LASF34:
 697 009e 4579656C 		.ascii	"Eyelids_Enable\000"
 697      6964735F 
 697      456E6162 
 697      6C6500
 698              	.LASF35:
 699 00ad 474E5520 		.ascii	"GNU C11 5.4.1 20160609 (release) [ARM/embedded-5-br"
 699      43313120 
 699      352E342E 
 699      31203230 
 699      31363036 
 700 00e0 616E6368 		.ascii	"anch revision 237715] -mcpu=cortex-m3 -mthumb -g -O"
 700      20726576 
 700      6973696F 
 700      6E203233 
 700      37373135 
 701 0113 73202D66 		.ascii	"s -ffunction-sections -ffat-lto-objects\000"
 701      66756E63 
 701      74696F6E 
 701      2D736563 
 701      74696F6E 
 702              	.LASF9:
 703 013b 75696E74 		.ascii	"uint8\000"
 703      3800
 704              	.LASF36:
 705 0141 47656E65 		.ascii	"Generated_Source\\PSoC5\\Eyelids_PM.c\000"
 705      72617465 
 705      645F536F 
 705      75726365 
 705      5C50536F 
 706              	.LASF21:
 707 0165 50574D43 		.ascii	"PWMControlRegister\000"
 707      6F6E7472 
 707      6F6C5265 
 707      67697374 
 707      657200
 708              	.LASF30:
 709 0178 4579656C 		.ascii	"Eyelids_WritePeriod\000"
 709      6964735F 
 709      57726974 
 709      65506572 
 709      696F6400 
 710              	.LASF12:
 711 018c 646F7562 		.ascii	"double\000"
 711      6C6500
 712              	.LASF27:
ARM GAS  C:\Users\jon\AppData\Local\Temp\ccrSwDcA.s 			page 18


 713 0193 4579656C 		.ascii	"Eyelids_ReadPeriod\000"
 713      6964735F 
 713      52656164 
 713      50657269 
 713      6F6400
 714              	.LASF10:
 715 01a6 75696E74 		.ascii	"uint16\000"
 715      313600
 716              	.LASF5:
 717 01ad 6C6F6E67 		.ascii	"long unsigned int\000"
 717      20756E73 
 717      69676E65 
 717      6420696E 
 717      7400
 718              	.LASF8:
 719 01bf 756E7369 		.ascii	"unsigned int\000"
 719      676E6564 
 719      20696E74 
 719      00
 720              	.LASF7:
 721 01cc 6C6F6E67 		.ascii	"long long unsigned int\000"
 721      206C6F6E 
 721      6720756E 
 721      7369676E 
 721      65642069 
 722              	.LASF31:
 723 01e3 4579656C 		.ascii	"Eyelids_WriteCounter\000"
 723      6964735F 
 723      57726974 
 723      65436F75 
 723      6E746572 
 724              	.LASF14:
 725 01f8 72656738 		.ascii	"reg8\000"
 725      00
 726              	.LASF38:
 727 01fd 4579656C 		.ascii	"Eyelids_backup\000"
 727      6964735F 
 727      6261636B 
 727      757000
 728              	.LASF16:
 729 020c 73697A65 		.ascii	"sizetype\000"
 729      74797065 
 729      00
 730              	.LASF29:
 731 0215 4579656C 		.ascii	"Eyelids_ReadControlRegister\000"
 731      6964735F 
 731      52656164 
 731      436F6E74 
 731      726F6C52 
 732              	.LASF6:
 733 0231 6C6F6E67 		.ascii	"long long int\000"
 733      206C6F6E 
 733      6720696E 
 733      7400
 734              	.LASF13:
 735 023f 63686172 		.ascii	"char\000"
 735      00
ARM GAS  C:\Users\jon\AppData\Local\Temp\ccrSwDcA.s 			page 19


 736              	.LASF19:
 737 0244 50574D50 		.ascii	"PWMPeriod\000"
 737      6572696F 
 737      6400
 738              	.LASF24:
 739 024e 4579656C 		.ascii	"Eyelids_RestoreConfig\000"
 739      6964735F 
 739      52657374 
 739      6F726543 
 739      6F6E6669 
 740              	.LASF26:
 741 0264 4579656C 		.ascii	"Eyelids_Wakeup\000"
 741      6964735F 
 741      57616B65 
 741      757000
 742              	.LASF2:
 743 0273 73686F72 		.ascii	"short int\000"
 743      7420696E 
 743      7400
 744              	.LASF4:
 745 027d 6C6F6E67 		.ascii	"long int\000"
 745      20696E74 
 745      00
 746              	.LASF15:
 747 0286 6C6F6E67 		.ascii	"long double\000"
 747      20646F75 
 747      626C6500 
 748              	.LASF37:
 749 0292 433A5C55 		.ascii	"C:\\Users\\jon\\Desktop\\CSE564-PSoC\\Face\\Control"
 749      73657273 
 749      5C6A6F6E 
 749      5C446573 
 749      6B746F70 
 750 02bf 2E637964 		.ascii	".cydsn\000"
 750      736E00
 751              	.LASF0:
 752 02c6 7369676E 		.ascii	"signed char\000"
 752      65642063 
 752      68617200 
 753              	.LASF3:
 754 02d2 73686F72 		.ascii	"short unsigned int\000"
 754      7420756E 
 754      7369676E 
 754      65642069 
 754      6E7400
 755              	.LASF20:
 756 02e5 496E7465 		.ascii	"InterruptMaskValue\000"
 756      72727570 
 756      744D6173 
 756      6B56616C 
 756      756500
 757              		.ident	"GCC: (GNU Tools for ARM Embedded Processors) 5.4.1 20160609 (release) [ARM/embedded-5-bran
