ARM GAS  C:\Users\jon\AppData\Local\Temp\cceo9ZLh.s 			page 1


   1              		.syntax unified
   2              		.cpu cortex-m3
   3              		.fpu softvfp
   4              		.eabi_attribute 20, 1
   5              		.eabi_attribute 21, 1
   6              		.eabi_attribute 23, 3
   7              		.eabi_attribute 24, 1
   8              		.eabi_attribute 25, 1
   9              		.eabi_attribute 26, 1
  10              		.eabi_attribute 30, 4
  11              		.eabi_attribute 34, 1
  12              		.eabi_attribute 18, 4
  13              		.thumb
  14              		.syntax unified
  15              		.file	"servocontrol.c"
  16              		.text
  17              	.Ltext0:
  18              		.cfi_sections	.debug_frame
  19              		.section	.text.angle_to_compare,"ax",%progbits
  20              		.align	1
  21              		.global	angle_to_compare
  22              		.thumb
  23              		.thumb_func
  24              		.type	angle_to_compare, %function
  25              	angle_to_compare:
  26              	.LFB63:
  27              		.file 1 "servocontrol.c"
   1:servocontrol.c **** /* ========================================
   2:servocontrol.c ****  *
   3:servocontrol.c ****  * Copyright YOUR COMPANY, THE YEAR
   4:servocontrol.c ****  * All Rights Reserved
   5:servocontrol.c ****  * UNPUBLISHED, LICENSED SOFTWARE.
   6:servocontrol.c ****  *
   7:servocontrol.c ****  * CONFIDENTIAL AND PROPRIETARY INFORMATION
   8:servocontrol.c ****  * WHICH IS THE PROPERTY OF your company.
   9:servocontrol.c ****  *
  10:servocontrol.c ****  * ========================================
  11:servocontrol.c **** */
  12:servocontrol.c **** 
  13:servocontrol.c **** #include "servocontrol.h"
  14:servocontrol.c **** 
  15:servocontrol.c **** servo_state servo_map[] = {
  16:servocontrol.c ****     {.write_compare = Base_WriteCompare1, .current = MOTOR_CENTER, .target = MOTOR_CENTER, .step = 
  17:servocontrol.c ****     {.write_compare = Neck_WriteCompare1, .current = MOTOR_CENTER, .target = MOTOR_CENTER, .step = 
  18:servocontrol.c ****     {.write_compare = Neck_WriteCompare2, .current = MOTOR_CENTER, .target = MOTOR_CENTER, .step = 
  19:servocontrol.c ****     {.write_compare = Base_WriteCompare2, .current = MOTOR_CENTER, .target = MOTOR_CENTER, .step = 
  20:servocontrol.c ****     {.write_compare = Lips_WriteCompare1, .current = MOTOR_CENTER, .target = MOTOR_CENTER, .step = 
  21:servocontrol.c ****     {.write_compare = Lips_WriteCompare2, .current = MOTOR_CENTER, .target = MOTOR_CENTER, .step = 
  22:servocontrol.c ****     {.write_compare = LeftEyeball_WriteCompare1, .current = MOTOR_CENTER, .target = MOTOR_CENTER, .
  23:servocontrol.c ****     {.write_compare = LeftEyeball_WriteCompare2, .current = MOTOR_CENTER, .target = MOTOR_CENTER, .
  24:servocontrol.c ****     {.write_compare = RightEyeball_WriteCompare1, .current = MOTOR_CENTER, .target = MOTOR_CENTER, 
  25:servocontrol.c ****     {.write_compare = RightEyeball_WriteCompare2, .current = MOTOR_CENTER, .target = MOTOR_CENTER, 
  26:servocontrol.c ****     {.write_compare = Eyelids_WriteCompare1, .current = MOTOR_CENTER, .target = MOTOR_CENTER, .step
  27:servocontrol.c ****     {.write_compare = Eyelids_WriteCompare2, .current = MOTOR_CENTER, .target = MOTOR_CENTER, .step
  28:servocontrol.c ****     {.write_compare = LeftEyebrow_WriteCompare1, .current = MOTOR_CENTER, .target = MOTOR_CENTER, .
  29:servocontrol.c ****     {.write_compare = LeftEyebrow_WriteCompare2, .current = MOTOR_CENTER, .target = MOTOR_CENTER, .
  30:servocontrol.c ****     {.write_compare = RightEyebrow_WriteCompare1, .current = MOTOR_CENTER, .target = MOTOR_CENTER, 
ARM GAS  C:\Users\jon\AppData\Local\Temp\cceo9ZLh.s 			page 2


  31:servocontrol.c ****     {.write_compare = RightEyebrow_WriteCompare2, .current = MOTOR_CENTER, .target = MOTOR_CENTER, 
  32:servocontrol.c **** };
  33:servocontrol.c **** 
  34:servocontrol.c **** 
  35:servocontrol.c **** uint16 angle_to_compare(uint16 angle_value) {
  28              		.loc 1 35 0
  29              		.cfi_startproc
  30              		@ args = 0, pretend = 0, frame = 0
  31              		@ frame_needed = 0, uses_anonymous_args = 0
  32              		@ link register save eliminated.
  33              	.LVL0:
  36:servocontrol.c ****     return MOTOR_LOW + (angle_value * (MOTOR_HIGH - MOTOR_LOW)) / 180;
  34              		.loc 1 36 0
  35 0000 4FF4F063 		mov	r3, #1920
  36 0004 5843     		muls	r0, r3, r0
  37              	.LVL1:
  38 0006 B423     		movs	r3, #180
  39 0008 90FBF3F0 		sdiv	r0, r0, r3
  40 000c 00F58C70 		add	r0, r0, #280
  37:servocontrol.c **** }
  41              		.loc 1 37 0
  42 0010 80B2     		uxth	r0, r0
  43 0012 7047     		bx	lr
  44              		.cfi_endproc
  45              	.LFE63:
  46              		.size	angle_to_compare, .-angle_to_compare
  47              		.section	.text.set_smooth_servo_angle,"ax",%progbits
  48              		.align	1
  49              		.global	set_smooth_servo_angle
  50              		.thumb
  51              		.thumb_func
  52              		.type	set_smooth_servo_angle, %function
  53              	set_smooth_servo_angle:
  54              	.LFB64:
  38:servocontrol.c **** 
  39:servocontrol.c **** //void set_servo_angle(void (*compare_func)(uint16), uint8 angle) {
  40:servocontrol.c **** //    uint16 compare = MOTOR_LOW + (angle *(MOTOR_HIGH - MOTOR_LOW)) * 180;
  41:servocontrol.c **** //    (*compare_func)(compare);
  42:servocontrol.c **** //}
  43:servocontrol.c **** 
  44:servocontrol.c **** void set_smooth_servo_angle(servo servo_id, uint8 angle) {
  55              		.loc 1 44 0
  56              		.cfi_startproc
  57              		@ args = 0, pretend = 0, frame = 0
  58              		@ frame_needed = 0, uses_anonymous_args = 0
  59              		@ link register save eliminated.
  60              	.LVL2:
  45:servocontrol.c ****     servo_map[(uint8)servo_id].target = angle_to_compare(angle);
  61              		.loc 1 45 0
  62 0000 064A     		ldr	r2, .L3
  63 0002 0C23     		movs	r3, #12
  64 0004 03FB0020 		mla	r0, r3, r0, r2
  65              	.LVL3:
  66 0008 4FF4F063 		mov	r3, #1920
  67 000c 5943     		muls	r1, r3, r1
  68              	.LVL4:
  69 000e B423     		movs	r3, #180
ARM GAS  C:\Users\jon\AppData\Local\Temp\cceo9ZLh.s 			page 3


  70 0010 91FBF3F1 		sdiv	r1, r1, r3
  71 0014 01F58C71 		add	r1, r1, #280
  72 0018 C180     		strh	r1, [r0, #6]	@ movhi
  73 001a 7047     		bx	lr
  74              	.L4:
  75              		.align	2
  76              	.L3:
  77 001c 00000000 		.word	.LANCHOR0
  78              		.cfi_endproc
  79              	.LFE64:
  80              		.size	set_smooth_servo_angle, .-set_smooth_servo_angle
  81              		.section	.text.update_servos,"ax",%progbits
  82              		.align	1
  83              		.global	update_servos
  84              		.thumb
  85              		.thumb_func
  86              		.type	update_servos, %function
  87              	update_servos:
  88              	.LFB65:
  46:servocontrol.c **** }
  47:servocontrol.c **** 
  48:servocontrol.c **** 
  49:servocontrol.c **** void update_servos() {
  89              		.loc 1 49 0
  90              		.cfi_startproc
  91              		@ args = 0, pretend = 0, frame = 0
  92              		@ frame_needed = 0, uses_anonymous_args = 0
  93              	.LVL5:
  94 0000 38B5     		push	{r3, r4, r5, lr}
  95              		.cfi_def_cfa_offset 16
  96              		.cfi_offset 3, -16
  97              		.cfi_offset 4, -12
  98              		.cfi_offset 5, -8
  99              		.cfi_offset 14, -4
 100 0002 114C     		ldr	r4, .L12
 101 0004 04F1C005 		add	r5, r4, #192
 102              	.LVL6:
 103              	.L9:
 104              	.LBB4:
  50:servocontrol.c ****     servo_state *serv;
  51:servocontrol.c ****     
  52:servocontrol.c ****     for (uint8 i = 0; i < 16; ++i) {
  53:servocontrol.c ****         serv = &servo_map[i];
  54:servocontrol.c ****         if (serv->current < serv->target && serv->current + serv->step < serv->target) {
 105              		.loc 1 54 0
 106 0008 34F8023C 		ldrh	r3, [r4, #-2]
 107 000c 2288     		ldrh	r2, [r4]
 108 000e 9342     		cmp	r3, r2
 109 0010 06D2     		bcs	.L6
 110              		.loc 1 54 0 is_stmt 0 discriminator 1
 111 0012 6188     		ldrh	r1, [r4, #2]
 112 0014 1944     		add	r1, r1, r3
 113 0016 9142     		cmp	r1, r2
 114 0018 02DA     		bge	.L6
  55:servocontrol.c ****             serv->current += serv->step;
 115              		.loc 1 55 0 is_stmt 1
 116 001a 24F8021C 		strh	r1, [r4, #-2]	@ movhi
ARM GAS  C:\Users\jon\AppData\Local\Temp\cceo9ZLh.s 			page 4


 117 001e 0AE0     		b	.L7
 118              	.L6:
  56:servocontrol.c ****         } else if (serv->current > serv->target && serv->current - serv->step > serv->target) {
 119              		.loc 1 56 0
 120 0020 9342     		cmp	r3, r2
 121 0022 06D9     		bls	.L8
 122              		.loc 1 56 0 is_stmt 0 discriminator 1
 123 0024 6188     		ldrh	r1, [r4, #2]
 124 0026 5B1A     		subs	r3, r3, r1
 125 0028 9342     		cmp	r3, r2
 126 002a 02DD     		ble	.L8
  57:servocontrol.c ****             serv->current -= serv->step;
 127              		.loc 1 57 0 is_stmt 1
 128 002c 24F8023C 		strh	r3, [r4, #-2]	@ movhi
 129 0030 01E0     		b	.L7
 130              	.L8:
  58:servocontrol.c ****         } else {
  59:servocontrol.c ****             serv->current = serv->target;
 131              		.loc 1 59 0
 132 0032 24F8022C 		strh	r2, [r4, #-2]	@ movhi
 133              	.L7:
  60:servocontrol.c ****         }
  61:servocontrol.c ****         //Neck_WriteCompare1(serv->current);
  62:servocontrol.c ****         (*serv->write_compare)(serv->current);
 134              		.loc 1 62 0 discriminator 2
 135 0036 54F8063C 		ldr	r3, [r4, #-6]
 136 003a 34F8020C 		ldrh	r0, [r4, #-2]
 137 003e 0C34     		adds	r4, r4, #12
 138 0040 9847     		blx	r3
 139              	.LVL7:
  52:servocontrol.c ****         serv = &servo_map[i];
 140              		.loc 1 52 0 discriminator 2
 141 0042 AC42     		cmp	r4, r5
 142 0044 E0D1     		bne	.L9
 143              	.LBE4:
  63:servocontrol.c ****     }
  64:servocontrol.c **** }
 144              		.loc 1 64 0
 145 0046 38BD     		pop	{r3, r4, r5, pc}
 146              	.L13:
 147              		.align	2
 148              	.L12:
 149 0048 06000000 		.word	.LANCHOR0+6
 150              		.cfi_endproc
 151              	.LFE65:
 152              		.size	update_servos, .-update_servos
 153              		.global	servo_map
 154              		.data
 155              		.align	2
 156              		.set	.LANCHOR0,. + 0
 157              		.type	servo_map, %object
 158              		.size	servo_map, 192
 159              	servo_map:
 160 0000 00000000 		.word	Base_WriteCompare1
 161 0004 D804     		.short	1240
 162 0006 D804     		.short	1240
 163 0008 0500     		.short	5
ARM GAS  C:\Users\jon\AppData\Local\Temp\cceo9ZLh.s 			page 5


 164 000a 0000     		.space	2
 165 000c 00000000 		.word	Neck_WriteCompare1
 166 0010 D804     		.short	1240
 167 0012 D804     		.short	1240
 168 0014 0500     		.short	5
 169 0016 0000     		.space	2
 170 0018 00000000 		.word	Neck_WriteCompare2
 171 001c D804     		.short	1240
 172 001e D804     		.short	1240
 173 0020 0500     		.short	5
 174 0022 0000     		.space	2
 175 0024 00000000 		.word	Base_WriteCompare2
 176 0028 D804     		.short	1240
 177 002a D804     		.short	1240
 178 002c 0500     		.short	5
 179 002e 0000     		.space	2
 180 0030 00000000 		.word	Lips_WriteCompare1
 181 0034 D804     		.short	1240
 182 0036 D804     		.short	1240
 183 0038 0500     		.short	5
 184 003a 0000     		.space	2
 185 003c 00000000 		.word	Lips_WriteCompare2
 186 0040 D804     		.short	1240
 187 0042 D804     		.short	1240
 188 0044 0500     		.short	5
 189 0046 0000     		.space	2
 190 0048 00000000 		.word	LeftEyeball_WriteCompare1
 191 004c D804     		.short	1240
 192 004e D804     		.short	1240
 193 0050 0500     		.short	5
 194 0052 0000     		.space	2
 195 0054 00000000 		.word	LeftEyeball_WriteCompare2
 196 0058 D804     		.short	1240
 197 005a D804     		.short	1240
 198 005c 0500     		.short	5
 199 005e 0000     		.space	2
 200 0060 00000000 		.word	RightEyeball_WriteCompare1
 201 0064 D804     		.short	1240
 202 0066 D804     		.short	1240
 203 0068 0500     		.short	5
 204 006a 0000     		.space	2
 205 006c 00000000 		.word	RightEyeball_WriteCompare2
 206 0070 D804     		.short	1240
 207 0072 D804     		.short	1240
 208 0074 0500     		.short	5
 209 0076 0000     		.space	2
 210 0078 00000000 		.word	Eyelids_WriteCompare1
 211 007c D804     		.short	1240
 212 007e D804     		.short	1240
 213 0080 0500     		.short	5
 214 0082 0000     		.space	2
 215 0084 00000000 		.word	Eyelids_WriteCompare2
 216 0088 D804     		.short	1240
 217 008a D804     		.short	1240
 218 008c 0500     		.short	5
 219 008e 0000     		.space	2
 220 0090 00000000 		.word	LeftEyebrow_WriteCompare1
ARM GAS  C:\Users\jon\AppData\Local\Temp\cceo9ZLh.s 			page 6


 221 0094 D804     		.short	1240
 222 0096 D804     		.short	1240
 223 0098 0500     		.short	5
 224 009a 0000     		.space	2
 225 009c 00000000 		.word	LeftEyebrow_WriteCompare2
 226 00a0 D804     		.short	1240
 227 00a2 D804     		.short	1240
 228 00a4 0500     		.short	5
 229 00a6 0000     		.space	2
 230 00a8 00000000 		.word	RightEyebrow_WriteCompare1
 231 00ac D804     		.short	1240
 232 00ae D804     		.short	1240
 233 00b0 0500     		.short	5
 234 00b2 0000     		.space	2
 235 00b4 00000000 		.word	RightEyebrow_WriteCompare2
 236 00b8 D804     		.short	1240
 237 00ba D804     		.short	1240
 238 00bc 0500     		.short	5
 239 00be 0000     		.space	2
 240              		.text
 241              	.Letext0:
 242              		.file 2 "c:\\program files (x86)\\cypress\\psoc creator\\4.2\\psoc creator\\import\\gnu\\arm\\5.4.
 243              		.file 3 "c:\\program files (x86)\\cypress\\psoc creator\\4.2\\psoc creator\\import\\gnu\\arm\\5.4.
 244              		.file 4 "Generated_Source\\PSoC5/cytypes.h"
 245              		.file 5 "servocontrol.h"
 246              		.file 6 "Generated_Source\\PSoC5/core_cm3.h"
 247              		.section	.debug_info,"",%progbits
 248              	.Ldebug_info0:
 249 0000 63020000 		.4byte	0x263
 250 0004 0400     		.2byte	0x4
 251 0006 00000000 		.4byte	.Ldebug_abbrev0
 252 000a 04       		.byte	0x4
 253 000b 01       		.uleb128 0x1
 254 000c 4D020000 		.4byte	.LASF43
 255 0010 0C       		.byte	0xc
 256 0011 39010000 		.4byte	.LASF44
 257 0015 4C000000 		.4byte	.LASF45
 258 0019 00000000 		.4byte	.Ldebug_ranges0+0
 259 001d 00000000 		.4byte	0
 260 0021 00000000 		.4byte	.Ldebug_line0
 261 0025 02       		.uleb128 0x2
 262 0026 01       		.byte	0x1
 263 0027 06       		.byte	0x6
 264 0028 A4000000 		.4byte	.LASF0
 265 002c 02       		.uleb128 0x2
 266 002d 01       		.byte	0x1
 267 002e 08       		.byte	0x8
 268 002f B0000000 		.4byte	.LASF1
 269 0033 02       		.uleb128 0x2
 270 0034 02       		.byte	0x2
 271 0035 05       		.byte	0x5
 272 0036 4F010000 		.4byte	.LASF2
 273 003a 02       		.uleb128 0x2
 274 003b 02       		.byte	0x2
 275 003c 07       		.byte	0x7
 276 003d EE000000 		.4byte	.LASF3
 277 0041 03       		.uleb128 0x3
ARM GAS  C:\Users\jon\AppData\Local\Temp\cceo9ZLh.s 			page 7


 278 0042 1A000000 		.4byte	.LASF9
 279 0046 02       		.byte	0x2
 280 0047 3F       		.byte	0x3f
 281 0048 4C000000 		.4byte	0x4c
 282 004c 02       		.uleb128 0x2
 283 004d 04       		.byte	0x4
 284 004e 05       		.byte	0x5
 285 004f DB020000 		.4byte	.LASF4
 286 0053 02       		.uleb128 0x2
 287 0054 04       		.byte	0x4
 288 0055 07       		.byte	0x7
 289 0056 DC000000 		.4byte	.LASF5
 290 005a 02       		.uleb128 0x2
 291 005b 08       		.byte	0x8
 292 005c 05       		.byte	0x5
 293 005d C2010000 		.4byte	.LASF6
 294 0061 02       		.uleb128 0x2
 295 0062 08       		.byte	0x8
 296 0063 07       		.byte	0x7
 297 0064 89010000 		.4byte	.LASF7
 298 0068 04       		.uleb128 0x4
 299 0069 04       		.byte	0x4
 300 006a 05       		.byte	0x5
 301 006b 696E7400 		.ascii	"int\000"
 302 006f 02       		.uleb128 0x2
 303 0070 04       		.byte	0x4
 304 0071 07       		.byte	0x7
 305 0072 7C010000 		.4byte	.LASF8
 306 0076 03       		.uleb128 0x3
 307 0077 B1010000 		.4byte	.LASF10
 308 007b 03       		.byte	0x3
 309 007c 2C       		.byte	0x2c
 310 007d 41000000 		.4byte	0x41
 311 0081 05       		.uleb128 0x5
 312 0082 46000000 		.4byte	.LASF11
 313 0086 04       		.byte	0x4
 314 0087 E401     		.2byte	0x1e4
 315 0089 2C000000 		.4byte	0x2c
 316 008d 05       		.uleb128 0x5
 317 008e 59010000 		.4byte	.LASF12
 318 0092 04       		.byte	0x4
 319 0093 E501     		.2byte	0x1e5
 320 0095 3A000000 		.4byte	0x3a
 321 0099 02       		.uleb128 0x2
 322 009a 04       		.byte	0x4
 323 009b 04       		.byte	0x4
 324 009c 9E000000 		.4byte	.LASF13
 325 00a0 02       		.uleb128 0x2
 326 00a1 08       		.byte	0x8
 327 00a2 04       		.byte	0x4
 328 00a3 48010000 		.4byte	.LASF14
 329 00a7 02       		.uleb128 0x2
 330 00a8 01       		.byte	0x1
 331 00a9 08       		.byte	0x8
 332 00aa D0010000 		.4byte	.LASF15
 333 00ae 02       		.uleb128 0x2
 334 00af 08       		.byte	0x8
ARM GAS  C:\Users\jon\AppData\Local\Temp\cceo9ZLh.s 			page 8


 335 00b0 04       		.byte	0x4
 336 00b1 E4020000 		.4byte	.LASF16
 337 00b5 02       		.uleb128 0x2
 338 00b6 04       		.byte	0x4
 339 00b7 07       		.byte	0x7
 340 00b8 B9010000 		.4byte	.LASF17
 341 00bc 06       		.uleb128 0x6
 342 00bd 0C       		.byte	0xc
 343 00be 05       		.byte	0x5
 344 00bf 17       		.byte	0x17
 345 00c0 F5000000 		.4byte	0xf5
 346 00c4 07       		.uleb128 0x7
 347 00c5 89000000 		.4byte	.LASF18
 348 00c9 05       		.byte	0x5
 349 00ca 18       		.byte	0x18
 350 00cb 00010000 		.4byte	0x100
 351 00cf 00       		.byte	0
 352 00d0 07       		.uleb128 0x7
 353 00d1 74010000 		.4byte	.LASF19
 354 00d5 05       		.byte	0x5
 355 00d6 19       		.byte	0x19
 356 00d7 8D000000 		.4byte	0x8d
 357 00db 04       		.byte	0x4
 358 00dc 07       		.uleb128 0x7
 359 00dd 97000000 		.4byte	.LASF20
 360 00e1 05       		.byte	0x5
 361 00e2 1A       		.byte	0x1a
 362 00e3 8D000000 		.4byte	0x8d
 363 00e7 06       		.byte	0x6
 364 00e8 07       		.uleb128 0x7
 365 00e9 24000000 		.4byte	.LASF21
 366 00ed 05       		.byte	0x5
 367 00ee 1B       		.byte	0x1b
 368 00ef 8D000000 		.4byte	0x8d
 369 00f3 08       		.byte	0x8
 370 00f4 00       		.byte	0
 371 00f5 08       		.uleb128 0x8
 372 00f6 00010000 		.4byte	0x100
 373 00fa 09       		.uleb128 0x9
 374 00fb 8D000000 		.4byte	0x8d
 375 00ff 00       		.byte	0
 376 0100 0A       		.uleb128 0xa
 377 0101 04       		.byte	0x4
 378 0102 F5000000 		.4byte	0xf5
 379 0106 03       		.uleb128 0x3
 380 0107 D5010000 		.4byte	.LASF22
 381 010b 05       		.byte	0x5
 382 010c 1C       		.byte	0x1c
 383 010d BC000000 		.4byte	0xbc
 384 0111 0B       		.uleb128 0xb
 385 0112 01       		.byte	0x1
 386 0113 2C000000 		.4byte	0x2c
 387 0117 05       		.byte	0x5
 388 0118 1E       		.byte	0x1e
 389 0119 7E010000 		.4byte	0x17e
 390 011d 0C       		.uleb128 0xc
 391 011e A0010000 		.4byte	.LASF23
ARM GAS  C:\Users\jon\AppData\Local\Temp\cceo9ZLh.s 			page 9


 392 0122 00       		.byte	0
 393 0123 0C       		.uleb128 0xc
 394 0124 6A010000 		.4byte	.LASF24
 395 0128 01       		.byte	0x1
 396 0129 0C       		.uleb128 0xc
 397 012a 3B000000 		.4byte	.LASF25
 398 012e 02       		.byte	0x2
 399 012f 0D       		.uleb128 0xd
 400 0130 4A415700 		.ascii	"JAW\000"
 401 0134 03       		.byte	0x3
 402 0135 0C       		.uleb128 0xc
 403 0136 03020000 		.4byte	.LASF26
 404 013a 04       		.byte	0x4
 405 013b 0C       		.uleb128 0xc
 406 013c BE000000 		.4byte	.LASF27
 407 0140 05       		.byte	0x5
 408 0141 0C       		.uleb128 0xc
 409 0142 0C020000 		.4byte	.LASF28
 410 0146 06       		.byte	0x6
 411 0147 0C       		.uleb128 0xc
 412 0148 0D030000 		.4byte	.LASF29
 413 014c 07       		.byte	0x7
 414 014d 0C       		.uleb128 0xc
 415 014e 29000000 		.4byte	.LASF30
 416 0152 08       		.byte	0x8
 417 0153 0C       		.uleb128 0xc
 418 0154 EE010000 		.4byte	.LASF31
 419 0158 09       		.byte	0x9
 420 0159 0C       		.uleb128 0xc
 421 015a 00000000 		.4byte	.LASF32
 422 015e 0A       		.byte	0xa
 423 015f 0C       		.uleb128 0xc
 424 0160 E1010000 		.4byte	.LASF33
 425 0164 0B       		.byte	0xb
 426 0165 0C       		.uleb128 0xc
 427 0166 1A010000 		.4byte	.LASF34
 428 016a 0C       		.byte	0xc
 429 016b 0C       		.uleb128 0xc
 430 016c 01010000 		.4byte	.LASF35
 431 0170 0D       		.byte	0xd
 432 0171 0C       		.uleb128 0xc
 433 0172 2E020000 		.4byte	.LASF36
 434 0176 0E       		.byte	0xe
 435 0177 0C       		.uleb128 0xc
 436 0178 C8000000 		.4byte	.LASF37
 437 017c 0F       		.byte	0xf
 438 017d 00       		.byte	0
 439 017e 03       		.uleb128 0x3
 440 017f F0020000 		.4byte	.LASF38
 441 0183 05       		.byte	0x5
 442 0184 2F       		.byte	0x2f
 443 0185 11010000 		.4byte	0x111
 444 0189 0E       		.uleb128 0xe
 445 018a 1D020000 		.4byte	.LASF46
 446 018e 01       		.byte	0x1
 447 018f 23       		.byte	0x23
 448 0190 8D000000 		.4byte	0x8d
ARM GAS  C:\Users\jon\AppData\Local\Temp\cceo9ZLh.s 			page 10


 449 0194 01       		.byte	0x1
 450 0195 A5010000 		.4byte	0x1a5
 451 0199 0F       		.uleb128 0xf
 452 019a 41020000 		.4byte	.LASF47
 453 019e 01       		.byte	0x1
 454 019f 23       		.byte	0x23
 455 01a0 8D000000 		.4byte	0x8d
 456 01a4 00       		.byte	0
 457 01a5 10       		.uleb128 0x10
 458 01a6 89010000 		.4byte	0x189
 459 01aa 00000000 		.4byte	.LFB63
 460 01ae 14000000 		.4byte	.LFE63-.LFB63
 461 01b2 01       		.uleb128 0x1
 462 01b3 9C       		.byte	0x9c
 463 01b4 C2010000 		.4byte	0x1c2
 464 01b8 11       		.uleb128 0x11
 465 01b9 99010000 		.4byte	0x199
 466 01bd 00000000 		.4byte	.LLST0
 467 01c1 00       		.byte	0
 468 01c2 12       		.uleb128 0x12
 469 01c3 F6020000 		.4byte	.LASF48
 470 01c7 01       		.byte	0x1
 471 01c8 2C       		.byte	0x2c
 472 01c9 00000000 		.4byte	.LFB64
 473 01cd 20000000 		.4byte	.LFE64-.LFB64
 474 01d1 01       		.uleb128 0x1
 475 01d2 9C       		.byte	0x9c
 476 01d3 F6010000 		.4byte	0x1f6
 477 01d7 13       		.uleb128 0x13
 478 01d8 80000000 		.4byte	.LASF39
 479 01dc 01       		.byte	0x1
 480 01dd 2C       		.byte	0x2c
 481 01de 7E010000 		.4byte	0x17e
 482 01e2 21000000 		.4byte	.LLST1
 483 01e6 13       		.uleb128 0x13
 484 01e7 14010000 		.4byte	.LASF40
 485 01eb 01       		.byte	0x1
 486 01ec 2C       		.byte	0x2c
 487 01ed 81000000 		.4byte	0x81
 488 01f1 42000000 		.4byte	.LLST2
 489 01f5 00       		.byte	0
 490 01f6 14       		.uleb128 0x14
 491 01f7 0C000000 		.4byte	.LASF49
 492 01fb 01       		.byte	0x1
 493 01fc 31       		.byte	0x31
 494 01fd 00000000 		.4byte	.LFB65
 495 0201 4C000000 		.4byte	.LFE65-.LFB65
 496 0205 01       		.uleb128 0x1
 497 0206 9C       		.byte	0x9c
 498 0207 2E020000 		.4byte	0x22e
 499 020b 15       		.uleb128 0x15
 500 020c AC010000 		.4byte	.LASF50
 501 0210 01       		.byte	0x1
 502 0211 32       		.byte	0x32
 503 0212 2E020000 		.4byte	0x22e
 504 0216 16       		.uleb128 0x16
 505 0217 08000000 		.4byte	.LBB4
ARM GAS  C:\Users\jon\AppData\Local\Temp\cceo9ZLh.s 			page 11


 506 021b 3E000000 		.4byte	.LBE4-.LBB4
 507 021f 17       		.uleb128 0x17
 508 0220 6900     		.ascii	"i\000"
 509 0222 01       		.byte	0x1
 510 0223 34       		.byte	0x34
 511 0224 81000000 		.4byte	0x81
 512 0228 63000000 		.4byte	.LLST3
 513 022c 00       		.byte	0
 514 022d 00       		.byte	0
 515 022e 0A       		.uleb128 0xa
 516 022f 04       		.byte	0x4
 517 0230 06010000 		.4byte	0x106
 518 0234 18       		.uleb128 0x18
 519 0235 2C010000 		.4byte	.LASF41
 520 0239 06       		.byte	0x6
 521 023a 1207     		.2byte	0x712
 522 023c 40020000 		.4byte	0x240
 523 0240 19       		.uleb128 0x19
 524 0241 76000000 		.4byte	0x76
 525 0245 1A       		.uleb128 0x1a
 526 0246 06010000 		.4byte	0x106
 527 024a 55020000 		.4byte	0x255
 528 024e 1B       		.uleb128 0x1b
 529 024f B5000000 		.4byte	0xb5
 530 0253 0F       		.byte	0xf
 531 0254 00       		.byte	0
 532 0255 1C       		.uleb128 0x1c
 533 0256 60010000 		.4byte	.LASF42
 534 025a 01       		.byte	0x1
 535 025b 0F       		.byte	0xf
 536 025c 45020000 		.4byte	0x245
 537 0260 05       		.uleb128 0x5
 538 0261 03       		.byte	0x3
 539 0262 00000000 		.4byte	servo_map
 540 0266 00       		.byte	0
 541              		.section	.debug_abbrev,"",%progbits
 542              	.Ldebug_abbrev0:
 543 0000 01       		.uleb128 0x1
 544 0001 11       		.uleb128 0x11
 545 0002 01       		.byte	0x1
 546 0003 25       		.uleb128 0x25
 547 0004 0E       		.uleb128 0xe
 548 0005 13       		.uleb128 0x13
 549 0006 0B       		.uleb128 0xb
 550 0007 03       		.uleb128 0x3
 551 0008 0E       		.uleb128 0xe
 552 0009 1B       		.uleb128 0x1b
 553 000a 0E       		.uleb128 0xe
 554 000b 55       		.uleb128 0x55
 555 000c 17       		.uleb128 0x17
 556 000d 11       		.uleb128 0x11
 557 000e 01       		.uleb128 0x1
 558 000f 10       		.uleb128 0x10
 559 0010 17       		.uleb128 0x17
 560 0011 00       		.byte	0
 561 0012 00       		.byte	0
 562 0013 02       		.uleb128 0x2
ARM GAS  C:\Users\jon\AppData\Local\Temp\cceo9ZLh.s 			page 12


 563 0014 24       		.uleb128 0x24
 564 0015 00       		.byte	0
 565 0016 0B       		.uleb128 0xb
 566 0017 0B       		.uleb128 0xb
 567 0018 3E       		.uleb128 0x3e
 568 0019 0B       		.uleb128 0xb
 569 001a 03       		.uleb128 0x3
 570 001b 0E       		.uleb128 0xe
 571 001c 00       		.byte	0
 572 001d 00       		.byte	0
 573 001e 03       		.uleb128 0x3
 574 001f 16       		.uleb128 0x16
 575 0020 00       		.byte	0
 576 0021 03       		.uleb128 0x3
 577 0022 0E       		.uleb128 0xe
 578 0023 3A       		.uleb128 0x3a
 579 0024 0B       		.uleb128 0xb
 580 0025 3B       		.uleb128 0x3b
 581 0026 0B       		.uleb128 0xb
 582 0027 49       		.uleb128 0x49
 583 0028 13       		.uleb128 0x13
 584 0029 00       		.byte	0
 585 002a 00       		.byte	0
 586 002b 04       		.uleb128 0x4
 587 002c 24       		.uleb128 0x24
 588 002d 00       		.byte	0
 589 002e 0B       		.uleb128 0xb
 590 002f 0B       		.uleb128 0xb
 591 0030 3E       		.uleb128 0x3e
 592 0031 0B       		.uleb128 0xb
 593 0032 03       		.uleb128 0x3
 594 0033 08       		.uleb128 0x8
 595 0034 00       		.byte	0
 596 0035 00       		.byte	0
 597 0036 05       		.uleb128 0x5
 598 0037 16       		.uleb128 0x16
 599 0038 00       		.byte	0
 600 0039 03       		.uleb128 0x3
 601 003a 0E       		.uleb128 0xe
 602 003b 3A       		.uleb128 0x3a
 603 003c 0B       		.uleb128 0xb
 604 003d 3B       		.uleb128 0x3b
 605 003e 05       		.uleb128 0x5
 606 003f 49       		.uleb128 0x49
 607 0040 13       		.uleb128 0x13
 608 0041 00       		.byte	0
 609 0042 00       		.byte	0
 610 0043 06       		.uleb128 0x6
 611 0044 13       		.uleb128 0x13
 612 0045 01       		.byte	0x1
 613 0046 0B       		.uleb128 0xb
 614 0047 0B       		.uleb128 0xb
 615 0048 3A       		.uleb128 0x3a
 616 0049 0B       		.uleb128 0xb
 617 004a 3B       		.uleb128 0x3b
 618 004b 0B       		.uleb128 0xb
 619 004c 01       		.uleb128 0x1
ARM GAS  C:\Users\jon\AppData\Local\Temp\cceo9ZLh.s 			page 13


 620 004d 13       		.uleb128 0x13
 621 004e 00       		.byte	0
 622 004f 00       		.byte	0
 623 0050 07       		.uleb128 0x7
 624 0051 0D       		.uleb128 0xd
 625 0052 00       		.byte	0
 626 0053 03       		.uleb128 0x3
 627 0054 0E       		.uleb128 0xe
 628 0055 3A       		.uleb128 0x3a
 629 0056 0B       		.uleb128 0xb
 630 0057 3B       		.uleb128 0x3b
 631 0058 0B       		.uleb128 0xb
 632 0059 49       		.uleb128 0x49
 633 005a 13       		.uleb128 0x13
 634 005b 38       		.uleb128 0x38
 635 005c 0B       		.uleb128 0xb
 636 005d 00       		.byte	0
 637 005e 00       		.byte	0
 638 005f 08       		.uleb128 0x8
 639 0060 15       		.uleb128 0x15
 640 0061 01       		.byte	0x1
 641 0062 27       		.uleb128 0x27
 642 0063 19       		.uleb128 0x19
 643 0064 01       		.uleb128 0x1
 644 0065 13       		.uleb128 0x13
 645 0066 00       		.byte	0
 646 0067 00       		.byte	0
 647 0068 09       		.uleb128 0x9
 648 0069 05       		.uleb128 0x5
 649 006a 00       		.byte	0
 650 006b 49       		.uleb128 0x49
 651 006c 13       		.uleb128 0x13
 652 006d 00       		.byte	0
 653 006e 00       		.byte	0
 654 006f 0A       		.uleb128 0xa
 655 0070 0F       		.uleb128 0xf
 656 0071 00       		.byte	0
 657 0072 0B       		.uleb128 0xb
 658 0073 0B       		.uleb128 0xb
 659 0074 49       		.uleb128 0x49
 660 0075 13       		.uleb128 0x13
 661 0076 00       		.byte	0
 662 0077 00       		.byte	0
 663 0078 0B       		.uleb128 0xb
 664 0079 04       		.uleb128 0x4
 665 007a 01       		.byte	0x1
 666 007b 0B       		.uleb128 0xb
 667 007c 0B       		.uleb128 0xb
 668 007d 49       		.uleb128 0x49
 669 007e 13       		.uleb128 0x13
 670 007f 3A       		.uleb128 0x3a
 671 0080 0B       		.uleb128 0xb
 672 0081 3B       		.uleb128 0x3b
 673 0082 0B       		.uleb128 0xb
 674 0083 01       		.uleb128 0x1
 675 0084 13       		.uleb128 0x13
 676 0085 00       		.byte	0
ARM GAS  C:\Users\jon\AppData\Local\Temp\cceo9ZLh.s 			page 14


 677 0086 00       		.byte	0
 678 0087 0C       		.uleb128 0xc
 679 0088 28       		.uleb128 0x28
 680 0089 00       		.byte	0
 681 008a 03       		.uleb128 0x3
 682 008b 0E       		.uleb128 0xe
 683 008c 1C       		.uleb128 0x1c
 684 008d 0B       		.uleb128 0xb
 685 008e 00       		.byte	0
 686 008f 00       		.byte	0
 687 0090 0D       		.uleb128 0xd
 688 0091 28       		.uleb128 0x28
 689 0092 00       		.byte	0
 690 0093 03       		.uleb128 0x3
 691 0094 08       		.uleb128 0x8
 692 0095 1C       		.uleb128 0x1c
 693 0096 0B       		.uleb128 0xb
 694 0097 00       		.byte	0
 695 0098 00       		.byte	0
 696 0099 0E       		.uleb128 0xe
 697 009a 2E       		.uleb128 0x2e
 698 009b 01       		.byte	0x1
 699 009c 3F       		.uleb128 0x3f
 700 009d 19       		.uleb128 0x19
 701 009e 03       		.uleb128 0x3
 702 009f 0E       		.uleb128 0xe
 703 00a0 3A       		.uleb128 0x3a
 704 00a1 0B       		.uleb128 0xb
 705 00a2 3B       		.uleb128 0x3b
 706 00a3 0B       		.uleb128 0xb
 707 00a4 27       		.uleb128 0x27
 708 00a5 19       		.uleb128 0x19
 709 00a6 49       		.uleb128 0x49
 710 00a7 13       		.uleb128 0x13
 711 00a8 20       		.uleb128 0x20
 712 00a9 0B       		.uleb128 0xb
 713 00aa 01       		.uleb128 0x1
 714 00ab 13       		.uleb128 0x13
 715 00ac 00       		.byte	0
 716 00ad 00       		.byte	0
 717 00ae 0F       		.uleb128 0xf
 718 00af 05       		.uleb128 0x5
 719 00b0 00       		.byte	0
 720 00b1 03       		.uleb128 0x3
 721 00b2 0E       		.uleb128 0xe
 722 00b3 3A       		.uleb128 0x3a
 723 00b4 0B       		.uleb128 0xb
 724 00b5 3B       		.uleb128 0x3b
 725 00b6 0B       		.uleb128 0xb
 726 00b7 49       		.uleb128 0x49
 727 00b8 13       		.uleb128 0x13
 728 00b9 00       		.byte	0
 729 00ba 00       		.byte	0
 730 00bb 10       		.uleb128 0x10
 731 00bc 2E       		.uleb128 0x2e
 732 00bd 01       		.byte	0x1
 733 00be 31       		.uleb128 0x31
ARM GAS  C:\Users\jon\AppData\Local\Temp\cceo9ZLh.s 			page 15


 734 00bf 13       		.uleb128 0x13
 735 00c0 11       		.uleb128 0x11
 736 00c1 01       		.uleb128 0x1
 737 00c2 12       		.uleb128 0x12
 738 00c3 06       		.uleb128 0x6
 739 00c4 40       		.uleb128 0x40
 740 00c5 18       		.uleb128 0x18
 741 00c6 9742     		.uleb128 0x2117
 742 00c8 19       		.uleb128 0x19
 743 00c9 01       		.uleb128 0x1
 744 00ca 13       		.uleb128 0x13
 745 00cb 00       		.byte	0
 746 00cc 00       		.byte	0
 747 00cd 11       		.uleb128 0x11
 748 00ce 05       		.uleb128 0x5
 749 00cf 00       		.byte	0
 750 00d0 31       		.uleb128 0x31
 751 00d1 13       		.uleb128 0x13
 752 00d2 02       		.uleb128 0x2
 753 00d3 17       		.uleb128 0x17
 754 00d4 00       		.byte	0
 755 00d5 00       		.byte	0
 756 00d6 12       		.uleb128 0x12
 757 00d7 2E       		.uleb128 0x2e
 758 00d8 01       		.byte	0x1
 759 00d9 3F       		.uleb128 0x3f
 760 00da 19       		.uleb128 0x19
 761 00db 03       		.uleb128 0x3
 762 00dc 0E       		.uleb128 0xe
 763 00dd 3A       		.uleb128 0x3a
 764 00de 0B       		.uleb128 0xb
 765 00df 3B       		.uleb128 0x3b
 766 00e0 0B       		.uleb128 0xb
 767 00e1 27       		.uleb128 0x27
 768 00e2 19       		.uleb128 0x19
 769 00e3 11       		.uleb128 0x11
 770 00e4 01       		.uleb128 0x1
 771 00e5 12       		.uleb128 0x12
 772 00e6 06       		.uleb128 0x6
 773 00e7 40       		.uleb128 0x40
 774 00e8 18       		.uleb128 0x18
 775 00e9 9742     		.uleb128 0x2117
 776 00eb 19       		.uleb128 0x19
 777 00ec 01       		.uleb128 0x1
 778 00ed 13       		.uleb128 0x13
 779 00ee 00       		.byte	0
 780 00ef 00       		.byte	0
 781 00f0 13       		.uleb128 0x13
 782 00f1 05       		.uleb128 0x5
 783 00f2 00       		.byte	0
 784 00f3 03       		.uleb128 0x3
 785 00f4 0E       		.uleb128 0xe
 786 00f5 3A       		.uleb128 0x3a
 787 00f6 0B       		.uleb128 0xb
 788 00f7 3B       		.uleb128 0x3b
 789 00f8 0B       		.uleb128 0xb
 790 00f9 49       		.uleb128 0x49
ARM GAS  C:\Users\jon\AppData\Local\Temp\cceo9ZLh.s 			page 16


 791 00fa 13       		.uleb128 0x13
 792 00fb 02       		.uleb128 0x2
 793 00fc 17       		.uleb128 0x17
 794 00fd 00       		.byte	0
 795 00fe 00       		.byte	0
 796 00ff 14       		.uleb128 0x14
 797 0100 2E       		.uleb128 0x2e
 798 0101 01       		.byte	0x1
 799 0102 3F       		.uleb128 0x3f
 800 0103 19       		.uleb128 0x19
 801 0104 03       		.uleb128 0x3
 802 0105 0E       		.uleb128 0xe
 803 0106 3A       		.uleb128 0x3a
 804 0107 0B       		.uleb128 0xb
 805 0108 3B       		.uleb128 0x3b
 806 0109 0B       		.uleb128 0xb
 807 010a 11       		.uleb128 0x11
 808 010b 01       		.uleb128 0x1
 809 010c 12       		.uleb128 0x12
 810 010d 06       		.uleb128 0x6
 811 010e 40       		.uleb128 0x40
 812 010f 18       		.uleb128 0x18
 813 0110 9642     		.uleb128 0x2116
 814 0112 19       		.uleb128 0x19
 815 0113 01       		.uleb128 0x1
 816 0114 13       		.uleb128 0x13
 817 0115 00       		.byte	0
 818 0116 00       		.byte	0
 819 0117 15       		.uleb128 0x15
 820 0118 34       		.uleb128 0x34
 821 0119 00       		.byte	0
 822 011a 03       		.uleb128 0x3
 823 011b 0E       		.uleb128 0xe
 824 011c 3A       		.uleb128 0x3a
 825 011d 0B       		.uleb128 0xb
 826 011e 3B       		.uleb128 0x3b
 827 011f 0B       		.uleb128 0xb
 828 0120 49       		.uleb128 0x49
 829 0121 13       		.uleb128 0x13
 830 0122 00       		.byte	0
 831 0123 00       		.byte	0
 832 0124 16       		.uleb128 0x16
 833 0125 0B       		.uleb128 0xb
 834 0126 01       		.byte	0x1
 835 0127 11       		.uleb128 0x11
 836 0128 01       		.uleb128 0x1
 837 0129 12       		.uleb128 0x12
 838 012a 06       		.uleb128 0x6
 839 012b 00       		.byte	0
 840 012c 00       		.byte	0
 841 012d 17       		.uleb128 0x17
 842 012e 34       		.uleb128 0x34
 843 012f 00       		.byte	0
 844 0130 03       		.uleb128 0x3
 845 0131 08       		.uleb128 0x8
 846 0132 3A       		.uleb128 0x3a
 847 0133 0B       		.uleb128 0xb
ARM GAS  C:\Users\jon\AppData\Local\Temp\cceo9ZLh.s 			page 17


 848 0134 3B       		.uleb128 0x3b
 849 0135 0B       		.uleb128 0xb
 850 0136 49       		.uleb128 0x49
 851 0137 13       		.uleb128 0x13
 852 0138 02       		.uleb128 0x2
 853 0139 17       		.uleb128 0x17
 854 013a 00       		.byte	0
 855 013b 00       		.byte	0
 856 013c 18       		.uleb128 0x18
 857 013d 34       		.uleb128 0x34
 858 013e 00       		.byte	0
 859 013f 03       		.uleb128 0x3
 860 0140 0E       		.uleb128 0xe
 861 0141 3A       		.uleb128 0x3a
 862 0142 0B       		.uleb128 0xb
 863 0143 3B       		.uleb128 0x3b
 864 0144 05       		.uleb128 0x5
 865 0145 49       		.uleb128 0x49
 866 0146 13       		.uleb128 0x13
 867 0147 3F       		.uleb128 0x3f
 868 0148 19       		.uleb128 0x19
 869 0149 3C       		.uleb128 0x3c
 870 014a 19       		.uleb128 0x19
 871 014b 00       		.byte	0
 872 014c 00       		.byte	0
 873 014d 19       		.uleb128 0x19
 874 014e 35       		.uleb128 0x35
 875 014f 00       		.byte	0
 876 0150 49       		.uleb128 0x49
 877 0151 13       		.uleb128 0x13
 878 0152 00       		.byte	0
 879 0153 00       		.byte	0
 880 0154 1A       		.uleb128 0x1a
 881 0155 01       		.uleb128 0x1
 882 0156 01       		.byte	0x1
 883 0157 49       		.uleb128 0x49
 884 0158 13       		.uleb128 0x13
 885 0159 01       		.uleb128 0x1
 886 015a 13       		.uleb128 0x13
 887 015b 00       		.byte	0
 888 015c 00       		.byte	0
 889 015d 1B       		.uleb128 0x1b
 890 015e 21       		.uleb128 0x21
 891 015f 00       		.byte	0
 892 0160 49       		.uleb128 0x49
 893 0161 13       		.uleb128 0x13
 894 0162 2F       		.uleb128 0x2f
 895 0163 0B       		.uleb128 0xb
 896 0164 00       		.byte	0
 897 0165 00       		.byte	0
 898 0166 1C       		.uleb128 0x1c
 899 0167 34       		.uleb128 0x34
 900 0168 00       		.byte	0
 901 0169 03       		.uleb128 0x3
 902 016a 0E       		.uleb128 0xe
 903 016b 3A       		.uleb128 0x3a
 904 016c 0B       		.uleb128 0xb
ARM GAS  C:\Users\jon\AppData\Local\Temp\cceo9ZLh.s 			page 18


 905 016d 3B       		.uleb128 0x3b
 906 016e 0B       		.uleb128 0xb
 907 016f 49       		.uleb128 0x49
 908 0170 13       		.uleb128 0x13
 909 0171 3F       		.uleb128 0x3f
 910 0172 19       		.uleb128 0x19
 911 0173 02       		.uleb128 0x2
 912 0174 18       		.uleb128 0x18
 913 0175 00       		.byte	0
 914 0176 00       		.byte	0
 915 0177 00       		.byte	0
 916              		.section	.debug_loc,"",%progbits
 917              	.Ldebug_loc0:
 918              	.LLST0:
 919 0000 00000000 		.4byte	.LVL0
 920 0004 06000000 		.4byte	.LVL1
 921 0008 0100     		.2byte	0x1
 922 000a 50       		.byte	0x50
 923 000b 06000000 		.4byte	.LVL1
 924 000f 14000000 		.4byte	.LFE63
 925 0013 0400     		.2byte	0x4
 926 0015 F3       		.byte	0xf3
 927 0016 01       		.uleb128 0x1
 928 0017 50       		.byte	0x50
 929 0018 9F       		.byte	0x9f
 930 0019 00000000 		.4byte	0
 931 001d 00000000 		.4byte	0
 932              	.LLST1:
 933 0021 00000000 		.4byte	.LVL2
 934 0025 08000000 		.4byte	.LVL3
 935 0029 0100     		.2byte	0x1
 936 002b 50       		.byte	0x50
 937 002c 08000000 		.4byte	.LVL3
 938 0030 20000000 		.4byte	.LFE64
 939 0034 0400     		.2byte	0x4
 940 0036 F3       		.byte	0xf3
 941 0037 01       		.uleb128 0x1
 942 0038 50       		.byte	0x50
 943 0039 9F       		.byte	0x9f
 944 003a 00000000 		.4byte	0
 945 003e 00000000 		.4byte	0
 946              	.LLST2:
 947 0042 00000000 		.4byte	.LVL2
 948 0046 0E000000 		.4byte	.LVL4
 949 004a 0100     		.2byte	0x1
 950 004c 51       		.byte	0x51
 951 004d 0E000000 		.4byte	.LVL4
 952 0051 20000000 		.4byte	.LFE64
 953 0055 0400     		.2byte	0x4
 954 0057 F3       		.byte	0xf3
 955 0058 01       		.uleb128 0x1
 956 0059 51       		.byte	0x51
 957 005a 9F       		.byte	0x9f
 958 005b 00000000 		.4byte	0
 959 005f 00000000 		.4byte	0
 960              	.LLST3:
 961 0063 00000000 		.4byte	.LVL5
ARM GAS  C:\Users\jon\AppData\Local\Temp\cceo9ZLh.s 			page 19


 962 0067 08000000 		.4byte	.LVL6
 963 006b 0200     		.2byte	0x2
 964 006d 30       		.byte	0x30
 965 006e 9F       		.byte	0x9f
 966 006f 00000000 		.4byte	0
 967 0073 00000000 		.4byte	0
 968              		.section	.debug_aranges,"",%progbits
 969 0000 2C000000 		.4byte	0x2c
 970 0004 0200     		.2byte	0x2
 971 0006 00000000 		.4byte	.Ldebug_info0
 972 000a 04       		.byte	0x4
 973 000b 00       		.byte	0
 974 000c 0000     		.2byte	0
 975 000e 0000     		.2byte	0
 976 0010 00000000 		.4byte	.LFB63
 977 0014 14000000 		.4byte	.LFE63-.LFB63
 978 0018 00000000 		.4byte	.LFB64
 979 001c 20000000 		.4byte	.LFE64-.LFB64
 980 0020 00000000 		.4byte	.LFB65
 981 0024 4C000000 		.4byte	.LFE65-.LFB65
 982 0028 00000000 		.4byte	0
 983 002c 00000000 		.4byte	0
 984              		.section	.debug_ranges,"",%progbits
 985              	.Ldebug_ranges0:
 986 0000 00000000 		.4byte	.LFB63
 987 0004 14000000 		.4byte	.LFE63
 988 0008 00000000 		.4byte	.LFB64
 989 000c 20000000 		.4byte	.LFE64
 990 0010 00000000 		.4byte	.LFB65
 991 0014 4C000000 		.4byte	.LFE65
 992 0018 00000000 		.4byte	0
 993 001c 00000000 		.4byte	0
 994              		.section	.debug_line,"",%progbits
 995              	.Ldebug_line0:
 996 0000 BE010000 		.section	.debug_str,"MS",%progbits,1
 996      02006601 
 996      00000201 
 996      FB0E0D00 
 996      01010101 
 997              	.LASF32:
 998 0000 4559454C 		.ascii	"EYELID_TILT\000"
 998      49445F54 
 998      494C5400 
 999              	.LASF49:
 1000 000c 75706461 		.ascii	"update_servos\000"
 1000      74655F73 
 1000      6572766F 
 1000      7300
 1001              	.LASF9:
 1002 001a 5F5F696E 		.ascii	"__int32_t\000"
 1002      7433325F 
 1002      7400
 1003              	.LASF21:
 1004 0024 73746570 		.ascii	"step\000"
 1004      00
 1005              	.LASF30:
 1006 0029 52494748 		.ascii	"RIGHT_EYEBALL_TOP\000"
ARM GAS  C:\Users\jon\AppData\Local\Temp\cceo9ZLh.s 			page 20


 1006      545F4559 
 1006      4542414C 
 1006      4C5F544F 
 1006      5000
 1007              	.LASF25:
 1008 003b 4E45434B 		.ascii	"NECK_RIGHT\000"
 1008      5F524947 
 1008      485400
 1009              	.LASF11:
 1010 0046 75696E74 		.ascii	"uint8\000"
 1010      3800
 1011              	.LASF45:
 1012 004c 433A5C55 		.ascii	"C:\\Users\\jon\\Desktop\\CSE564-PSoC\\Face\\Control"
 1012      73657273 
 1012      5C6A6F6E 
 1012      5C446573 
 1012      6B746F70 
 1013 0079 2E637964 		.ascii	".cydsn\000"
 1013      736E00
 1014              	.LASF39:
 1015 0080 73657276 		.ascii	"servo_id\000"
 1015      6F5F6964 
 1015      00
 1016              	.LASF18:
 1017 0089 77726974 		.ascii	"write_compare\000"
 1017      655F636F 
 1017      6D706172 
 1017      6500
 1018              	.LASF20:
 1019 0097 74617267 		.ascii	"target\000"
 1019      657400
 1020              	.LASF13:
 1021 009e 666C6F61 		.ascii	"float\000"
 1021      7400
 1022              	.LASF0:
 1023 00a4 7369676E 		.ascii	"signed char\000"
 1023      65642063 
 1023      68617200 
 1024              	.LASF1:
 1025 00b0 756E7369 		.ascii	"unsigned char\000"
 1025      676E6564 
 1025      20636861 
 1025      7200
 1026              	.LASF27:
 1027 00be 4C49505F 		.ascii	"LIP_RIGHT\000"
 1027      52494748 
 1027      5400
 1028              	.LASF37:
 1029 00c8 52494748 		.ascii	"RIGHT_EYEBROW_RIGHT\000"
 1029      545F4559 
 1029      4542524F 
 1029      575F5249 
 1029      47485400 
 1030              	.LASF5:
 1031 00dc 6C6F6E67 		.ascii	"long unsigned int\000"
 1031      20756E73 
 1031      69676E65 
ARM GAS  C:\Users\jon\AppData\Local\Temp\cceo9ZLh.s 			page 21


 1031      6420696E 
 1031      7400
 1032              	.LASF3:
 1033 00ee 73686F72 		.ascii	"short unsigned int\000"
 1033      7420756E 
 1033      7369676E 
 1033      65642069 
 1033      6E7400
 1034              	.LASF35:
 1035 0101 4C454654 		.ascii	"LEFT_EYEBROW_RIGHT\000"
 1035      5F455945 
 1035      42524F57 
 1035      5F524947 
 1035      485400
 1036              	.LASF40:
 1037 0114 616E676C 		.ascii	"angle\000"
 1037      6500
 1038              	.LASF34:
 1039 011a 4C454654 		.ascii	"LEFT_EYEBROW_LEFT\000"
 1039      5F455945 
 1039      42524F57 
 1039      5F4C4546 
 1039      5400
 1040              	.LASF41:
 1041 012c 49544D5F 		.ascii	"ITM_RxBuffer\000"
 1041      52784275 
 1041      66666572 
 1041      00
 1042              	.LASF44:
 1043 0139 73657276 		.ascii	"servocontrol.c\000"
 1043      6F636F6E 
 1043      74726F6C 
 1043      2E6300
 1044              	.LASF14:
 1045 0148 646F7562 		.ascii	"double\000"
 1045      6C6500
 1046              	.LASF2:
 1047 014f 73686F72 		.ascii	"short int\000"
 1047      7420696E 
 1047      7400
 1048              	.LASF12:
 1049 0159 75696E74 		.ascii	"uint16\000"
 1049      313600
 1050              	.LASF42:
 1051 0160 73657276 		.ascii	"servo_map\000"
 1051      6F5F6D61 
 1051      7000
 1052              	.LASF24:
 1053 016a 4E45434B 		.ascii	"NECK_LEFT\000"
 1053      5F4C4546 
 1053      5400
 1054              	.LASF19:
 1055 0174 63757272 		.ascii	"current\000"
 1055      656E7400 
 1056              	.LASF8:
 1057 017c 756E7369 		.ascii	"unsigned int\000"
 1057      676E6564 
ARM GAS  C:\Users\jon\AppData\Local\Temp\cceo9ZLh.s 			page 22


 1057      20696E74 
 1057      00
 1058              	.LASF7:
 1059 0189 6C6F6E67 		.ascii	"long long unsigned int\000"
 1059      206C6F6E 
 1059      6720756E 
 1059      7369676E 
 1059      65642069 
 1060              	.LASF23:
 1061 01a0 42415345 		.ascii	"BASE_ROTATE\000"
 1061      5F524F54 
 1061      41544500 
 1062              	.LASF50:
 1063 01ac 73657276 		.ascii	"serv\000"
 1063      00
 1064              	.LASF10:
 1065 01b1 696E7433 		.ascii	"int32_t\000"
 1065      325F7400 
 1066              	.LASF17:
 1067 01b9 73697A65 		.ascii	"sizetype\000"
 1067      74797065 
 1067      00
 1068              	.LASF6:
 1069 01c2 6C6F6E67 		.ascii	"long long int\000"
 1069      206C6F6E 
 1069      6720696E 
 1069      7400
 1070              	.LASF15:
 1071 01d0 63686172 		.ascii	"char\000"
 1071      00
 1072              	.LASF22:
 1073 01d5 73657276 		.ascii	"servo_state\000"
 1073      6F5F7374 
 1073      61746500 
 1074              	.LASF33:
 1075 01e1 4559454C 		.ascii	"EYELID_CLOSE\000"
 1075      49445F43 
 1075      4C4F5345 
 1075      00
 1076              	.LASF31:
 1077 01ee 52494748 		.ascii	"RIGHT_EYEBALL_BOTTOM\000"
 1077      545F4559 
 1077      4542414C 
 1077      4C5F424F 
 1077      54544F4D 
 1078              	.LASF26:
 1079 0203 4C49505F 		.ascii	"LIP_LEFT\000"
 1079      4C454654 
 1079      00
 1080              	.LASF28:
 1081 020c 4C454654 		.ascii	"LEFT_EYEBALL_TOP\000"
 1081      5F455945 
 1081      42414C4C 
 1081      5F544F50 
 1081      00
 1082              	.LASF46:
 1083 021d 616E676C 		.ascii	"angle_to_compare\000"
ARM GAS  C:\Users\jon\AppData\Local\Temp\cceo9ZLh.s 			page 23


 1083      655F746F 
 1083      5F636F6D 
 1083      70617265 
 1083      00
 1084              	.LASF36:
 1085 022e 52494748 		.ascii	"RIGHT_EYEBROW_LEFT\000"
 1085      545F4559 
 1085      4542524F 
 1085      575F4C45 
 1085      465400
 1086              	.LASF47:
 1087 0241 616E676C 		.ascii	"angle_value\000"
 1087      655F7661 
 1087      6C756500 
 1088              	.LASF43:
 1089 024d 474E5520 		.ascii	"GNU C11 5.4.1 20160609 (release) [ARM/embedded-5-br"
 1089      43313120 
 1089      352E342E 
 1089      31203230 
 1089      31363036 
 1090 0280 616E6368 		.ascii	"anch revision 237715] -mcpu=cortex-m3 -mthumb -g -O"
 1090      20726576 
 1090      6973696F 
 1090      6E203233 
 1090      37373135 
 1091 02b3 73202D66 		.ascii	"s -ffunction-sections -ffat-lto-objects\000"
 1091      66756E63 
 1091      74696F6E 
 1091      2D736563 
 1091      74696F6E 
 1092              	.LASF4:
 1093 02db 6C6F6E67 		.ascii	"long int\000"
 1093      20696E74 
 1093      00
 1094              	.LASF16:
 1095 02e4 6C6F6E67 		.ascii	"long double\000"
 1095      20646F75 
 1095      626C6500 
 1096              	.LASF38:
 1097 02f0 73657276 		.ascii	"servo\000"
 1097      6F00
 1098              	.LASF48:
 1099 02f6 7365745F 		.ascii	"set_smooth_servo_angle\000"
 1099      736D6F6F 
 1099      74685F73 
 1099      6572766F 
 1099      5F616E67 
 1100              	.LASF29:
 1101 030d 4C454654 		.ascii	"LEFT_EYEBALL_BOTTOM\000"
 1101      5F455945 
 1101      42414C4C 
 1101      5F424F54 
 1101      544F4D00 
 1102              		.ident	"GCC: (GNU Tools for ARM Embedded Processors) 5.4.1 20160609 (release) [ARM/embedded-5-bran
