ARM GAS  C:\Users\jon\AppData\Local\Temp\ccNLtOXL.s 			page 1


   1              		.syntax unified
   2              		.cpu cortex-m3
   3              		.fpu softvfp
   4              		.eabi_attribute 20, 1
   5              		.eabi_attribute 21, 1
   6              		.eabi_attribute 23, 3
   7              		.eabi_attribute 24, 1
   8              		.eabi_attribute 25, 1
   9              		.eabi_attribute 26, 1
  10              		.eabi_attribute 30, 1
  11              		.eabi_attribute 34, 1
  12              		.eabi_attribute 18, 4
  13              		.thumb
  14              		.syntax unified
  15              		.file	"cymetadata.c"
  16              		.text
  17              	.Ltext0:
  18              		.cfi_sections	.debug_frame
  19              		.global	cy_metadata
  20              		.global	cy_meta_flashprotect
  21              		.global	cy_meta_wonvl
  22              		.global	cy_meta_custnvl
  23              		.global	cy_meta_configecc
  24              		.section	.cyconfigecc,"a",%progbits
  25              		.align	2
  26              		.type	cy_meta_configecc, %object
  27              		.size	cy_meta_configecc, 1988
  28              	cy_meta_configecc:
  29 0000 06       		.byte	6
  30 0001 52       		.byte	82
  31 0002 00       		.byte	0
  32 0003 40       		.byte	64
  33 0004 04       		.byte	4
  34 0005 64       		.byte	100
  35 0006 00       		.byte	0
  36 0007 40       		.byte	64
  37 0008 04       		.byte	4
  38 0009 65       		.byte	101
  39 000a 00       		.byte	0
  40 000b 40       		.byte	64
  41 000c 02       		.byte	2
  42 000d 03       		.byte	3
  43 000e 01       		.byte	1
  44 000f 40       		.byte	64
  45 0010 01       		.byte	1
  46 0011 05       		.byte	5
  47 0012 01       		.byte	1
  48 0013 40       		.byte	64
  49 0014 45       		.byte	69
  50 0015 06       		.byte	6
  51 0016 01       		.byte	1
  52 0017 40       		.byte	64
  53 0018 1E       		.byte	30
  54 0019 07       		.byte	7
  55 001a 01       		.byte	1
  56 001b 40       		.byte	64
  57 001c 45       		.byte	69
ARM GAS  C:\Users\jon\AppData\Local\Temp\ccNLtOXL.s 			page 2


  58 001d 08       		.byte	8
  59 001e 01       		.byte	1
  60 001f 40       		.byte	64
  61 0020 20       		.byte	32
  62 0021 09       		.byte	9
  63 0022 01       		.byte	1
  64 0023 40       		.byte	64
  65 0024 42       		.byte	66
  66 0025 0A       		.byte	10
  67 0026 01       		.byte	1
  68 0027 40       		.byte	64
  69 0028 27       		.byte	39
  70 0029 0B       		.byte	11
  71 002a 01       		.byte	1
  72 002b 40       		.byte	64
  73 002c 45       		.byte	69
  74 002d 0C       		.byte	12
  75 002e 01       		.byte	1
  76 002f 40       		.byte	64
  77 0030 21       		.byte	33
  78 0031 0D       		.byte	13
  79 0032 01       		.byte	1
  80 0033 40       		.byte	64
  81 0034 45       		.byte	69
  82 0035 14       		.byte	20
  83 0036 01       		.byte	1
  84 0037 40       		.byte	64
  85 0038 26       		.byte	38
  86 0039 15       		.byte	21
  87 003a 01       		.byte	1
  88 003b 40       		.byte	64
  89 003c 45       		.byte	69
  90 003d 16       		.byte	22
  91 003e 01       		.byte	1
  92 003f 40       		.byte	64
  93 0040 1F       		.byte	31
  94 0041 17       		.byte	23
  95 0042 01       		.byte	1
  96 0043 40       		.byte	64
  97 0044 45       		.byte	69
  98 0045 18       		.byte	24
  99 0046 01       		.byte	1
 100 0047 40       		.byte	64
 101 0048 22       		.byte	34
 102 0049 19       		.byte	25
 103 004a 01       		.byte	1
 104 004b 40       		.byte	64
 105 004c 45       		.byte	69
 106 004d 1A       		.byte	26
 107 004e 01       		.byte	1
 108 004f 40       		.byte	64
 109 0050 24       		.byte	36
 110 0051 1B       		.byte	27
 111 0052 01       		.byte	1
 112 0053 40       		.byte	64
 113 0054 03       		.byte	3
 114 0055 42       		.byte	66
ARM GAS  C:\Users\jon\AppData\Local\Temp\ccNLtOXL.s 			page 3


 115 0056 01       		.byte	1
 116 0057 40       		.byte	64
 117 0058 01       		.byte	1
 118 0059 43       		.byte	67
 119 005a 01       		.byte	1
 120 005b 40       		.byte	64
 121 005c 04       		.byte	4
 122 005d 44       		.byte	68
 123 005e 01       		.byte	1
 124 005f 40       		.byte	64
 125 0060 0E       		.byte	14
 126 0061 45       		.byte	69
 127 0062 01       		.byte	1
 128 0063 40       		.byte	64
 129 0064 0B       		.byte	11
 130 0065 46       		.byte	70
 131 0066 01       		.byte	1
 132 0067 40       		.byte	64
 133 0068 08       		.byte	8
 134 0069 47       		.byte	71
 135 006a 01       		.byte	1
 136 006b 40       		.byte	64
 137 006c 03       		.byte	3
 138 006d 48       		.byte	72
 139 006e 01       		.byte	1
 140 006f 40       		.byte	64
 141 0070 09       		.byte	9
 142 0071 49       		.byte	73
 143 0072 01       		.byte	1
 144 0073 40       		.byte	64
 145 0074 0B       		.byte	11
 146 0075 4C       		.byte	76
 147 0076 01       		.byte	1
 148 0077 40       		.byte	64
 149 0078 07       		.byte	7
 150 0079 4D       		.byte	77
 151 007a 01       		.byte	1
 152 007b 40       		.byte	64
 153 007c 07       		.byte	7
 154 007d 50       		.byte	80
 155 007e 01       		.byte	1
 156 007f 40       		.byte	64
 157 0080 08       		.byte	8
 158 0081 14       		.byte	20
 159 0082 09       		.byte	9
 160 0083 10       		.byte	16
 161 0084 10       		.byte	16
 162 0085 69       		.byte	105
 163 0086 11       		.byte	17
 164 0087 51       		.byte	81
 165 0088 60       		.byte	96
 166 0089 56       		.byte	86
 167 008a 61       		.byte	97
 168 008b CA       		.byte	-54
 169 008c 87       		.byte	-121
 170 008d 0F       		.byte	15
 171 008e 89       		.byte	-119
ARM GAS  C:\Users\jon\AppData\Local\Temp\ccNLtOXL.s 			page 4


 172 008f 0F       		.byte	15
 173 0090 8B       		.byte	-117
 174 0091 0F       		.byte	15
 175 0092 8D       		.byte	-115
 176 0093 0F       		.byte	15
 177 0094 85       		.byte	-123
 178 0095 0F       		.byte	15
 179 0096 87       		.byte	-121
 180 0097 0F       		.byte	15
 181 0098 89       		.byte	-119
 182 0099 0F       		.byte	15
 183 009a 8B       		.byte	-117
 184 009b 0F       		.byte	15
 185 009c 87       		.byte	-121
 186 009d 80       		.byte	-128
 187 009e E4       		.byte	-28
 188 009f 08       		.byte	8
 189 00a0 A7       		.byte	-89
 190 00a1 80       		.byte	-128
 191 00a2 40       		.byte	64
 192 00a3 60       		.byte	96
 193 00a4 41       		.byte	65
 194 00a5 02       		.byte	2
 195 00a6 49       		.byte	73
 196 00a7 FF       		.byte	-1
 197 00a8 4A       		.byte	74
 198 00a9 FF       		.byte	-1
 199 00aa 4B       		.byte	75
 200 00ab FF       		.byte	-1
 201 00ac 4D       		.byte	77
 202 00ad A0       		.byte	-96
 203 00ae 4F       		.byte	79
 204 00af 04       		.byte	4
 205 00b0 50       		.byte	80
 206 00b1 18       		.byte	24
 207 00b2 5A       		.byte	90
 208 00b3 04       		.byte	4
 209 00b4 5D       		.byte	93
 210 00b5 01       		.byte	1
 211 00b6 5F       		.byte	95
 212 00b7 01       		.byte	1
 213 00b8 60       		.byte	96
 214 00b9 40       		.byte	64
 215 00ba 62       		.byte	98
 216 00bb C0       		.byte	-64
 217 00bc 64       		.byte	100
 218 00bd 40       		.byte	64
 219 00be 65       		.byte	101
 220 00bf 40       		.byte	64
 221 00c0 66       		.byte	102
 222 00c1 C0       		.byte	-64
 223 00c2 68       		.byte	104
 224 00c3 C0       		.byte	-64
 225 00c4 6A       		.byte	106
 226 00c5 C0       		.byte	-64
 227 00c6 6C       		.byte	108
 228 00c7 C0       		.byte	-64
ARM GAS  C:\Users\jon\AppData\Local\Temp\ccNLtOXL.s 			page 5


 229 00c8 6E       		.byte	110
 230 00c9 C0       		.byte	-64
 231 00ca 8D       		.byte	-115
 232 00cb 08       		.byte	8
 233 00cc 92       		.byte	-110
 234 00cd 01       		.byte	1
 235 00ce 95       		.byte	-107
 236 00cf 02       		.byte	2
 237 00d0 9A       		.byte	-102
 238 00d1 0E       		.byte	14
 239 00d2 9B       		.byte	-101
 240 00d3 0C       		.byte	12
 241 00d4 9F       		.byte	-97
 242 00d5 03       		.byte	3
 243 00d6 A2       		.byte	-94
 244 00d7 04       		.byte	4
 245 00d8 A6       		.byte	-90
 246 00d9 08       		.byte	8
 247 00da AA       		.byte	-86
 248 00db 02       		.byte	2
 249 00dc B0       		.byte	-80
 250 00dd 08       		.byte	8
 251 00de B1       		.byte	-79
 252 00df 04       		.byte	4
 253 00e0 B2       		.byte	-78
 254 00e1 02       		.byte	2
 255 00e2 B3       		.byte	-77
 256 00e3 01       		.byte	1
 257 00e4 B4       		.byte	-76
 258 00e5 01       		.byte	1
 259 00e6 B5       		.byte	-75
 260 00e7 08       		.byte	8
 261 00e8 B6       		.byte	-74
 262 00e9 04       		.byte	4
 263 00ea B7       		.byte	-73
 264 00eb 02       		.byte	2
 265 00ec BE       		.byte	-66
 266 00ed 04       		.byte	4
 267 00ee C0       		.byte	-64
 268 00ef 20       		.byte	32
 269 00f0 C1       		.byte	-63
 270 00f1 06       		.byte	6
 271 00f2 C5       		.byte	-59
 272 00f3 D5       		.byte	-43
 273 00f4 C6       		.byte	-58
 274 00f5 01       		.byte	1
 275 00f6 C7       		.byte	-57
 276 00f7 02       		.byte	2
 277 00f8 C8       		.byte	-56
 278 00f9 17       		.byte	23
 279 00fa C9       		.byte	-55
 280 00fb FF       		.byte	-1
 281 00fc CA       		.byte	-54
 282 00fd FF       		.byte	-1
 283 00fe CB       		.byte	-53
 284 00ff FF       		.byte	-1
 285 0100 CD       		.byte	-51
ARM GAS  C:\Users\jon\AppData\Local\Temp\ccNLtOXL.s 			page 6


 286 0101 AF       		.byte	-81
 287 0102 CE       		.byte	-50
 288 0103 0F       		.byte	15
 289 0104 CF       		.byte	-49
 290 0105 04       		.byte	4
 291 0106 D0       		.byte	-48
 292 0107 18       		.byte	24
 293 0108 D2       		.byte	-46
 294 0109 80       		.byte	-128
 295 010a D4       		.byte	-44
 296 010b 07       		.byte	7
 297 010c D8       		.byte	-40
 298 010d 04       		.byte	4
 299 010e D9       		.byte	-39
 300 010f 04       		.byte	4
 301 0110 DA       		.byte	-38
 302 0111 04       		.byte	4
 303 0112 DB       		.byte	-37
 304 0113 04       		.byte	4
 305 0114 DC       		.byte	-36
 306 0115 11       		.byte	17
 307 0116 DD       		.byte	-35
 308 0117 11       		.byte	17
 309 0118 DF       		.byte	-33
 310 0119 01       		.byte	1
 311 011a E0       		.byte	-32
 312 011b 40       		.byte	64
 313 011c E2       		.byte	-30
 314 011d C0       		.byte	-64
 315 011e E4       		.byte	-28
 316 011f 40       		.byte	64
 317 0120 E5       		.byte	-27
 318 0121 40       		.byte	64
 319 0122 E6       		.byte	-26
 320 0123 C0       		.byte	-64
 321 0124 E8       		.byte	-24
 322 0125 C0       		.byte	-64
 323 0126 EA       		.byte	-22
 324 0127 C0       		.byte	-64
 325 0128 EC       		.byte	-20
 326 0129 C0       		.byte	-64
 327 012a EE       		.byte	-18
 328 012b C0       		.byte	-64
 329 012c 0A       		.byte	10
 330 012d 44       		.byte	68
 331 012e 10       		.byte	16
 332 012f A0       		.byte	-96
 333 0130 12       		.byte	18
 334 0131 04       		.byte	4
 335 0132 19       		.byte	25
 336 0133 04       		.byte	4
 337 0134 1A       		.byte	26
 338 0135 04       		.byte	4
 339 0136 1B       		.byte	27
 340 0137 91       		.byte	-111
 341 0138 20       		.byte	32
 342 0139 40       		.byte	64
ARM GAS  C:\Users\jon\AppData\Local\Temp\ccNLtOXL.s 			page 7


 343 013a 21       		.byte	33
 344 013b 08       		.byte	8
 345 013c 22       		.byte	34
 346 013d 50       		.byte	80
 347 013e 30       		.byte	48
 348 013f A0       		.byte	-96
 349 0140 31       		.byte	49
 350 0141 08       		.byte	8
 351 0142 38       		.byte	56
 352 0143 40       		.byte	64
 353 0144 42       		.byte	66
 354 0145 04       		.byte	4
 355 0146 46       		.byte	70
 356 0147 04       		.byte	4
 357 0148 48       		.byte	72
 358 0149 28       		.byte	40
 359 014a 49       		.byte	73
 360 014b 01       		.byte	1
 361 014c 4F       		.byte	79
 362 014d 20       		.byte	32
 363 014e 50       		.byte	80
 364 014f 88       		.byte	-120
 365 0150 52       		.byte	82
 366 0151 04       		.byte	4
 367 0152 59       		.byte	89
 368 0153 05       		.byte	5
 369 0154 5A       		.byte	90
 370 0155 A0       		.byte	-96
 371 0156 72       		.byte	114
 372 0157 40       		.byte	64
 373 0158 A7       		.byte	-89
 374 0159 80       		.byte	-128
 375 015a C2       		.byte	-62
 376 015b 0A       		.byte	10
 377 015c C4       		.byte	-60
 378 015d 0E       		.byte	14
 379 015e CC       		.byte	-52
 380 015f 0E       		.byte	14
 381 0160 CE       		.byte	-50
 382 0161 08       		.byte	8
 383 0162 D0       		.byte	-48
 384 0163 24       		.byte	36
 385 0164 D2       		.byte	-46
 386 0165 24       		.byte	36
 387 0166 D6       		.byte	-42
 388 0167 0F       		.byte	15
 389 0168 40       		.byte	64
 390 0169 60       		.byte	96
 391 016a 41       		.byte	65
 392 016b 02       		.byte	2
 393 016c 49       		.byte	73
 394 016d FF       		.byte	-1
 395 016e 4A       		.byte	74
 396 016f FF       		.byte	-1
 397 0170 4B       		.byte	75
 398 0171 FF       		.byte	-1
 399 0172 4D       		.byte	77
ARM GAS  C:\Users\jon\AppData\Local\Temp\ccNLtOXL.s 			page 8


 400 0173 A0       		.byte	-96
 401 0174 4F       		.byte	79
 402 0175 04       		.byte	4
 403 0176 50       		.byte	80
 404 0177 18       		.byte	24
 405 0178 5A       		.byte	90
 406 0179 04       		.byte	4
 407 017a 5D       		.byte	93
 408 017b 05       		.byte	5
 409 017c 5F       		.byte	95
 410 017d 01       		.byte	1
 411 017e 60       		.byte	96
 412 017f 40       		.byte	64
 413 0180 62       		.byte	98
 414 0181 C0       		.byte	-64
 415 0182 64       		.byte	100
 416 0183 40       		.byte	64
 417 0184 65       		.byte	101
 418 0185 40       		.byte	64
 419 0186 66       		.byte	102
 420 0187 C0       		.byte	-64
 421 0188 68       		.byte	104
 422 0189 C0       		.byte	-64
 423 018a 6A       		.byte	106
 424 018b C0       		.byte	-64
 425 018c 6C       		.byte	108
 426 018d C0       		.byte	-64
 427 018e 6E       		.byte	110
 428 018f C0       		.byte	-64
 429 0190 8D       		.byte	-115
 430 0191 08       		.byte	8
 431 0192 92       		.byte	-110
 432 0193 01       		.byte	1
 433 0194 95       		.byte	-107
 434 0195 02       		.byte	2
 435 0196 9A       		.byte	-102
 436 0197 0E       		.byte	14
 437 0198 9B       		.byte	-101
 438 0199 0C       		.byte	12
 439 019a 9F       		.byte	-97
 440 019b 03       		.byte	3
 441 019c A2       		.byte	-94
 442 019d 04       		.byte	4
 443 019e A6       		.byte	-90
 444 019f 08       		.byte	8
 445 01a0 AA       		.byte	-86
 446 01a1 02       		.byte	2
 447 01a2 B0       		.byte	-80
 448 01a3 04       		.byte	4
 449 01a4 B1       		.byte	-79
 450 01a5 04       		.byte	4
 451 01a6 B2       		.byte	-78
 452 01a7 02       		.byte	2
 453 01a8 B3       		.byte	-77
 454 01a9 01       		.byte	1
 455 01aa B4       		.byte	-76
 456 01ab 01       		.byte	1
ARM GAS  C:\Users\jon\AppData\Local\Temp\ccNLtOXL.s 			page 9


 457 01ac B5       		.byte	-75
 458 01ad 08       		.byte	8
 459 01ae B6       		.byte	-74
 460 01af 08       		.byte	8
 461 01b0 B7       		.byte	-73
 462 01b1 02       		.byte	2
 463 01b2 BE       		.byte	-66
 464 01b3 04       		.byte	4
 465 01b4 C0       		.byte	-64
 466 01b5 20       		.byte	32
 467 01b6 C1       		.byte	-63
 468 01b7 06       		.byte	6
 469 01b8 C5       		.byte	-59
 470 01b9 D5       		.byte	-43
 471 01ba C6       		.byte	-58
 472 01bb 01       		.byte	1
 473 01bc C7       		.byte	-57
 474 01bd 02       		.byte	2
 475 01be C8       		.byte	-56
 476 01bf 17       		.byte	23
 477 01c0 C9       		.byte	-55
 478 01c1 FF       		.byte	-1
 479 01c2 CA       		.byte	-54
 480 01c3 FF       		.byte	-1
 481 01c4 CB       		.byte	-53
 482 01c5 FF       		.byte	-1
 483 01c6 CD       		.byte	-51
 484 01c7 AF       		.byte	-81
 485 01c8 CE       		.byte	-50
 486 01c9 0F       		.byte	15
 487 01ca CF       		.byte	-49
 488 01cb 04       		.byte	4
 489 01cc D0       		.byte	-48
 490 01cd 18       		.byte	24
 491 01ce D2       		.byte	-46
 492 01cf 80       		.byte	-128
 493 01d0 D4       		.byte	-44
 494 01d1 07       		.byte	7
 495 01d2 D8       		.byte	-40
 496 01d3 04       		.byte	4
 497 01d4 D9       		.byte	-39
 498 01d5 04       		.byte	4
 499 01d6 DA       		.byte	-38
 500 01d7 04       		.byte	4
 501 01d8 DB       		.byte	-37
 502 01d9 04       		.byte	4
 503 01da DC       		.byte	-36
 504 01db 55       		.byte	85
 505 01dc DD       		.byte	-35
 506 01dd 55       		.byte	85
 507 01de DF       		.byte	-33
 508 01df 01       		.byte	1
 509 01e0 E0       		.byte	-32
 510 01e1 40       		.byte	64
 511 01e2 E2       		.byte	-30
 512 01e3 C0       		.byte	-64
 513 01e4 E4       		.byte	-28
ARM GAS  C:\Users\jon\AppData\Local\Temp\ccNLtOXL.s 			page 10


 514 01e5 40       		.byte	64
 515 01e6 E5       		.byte	-27
 516 01e7 40       		.byte	64
 517 01e8 E6       		.byte	-26
 518 01e9 C0       		.byte	-64
 519 01ea E8       		.byte	-24
 520 01eb C0       		.byte	-64
 521 01ec EA       		.byte	-22
 522 01ed C0       		.byte	-64
 523 01ee EC       		.byte	-20
 524 01ef C0       		.byte	-64
 525 01f0 EE       		.byte	-18
 526 01f1 C0       		.byte	-64
 527 01f2 0A       		.byte	10
 528 01f3 44       		.byte	68
 529 01f4 10       		.byte	16
 530 01f5 A0       		.byte	-96
 531 01f6 12       		.byte	18
 532 01f7 04       		.byte	4
 533 01f8 19       		.byte	25
 534 01f9 86       		.byte	-122
 535 01fa 1A       		.byte	26
 536 01fb 04       		.byte	4
 537 01fc 1B       		.byte	27
 538 01fd 10       		.byte	16
 539 01fe 20       		.byte	32
 540 01ff 40       		.byte	64
 541 0200 21       		.byte	33
 542 0201 08       		.byte	8
 543 0202 22       		.byte	34
 544 0203 50       		.byte	80
 545 0204 30       		.byte	48
 546 0205 A0       		.byte	-96
 547 0206 31       		.byte	49
 548 0207 08       		.byte	8
 549 0208 38       		.byte	56
 550 0209 40       		.byte	64
 551 020a 42       		.byte	66
 552 020b 04       		.byte	4
 553 020c 46       		.byte	70
 554 020d 04       		.byte	4
 555 020e 48       		.byte	72
 556 020f 28       		.byte	40
 557 0210 49       		.byte	73
 558 0211 01       		.byte	1
 559 0212 4F       		.byte	79
 560 0213 20       		.byte	32
 561 0214 50       		.byte	80
 562 0215 88       		.byte	-120
 563 0216 52       		.byte	82
 564 0217 04       		.byte	4
 565 0218 59       		.byte	89
 566 0219 05       		.byte	5
 567 021a 5A       		.byte	90
 568 021b A0       		.byte	-96
 569 021c 72       		.byte	114
 570 021d 40       		.byte	64
ARM GAS  C:\Users\jon\AppData\Local\Temp\ccNLtOXL.s 			page 11


 571 021e 81       		.byte	-127
 572 021f 02       		.byte	2
 573 0220 8D       		.byte	-115
 574 0221 80       		.byte	-128
 575 0222 C2       		.byte	-62
 576 0223 0A       		.byte	10
 577 0224 C4       		.byte	-60
 578 0225 0E       		.byte	14
 579 0226 CC       		.byte	-52
 580 0227 0E       		.byte	14
 581 0228 CE       		.byte	-50
 582 0229 08       		.byte	8
 583 022a D0       		.byte	-48
 584 022b 24       		.byte	36
 585 022c D2       		.byte	-46
 586 022d 24       		.byte	36
 587 022e D6       		.byte	-42
 588 022f 0F       		.byte	15
 589 0230 E4       		.byte	-28
 590 0231 04       		.byte	4
 591 0232 40       		.byte	64
 592 0233 30       		.byte	48
 593 0234 41       		.byte	65
 594 0235 04       		.byte	4
 595 0236 49       		.byte	73
 596 0237 FF       		.byte	-1
 597 0238 4A       		.byte	74
 598 0239 FF       		.byte	-1
 599 023a 4B       		.byte	75
 600 023b FF       		.byte	-1
 601 023c 4D       		.byte	77
 602 023d A0       		.byte	-96
 603 023e 4F       		.byte	79
 604 023f 04       		.byte	4
 605 0240 50       		.byte	80
 606 0241 18       		.byte	24
 607 0242 5A       		.byte	90
 608 0243 04       		.byte	4
 609 0244 5F       		.byte	95
 610 0245 01       		.byte	1
 611 0246 60       		.byte	96
 612 0247 40       		.byte	64
 613 0248 62       		.byte	98
 614 0249 C0       		.byte	-64
 615 024a 64       		.byte	100
 616 024b 40       		.byte	64
 617 024c 65       		.byte	101
 618 024d 40       		.byte	64
 619 024e 66       		.byte	102
 620 024f C0       		.byte	-64
 621 0250 68       		.byte	104
 622 0251 C0       		.byte	-64
 623 0252 6A       		.byte	106
 624 0253 C0       		.byte	-64
 625 0254 6C       		.byte	108
 626 0255 C0       		.byte	-64
 627 0256 6E       		.byte	110
ARM GAS  C:\Users\jon\AppData\Local\Temp\ccNLtOXL.s 			page 12


 628 0257 C0       		.byte	-64
 629 0258 82       		.byte	-126
 630 0259 02       		.byte	2
 631 025a 83       		.byte	-125
 632 025b 0C       		.byte	12
 633 025c 8A       		.byte	-118
 634 025d 0E       		.byte	14
 635 025e 8B       		.byte	-117
 636 025f 03       		.byte	3
 637 0260 91       		.byte	-111
 638 0261 02       		.byte	2
 639 0262 99       		.byte	-103
 640 0263 08       		.byte	8
 641 0264 9E       		.byte	-98
 642 0265 08       		.byte	8
 643 0266 A6       		.byte	-90
 644 0267 04       		.byte	4
 645 0268 AE       		.byte	-82
 646 0269 01       		.byte	1
 647 026a B0       		.byte	-80
 648 026b 08       		.byte	8
 649 026c B1       		.byte	-79
 650 026d 02       		.byte	2
 651 026e B2       		.byte	-78
 652 026f 01       		.byte	1
 653 0270 B3       		.byte	-77
 654 0271 08       		.byte	8
 655 0272 B4       		.byte	-76
 656 0273 02       		.byte	2
 657 0274 B5       		.byte	-75
 658 0275 04       		.byte	4
 659 0276 B6       		.byte	-74
 660 0277 04       		.byte	4
 661 0278 B7       		.byte	-73
 662 0279 01       		.byte	1
 663 027a BE       		.byte	-66
 664 027b 10       		.byte	16
 665 027c C0       		.byte	-64
 666 027d 30       		.byte	48
 667 027e C1       		.byte	-63
 668 027f 04       		.byte	4
 669 0280 C5       		.byte	-59
 670 0281 D0       		.byte	-48
 671 0282 C6       		.byte	-58
 672 0283 12       		.byte	18
 673 0284 C7       		.byte	-57
 674 0285 50       		.byte	80
 675 0286 C8       		.byte	-56
 676 0287 2E       		.byte	46
 677 0288 C9       		.byte	-55
 678 0289 FF       		.byte	-1
 679 028a CA       		.byte	-54
 680 028b FF       		.byte	-1
 681 028c CB       		.byte	-53
 682 028d FF       		.byte	-1
 683 028e CD       		.byte	-51
 684 028f AF       		.byte	-81
ARM GAS  C:\Users\jon\AppData\Local\Temp\ccNLtOXL.s 			page 13


 685 0290 CE       		.byte	-50
 686 0291 0F       		.byte	15
 687 0292 CF       		.byte	-49
 688 0293 04       		.byte	4
 689 0294 D0       		.byte	-48
 690 0295 18       		.byte	24
 691 0296 D2       		.byte	-46
 692 0297 80       		.byte	-128
 693 0298 D4       		.byte	-44
 694 0299 07       		.byte	7
 695 029a D8       		.byte	-40
 696 029b 04       		.byte	4
 697 029c D9       		.byte	-39
 698 029d 04       		.byte	4
 699 029e DA       		.byte	-38
 700 029f 04       		.byte	4
 701 02a0 DB       		.byte	-37
 702 02a1 04       		.byte	4
 703 02a2 DF       		.byte	-33
 704 02a3 01       		.byte	1
 705 02a4 E0       		.byte	-32
 706 02a5 40       		.byte	64
 707 02a6 E2       		.byte	-30
 708 02a7 C0       		.byte	-64
 709 02a8 E4       		.byte	-28
 710 02a9 40       		.byte	64
 711 02aa E5       		.byte	-27
 712 02ab 40       		.byte	64
 713 02ac E6       		.byte	-26
 714 02ad C0       		.byte	-64
 715 02ae E8       		.byte	-24
 716 02af C0       		.byte	-64
 717 02b0 EA       		.byte	-22
 718 02b1 C0       		.byte	-64
 719 02b2 EC       		.byte	-20
 720 02b3 C0       		.byte	-64
 721 02b4 EE       		.byte	-18
 722 02b5 C0       		.byte	-64
 723 02b6 04       		.byte	4
 724 02b7 10       		.byte	16
 725 02b8 06       		.byte	6
 726 02b9 80       		.byte	-128
 727 02ba 0F       		.byte	15
 728 02bb 02       		.byte	2
 729 02bc 16       		.byte	22
 730 02bd 20       		.byte	32
 731 02be 17       		.byte	23
 732 02bf 40       		.byte	64
 733 02c0 1C       		.byte	28
 734 02c1 10       		.byte	16
 735 02c2 1D       		.byte	29
 736 02c3 08       		.byte	8
 737 02c4 1E       		.byte	30
 738 02c5 48       		.byte	72
 739 02c6 1F       		.byte	31
 740 02c7 80       		.byte	-128
 741 02c8 24       		.byte	36
ARM GAS  C:\Users\jon\AppData\Local\Temp\ccNLtOXL.s 			page 14


 742 02c9 40       		.byte	64
 743 02ca 26       		.byte	38
 744 02cb 20       		.byte	32
 745 02cc 27       		.byte	39
 746 02cd 22       		.byte	34
 747 02ce 36       		.byte	54
 748 02cf 20       		.byte	32
 749 02d0 37       		.byte	55
 750 02d1 02       		.byte	2
 751 02d2 3E       		.byte	62
 752 02d3 20       		.byte	32
 753 02d4 3F       		.byte	63
 754 02d5 02       		.byte	2
 755 02d6 40       		.byte	64
 756 02d7 10       		.byte	16
 757 02d8 42       		.byte	66
 758 02d9 80       		.byte	-128
 759 02da 45       		.byte	69
 760 02db 08       		.byte	8
 761 02dc 46       		.byte	70
 762 02dd 80       		.byte	-128
 763 02de 4F       		.byte	79
 764 02df 01       		.byte	1
 765 02e0 56       		.byte	86
 766 02e1 A0       		.byte	-96
 767 02e2 57       		.byte	87
 768 02e3 01       		.byte	1
 769 02e4 5C       		.byte	92
 770 02e5 40       		.byte	64
 771 02e6 5E       		.byte	94
 772 02e7 08       		.byte	8
 773 02e8 5F       		.byte	95
 774 02e9 21       		.byte	33
 775 02ea 77       		.byte	119
 776 02eb 40       		.byte	64
 777 02ec 83       		.byte	-125
 778 02ed 80       		.byte	-128
 779 02ee 8E       		.byte	-114
 780 02ef 40       		.byte	64
 781 02f0 AD       		.byte	-83
 782 02f1 20       		.byte	32
 783 02f2 C0       		.byte	-64
 784 02f3 50       		.byte	80
 785 02f4 C2       		.byte	-62
 786 02f5 80       		.byte	-128
 787 02f6 C4       		.byte	-60
 788 02f7 A0       		.byte	-96
 789 02f8 CC       		.byte	-52
 790 02f9 A0       		.byte	-96
 791 02fa CE       		.byte	-50
 792 02fb A0       		.byte	-96
 793 02fc D0       		.byte	-48
 794 02fd C3       		.byte	-61
 795 02fe D6       		.byte	-42
 796 02ff F0       		.byte	-16
 797 0300 E4       		.byte	-28
 798 0301 04       		.byte	4
ARM GAS  C:\Users\jon\AppData\Local\Temp\ccNLtOXL.s 			page 15


 799 0302 EC       		.byte	-20
 800 0303 02       		.byte	2
 801 0304 40       		.byte	64
 802 0305 10       		.byte	16
 803 0306 41       		.byte	65
 804 0307 02       		.byte	2
 805 0308 49       		.byte	73
 806 0309 FF       		.byte	-1
 807 030a 4A       		.byte	74
 808 030b FF       		.byte	-1
 809 030c 4B       		.byte	75
 810 030d FF       		.byte	-1
 811 030e 4D       		.byte	77
 812 030f A0       		.byte	-96
 813 0310 4F       		.byte	79
 814 0311 04       		.byte	4
 815 0312 50       		.byte	80
 816 0313 18       		.byte	24
 817 0314 5A       		.byte	90
 818 0315 04       		.byte	4
 819 0316 5D       		.byte	93
 820 0317 03       		.byte	3
 821 0318 5F       		.byte	95
 822 0319 01       		.byte	1
 823 031a 60       		.byte	96
 824 031b 40       		.byte	64
 825 031c 62       		.byte	98
 826 031d C0       		.byte	-64
 827 031e 64       		.byte	100
 828 031f 40       		.byte	64
 829 0320 65       		.byte	101
 830 0321 40       		.byte	64
 831 0322 66       		.byte	102
 832 0323 C0       		.byte	-64
 833 0324 68       		.byte	104
 834 0325 C0       		.byte	-64
 835 0326 6A       		.byte	106
 836 0327 C0       		.byte	-64
 837 0328 6C       		.byte	108
 838 0329 C0       		.byte	-64
 839 032a 6E       		.byte	110
 840 032b C0       		.byte	-64
 841 032c 82       		.byte	-126
 842 032d 0E       		.byte	14
 843 032e 8D       		.byte	-115
 844 032f 08       		.byte	8
 845 0330 92       		.byte	-110
 846 0331 01       		.byte	1
 847 0332 95       		.byte	-107
 848 0333 02       		.byte	2
 849 0334 9B       		.byte	-101
 850 0335 0C       		.byte	12
 851 0336 9F       		.byte	-97
 852 0337 03       		.byte	3
 853 0338 A2       		.byte	-94
 854 0339 04       		.byte	4
 855 033a A6       		.byte	-90
ARM GAS  C:\Users\jon\AppData\Local\Temp\ccNLtOXL.s 			page 16


 856 033b 08       		.byte	8
 857 033c AA       		.byte	-86
 858 033d 02       		.byte	2
 859 033e B0       		.byte	-80
 860 033f 01       		.byte	1
 861 0340 B1       		.byte	-79
 862 0341 04       		.byte	4
 863 0342 B2       		.byte	-78
 864 0343 02       		.byte	2
 865 0344 B3       		.byte	-77
 866 0345 01       		.byte	1
 867 0346 B4       		.byte	-76
 868 0347 08       		.byte	8
 869 0348 B5       		.byte	-75
 870 0349 08       		.byte	8
 871 034a B6       		.byte	-74
 872 034b 04       		.byte	4
 873 034c B7       		.byte	-73
 874 034d 02       		.byte	2
 875 034e BE       		.byte	-66
 876 034f 04       		.byte	4
 877 0350 C0       		.byte	-64
 878 0351 10       		.byte	16
 879 0352 C1       		.byte	-63
 880 0353 06       		.byte	6
 881 0354 C5       		.byte	-59
 882 0355 D5       		.byte	-43
 883 0356 C6       		.byte	-58
 884 0357 01       		.byte	1
 885 0358 C7       		.byte	-57
 886 0359 02       		.byte	2
 887 035a C8       		.byte	-56
 888 035b 17       		.byte	23
 889 035c C9       		.byte	-55
 890 035d FF       		.byte	-1
 891 035e CA       		.byte	-54
 892 035f FF       		.byte	-1
 893 0360 CB       		.byte	-53
 894 0361 FF       		.byte	-1
 895 0362 CD       		.byte	-51
 896 0363 AF       		.byte	-81
 897 0364 CE       		.byte	-50
 898 0365 0F       		.byte	15
 899 0366 CF       		.byte	-49
 900 0367 04       		.byte	4
 901 0368 D0       		.byte	-48
 902 0369 18       		.byte	24
 903 036a D2       		.byte	-46
 904 036b 80       		.byte	-128
 905 036c D4       		.byte	-44
 906 036d 07       		.byte	7
 907 036e D8       		.byte	-40
 908 036f 04       		.byte	4
 909 0370 D9       		.byte	-39
 910 0371 04       		.byte	4
 911 0372 DA       		.byte	-38
 912 0373 04       		.byte	4
ARM GAS  C:\Users\jon\AppData\Local\Temp\ccNLtOXL.s 			page 17


 913 0374 DB       		.byte	-37
 914 0375 04       		.byte	4
 915 0376 DC       		.byte	-36
 916 0377 33       		.byte	51
 917 0378 DD       		.byte	-35
 918 0379 33       		.byte	51
 919 037a DF       		.byte	-33
 920 037b 01       		.byte	1
 921 037c E0       		.byte	-32
 922 037d 40       		.byte	64
 923 037e E2       		.byte	-30
 924 037f C0       		.byte	-64
 925 0380 E4       		.byte	-28
 926 0381 40       		.byte	64
 927 0382 E5       		.byte	-27
 928 0383 40       		.byte	64
 929 0384 E6       		.byte	-26
 930 0385 C0       		.byte	-64
 931 0386 E8       		.byte	-24
 932 0387 C0       		.byte	-64
 933 0388 EA       		.byte	-22
 934 0389 C0       		.byte	-64
 935 038a EC       		.byte	-20
 936 038b C0       		.byte	-64
 937 038c EE       		.byte	-18
 938 038d C0       		.byte	-64
 939 038e 01       		.byte	1
 940 038f 02       		.byte	2
 941 0390 0A       		.byte	10
 942 0391 40       		.byte	64
 943 0392 10       		.byte	16
 944 0393 A0       		.byte	-96
 945 0394 12       		.byte	18
 946 0395 04       		.byte	4
 947 0396 19       		.byte	25
 948 0397 26       		.byte	38
 949 0398 1B       		.byte	27
 950 0399 40       		.byte	64
 951 039a 20       		.byte	32
 952 039b 40       		.byte	64
 953 039c 21       		.byte	33
 954 039d 08       		.byte	8
 955 039e 22       		.byte	34
 956 039f 50       		.byte	80
 957 03a0 2D       		.byte	45
 958 03a1 02       		.byte	2
 959 03a2 2E       		.byte	46
 960 03a3 02       		.byte	2
 961 03a4 30       		.byte	48
 962 03a5 A0       		.byte	-96
 963 03a6 31       		.byte	49
 964 03a7 08       		.byte	8
 965 03a8 38       		.byte	56
 966 03a9 40       		.byte	64
 967 03aa 42       		.byte	66
 968 03ab 02       		.byte	2
 969 03ac 46       		.byte	70
ARM GAS  C:\Users\jon\AppData\Local\Temp\ccNLtOXL.s 			page 18


 970 03ad 06       		.byte	6
 971 03ae 48       		.byte	72
 972 03af 28       		.byte	40
 973 03b0 49       		.byte	73
 974 03b1 01       		.byte	1
 975 03b2 50       		.byte	80
 976 03b3 88       		.byte	-120
 977 03b4 52       		.byte	82
 978 03b5 04       		.byte	4
 979 03b6 59       		.byte	89
 980 03b7 05       		.byte	5
 981 03b8 5A       		.byte	90
 982 03b9 A0       		.byte	-96
 983 03ba 72       		.byte	114
 984 03bb 40       		.byte	64
 985 03bc 8F       		.byte	-113
 986 03bd 40       		.byte	64
 987 03be C0       		.byte	-64
 988 03bf 08       		.byte	8
 989 03c0 C2       		.byte	-62
 990 03c1 08       		.byte	8
 991 03c2 C4       		.byte	-60
 992 03c3 0E       		.byte	14
 993 03c4 CC       		.byte	-52
 994 03c5 0E       		.byte	14
 995 03c6 CE       		.byte	-50
 996 03c7 08       		.byte	8
 997 03c8 D0       		.byte	-48
 998 03c9 38       		.byte	56
 999 03ca D2       		.byte	-46
 1000 03cb 04       		.byte	4
 1001 03cc D6       		.byte	-42
 1002 03cd 0F       		.byte	15
 1003 03ce E4       		.byte	-28
 1004 03cf 08       		.byte	8
 1005 03d0 40       		.byte	64
 1006 03d1 30       		.byte	48
 1007 03d2 41       		.byte	65
 1008 03d3 02       		.byte	2
 1009 03d4 49       		.byte	73
 1010 03d5 FF       		.byte	-1
 1011 03d6 4A       		.byte	74
 1012 03d7 FF       		.byte	-1
 1013 03d8 4B       		.byte	75
 1014 03d9 FF       		.byte	-1
 1015 03da 4D       		.byte	77
 1016 03db A0       		.byte	-96
 1017 03dc 4F       		.byte	79
 1018 03dd 04       		.byte	4
 1019 03de 50       		.byte	80
 1020 03df 18       		.byte	24
 1021 03e0 5A       		.byte	90
 1022 03e1 04       		.byte	4
 1023 03e2 5D       		.byte	93
 1024 03e3 04       		.byte	4
 1025 03e4 5F       		.byte	95
 1026 03e5 01       		.byte	1
ARM GAS  C:\Users\jon\AppData\Local\Temp\ccNLtOXL.s 			page 19


 1027 03e6 60       		.byte	96
 1028 03e7 40       		.byte	64
 1029 03e8 62       		.byte	98
 1030 03e9 C0       		.byte	-64
 1031 03ea 64       		.byte	100
 1032 03eb 40       		.byte	64
 1033 03ec 65       		.byte	101
 1034 03ed 40       		.byte	64
 1035 03ee 66       		.byte	102
 1036 03ef C0       		.byte	-64
 1037 03f0 68       		.byte	104
 1038 03f1 C0       		.byte	-64
 1039 03f2 6A       		.byte	106
 1040 03f3 C0       		.byte	-64
 1041 03f4 6C       		.byte	108
 1042 03f5 C0       		.byte	-64
 1043 03f6 6E       		.byte	110
 1044 03f7 C0       		.byte	-64
 1045 03f8 83       		.byte	-125
 1046 03f9 0C       		.byte	12
 1047 03fa 87       		.byte	-121
 1048 03fb 03       		.byte	3
 1049 03fc 8A       		.byte	-118
 1050 03fd 0E       		.byte	14
 1051 03fe 91       		.byte	-111
 1052 03ff 02       		.byte	2
 1053 0400 99       		.byte	-103
 1054 0401 08       		.byte	8
 1055 0402 9E       		.byte	-98
 1056 0403 08       		.byte	8
 1057 0404 A6       		.byte	-90
 1058 0405 02       		.byte	2
 1059 0406 AA       		.byte	-86
 1060 0407 04       		.byte	4
 1061 0408 AE       		.byte	-82
 1062 0409 01       		.byte	1
 1063 040a B0       		.byte	-80
 1064 040b 04       		.byte	4
 1065 040c B1       		.byte	-79
 1066 040d 02       		.byte	2
 1067 040e B2       		.byte	-78
 1068 040f 01       		.byte	1
 1069 0410 B3       		.byte	-77
 1070 0411 08       		.byte	8
 1071 0412 B4       		.byte	-76
 1072 0413 02       		.byte	2
 1073 0414 B5       		.byte	-75
 1074 0415 04       		.byte	4
 1075 0416 B6       		.byte	-74
 1076 0417 08       		.byte	8
 1077 0418 B7       		.byte	-73
 1078 0419 01       		.byte	1
 1079 041a BE       		.byte	-66
 1080 041b 10       		.byte	16
 1081 041c C0       		.byte	-64
 1082 041d 30       		.byte	48
 1083 041e C1       		.byte	-63
ARM GAS  C:\Users\jon\AppData\Local\Temp\ccNLtOXL.s 			page 20


 1084 041f 02       		.byte	2
 1085 0420 C5       		.byte	-59
 1086 0421 D0       		.byte	-48
 1087 0422 C6       		.byte	-58
 1088 0423 20       		.byte	32
 1089 0424 C7       		.byte	-57
 1090 0425 51       		.byte	81
 1091 0426 C8       		.byte	-56
 1092 0427 3A       		.byte	58
 1093 0428 C9       		.byte	-55
 1094 0429 FF       		.byte	-1
 1095 042a CA       		.byte	-54
 1096 042b FF       		.byte	-1
 1097 042c CB       		.byte	-53
 1098 042d FF       		.byte	-1
 1099 042e CD       		.byte	-51
 1100 042f AF       		.byte	-81
 1101 0430 CE       		.byte	-50
 1102 0431 0F       		.byte	15
 1103 0432 CF       		.byte	-49
 1104 0433 04       		.byte	4
 1105 0434 D0       		.byte	-48
 1106 0435 18       		.byte	24
 1107 0436 D2       		.byte	-46
 1108 0437 80       		.byte	-128
 1109 0438 D4       		.byte	-44
 1110 0439 07       		.byte	7
 1111 043a D8       		.byte	-40
 1112 043b 04       		.byte	4
 1113 043c D9       		.byte	-39
 1114 043d 04       		.byte	4
 1115 043e DA       		.byte	-38
 1116 043f 04       		.byte	4
 1117 0440 DB       		.byte	-37
 1118 0441 04       		.byte	4
 1119 0442 DC       		.byte	-36
 1120 0443 44       		.byte	68
 1121 0444 DD       		.byte	-35
 1122 0445 44       		.byte	68
 1123 0446 DF       		.byte	-33
 1124 0447 01       		.byte	1
 1125 0448 E0       		.byte	-32
 1126 0449 40       		.byte	64
 1127 044a E2       		.byte	-30
 1128 044b C0       		.byte	-64
 1129 044c E4       		.byte	-28
 1130 044d 40       		.byte	64
 1131 044e E5       		.byte	-27
 1132 044f 40       		.byte	64
 1133 0450 E6       		.byte	-26
 1134 0451 C0       		.byte	-64
 1135 0452 E8       		.byte	-24
 1136 0453 C0       		.byte	-64
 1137 0454 EA       		.byte	-22
 1138 0455 C0       		.byte	-64
 1139 0456 EC       		.byte	-20
 1140 0457 C0       		.byte	-64
ARM GAS  C:\Users\jon\AppData\Local\Temp\ccNLtOXL.s 			page 21


 1141 0458 EE       		.byte	-18
 1142 0459 C0       		.byte	-64
 1143 045a 04       		.byte	4
 1144 045b 10       		.byte	16
 1145 045c 0F       		.byte	15
 1146 045d 02       		.byte	2
 1147 045e 16       		.byte	22
 1148 045f 28       		.byte	40
 1149 0460 17       		.byte	23
 1150 0461 40       		.byte	64
 1151 0462 1C       		.byte	28
 1152 0463 10       		.byte	16
 1153 0464 1D       		.byte	29
 1154 0465 08       		.byte	8
 1155 0466 1E       		.byte	30
 1156 0467 08       		.byte	8
 1157 0468 1F       		.byte	31
 1158 0469 81       		.byte	-127
 1159 046a 24       		.byte	36
 1160 046b 40       		.byte	64
 1161 046c 26       		.byte	38
 1162 046d 20       		.byte	32
 1163 046e 27       		.byte	39
 1164 046f 22       		.byte	34
 1165 0470 36       		.byte	54
 1166 0471 20       		.byte	32
 1167 0472 37       		.byte	55
 1168 0473 02       		.byte	2
 1169 0474 3E       		.byte	62
 1170 0475 08       		.byte	8
 1171 0476 3F       		.byte	63
 1172 0477 02       		.byte	2
 1173 0478 40       		.byte	64
 1174 0479 10       		.byte	16
 1175 047a 41       		.byte	65
 1176 047b 20       		.byte	32
 1177 047c 45       		.byte	69
 1178 047d 28       		.byte	40
 1179 047e 4F       		.byte	79
 1180 047f 01       		.byte	1
 1181 0480 55       		.byte	85
 1182 0481 20       		.byte	32
 1183 0482 56       		.byte	86
 1184 0483 28       		.byte	40
 1185 0484 57       		.byte	87
 1186 0485 01       		.byte	1
 1187 0486 5C       		.byte	92
 1188 0487 40       		.byte	64
 1189 0488 5E       		.byte	94
 1190 0489 08       		.byte	8
 1191 048a 5F       		.byte	95
 1192 048b 21       		.byte	33
 1193 048c 77       		.byte	119
 1194 048d 40       		.byte	64
 1195 048e 87       		.byte	-121
 1196 048f 80       		.byte	-128
 1197 0490 89       		.byte	-119
ARM GAS  C:\Users\jon\AppData\Local\Temp\ccNLtOXL.s 			page 22


 1198 0491 02       		.byte	2
 1199 0492 8F       		.byte	-113
 1200 0493 01       		.byte	1
 1201 0494 99       		.byte	-103
 1202 0495 02       		.byte	2
 1203 0496 C0       		.byte	-64
 1204 0497 40       		.byte	64
 1205 0498 C2       		.byte	-62
 1206 0499 80       		.byte	-128
 1207 049a C4       		.byte	-60
 1208 049b E0       		.byte	-32
 1209 049c CC       		.byte	-52
 1210 049d A0       		.byte	-96
 1211 049e CE       		.byte	-50
 1212 049f C0       		.byte	-64
 1213 04a0 D0       		.byte	-48
 1214 04a1 66       		.byte	102
 1215 04a2 D6       		.byte	-42
 1216 04a3 F0       		.byte	-16
 1217 04a4 E2       		.byte	-30
 1218 04a5 C0       		.byte	-64
 1219 04a6 40       		.byte	64
 1220 04a7 60       		.byte	96
 1221 04a8 41       		.byte	65
 1222 04a9 02       		.byte	2
 1223 04aa 49       		.byte	73
 1224 04ab FF       		.byte	-1
 1225 04ac 4A       		.byte	74
 1226 04ad FF       		.byte	-1
 1227 04ae 4B       		.byte	75
 1228 04af FF       		.byte	-1
 1229 04b0 4D       		.byte	77
 1230 04b1 A0       		.byte	-96
 1231 04b2 4F       		.byte	79
 1232 04b3 04       		.byte	4
 1233 04b4 50       		.byte	80
 1234 04b5 18       		.byte	24
 1235 04b6 5A       		.byte	90
 1236 04b7 04       		.byte	4
 1237 04b8 5D       		.byte	93
 1238 04b9 07       		.byte	7
 1239 04ba 5F       		.byte	95
 1240 04bb 01       		.byte	1
 1241 04bc 60       		.byte	96
 1242 04bd 40       		.byte	64
 1243 04be 62       		.byte	98
 1244 04bf C0       		.byte	-64
 1245 04c0 64       		.byte	100
 1246 04c1 40       		.byte	64
 1247 04c2 65       		.byte	101
 1248 04c3 40       		.byte	64
 1249 04c4 66       		.byte	102
 1250 04c5 C0       		.byte	-64
 1251 04c6 68       		.byte	104
 1252 04c7 C0       		.byte	-64
 1253 04c8 6A       		.byte	106
 1254 04c9 C0       		.byte	-64
ARM GAS  C:\Users\jon\AppData\Local\Temp\ccNLtOXL.s 			page 23


 1255 04ca 6C       		.byte	108
 1256 04cb C0       		.byte	-64
 1257 04cc 6E       		.byte	110
 1258 04cd C0       		.byte	-64
 1259 04ce 8D       		.byte	-115
 1260 04cf 08       		.byte	8
 1261 04d0 92       		.byte	-110
 1262 04d1 01       		.byte	1
 1263 04d2 95       		.byte	-107
 1264 04d3 02       		.byte	2
 1265 04d4 9A       		.byte	-102
 1266 04d5 0E       		.byte	14
 1267 04d6 9B       		.byte	-101
 1268 04d7 0C       		.byte	12
 1269 04d8 9F       		.byte	-97
 1270 04d9 03       		.byte	3
 1271 04da A2       		.byte	-94
 1272 04db 04       		.byte	4
 1273 04dc A6       		.byte	-90
 1274 04dd 08       		.byte	8
 1275 04de AA       		.byte	-86
 1276 04df 02       		.byte	2
 1277 04e0 B0       		.byte	-80
 1278 04e1 08       		.byte	8
 1279 04e2 B1       		.byte	-79
 1280 04e3 04       		.byte	4
 1281 04e4 B2       		.byte	-78
 1282 04e5 02       		.byte	2
 1283 04e6 B3       		.byte	-77
 1284 04e7 01       		.byte	1
 1285 04e8 B4       		.byte	-76
 1286 04e9 01       		.byte	1
 1287 04ea B5       		.byte	-75
 1288 04eb 08       		.byte	8
 1289 04ec B6       		.byte	-74
 1290 04ed 04       		.byte	4
 1291 04ee B7       		.byte	-73
 1292 04ef 02       		.byte	2
 1293 04f0 BE       		.byte	-66
 1294 04f1 04       		.byte	4
 1295 04f2 C0       		.byte	-64
 1296 04f3 20       		.byte	32
 1297 04f4 C1       		.byte	-63
 1298 04f5 06       		.byte	6
 1299 04f6 C5       		.byte	-59
 1300 04f7 D5       		.byte	-43
 1301 04f8 C6       		.byte	-58
 1302 04f9 01       		.byte	1
 1303 04fa C7       		.byte	-57
 1304 04fb 02       		.byte	2
 1305 04fc C8       		.byte	-56
 1306 04fd 17       		.byte	23
 1307 04fe C9       		.byte	-55
 1308 04ff FF       		.byte	-1
 1309 0500 CA       		.byte	-54
 1310 0501 FF       		.byte	-1
 1311 0502 CB       		.byte	-53
ARM GAS  C:\Users\jon\AppData\Local\Temp\ccNLtOXL.s 			page 24


 1312 0503 FF       		.byte	-1
 1313 0504 CD       		.byte	-51
 1314 0505 AF       		.byte	-81
 1315 0506 CE       		.byte	-50
 1316 0507 0F       		.byte	15
 1317 0508 CF       		.byte	-49
 1318 0509 04       		.byte	4
 1319 050a D0       		.byte	-48
 1320 050b 18       		.byte	24
 1321 050c D2       		.byte	-46
 1322 050d 80       		.byte	-128
 1323 050e D4       		.byte	-44
 1324 050f 07       		.byte	7
 1325 0510 D8       		.byte	-40
 1326 0511 04       		.byte	4
 1327 0512 D9       		.byte	-39
 1328 0513 04       		.byte	4
 1329 0514 DA       		.byte	-38
 1330 0515 04       		.byte	4
 1331 0516 DB       		.byte	-37
 1332 0517 04       		.byte	4
 1333 0518 DC       		.byte	-36
 1334 0519 77       		.byte	119
 1335 051a DD       		.byte	-35
 1336 051b 77       		.byte	119
 1337 051c DF       		.byte	-33
 1338 051d 01       		.byte	1
 1339 051e E0       		.byte	-32
 1340 051f 40       		.byte	64
 1341 0520 E2       		.byte	-30
 1342 0521 C0       		.byte	-64
 1343 0522 E4       		.byte	-28
 1344 0523 40       		.byte	64
 1345 0524 E5       		.byte	-27
 1346 0525 40       		.byte	64
 1347 0526 E6       		.byte	-26
 1348 0527 C0       		.byte	-64
 1349 0528 E8       		.byte	-24
 1350 0529 C0       		.byte	-64
 1351 052a EA       		.byte	-22
 1352 052b C0       		.byte	-64
 1353 052c EC       		.byte	-20
 1354 052d C0       		.byte	-64
 1355 052e EE       		.byte	-18
 1356 052f C0       		.byte	-64
 1357 0530 0A       		.byte	10
 1358 0531 44       		.byte	68
 1359 0532 10       		.byte	16
 1360 0533 A0       		.byte	-96
 1361 0534 12       		.byte	18
 1362 0535 04       		.byte	4
 1363 0536 19       		.byte	25
 1364 0537 46       		.byte	70
 1365 0538 1A       		.byte	26
 1366 0539 04       		.byte	4
 1367 053a 1B       		.byte	27
 1368 053b 10       		.byte	16
ARM GAS  C:\Users\jon\AppData\Local\Temp\ccNLtOXL.s 			page 25


 1369 053c 20       		.byte	32
 1370 053d 40       		.byte	64
 1371 053e 21       		.byte	33
 1372 053f 08       		.byte	8
 1373 0540 22       		.byte	34
 1374 0541 50       		.byte	80
 1375 0542 30       		.byte	48
 1376 0543 A0       		.byte	-96
 1377 0544 31       		.byte	49
 1378 0545 08       		.byte	8
 1379 0546 38       		.byte	56
 1380 0547 40       		.byte	64
 1381 0548 42       		.byte	66
 1382 0549 04       		.byte	4
 1383 054a 46       		.byte	70
 1384 054b 04       		.byte	4
 1385 054c 48       		.byte	72
 1386 054d 28       		.byte	40
 1387 054e 49       		.byte	73
 1388 054f 01       		.byte	1
 1389 0550 4F       		.byte	79
 1390 0551 20       		.byte	32
 1391 0552 50       		.byte	80
 1392 0553 88       		.byte	-120
 1393 0554 52       		.byte	82
 1394 0555 04       		.byte	4
 1395 0556 59       		.byte	89
 1396 0557 05       		.byte	5
 1397 0558 5A       		.byte	90
 1398 0559 A0       		.byte	-96
 1399 055a 72       		.byte	114
 1400 055b 40       		.byte	64
 1401 055c 89       		.byte	-119
 1402 055d 40       		.byte	64
 1403 055e AF       		.byte	-81
 1404 055f 01       		.byte	1
 1405 0560 C2       		.byte	-62
 1406 0561 0A       		.byte	10
 1407 0562 C4       		.byte	-60
 1408 0563 0E       		.byte	14
 1409 0564 CC       		.byte	-52
 1410 0565 0E       		.byte	14
 1411 0566 CE       		.byte	-50
 1412 0567 08       		.byte	8
 1413 0568 D0       		.byte	-48
 1414 0569 24       		.byte	36
 1415 056a D2       		.byte	-46
 1416 056b 24       		.byte	36
 1417 056c D6       		.byte	-42
 1418 056d 0F       		.byte	15
 1419 056e 40       		.byte	64
 1420 056f 50       		.byte	80
 1421 0570 41       		.byte	65
 1422 0571 02       		.byte	2
 1423 0572 49       		.byte	73
 1424 0573 FF       		.byte	-1
 1425 0574 4A       		.byte	74
ARM GAS  C:\Users\jon\AppData\Local\Temp\ccNLtOXL.s 			page 26


 1426 0575 FF       		.byte	-1
 1427 0576 4B       		.byte	75
 1428 0577 FF       		.byte	-1
 1429 0578 4D       		.byte	77
 1430 0579 A0       		.byte	-96
 1431 057a 4F       		.byte	79
 1432 057b 04       		.byte	4
 1433 057c 50       		.byte	80
 1434 057d 18       		.byte	24
 1435 057e 5A       		.byte	90
 1436 057f 04       		.byte	4
 1437 0580 5D       		.byte	93
 1438 0581 06       		.byte	6
 1439 0582 5F       		.byte	95
 1440 0583 01       		.byte	1
 1441 0584 60       		.byte	96
 1442 0585 40       		.byte	64
 1443 0586 62       		.byte	98
 1444 0587 C0       		.byte	-64
 1445 0588 64       		.byte	100
 1446 0589 40       		.byte	64
 1447 058a 65       		.byte	101
 1448 058b 40       		.byte	64
 1449 058c 66       		.byte	102
 1450 058d C0       		.byte	-64
 1451 058e 68       		.byte	104
 1452 058f C0       		.byte	-64
 1453 0590 6A       		.byte	106
 1454 0591 C0       		.byte	-64
 1455 0592 6C       		.byte	108
 1456 0593 C0       		.byte	-64
 1457 0594 6E       		.byte	110
 1458 0595 C0       		.byte	-64
 1459 0596 8D       		.byte	-115
 1460 0597 08       		.byte	8
 1461 0598 92       		.byte	-110
 1462 0599 01       		.byte	1
 1463 059a 95       		.byte	-107
 1464 059b 02       		.byte	2
 1465 059c 9B       		.byte	-101
 1466 059d 0C       		.byte	12
 1467 059e 9E       		.byte	-98
 1468 059f 0E       		.byte	14
 1469 05a0 9F       		.byte	-97
 1470 05a1 03       		.byte	3
 1471 05a2 A2       		.byte	-94
 1472 05a3 04       		.byte	4
 1473 05a4 A6       		.byte	-90
 1474 05a5 08       		.byte	8
 1475 05a6 AA       		.byte	-86
 1476 05a7 02       		.byte	2
 1477 05a8 B0       		.byte	-80
 1478 05a9 04       		.byte	4
 1479 05aa B1       		.byte	-79
 1480 05ab 04       		.byte	4
 1481 05ac B2       		.byte	-78
 1482 05ad 02       		.byte	2
ARM GAS  C:\Users\jon\AppData\Local\Temp\ccNLtOXL.s 			page 27


 1483 05ae B3       		.byte	-77
 1484 05af 01       		.byte	1
 1485 05b0 B4       		.byte	-76
 1486 05b1 08       		.byte	8
 1487 05b2 B5       		.byte	-75
 1488 05b3 08       		.byte	8
 1489 05b4 B6       		.byte	-74
 1490 05b5 01       		.byte	1
 1491 05b6 B7       		.byte	-73
 1492 05b7 02       		.byte	2
 1493 05b8 BE       		.byte	-66
 1494 05b9 04       		.byte	4
 1495 05ba C0       		.byte	-64
 1496 05bb 10       		.byte	16
 1497 05bc C1       		.byte	-63
 1498 05bd 06       		.byte	6
 1499 05be C5       		.byte	-59
 1500 05bf D5       		.byte	-43
 1501 05c0 C6       		.byte	-58
 1502 05c1 01       		.byte	1
 1503 05c2 C7       		.byte	-57
 1504 05c3 02       		.byte	2
 1505 05c4 C8       		.byte	-56
 1506 05c5 17       		.byte	23
 1507 05c6 C9       		.byte	-55
 1508 05c7 FF       		.byte	-1
 1509 05c8 CA       		.byte	-54
 1510 05c9 FF       		.byte	-1
 1511 05ca CB       		.byte	-53
 1512 05cb FF       		.byte	-1
 1513 05cc CD       		.byte	-51
 1514 05cd AF       		.byte	-81
 1515 05ce CE       		.byte	-50
 1516 05cf 0F       		.byte	15
 1517 05d0 CF       		.byte	-49
 1518 05d1 04       		.byte	4
 1519 05d2 D0       		.byte	-48
 1520 05d3 18       		.byte	24
 1521 05d4 D2       		.byte	-46
 1522 05d5 80       		.byte	-128
 1523 05d6 D4       		.byte	-44
 1524 05d7 07       		.byte	7
 1525 05d8 D8       		.byte	-40
 1526 05d9 04       		.byte	4
 1527 05da D9       		.byte	-39
 1528 05db 04       		.byte	4
 1529 05dc DA       		.byte	-38
 1530 05dd 04       		.byte	4
 1531 05de DB       		.byte	-37
 1532 05df 04       		.byte	4
 1533 05e0 DC       		.byte	-36
 1534 05e1 66       		.byte	102
 1535 05e2 DD       		.byte	-35
 1536 05e3 66       		.byte	102
 1537 05e4 DF       		.byte	-33
 1538 05e5 01       		.byte	1
 1539 05e6 E0       		.byte	-32
ARM GAS  C:\Users\jon\AppData\Local\Temp\ccNLtOXL.s 			page 28


 1540 05e7 40       		.byte	64
 1541 05e8 E2       		.byte	-30
 1542 05e9 C0       		.byte	-64
 1543 05ea E4       		.byte	-28
 1544 05eb 40       		.byte	64
 1545 05ec E5       		.byte	-27
 1546 05ed 40       		.byte	64
 1547 05ee E6       		.byte	-26
 1548 05ef C0       		.byte	-64
 1549 05f0 E8       		.byte	-24
 1550 05f1 C0       		.byte	-64
 1551 05f2 EA       		.byte	-22
 1552 05f3 C0       		.byte	-64
 1553 05f4 EC       		.byte	-20
 1554 05f5 C0       		.byte	-64
 1555 05f6 EE       		.byte	-18
 1556 05f7 C0       		.byte	-64
 1557 05f8 0A       		.byte	10
 1558 05f9 41       		.byte	65
 1559 05fa 10       		.byte	16
 1560 05fb A0       		.byte	-96
 1561 05fc 12       		.byte	18
 1562 05fd 04       		.byte	4
 1563 05fe 18       		.byte	24
 1564 05ff 80       		.byte	-128
 1565 0600 19       		.byte	25
 1566 0601 04       		.byte	4
 1567 0602 1A       		.byte	26
 1568 0603 01       		.byte	1
 1569 0604 1B       		.byte	27
 1570 0605 50       		.byte	80
 1571 0606 20       		.byte	32
 1572 0607 40       		.byte	64
 1573 0608 21       		.byte	33
 1574 0609 08       		.byte	8
 1575 060a 22       		.byte	34
 1576 060b 50       		.byte	80
 1577 060c 30       		.byte	48
 1578 060d A0       		.byte	-96
 1579 060e 31       		.byte	49
 1580 060f 08       		.byte	8
 1581 0610 38       		.byte	56
 1582 0611 40       		.byte	64
 1583 0612 42       		.byte	66
 1584 0613 01       		.byte	1
 1585 0614 46       		.byte	70
 1586 0615 04       		.byte	4
 1587 0616 48       		.byte	72
 1588 0617 28       		.byte	40
 1589 0618 49       		.byte	73
 1590 0619 01       		.byte	1
 1591 061a 4F       		.byte	79
 1592 061b 80       		.byte	-128
 1593 061c 50       		.byte	80
 1594 061d 88       		.byte	-120
 1595 061e 52       		.byte	82
 1596 061f 04       		.byte	4
ARM GAS  C:\Users\jon\AppData\Local\Temp\ccNLtOXL.s 			page 29


 1597 0620 59       		.byte	89
 1598 0621 05       		.byte	5
 1599 0622 5A       		.byte	90
 1600 0623 A0       		.byte	-96
 1601 0624 72       		.byte	114
 1602 0625 40       		.byte	64
 1603 0626 80       		.byte	-128
 1604 0627 40       		.byte	64
 1605 0628 83       		.byte	-125
 1606 0629 10       		.byte	16
 1607 062a C2       		.byte	-62
 1608 062b 09       		.byte	9
 1609 062c C4       		.byte	-60
 1610 062d 0E       		.byte	14
 1611 062e CC       		.byte	-52
 1612 062f 0E       		.byte	14
 1613 0630 CE       		.byte	-50
 1614 0631 08       		.byte	8
 1615 0632 D0       		.byte	-48
 1616 0633 28       		.byte	40
 1617 0634 D2       		.byte	-46
 1618 0635 14       		.byte	20
 1619 0636 D6       		.byte	-42
 1620 0637 0F       		.byte	15
 1621 0638 E0       		.byte	-32
 1622 0639 81       		.byte	-127
 1623 063a E4       		.byte	-28
 1624 063b 01       		.byte	1
 1625 063c 40       		.byte	64
 1626 063d 10       		.byte	16
 1627 063e 41       		.byte	65
 1628 063f 02       		.byte	2
 1629 0640 49       		.byte	73
 1630 0641 FF       		.byte	-1
 1631 0642 4A       		.byte	74
 1632 0643 FF       		.byte	-1
 1633 0644 4B       		.byte	75
 1634 0645 FF       		.byte	-1
 1635 0646 4D       		.byte	77
 1636 0647 A0       		.byte	-96
 1637 0648 4F       		.byte	79
 1638 0649 04       		.byte	4
 1639 064a 50       		.byte	80
 1640 064b 18       		.byte	24
 1641 064c 5A       		.byte	90
 1642 064d 04       		.byte	4
 1643 064e 5D       		.byte	93
 1644 064f 02       		.byte	2
 1645 0650 5F       		.byte	95
 1646 0651 01       		.byte	1
 1647 0652 60       		.byte	96
 1648 0653 40       		.byte	64
 1649 0654 62       		.byte	98
 1650 0655 C0       		.byte	-64
 1651 0656 64       		.byte	100
 1652 0657 40       		.byte	64
 1653 0658 65       		.byte	101
ARM GAS  C:\Users\jon\AppData\Local\Temp\ccNLtOXL.s 			page 30


 1654 0659 40       		.byte	64
 1655 065a 66       		.byte	102
 1656 065b C0       		.byte	-64
 1657 065c 68       		.byte	104
 1658 065d C0       		.byte	-64
 1659 065e 6A       		.byte	106
 1660 065f C0       		.byte	-64
 1661 0660 6C       		.byte	108
 1662 0661 C0       		.byte	-64
 1663 0662 6E       		.byte	110
 1664 0663 C0       		.byte	-64
 1665 0664 82       		.byte	-126
 1666 0665 0E       		.byte	14
 1667 0666 83       		.byte	-125
 1668 0667 0C       		.byte	12
 1669 0668 87       		.byte	-121
 1670 0669 03       		.byte	3
 1671 066a 8A       		.byte	-118
 1672 066b 04       		.byte	4
 1673 066c 91       		.byte	-111
 1674 066d 02       		.byte	2
 1675 066e 96       		.byte	-106
 1676 066f 02       		.byte	2
 1677 0670 99       		.byte	-103
 1678 0671 08       		.byte	8
 1679 0672 9E       		.byte	-98
 1680 0673 08       		.byte	8
 1681 0674 AE       		.byte	-82
 1682 0675 01       		.byte	1
 1683 0676 B0       		.byte	-80
 1684 0677 04       		.byte	4
 1685 0678 B1       		.byte	-79
 1686 0679 02       		.byte	2
 1687 067a B2       		.byte	-78
 1688 067b 08       		.byte	8
 1689 067c B3       		.byte	-77
 1690 067d 08       		.byte	8
 1691 067e B4       		.byte	-76
 1692 067f 02       		.byte	2
 1693 0680 B5       		.byte	-75
 1694 0681 04       		.byte	4
 1695 0682 B6       		.byte	-74
 1696 0683 01       		.byte	1
 1697 0684 B7       		.byte	-73
 1698 0685 01       		.byte	1
 1699 0686 BE       		.byte	-66
 1700 0687 10       		.byte	16
 1701 0688 C0       		.byte	-64
 1702 0689 10       		.byte	16
 1703 068a C1       		.byte	-63
 1704 068b 02       		.byte	2
 1705 068c C5       		.byte	-59
 1706 068d D0       		.byte	-48
 1707 068e C6       		.byte	-58
 1708 068f 20       		.byte	32
 1709 0690 C7       		.byte	-57
 1710 0691 51       		.byte	81
ARM GAS  C:\Users\jon\AppData\Local\Temp\ccNLtOXL.s 			page 31


 1711 0692 C8       		.byte	-56
 1712 0693 3A       		.byte	58
 1713 0694 C9       		.byte	-55
 1714 0695 FF       		.byte	-1
 1715 0696 CA       		.byte	-54
 1716 0697 FF       		.byte	-1
 1717 0698 CB       		.byte	-53
 1718 0699 FF       		.byte	-1
 1719 069a CD       		.byte	-51
 1720 069b AF       		.byte	-81
 1721 069c CE       		.byte	-50
 1722 069d 0F       		.byte	15
 1723 069e CF       		.byte	-49
 1724 069f 04       		.byte	4
 1725 06a0 D0       		.byte	-48
 1726 06a1 18       		.byte	24
 1727 06a2 D2       		.byte	-46
 1728 06a3 80       		.byte	-128
 1729 06a4 D4       		.byte	-44
 1730 06a5 07       		.byte	7
 1731 06a6 D8       		.byte	-40
 1732 06a7 04       		.byte	4
 1733 06a8 D9       		.byte	-39
 1734 06a9 04       		.byte	4
 1735 06aa DA       		.byte	-38
 1736 06ab 04       		.byte	4
 1737 06ac DB       		.byte	-37
 1738 06ad 04       		.byte	4
 1739 06ae DC       		.byte	-36
 1740 06af 22       		.byte	34
 1741 06b0 DD       		.byte	-35
 1742 06b1 22       		.byte	34
 1743 06b2 DF       		.byte	-33
 1744 06b3 01       		.byte	1
 1745 06b4 E0       		.byte	-32
 1746 06b5 40       		.byte	64
 1747 06b6 E2       		.byte	-30
 1748 06b7 C0       		.byte	-64
 1749 06b8 E4       		.byte	-28
 1750 06b9 40       		.byte	64
 1751 06ba E5       		.byte	-27
 1752 06bb 40       		.byte	64
 1753 06bc E6       		.byte	-26
 1754 06bd C0       		.byte	-64
 1755 06be E8       		.byte	-24
 1756 06bf C0       		.byte	-64
 1757 06c0 EA       		.byte	-22
 1758 06c1 C0       		.byte	-64
 1759 06c2 EC       		.byte	-20
 1760 06c3 C0       		.byte	-64
 1761 06c4 EE       		.byte	-18
 1762 06c5 C0       		.byte	-64
 1763 06c6 04       		.byte	4
 1764 06c7 01       		.byte	1
 1765 06c8 06       		.byte	6
 1766 06c9 08       		.byte	8
 1767 06ca 0F       		.byte	15
ARM GAS  C:\Users\jon\AppData\Local\Temp\ccNLtOXL.s 			page 32


 1768 06cb 22       		.byte	34
 1769 06cc 17       		.byte	23
 1770 06cd 40       		.byte	64
 1771 06ce 1C       		.byte	28
 1772 06cf 21       		.byte	33
 1773 06d0 1D       		.byte	29
 1774 06d1 80       		.byte	-128
 1775 06d2 1E       		.byte	30
 1776 06d3 08       		.byte	8
 1777 06d4 1F       		.byte	31
 1778 06d5 02       		.byte	2
 1779 06d6 24       		.byte	36
 1780 06d7 40       		.byte	64
 1781 06d8 26       		.byte	38
 1782 06d9 20       		.byte	32
 1783 06da 27       		.byte	39
 1784 06db 22       		.byte	34
 1785 06dc 36       		.byte	54
 1786 06dd 20       		.byte	32
 1787 06de 37       		.byte	55
 1788 06df 02       		.byte	2
 1789 06e0 3E       		.byte	62
 1790 06e1 08       		.byte	8
 1791 06e2 3F       		.byte	63
 1792 06e3 02       		.byte	2
 1793 06e4 40       		.byte	64
 1794 06e5 01       		.byte	1
 1795 06e6 41       		.byte	65
 1796 06e7 20       		.byte	32
 1797 06e8 45       		.byte	69
 1798 06e9 A0       		.byte	-96
 1799 06ea 4F       		.byte	79
 1800 06eb 01       		.byte	1
 1801 06ec 55       		.byte	85
 1802 06ed 20       		.byte	32
 1803 06ee 56       		.byte	86
 1804 06ef 08       		.byte	8
 1805 06f0 57       		.byte	87
 1806 06f1 11       		.byte	17
 1807 06f2 5C       		.byte	92
 1808 06f3 40       		.byte	64
 1809 06f4 5E       		.byte	94
 1810 06f5 08       		.byte	8
 1811 06f6 5F       		.byte	95
 1812 06f7 21       		.byte	33
 1813 06f8 77       		.byte	119
 1814 06f9 40       		.byte	64
 1815 06fa 87       		.byte	-121
 1816 06fb 02       		.byte	2
 1817 06fc 88       		.byte	-120
 1818 06fd 10       		.byte	16
 1819 06fe C0       		.byte	-64
 1820 06ff 50       		.byte	80
 1821 0700 C2       		.byte	-62
 1822 0701 A0       		.byte	-96
 1823 0702 C4       		.byte	-60
 1824 0703 80       		.byte	-128
ARM GAS  C:\Users\jon\AppData\Local\Temp\ccNLtOXL.s 			page 33


 1825 0704 CC       		.byte	-52
 1826 0705 A0       		.byte	-96
 1827 0706 CE       		.byte	-50
 1828 0707 C0       		.byte	-64
 1829 0708 D0       		.byte	-48
 1830 0709 3C       		.byte	60
 1831 070a D6       		.byte	-42
 1832 070b F0       		.byte	-16
 1833 070c E0       		.byte	-32
 1834 070d 08       		.byte	8
 1835 070e 53       		.byte	83
 1836 070f 80       		.byte	-128
 1837 0710 57       		.byte	87
 1838 0711 04       		.byte	4
 1839 0712 D4       		.byte	-44
 1840 0713 60       		.byte	96
 1841 0714 A7       		.byte	-89
 1842 0715 84       		.byte	-124
 1843 0716 75       		.byte	117
 1844 0717 08       		.byte	8
 1845 0718 7B       		.byte	123
 1846 0719 02       		.byte	2
 1847 071a DC       		.byte	-36
 1848 071b 01       		.byte	1
 1849 071c DE       		.byte	-34
 1850 071d 04       		.byte	4
 1851 071e 56       		.byte	86
 1852 071f 20       		.byte	32
 1853 0720 59       		.byte	89
 1854 0721 01       		.byte	1
 1855 0722 5C       		.byte	92
 1856 0723 40       		.byte	64
 1857 0724 5E       		.byte	94
 1858 0725 02       		.byte	2
 1859 0726 61       		.byte	97
 1860 0727 08       		.byte	8
 1861 0728 64       		.byte	100
 1862 0729 20       		.byte	32
 1863 072a 85       		.byte	-123
 1864 072b 08       		.byte	8
 1865 072c 8F       		.byte	-113
 1866 072d 02       		.byte	2
 1867 072e 9D       		.byte	-99
 1868 072f 08       		.byte	8
 1869 0730 A7       		.byte	-89
 1870 0731 02       		.byte	2
 1871 0732 D4       		.byte	-44
 1872 0733 02       		.byte	2
 1873 0734 D6       		.byte	-42
 1874 0735 07       		.byte	7
 1875 0736 D8       		.byte	-40
 1876 0737 03       		.byte	3
 1877 0738 E4       		.byte	-28
 1878 0739 02       		.byte	2
 1879 073a 80       		.byte	-128
 1880 073b 40       		.byte	64
 1881 073c 8E       		.byte	-114
ARM GAS  C:\Users\jon\AppData\Local\Temp\ccNLtOXL.s 			page 34


 1882 073d 20       		.byte	32
 1883 073e 94       		.byte	-108
 1884 073f 40       		.byte	64
 1885 0740 9C       		.byte	-100
 1886 0741 20       		.byte	32
 1887 0742 9D       		.byte	-99
 1888 0743 01       		.byte	1
 1889 0744 9E       		.byte	-98
 1890 0745 20       		.byte	32
 1891 0746 A3       		.byte	-93
 1892 0747 08       		.byte	8
 1893 0748 A5       		.byte	-91
 1894 0749 08       		.byte	8
 1895 074a A6       		.byte	-90
 1896 074b 01       		.byte	1
 1897 074c AF       		.byte	-81
 1898 074d 08       		.byte	8
 1899 074e E4       		.byte	-28
 1900 074f 02       		.byte	2
 1901 0750 80       		.byte	-128
 1902 0751 20       		.byte	32
 1903 0752 8D       		.byte	-115
 1904 0753 01       		.byte	1
 1905 0754 9C       		.byte	-100
 1906 0755 20       		.byte	32
 1907 0756 9D       		.byte	-99
 1908 0757 01       		.byte	1
 1909 0758 A3       		.byte	-93
 1910 0759 08       		.byte	8
 1911 075a A5       		.byte	-91
 1912 075b 08       		.byte	8
 1913 075c A6       		.byte	-90
 1914 075d 01       		.byte	1
 1915 075e E4       		.byte	-28
 1916 075f 02       		.byte	2
 1917 0760 A7       		.byte	-89
 1918 0761 04       		.byte	4
 1919 0762 AF       		.byte	-81
 1920 0763 80       		.byte	-128
 1921 0764 EE       		.byte	-18
 1922 0765 10       		.byte	16
 1923 0766 74       		.byte	116
 1924 0767 01       		.byte	1
 1925 0768 78       		.byte	120
 1926 0769 40       		.byte	64
 1927 076a 84       		.byte	-124
 1928 076b 40       		.byte	64
 1929 076c 88       		.byte	-120
 1930 076d 01       		.byte	1
 1931 076e 8F       		.byte	-113
 1932 076f 04       		.byte	4
 1933 0770 A7       		.byte	-89
 1934 0771 04       		.byte	4
 1935 0772 DC       		.byte	-36
 1936 0773 80       		.byte	-128
 1937 0774 DE       		.byte	-34
 1938 0775 20       		.byte	32
ARM GAS  C:\Users\jon\AppData\Local\Temp\ccNLtOXL.s 			page 35


 1939 0776 E6       		.byte	-26
 1940 0777 10       		.byte	16
 1941 0778 57       		.byte	87
 1942 0779 08       		.byte	8
 1943 077a 67       		.byte	103
 1944 077b 08       		.byte	8
 1945 077c 81       		.byte	-127
 1946 077d 08       		.byte	8
 1947 077e 82       		.byte	-126
 1948 077f 01       		.byte	1
 1949 0780 8B       		.byte	-117
 1950 0781 04       		.byte	4
 1951 0782 A3       		.byte	-93
 1952 0783 08       		.byte	8
 1953 0784 A5       		.byte	-91
 1954 0785 08       		.byte	8
 1955 0786 A6       		.byte	-90
 1956 0787 01       		.byte	1
 1957 0788 D4       		.byte	-44
 1958 0789 02       		.byte	2
 1959 078a D8       		.byte	-40
 1960 078b 01       		.byte	1
 1961 078c E0       		.byte	-32
 1962 078d 01       		.byte	1
 1963 078e 72       		.byte	114
 1964 078f 20       		.byte	32
 1965 0790 7F       		.byte	127
 1966 0791 02       		.byte	2
 1967 0792 86       		.byte	-122
 1968 0793 20       		.byte	32
 1969 0794 8B       		.byte	-117
 1970 0795 02       		.byte	2
 1971 0796 DC       		.byte	-36
 1972 0797 01       		.byte	1
 1973 0798 DE       		.byte	-34
 1974 0799 04       		.byte	4
 1975 079a E4       		.byte	-28
 1976 079b 01       		.byte	1
 1977 079c 00       		.byte	0
 1978 079d 2B       		.byte	43
 1979 079e 0A       		.byte	10
 1980 079f 02       		.byte	2
 1981 07a0 0C       		.byte	12
 1982 07a1 21       		.byte	33
 1983 07a2 0E       		.byte	14
 1984 07a3 08       		.byte	8
 1985 07a4 10       		.byte	16
 1986 07a5 D4       		.byte	-44
 1987 07a6 1A       		.byte	26
 1988 07a7 90       		.byte	-112
 1989 07a8 1C       		.byte	28
 1990 07a9 44       		.byte	68
 1991 07aa 00       		.byte	0
 1992 07ab 00       		.byte	0
 1993 07ac 00       		.byte	0
 1994 07ad FF       		.byte	-1
 1995 07ae FF       		.byte	-1
ARM GAS  C:\Users\jon\AppData\Local\Temp\ccNLtOXL.s 			page 36


 1996 07af 00       		.byte	0
 1997 07b0 FF       		.byte	-1
 1998 07b1 00       		.byte	0
 1999 07b2 00       		.byte	0
 2000 07b3 00       		.byte	0
 2001 07b4 00       		.byte	0
 2002 07b5 1F       		.byte	31
 2003 07b6 1F       		.byte	31
 2004 07b7 00       		.byte	0
 2005 07b8 14       		.byte	20
 2006 07b9 00       		.byte	0
 2007 07ba 00       		.byte	0
 2008 07bb 00       		.byte	0
 2009 07bc 00       		.byte	0
 2010 07bd F9       		.byte	-7
 2011 07be F9       		.byte	-7
 2012 07bf 00       		.byte	0
 2013 07c0 F9       		.byte	-7
 2014 07c1 00       		.byte	0
 2015 07c2 00       		.byte	0
 2016 07c3 00       		.byte	0
 2017              		.section	.cywolatch,"a",%progbits
 2018              		.align	2
 2019              		.type	cy_meta_wonvl, %object
 2020              		.size	cy_meta_wonvl, 4
 2021              	cy_meta_wonvl:
 2022 0000 BC       		.byte	-68
 2023 0001 90       		.byte	-112
 2024 0002 AC       		.byte	-84
 2025 0003 AF       		.byte	-81
 2026              		.section	.cycustnvl,"a",%progbits
 2027              		.align	2
 2028              		.type	cy_meta_custnvl, %object
 2029              		.size	cy_meta_custnvl, 4
 2030              	cy_meta_custnvl:
 2031 0000 00       		.byte	0
 2032 0001 00       		.byte	0
 2033 0002 40       		.byte	64
 2034 0003 05       		.byte	5
 2035              		.section	.cymeta,"a",%progbits
 2036              		.align	2
 2037              		.type	cy_metadata, %object
 2038              		.size	cy_metadata, 12
 2039              	cy_metadata:
 2040 0000 00       		.byte	0
 2041 0001 01       		.byte	1
 2042 0002 2E       		.byte	46
 2043 0003 16       		.byte	22
 2044 0004 10       		.byte	16
 2045 0005 69       		.byte	105
 2046 0006 00       		.byte	0
 2047 0007 01       		.byte	1
 2048 0008 00       		.byte	0
 2049 0009 00       		.byte	0
 2050 000a 00       		.byte	0
 2051 000b 00       		.byte	0
 2052              		.section	.cyflashprotect,"a",%progbits
ARM GAS  C:\Users\jon\AppData\Local\Temp\ccNLtOXL.s 			page 37


 2053              		.align	2
 2054              		.type	cy_meta_flashprotect, %object
 2055              		.size	cy_meta_flashprotect, 256
 2056              	cy_meta_flashprotect:
 2057 0000 00000000 		.space	256
 2057      00000000 
 2057      00000000 
 2057      00000000 
 2057      00000000 
 2058              		.text
 2059              	.Letext0:
 2060              		.file 1 "c:\\program files (x86)\\cypress\\psoc creator\\4.2\\psoc creator\\import\\gnu\\arm\\5.4.
 2061              		.file 2 "c:\\program files (x86)\\cypress\\psoc creator\\4.2\\psoc creator\\import\\gnu\\arm\\5.4.
 2062              		.file 3 "Generated_Source\\PSoC5\\cymetadata.c"
 2063              		.section	.debug_info,"",%progbits
 2064              	.Ldebug_info0:
 2065 0000 35010000 		.4byte	0x135
 2066 0004 0400     		.2byte	0x4
 2067 0006 00000000 		.4byte	.Ldebug_abbrev0
 2068 000a 04       		.byte	0x4
 2069 000b 01       		.uleb128 0x1
 2070 000c 24000000 		.4byte	.LASF17
 2071 0010 0C       		.byte	0xc
 2072 0011 B2010000 		.4byte	.LASF18
 2073 0015 72010000 		.4byte	.LASF19
 2074 0019 00000000 		.4byte	.Ldebug_line0
 2075 001d 02       		.uleb128 0x2
 2076 001e 01       		.byte	0x1
 2077 001f 06       		.byte	0x6
 2078 0020 A6010000 		.4byte	.LASF0
 2079 0024 03       		.uleb128 0x3
 2080 0025 00000000 		.4byte	.LASF9
 2081 0029 01       		.byte	0x1
 2082 002a 1D       		.byte	0x1d
 2083 002b 2F000000 		.4byte	0x2f
 2084 002f 02       		.uleb128 0x2
 2085 0030 01       		.byte	0x1
 2086 0031 08       		.byte	0x8
 2087 0032 16000000 		.4byte	.LASF1
 2088 0036 02       		.uleb128 0x2
 2089 0037 02       		.byte	0x2
 2090 0038 05       		.byte	0x5
 2091 0039 5F010000 		.4byte	.LASF2
 2092 003d 02       		.uleb128 0x2
 2093 003e 02       		.byte	0x2
 2094 003f 07       		.byte	0x7
 2095 0040 C4000000 		.4byte	.LASF3
 2096 0044 02       		.uleb128 0x2
 2097 0045 04       		.byte	0x4
 2098 0046 05       		.byte	0x5
 2099 0047 69010000 		.4byte	.LASF4
 2100 004b 02       		.uleb128 0x2
 2101 004c 04       		.byte	0x4
 2102 004d 07       		.byte	0x7
 2103 004e B2000000 		.4byte	.LASF5
 2104 0052 02       		.uleb128 0x2
 2105 0053 08       		.byte	0x8
ARM GAS  C:\Users\jon\AppData\Local\Temp\ccNLtOXL.s 			page 38


 2106 0054 05       		.byte	0x5
 2107 0055 51010000 		.4byte	.LASF6
 2108 0059 02       		.uleb128 0x2
 2109 005a 08       		.byte	0x8
 2110 005b 07       		.byte	0x7
 2111 005c 06010000 		.4byte	.LASF7
 2112 0060 04       		.uleb128 0x4
 2113 0061 04       		.byte	0x4
 2114 0062 05       		.byte	0x5
 2115 0063 696E7400 		.ascii	"int\000"
 2116 0067 02       		.uleb128 0x2
 2117 0068 04       		.byte	0x4
 2118 0069 07       		.byte	0x7
 2119 006a F9000000 		.4byte	.LASF8
 2120 006e 03       		.uleb128 0x3
 2121 006f 1D010000 		.4byte	.LASF10
 2122 0073 02       		.byte	0x2
 2123 0074 18       		.byte	0x18
 2124 0075 24000000 		.4byte	0x24
 2125 0079 05       		.uleb128 0x5
 2126 007a 91000000 		.4byte	0x91
 2127 007e 8A000000 		.4byte	0x8a
 2128 0082 06       		.uleb128 0x6
 2129 0083 8A000000 		.4byte	0x8a
 2130 0087 C307     		.2byte	0x7c3
 2131 0089 00       		.byte	0
 2132 008a 02       		.uleb128 0x2
 2133 008b 04       		.byte	0x4
 2134 008c 07       		.byte	0x7
 2135 008d 48010000 		.4byte	.LASF11
 2136 0091 07       		.uleb128 0x7
 2137 0092 6E000000 		.4byte	0x6e
 2138 0096 08       		.uleb128 0x8
 2139 0097 E7000000 		.4byte	.LASF12
 2140 009b 03       		.byte	0x3
 2141 009c 1F       		.byte	0x1f
 2142 009d A7000000 		.4byte	0xa7
 2143 00a1 05       		.uleb128 0x5
 2144 00a2 03       		.byte	0x3
 2145 00a3 00000000 		.4byte	cy_meta_configecc
 2146 00a7 07       		.uleb128 0x7
 2147 00a8 79000000 		.4byte	0x79
 2148 00ac 05       		.uleb128 0x5
 2149 00ad 91000000 		.4byte	0x91
 2150 00b1 BC000000 		.4byte	0xbc
 2151 00b5 09       		.uleb128 0x9
 2152 00b6 8A000000 		.4byte	0x8a
 2153 00ba 03       		.byte	0x3
 2154 00bb 00       		.byte	0
 2155 00bc 0A       		.uleb128 0xa
 2156 00bd D7000000 		.4byte	.LASF13
 2157 00c1 03       		.byte	0x3
 2158 00c2 2501     		.2byte	0x125
 2159 00c4 CE000000 		.4byte	0xce
 2160 00c8 05       		.uleb128 0x5
 2161 00c9 03       		.byte	0x3
 2162 00ca 00000000 		.4byte	cy_meta_custnvl
ARM GAS  C:\Users\jon\AppData\Local\Temp\ccNLtOXL.s 			page 39


 2163 00ce 07       		.uleb128 0x7
 2164 00cf AC000000 		.4byte	0xac
 2165 00d3 0A       		.uleb128 0xa
 2166 00d4 3A010000 		.4byte	.LASF14
 2167 00d8 03       		.byte	0x3
 2168 00d9 3301     		.2byte	0x133
 2169 00db E5000000 		.4byte	0xe5
 2170 00df 05       		.uleb128 0x5
 2171 00e0 03       		.byte	0x3
 2172 00e1 00000000 		.4byte	cy_meta_wonvl
 2173 00e5 07       		.uleb128 0x7
 2174 00e6 AC000000 		.4byte	0xac
 2175 00ea 05       		.uleb128 0x5
 2176 00eb 91000000 		.4byte	0x91
 2177 00ef FA000000 		.4byte	0xfa
 2178 00f3 09       		.uleb128 0x9
 2179 00f4 8A000000 		.4byte	0x8a
 2180 00f8 FF       		.byte	0xff
 2181 00f9 00       		.byte	0
 2182 00fa 0A       		.uleb128 0xa
 2183 00fb 25010000 		.4byte	.LASF15
 2184 00ff 03       		.byte	0x3
 2185 0100 4101     		.2byte	0x141
 2186 0102 0C010000 		.4byte	0x10c
 2187 0106 05       		.uleb128 0x5
 2188 0107 03       		.byte	0x3
 2189 0108 00000000 		.4byte	cy_meta_flashprotect
 2190 010c 07       		.uleb128 0x7
 2191 010d EA000000 		.4byte	0xea
 2192 0111 05       		.uleb128 0x5
 2193 0112 91000000 		.4byte	0x91
 2194 0116 21010000 		.4byte	0x121
 2195 011a 09       		.uleb128 0x9
 2196 011b 8A000000 		.4byte	0x8a
 2197 011f 0B       		.byte	0xb
 2198 0120 00       		.byte	0
 2199 0121 0A       		.uleb128 0xa
 2200 0122 0A000000 		.4byte	.LASF16
 2201 0126 03       		.byte	0x3
 2202 0127 6E01     		.2byte	0x16e
 2203 0129 33010000 		.4byte	0x133
 2204 012d 05       		.uleb128 0x5
 2205 012e 03       		.byte	0x3
 2206 012f 00000000 		.4byte	cy_metadata
 2207 0133 07       		.uleb128 0x7
 2208 0134 11010000 		.4byte	0x111
 2209 0138 00       		.byte	0
 2210              		.section	.debug_abbrev,"",%progbits
 2211              	.Ldebug_abbrev0:
 2212 0000 01       		.uleb128 0x1
 2213 0001 11       		.uleb128 0x11
 2214 0002 01       		.byte	0x1
 2215 0003 25       		.uleb128 0x25
 2216 0004 0E       		.uleb128 0xe
 2217 0005 13       		.uleb128 0x13
 2218 0006 0B       		.uleb128 0xb
 2219 0007 03       		.uleb128 0x3
ARM GAS  C:\Users\jon\AppData\Local\Temp\ccNLtOXL.s 			page 40


 2220 0008 0E       		.uleb128 0xe
 2221 0009 1B       		.uleb128 0x1b
 2222 000a 0E       		.uleb128 0xe
 2223 000b 10       		.uleb128 0x10
 2224 000c 17       		.uleb128 0x17
 2225 000d 00       		.byte	0
 2226 000e 00       		.byte	0
 2227 000f 02       		.uleb128 0x2
 2228 0010 24       		.uleb128 0x24
 2229 0011 00       		.byte	0
 2230 0012 0B       		.uleb128 0xb
 2231 0013 0B       		.uleb128 0xb
 2232 0014 3E       		.uleb128 0x3e
 2233 0015 0B       		.uleb128 0xb
 2234 0016 03       		.uleb128 0x3
 2235 0017 0E       		.uleb128 0xe
 2236 0018 00       		.byte	0
 2237 0019 00       		.byte	0
 2238 001a 03       		.uleb128 0x3
 2239 001b 16       		.uleb128 0x16
 2240 001c 00       		.byte	0
 2241 001d 03       		.uleb128 0x3
 2242 001e 0E       		.uleb128 0xe
 2243 001f 3A       		.uleb128 0x3a
 2244 0020 0B       		.uleb128 0xb
 2245 0021 3B       		.uleb128 0x3b
 2246 0022 0B       		.uleb128 0xb
 2247 0023 49       		.uleb128 0x49
 2248 0024 13       		.uleb128 0x13
 2249 0025 00       		.byte	0
 2250 0026 00       		.byte	0
 2251 0027 04       		.uleb128 0x4
 2252 0028 24       		.uleb128 0x24
 2253 0029 00       		.byte	0
 2254 002a 0B       		.uleb128 0xb
 2255 002b 0B       		.uleb128 0xb
 2256 002c 3E       		.uleb128 0x3e
 2257 002d 0B       		.uleb128 0xb
 2258 002e 03       		.uleb128 0x3
 2259 002f 08       		.uleb128 0x8
 2260 0030 00       		.byte	0
 2261 0031 00       		.byte	0
 2262 0032 05       		.uleb128 0x5
 2263 0033 01       		.uleb128 0x1
 2264 0034 01       		.byte	0x1
 2265 0035 49       		.uleb128 0x49
 2266 0036 13       		.uleb128 0x13
 2267 0037 01       		.uleb128 0x1
 2268 0038 13       		.uleb128 0x13
 2269 0039 00       		.byte	0
 2270 003a 00       		.byte	0
 2271 003b 06       		.uleb128 0x6
 2272 003c 21       		.uleb128 0x21
 2273 003d 00       		.byte	0
 2274 003e 49       		.uleb128 0x49
 2275 003f 13       		.uleb128 0x13
 2276 0040 2F       		.uleb128 0x2f
ARM GAS  C:\Users\jon\AppData\Local\Temp\ccNLtOXL.s 			page 41


 2277 0041 05       		.uleb128 0x5
 2278 0042 00       		.byte	0
 2279 0043 00       		.byte	0
 2280 0044 07       		.uleb128 0x7
 2281 0045 26       		.uleb128 0x26
 2282 0046 00       		.byte	0
 2283 0047 49       		.uleb128 0x49
 2284 0048 13       		.uleb128 0x13
 2285 0049 00       		.byte	0
 2286 004a 00       		.byte	0
 2287 004b 08       		.uleb128 0x8
 2288 004c 34       		.uleb128 0x34
 2289 004d 00       		.byte	0
 2290 004e 03       		.uleb128 0x3
 2291 004f 0E       		.uleb128 0xe
 2292 0050 3A       		.uleb128 0x3a
 2293 0051 0B       		.uleb128 0xb
 2294 0052 3B       		.uleb128 0x3b
 2295 0053 0B       		.uleb128 0xb
 2296 0054 49       		.uleb128 0x49
 2297 0055 13       		.uleb128 0x13
 2298 0056 3F       		.uleb128 0x3f
 2299 0057 19       		.uleb128 0x19
 2300 0058 02       		.uleb128 0x2
 2301 0059 18       		.uleb128 0x18
 2302 005a 00       		.byte	0
 2303 005b 00       		.byte	0
 2304 005c 09       		.uleb128 0x9
 2305 005d 21       		.uleb128 0x21
 2306 005e 00       		.byte	0
 2307 005f 49       		.uleb128 0x49
 2308 0060 13       		.uleb128 0x13
 2309 0061 2F       		.uleb128 0x2f
 2310 0062 0B       		.uleb128 0xb
 2311 0063 00       		.byte	0
 2312 0064 00       		.byte	0
 2313 0065 0A       		.uleb128 0xa
 2314 0066 34       		.uleb128 0x34
 2315 0067 00       		.byte	0
 2316 0068 03       		.uleb128 0x3
 2317 0069 0E       		.uleb128 0xe
 2318 006a 3A       		.uleb128 0x3a
 2319 006b 0B       		.uleb128 0xb
 2320 006c 3B       		.uleb128 0x3b
 2321 006d 05       		.uleb128 0x5
 2322 006e 49       		.uleb128 0x49
 2323 006f 13       		.uleb128 0x13
 2324 0070 3F       		.uleb128 0x3f
 2325 0071 19       		.uleb128 0x19
 2326 0072 02       		.uleb128 0x2
 2327 0073 18       		.uleb128 0x18
 2328 0074 00       		.byte	0
 2329 0075 00       		.byte	0
 2330 0076 00       		.byte	0
 2331              		.section	.debug_aranges,"",%progbits
 2332 0000 14000000 		.4byte	0x14
 2333 0004 0200     		.2byte	0x2
ARM GAS  C:\Users\jon\AppData\Local\Temp\ccNLtOXL.s 			page 42


 2334 0006 00000000 		.4byte	.Ldebug_info0
 2335 000a 04       		.byte	0x4
 2336 000b 00       		.byte	0
 2337 000c 0000     		.2byte	0
 2338 000e 0000     		.2byte	0
 2339 0010 00000000 		.4byte	0
 2340 0014 00000000 		.4byte	0
 2341              		.section	.debug_line,"",%progbits
 2342              	.Ldebug_line0:
 2343 0000 3D010000 		.section	.debug_str,"MS",%progbits,1
 2343      02003701 
 2343      00000201 
 2343      FB0E0D00 
 2343      01010101 
 2344              	.LASF9:
 2345 0000 5F5F7569 		.ascii	"__uint8_t\000"
 2345      6E74385F 
 2345      7400
 2346              	.LASF16:
 2347 000a 63795F6D 		.ascii	"cy_metadata\000"
 2347      65746164 
 2347      61746100 
 2348              	.LASF1:
 2349 0016 756E7369 		.ascii	"unsigned char\000"
 2349      676E6564 
 2349      20636861 
 2349      7200
 2350              	.LASF17:
 2351 0024 474E5520 		.ascii	"GNU C11 5.4.1 20160609 (release) [ARM/embedded-5-br"
 2351      43313120 
 2351      352E342E 
 2351      31203230 
 2351      31363036 
 2352 0057 616E6368 		.ascii	"anch revision 237715] -mcpu=cortex-m3 -mthumb -g -O"
 2352      20726576 
 2352      6973696F 
 2352      6E203233 
 2352      37373135 
 2353 008a 67202D66 		.ascii	"g -ffunction-sections -ffat-lto-objects\000"
 2353      66756E63 
 2353      74696F6E 
 2353      2D736563 
 2353      74696F6E 
 2354              	.LASF5:
 2355 00b2 6C6F6E67 		.ascii	"long unsigned int\000"
 2355      20756E73 
 2355      69676E65 
 2355      6420696E 
 2355      7400
 2356              	.LASF3:
 2357 00c4 73686F72 		.ascii	"short unsigned int\000"
 2357      7420756E 
 2357      7369676E 
 2357      65642069 
 2357      6E7400
 2358              	.LASF13:
 2359 00d7 63795F6D 		.ascii	"cy_meta_custnvl\000"
ARM GAS  C:\Users\jon\AppData\Local\Temp\ccNLtOXL.s 			page 43


 2359      6574615F 
 2359      63757374 
 2359      6E766C00 
 2360              	.LASF12:
 2361 00e7 63795F6D 		.ascii	"cy_meta_configecc\000"
 2361      6574615F 
 2361      636F6E66 
 2361      69676563 
 2361      6300
 2362              	.LASF8:
 2363 00f9 756E7369 		.ascii	"unsigned int\000"
 2363      676E6564 
 2363      20696E74 
 2363      00
 2364              	.LASF7:
 2365 0106 6C6F6E67 		.ascii	"long long unsigned int\000"
 2365      206C6F6E 
 2365      6720756E 
 2365      7369676E 
 2365      65642069 
 2366              	.LASF10:
 2367 011d 75696E74 		.ascii	"uint8_t\000"
 2367      385F7400 
 2368              	.LASF15:
 2369 0125 63795F6D 		.ascii	"cy_meta_flashprotect\000"
 2369      6574615F 
 2369      666C6173 
 2369      6870726F 
 2369      74656374 
 2370              	.LASF14:
 2371 013a 63795F6D 		.ascii	"cy_meta_wonvl\000"
 2371      6574615F 
 2371      776F6E76 
 2371      6C00
 2372              	.LASF11:
 2373 0148 73697A65 		.ascii	"sizetype\000"
 2373      74797065 
 2373      00
 2374              	.LASF6:
 2375 0151 6C6F6E67 		.ascii	"long long int\000"
 2375      206C6F6E 
 2375      6720696E 
 2375      7400
 2376              	.LASF2:
 2377 015f 73686F72 		.ascii	"short int\000"
 2377      7420696E 
 2377      7400
 2378              	.LASF4:
 2379 0169 6C6F6E67 		.ascii	"long int\000"
 2379      20696E74 
 2379      00
 2380              	.LASF19:
 2381 0172 433A5C55 		.ascii	"C:\\Users\\jon\\Desktop\\CSE564-PSoC\\Face\\Control"
 2381      73657273 
 2381      5C6A6F6E 
 2381      5C446573 
 2381      6B746F70 
ARM GAS  C:\Users\jon\AppData\Local\Temp\ccNLtOXL.s 			page 44


 2382 019f 2E637964 		.ascii	".cydsn\000"
 2382      736E00
 2383              	.LASF0:
 2384 01a6 7369676E 		.ascii	"signed char\000"
 2384      65642063 
 2384      68617200 
 2385              	.LASF18:
 2386 01b2 47656E65 		.ascii	"Generated_Source\\PSoC5\\cymetadata.c\000"
 2386      72617465 
 2386      645F536F 
 2386      75726365 
 2386      5C50536F 
 2387              		.ident	"GCC: (GNU Tools for ARM Embedded Processors) 5.4.1 20160609 (release) [ARM/embedded-5-bran
