ARM GAS  C:\Users\jon\AppData\Local\Temp\ccmJJXAa.s 			page 1


   1              		.syntax unified
   2              		.cpu cortex-m3
   3              		.fpu softvfp
   4              		.eabi_attribute 20, 1
   5              		.eabi_attribute 21, 1
   6              		.eabi_attribute 23, 3
   7              		.eabi_attribute 24, 1
   8              		.eabi_attribute 25, 1
   9              		.eabi_attribute 26, 1
  10              		.eabi_attribute 30, 1
  11              		.eabi_attribute 34, 1
  12              		.eabi_attribute 18, 4
  13              		.thumb
  14              		.syntax unified
  15              		.file	"mouthcontrol.c"
  16              		.text
  17              	.Ltext0:
  18              		.cfi_sections	.debug_frame
  19              		.section	.text.mouth_set,"ax",%progbits
  20              		.align	2
  21              		.global	mouth_set
  22              		.thumb
  23              		.thumb_func
  24              		.type	mouth_set, %function
  25              	mouth_set:
  26              	.LFB63:
  27              		.file 1 "mouthcontrol.c"
   1:mouthcontrol.c **** /* ========================================
   2:mouthcontrol.c ****  *
   3:mouthcontrol.c ****  * Copyright YOUR COMPANY, THE YEAR
   4:mouthcontrol.c ****  * All Rights Reserved
   5:mouthcontrol.c ****  * UNPUBLISHED, LICENSED SOFTWARE.
   6:mouthcontrol.c ****  *
   7:mouthcontrol.c ****  * CONFIDENTIAL AND PROPRIETARY INFORMATION
   8:mouthcontrol.c ****  * WHICH IS THE PROPERTY OF your company.
   9:mouthcontrol.c ****  *
  10:mouthcontrol.c ****  * ========================================
  11:mouthcontrol.c **** */
  12:mouthcontrol.c **** 
  13:mouthcontrol.c **** #include "mouthcontrol.h"
  14:mouthcontrol.c **** #include "servocontrol.h"
  15:mouthcontrol.c **** 
  16:mouthcontrol.c **** void mouth_set(mouth_position option) {
  28              		.loc 1 16 0
  29              		.cfi_startproc
  30              		@ args = 0, pretend = 0, frame = 0
  31              		@ frame_needed = 0, uses_anonymous_args = 0
  32              	.LVL0:
  33 0000 08B5     		push	{r3, lr}
  34              		.cfi_def_cfa_offset 8
  35              		.cfi_offset 3, -8
  36              		.cfi_offset 14, -4
  17:mouthcontrol.c ****     switch (option) {
  37              		.loc 1 17 0
  38 0002 10B1     		cbz	r0, .L3
  39 0004 0128     		cmp	r0, #1
  40 0006 05D0     		beq	.L4
ARM GAS  C:\Users\jon\AppData\Local\Temp\ccmJJXAa.s 			page 2


  41 0008 08BD     		pop	{r3, pc}
  42              	.L3:
  18:mouthcontrol.c ****         case MOUTH_OPEN:
  19:mouthcontrol.c ****             set_smooth_servo_angle(JAW, 90);
  43              		.loc 1 19 0
  44 000a 5A21     		movs	r1, #90
  45 000c 0320     		movs	r0, #3
  46              	.LVL1:
  47 000e FFF7FEFF 		bl	set_smooth_servo_angle
  48              	.LVL2:
  20:mouthcontrol.c ****             break;
  49              		.loc 1 20 0
  50 0012 08BD     		pop	{r3, pc}
  51              	.LVL3:
  52              	.L4:
  21:mouthcontrol.c ****         case MOUTH_CLOSE:
  22:mouthcontrol.c ****             set_smooth_servo_angle(JAW, 130);
  53              		.loc 1 22 0
  54 0014 8221     		movs	r1, #130
  55 0016 0320     		movs	r0, #3
  56              	.LVL4:
  57 0018 FFF7FEFF 		bl	set_smooth_servo_angle
  58              	.LVL5:
  59 001c 08BD     		pop	{r3, pc}
  60              		.cfi_endproc
  61              	.LFE63:
  62              		.size	mouth_set, .-mouth_set
  63 001e 00BF     		.section	.text.lip_set,"ax",%progbits
  64              		.align	2
  65              		.global	lip_set
  66              		.thumb
  67              		.thumb_func
  68              		.type	lip_set, %function
  69              	lip_set:
  70              	.LFB64:
  23:mouthcontrol.c ****             break;
  24:mouthcontrol.c ****         default:
  25:mouthcontrol.c ****             break;
  26:mouthcontrol.c ****     }
  27:mouthcontrol.c **** }
  28:mouthcontrol.c **** 
  29:mouthcontrol.c **** void lip_set(lip_position option) {
  71              		.loc 1 29 0
  72              		.cfi_startproc
  73              		@ args = 0, pretend = 0, frame = 0
  74              		@ frame_needed = 0, uses_anonymous_args = 0
  75              	.LVL6:
  76 0000 08B5     		push	{r3, lr}
  77              		.cfi_def_cfa_offset 8
  78              		.cfi_offset 3, -8
  79              		.cfi_offset 14, -4
  30:mouthcontrol.c ****     switch (option) {
  80              		.loc 1 30 0
  81 0002 0328     		cmp	r0, #3
  82 0004 26D8     		bhi	.L6
  83 0006 DFE800F0 		tbb	[pc, r0]
  84              	.L9:
ARM GAS  C:\Users\jon\AppData\Local\Temp\ccmJJXAa.s 			page 3


  85 000a 02       		.byte	(.L8-.L9)/2
  86 000b 0B       		.byte	(.L10-.L9)/2
  87 000c 14       		.byte	(.L11-.L9)/2
  88 000d 1D       		.byte	(.L12-.L9)/2
  89              		.p2align 1
  90              	.L8:
  31:mouthcontrol.c ****         case LIP_NORMAL:
  32:mouthcontrol.c ****             set_smooth_servo_angle(LIP_LEFT, 80);
  91              		.loc 1 32 0
  92 000e 5021     		movs	r1, #80
  93 0010 0420     		movs	r0, #4
  94              	.LVL7:
  95 0012 FFF7FEFF 		bl	set_smooth_servo_angle
  96              	.LVL8:
  33:mouthcontrol.c ****             set_smooth_servo_angle(LIP_RIGHT, 90);
  97              		.loc 1 33 0
  98 0016 5A21     		movs	r1, #90
  99 0018 0520     		movs	r0, #5
 100 001a FFF7FEFF 		bl	set_smooth_servo_angle
 101              	.LVL9:
  34:mouthcontrol.c ****             break;
 102              		.loc 1 34 0
 103 001e 08BD     		pop	{r3, pc}
 104              	.LVL10:
 105              	.L10:
  35:mouthcontrol.c ****         case LIP_LEFT_SMIRK:
  36:mouthcontrol.c ****             set_smooth_servo_angle(LIP_LEFT, 60);
 106              		.loc 1 36 0
 107 0020 3C21     		movs	r1, #60
 108 0022 0420     		movs	r0, #4
 109              	.LVL11:
 110 0024 FFF7FEFF 		bl	set_smooth_servo_angle
 111              	.LVL12:
  37:mouthcontrol.c ****             set_smooth_servo_angle(LIP_RIGHT, 90);
 112              		.loc 1 37 0
 113 0028 5A21     		movs	r1, #90
 114 002a 0520     		movs	r0, #5
 115 002c FFF7FEFF 		bl	set_smooth_servo_angle
 116              	.LVL13:
  38:mouthcontrol.c ****             break;
 117              		.loc 1 38 0
 118 0030 08BD     		pop	{r3, pc}
 119              	.LVL14:
 120              	.L11:
  39:mouthcontrol.c ****         case LIP_RIGHT_SMIRK:
  40:mouthcontrol.c ****             set_smooth_servo_angle(LIP_LEFT, 80);
 121              		.loc 1 40 0
 122 0032 5021     		movs	r1, #80
 123 0034 0420     		movs	r0, #4
 124              	.LVL15:
 125 0036 FFF7FEFF 		bl	set_smooth_servo_angle
 126              	.LVL16:
  41:mouthcontrol.c ****             set_smooth_servo_angle(LIP_RIGHT, 120);
 127              		.loc 1 41 0
 128 003a 7821     		movs	r1, #120
 129 003c 0520     		movs	r0, #5
 130 003e FFF7FEFF 		bl	set_smooth_servo_angle
ARM GAS  C:\Users\jon\AppData\Local\Temp\ccmJJXAa.s 			page 4


 131              	.LVL17:
  42:mouthcontrol.c ****             break;
 132              		.loc 1 42 0
 133 0042 08BD     		pop	{r3, pc}
 134              	.LVL18:
 135              	.L12:
  43:mouthcontrol.c ****         case LIP_BOTH_DOWN:
  44:mouthcontrol.c ****             set_smooth_servo_angle(LIP_RIGHT, 60);
 136              		.loc 1 44 0
 137 0044 3C21     		movs	r1, #60
 138 0046 0520     		movs	r0, #5
 139              	.LVL19:
 140 0048 FFF7FEFF 		bl	set_smooth_servo_angle
 141              	.LVL20:
  45:mouthcontrol.c ****             set_smooth_servo_angle(LIP_LEFT, 120);
 142              		.loc 1 45 0
 143 004c 7821     		movs	r1, #120
 144 004e 0420     		movs	r0, #4
 145 0050 FFF7FEFF 		bl	set_smooth_servo_angle
 146              	.LVL21:
 147              	.L6:
 148 0054 08BD     		pop	{r3, pc}
 149              		.cfi_endproc
 150              	.LFE64:
 151              		.size	lip_set, .-lip_set
 152 0056 00BF     		.text
 153              	.Letext0:
 154              		.file 2 "mouthcontrol.h"
 155              		.file 3 "c:\\program files (x86)\\cypress\\psoc creator\\4.2\\psoc creator\\import\\gnu\\arm\\5.4.
 156              		.file 4 "c:\\program files (x86)\\cypress\\psoc creator\\4.2\\psoc creator\\import\\gnu\\arm\\5.4.
 157              		.file 5 "servocontrol.h"
 158              		.file 6 "Generated_Source\\PSoC5/core_cm3.h"
 159              		.section	.debug_info,"",%progbits
 160              	.Ldebug_info0:
 161 0000 BA020000 		.4byte	0x2ba
 162 0004 0400     		.2byte	0x4
 163 0006 00000000 		.4byte	.Ldebug_abbrev0
 164 000a 04       		.byte	0x4
 165 000b 01       		.uleb128 0x1
 166 000c 96000000 		.4byte	.LASF42
 167 0010 0C       		.byte	0xc
 168 0011 F1020000 		.4byte	.LASF43
 169 0015 96020000 		.4byte	.LASF44
 170 0019 00000000 		.4byte	.Ldebug_ranges0+0
 171 001d 00000000 		.4byte	0
 172 0021 00000000 		.4byte	.Ldebug_line0
 173 0025 02       		.uleb128 0x2
 174 0026 01       		.byte	0x1
 175 0027 3E000000 		.4byte	0x3e
 176 002b 02       		.byte	0x2
 177 002c 10       		.byte	0x10
 178 002d 3E000000 		.4byte	0x3e
 179 0031 03       		.uleb128 0x3
 180 0032 24010000 		.4byte	.LASF0
 181 0036 00       		.byte	0
 182 0037 03       		.uleb128 0x3
 183 0038 7C000000 		.4byte	.LASF1
ARM GAS  C:\Users\jon\AppData\Local\Temp\ccmJJXAa.s 			page 5


 184 003c 01       		.byte	0x1
 185 003d 00       		.byte	0
 186 003e 04       		.uleb128 0x4
 187 003f 01       		.byte	0x1
 188 0040 08       		.byte	0x8
 189 0041 88000000 		.4byte	.LASF8
 190 0045 05       		.uleb128 0x5
 191 0046 40000000 		.4byte	.LASF6
 192 004a 02       		.byte	0x2
 193 004b 13       		.byte	0x13
 194 004c 25000000 		.4byte	0x25
 195 0050 02       		.uleb128 0x2
 196 0051 01       		.byte	0x1
 197 0052 3E000000 		.4byte	0x3e
 198 0056 02       		.byte	0x2
 199 0057 15       		.byte	0x15
 200 0058 75000000 		.4byte	0x75
 201 005c 03       		.uleb128 0x3
 202 005d A9010000 		.4byte	.LASF2
 203 0061 00       		.byte	0
 204 0062 03       		.uleb128 0x3
 205 0063 BE010000 		.4byte	.LASF3
 206 0067 01       		.byte	0x1
 207 0068 03       		.uleb128 0x3
 208 0069 E1020000 		.4byte	.LASF4
 209 006d 02       		.byte	0x2
 210 006e 03       		.uleb128 0x3
 211 006f 7C020000 		.4byte	.LASF5
 212 0073 03       		.byte	0x3
 213 0074 00       		.byte	0
 214 0075 05       		.uleb128 0x5
 215 0076 00000000 		.4byte	.LASF7
 216 007a 02       		.byte	0x2
 217 007b 1A       		.byte	0x1a
 218 007c 50000000 		.4byte	0x50
 219 0080 04       		.uleb128 0x4
 220 0081 01       		.byte	0x1
 221 0082 06       		.byte	0x6
 222 0083 70000000 		.4byte	.LASF9
 223 0087 04       		.uleb128 0x4
 224 0088 02       		.byte	0x2
 225 0089 05       		.byte	0x5
 226 008a 56020000 		.4byte	.LASF10
 227 008e 04       		.uleb128 0x4
 228 008f 02       		.byte	0x2
 229 0090 07       		.byte	0x7
 230 0091 55010000 		.4byte	.LASF11
 231 0095 05       		.uleb128 0x5
 232 0096 2B000000 		.4byte	.LASF12
 233 009a 03       		.byte	0x3
 234 009b 3F       		.byte	0x3f
 235 009c A0000000 		.4byte	0xa0
 236 00a0 04       		.uleb128 0x4
 237 00a1 04       		.byte	0x4
 238 00a2 05       		.byte	0x5
 239 00a3 73020000 		.4byte	.LASF13
 240 00a7 04       		.uleb128 0x4
ARM GAS  C:\Users\jon\AppData\Local\Temp\ccmJJXAa.s 			page 6


 241 00a8 04       		.byte	0x4
 242 00a9 07       		.byte	0x7
 243 00aa 43010000 		.4byte	.LASF14
 244 00ae 04       		.uleb128 0x4
 245 00af 08       		.byte	0x8
 246 00b0 05       		.byte	0x5
 247 00b1 18020000 		.4byte	.LASF15
 248 00b5 04       		.uleb128 0x4
 249 00b6 08       		.byte	0x8
 250 00b7 07       		.byte	0x7
 251 00b8 DA010000 		.4byte	.LASF16
 252 00bc 06       		.uleb128 0x6
 253 00bd 04       		.byte	0x4
 254 00be 05       		.byte	0x5
 255 00bf 696E7400 		.ascii	"int\000"
 256 00c3 04       		.uleb128 0x4
 257 00c4 04       		.byte	0x4
 258 00c5 07       		.byte	0x7
 259 00c6 CD010000 		.4byte	.LASF17
 260 00ca 05       		.uleb128 0x5
 261 00cb 07020000 		.4byte	.LASF18
 262 00cf 04       		.byte	0x4
 263 00d0 2C       		.byte	0x2c
 264 00d1 95000000 		.4byte	0x95
 265 00d5 04       		.uleb128 0x4
 266 00d6 04       		.byte	0x4
 267 00d7 04       		.byte	0x4
 268 00d8 6A000000 		.4byte	.LASF19
 269 00dc 04       		.uleb128 0x4
 270 00dd 08       		.byte	0x8
 271 00de 04       		.byte	0x4
 272 00df A2010000 		.4byte	.LASF20
 273 00e3 04       		.uleb128 0x4
 274 00e4 01       		.byte	0x1
 275 00e5 08       		.byte	0x8
 276 00e6 26020000 		.4byte	.LASF21
 277 00ea 04       		.uleb128 0x4
 278 00eb 08       		.byte	0x8
 279 00ec 04       		.byte	0x4
 280 00ed 8A020000 		.4byte	.LASF22
 281 00f1 04       		.uleb128 0x4
 282 00f2 04       		.byte	0x4
 283 00f3 07       		.byte	0x7
 284 00f4 0F020000 		.4byte	.LASF23
 285 00f8 02       		.uleb128 0x2
 286 00f9 01       		.byte	0x1
 287 00fa 3E000000 		.4byte	0x3e
 288 00fe 05       		.byte	0x5
 289 00ff 1E       		.byte	0x1e
 290 0100 65010000 		.4byte	0x165
 291 0104 03       		.uleb128 0x3
 292 0105 FB010000 		.4byte	.LASF24
 293 0109 00       		.byte	0
 294 010a 03       		.uleb128 0x3
 295 010b B4010000 		.4byte	.LASF25
 296 010f 01       		.byte	0x1
 297 0110 03       		.uleb128 0x3
ARM GAS  C:\Users\jon\AppData\Local\Temp\ccmJJXAa.s 			page 7


 298 0111 35000000 		.4byte	.LASF26
 299 0115 02       		.byte	0x2
 300 0116 07       		.uleb128 0x7
 301 0117 4A415700 		.ascii	"JAW\000"
 302 011b 03       		.byte	0x3
 303 011c 03       		.uleb128 0x3
 304 011d 4D020000 		.4byte	.LASF27
 305 0121 04       		.byte	0x4
 306 0122 03       		.uleb128 0x3
 307 0123 60000000 		.4byte	.LASF28
 308 0127 05       		.byte	0x5
 309 0128 03       		.uleb128 0x3
 310 0129 4F000000 		.4byte	.LASF29
 311 012d 06       		.byte	0x6
 312 012e 03       		.uleb128 0x3
 313 012f 07030000 		.4byte	.LASF30
 314 0133 07       		.byte	0x7
 315 0134 03       		.uleb128 0x3
 316 0135 19000000 		.4byte	.LASF31
 317 0139 08       		.byte	0x8
 318 013a 03       		.uleb128 0x3
 319 013b 38020000 		.4byte	.LASF32
 320 013f 09       		.byte	0x9
 321 0140 03       		.uleb128 0x3
 322 0141 0D000000 		.4byte	.LASF33
 323 0145 0A       		.byte	0xa
 324 0146 03       		.uleb128 0x3
 325 0147 2B020000 		.4byte	.LASF34
 326 014b 0B       		.byte	0xb
 327 014c 03       		.uleb128 0x3
 328 014d 83010000 		.4byte	.LASF35
 329 0151 0C       		.byte	0xc
 330 0152 03       		.uleb128 0x3
 331 0153 68010000 		.4byte	.LASF36
 332 0157 0D       		.byte	0xd
 333 0158 03       		.uleb128 0x3
 334 0159 60020000 		.4byte	.LASF37
 335 015d 0E       		.byte	0xe
 336 015e 03       		.uleb128 0x3
 337 015f 2F010000 		.4byte	.LASF38
 338 0163 0F       		.byte	0xf
 339 0164 00       		.byte	0
 340 0165 08       		.uleb128 0x8
 341 0166 F1010000 		.4byte	.LASF39
 342 016a 01       		.byte	0x1
 343 016b 10       		.byte	0x10
 344 016c 00000000 		.4byte	.LFB63
 345 0170 1E000000 		.4byte	.LFE63-.LFB63
 346 0174 01       		.uleb128 0x1
 347 0175 9C       		.byte	0x9c
 348 0176 B8010000 		.4byte	0x1b8
 349 017a 09       		.uleb128 0x9
 350 017b 00030000 		.4byte	.LASF41
 351 017f 01       		.byte	0x1
 352 0180 10       		.byte	0x10
 353 0181 45000000 		.4byte	0x45
 354 0185 00000000 		.4byte	.LLST0
ARM GAS  C:\Users\jon\AppData\Local\Temp\ccmJJXAa.s 			page 8


 355 0189 0A       		.uleb128 0xa
 356 018a 12000000 		.4byte	.LVL2
 357 018e B2020000 		.4byte	0x2b2
 358 0192 A2010000 		.4byte	0x1a2
 359 0196 0B       		.uleb128 0xb
 360 0197 01       		.uleb128 0x1
 361 0198 50       		.byte	0x50
 362 0199 01       		.uleb128 0x1
 363 019a 33       		.byte	0x33
 364 019b 0B       		.uleb128 0xb
 365 019c 01       		.uleb128 0x1
 366 019d 51       		.byte	0x51
 367 019e 02       		.uleb128 0x2
 368 019f 08       		.byte	0x8
 369 01a0 5A       		.byte	0x5a
 370 01a1 00       		.byte	0
 371 01a2 0C       		.uleb128 0xc
 372 01a3 1C000000 		.4byte	.LVL5
 373 01a7 B2020000 		.4byte	0x2b2
 374 01ab 0B       		.uleb128 0xb
 375 01ac 01       		.uleb128 0x1
 376 01ad 50       		.byte	0x50
 377 01ae 01       		.uleb128 0x1
 378 01af 33       		.byte	0x33
 379 01b0 0B       		.uleb128 0xb
 380 01b1 01       		.uleb128 0x1
 381 01b2 51       		.byte	0x51
 382 01b3 02       		.uleb128 0x2
 383 01b4 09       		.byte	0x9
 384 01b5 82       		.byte	0x82
 385 01b6 00       		.byte	0
 386 01b7 00       		.byte	0
 387 01b8 08       		.uleb128 0x8
 388 01b9 7B010000 		.4byte	.LASF40
 389 01bd 01       		.byte	0x1
 390 01be 1D       		.byte	0x1d
 391 01bf 00000000 		.4byte	.LFB64
 392 01c3 56000000 		.4byte	.LFE64-.LFB64
 393 01c7 01       		.uleb128 0x1
 394 01c8 9C       		.byte	0x9c
 395 01c9 A1020000 		.4byte	0x2a1
 396 01cd 09       		.uleb128 0x9
 397 01ce 00030000 		.4byte	.LASF41
 398 01d2 01       		.byte	0x1
 399 01d3 1D       		.byte	0x1d
 400 01d4 75000000 		.4byte	0x75
 401 01d8 3A000000 		.4byte	.LLST1
 402 01dc 0A       		.uleb128 0xa
 403 01dd 16000000 		.4byte	.LVL8
 404 01e1 B2020000 		.4byte	0x2b2
 405 01e5 F5010000 		.4byte	0x1f5
 406 01e9 0B       		.uleb128 0xb
 407 01ea 01       		.uleb128 0x1
 408 01eb 50       		.byte	0x50
 409 01ec 01       		.uleb128 0x1
 410 01ed 34       		.byte	0x34
 411 01ee 0B       		.uleb128 0xb
ARM GAS  C:\Users\jon\AppData\Local\Temp\ccmJJXAa.s 			page 9


 412 01ef 01       		.uleb128 0x1
 413 01f0 51       		.byte	0x51
 414 01f1 02       		.uleb128 0x2
 415 01f2 08       		.byte	0x8
 416 01f3 50       		.byte	0x50
 417 01f4 00       		.byte	0
 418 01f5 0A       		.uleb128 0xa
 419 01f6 1E000000 		.4byte	.LVL9
 420 01fa B2020000 		.4byte	0x2b2
 421 01fe 0E020000 		.4byte	0x20e
 422 0202 0B       		.uleb128 0xb
 423 0203 01       		.uleb128 0x1
 424 0204 50       		.byte	0x50
 425 0205 01       		.uleb128 0x1
 426 0206 35       		.byte	0x35
 427 0207 0B       		.uleb128 0xb
 428 0208 01       		.uleb128 0x1
 429 0209 51       		.byte	0x51
 430 020a 02       		.uleb128 0x2
 431 020b 08       		.byte	0x8
 432 020c 5A       		.byte	0x5a
 433 020d 00       		.byte	0
 434 020e 0A       		.uleb128 0xa
 435 020f 28000000 		.4byte	.LVL12
 436 0213 B2020000 		.4byte	0x2b2
 437 0217 27020000 		.4byte	0x227
 438 021b 0B       		.uleb128 0xb
 439 021c 01       		.uleb128 0x1
 440 021d 50       		.byte	0x50
 441 021e 01       		.uleb128 0x1
 442 021f 34       		.byte	0x34
 443 0220 0B       		.uleb128 0xb
 444 0221 01       		.uleb128 0x1
 445 0222 51       		.byte	0x51
 446 0223 02       		.uleb128 0x2
 447 0224 08       		.byte	0x8
 448 0225 3C       		.byte	0x3c
 449 0226 00       		.byte	0
 450 0227 0A       		.uleb128 0xa
 451 0228 30000000 		.4byte	.LVL13
 452 022c B2020000 		.4byte	0x2b2
 453 0230 40020000 		.4byte	0x240
 454 0234 0B       		.uleb128 0xb
 455 0235 01       		.uleb128 0x1
 456 0236 50       		.byte	0x50
 457 0237 01       		.uleb128 0x1
 458 0238 35       		.byte	0x35
 459 0239 0B       		.uleb128 0xb
 460 023a 01       		.uleb128 0x1
 461 023b 51       		.byte	0x51
 462 023c 02       		.uleb128 0x2
 463 023d 08       		.byte	0x8
 464 023e 5A       		.byte	0x5a
 465 023f 00       		.byte	0
 466 0240 0A       		.uleb128 0xa
 467 0241 3A000000 		.4byte	.LVL16
 468 0245 B2020000 		.4byte	0x2b2
ARM GAS  C:\Users\jon\AppData\Local\Temp\ccmJJXAa.s 			page 10


 469 0249 59020000 		.4byte	0x259
 470 024d 0B       		.uleb128 0xb
 471 024e 01       		.uleb128 0x1
 472 024f 50       		.byte	0x50
 473 0250 01       		.uleb128 0x1
 474 0251 34       		.byte	0x34
 475 0252 0B       		.uleb128 0xb
 476 0253 01       		.uleb128 0x1
 477 0254 51       		.byte	0x51
 478 0255 02       		.uleb128 0x2
 479 0256 08       		.byte	0x8
 480 0257 50       		.byte	0x50
 481 0258 00       		.byte	0
 482 0259 0A       		.uleb128 0xa
 483 025a 42000000 		.4byte	.LVL17
 484 025e B2020000 		.4byte	0x2b2
 485 0262 72020000 		.4byte	0x272
 486 0266 0B       		.uleb128 0xb
 487 0267 01       		.uleb128 0x1
 488 0268 50       		.byte	0x50
 489 0269 01       		.uleb128 0x1
 490 026a 35       		.byte	0x35
 491 026b 0B       		.uleb128 0xb
 492 026c 01       		.uleb128 0x1
 493 026d 51       		.byte	0x51
 494 026e 02       		.uleb128 0x2
 495 026f 08       		.byte	0x8
 496 0270 78       		.byte	0x78
 497 0271 00       		.byte	0
 498 0272 0A       		.uleb128 0xa
 499 0273 4C000000 		.4byte	.LVL20
 500 0277 B2020000 		.4byte	0x2b2
 501 027b 8B020000 		.4byte	0x28b
 502 027f 0B       		.uleb128 0xb
 503 0280 01       		.uleb128 0x1
 504 0281 50       		.byte	0x50
 505 0282 01       		.uleb128 0x1
 506 0283 35       		.byte	0x35
 507 0284 0B       		.uleb128 0xb
 508 0285 01       		.uleb128 0x1
 509 0286 51       		.byte	0x51
 510 0287 02       		.uleb128 0x2
 511 0288 08       		.byte	0x8
 512 0289 3C       		.byte	0x3c
 513 028a 00       		.byte	0
 514 028b 0C       		.uleb128 0xc
 515 028c 54000000 		.4byte	.LVL21
 516 0290 B2020000 		.4byte	0x2b2
 517 0294 0B       		.uleb128 0xb
 518 0295 01       		.uleb128 0x1
 519 0296 50       		.byte	0x50
 520 0297 01       		.uleb128 0x1
 521 0298 34       		.byte	0x34
 522 0299 0B       		.uleb128 0xb
 523 029a 01       		.uleb128 0x1
 524 029b 51       		.byte	0x51
 525 029c 02       		.uleb128 0x2
ARM GAS  C:\Users\jon\AppData\Local\Temp\ccmJJXAa.s 			page 11


 526 029d 08       		.byte	0x8
 527 029e 78       		.byte	0x78
 528 029f 00       		.byte	0
 529 02a0 00       		.byte	0
 530 02a1 0D       		.uleb128 0xd
 531 02a2 95010000 		.4byte	.LASF45
 532 02a6 06       		.byte	0x6
 533 02a7 1207     		.2byte	0x712
 534 02a9 AD020000 		.4byte	0x2ad
 535 02ad 0E       		.uleb128 0xe
 536 02ae CA000000 		.4byte	0xca
 537 02b2 0F       		.uleb128 0xf
 538 02b3 CA020000 		.4byte	.LASF46
 539 02b7 CA020000 		.4byte	.LASF46
 540 02bb 05       		.byte	0x5
 541 02bc 33       		.byte	0x33
 542 02bd 00       		.byte	0
 543              		.section	.debug_abbrev,"",%progbits
 544              	.Ldebug_abbrev0:
 545 0000 01       		.uleb128 0x1
 546 0001 11       		.uleb128 0x11
 547 0002 01       		.byte	0x1
 548 0003 25       		.uleb128 0x25
 549 0004 0E       		.uleb128 0xe
 550 0005 13       		.uleb128 0x13
 551 0006 0B       		.uleb128 0xb
 552 0007 03       		.uleb128 0x3
 553 0008 0E       		.uleb128 0xe
 554 0009 1B       		.uleb128 0x1b
 555 000a 0E       		.uleb128 0xe
 556 000b 55       		.uleb128 0x55
 557 000c 17       		.uleb128 0x17
 558 000d 11       		.uleb128 0x11
 559 000e 01       		.uleb128 0x1
 560 000f 10       		.uleb128 0x10
 561 0010 17       		.uleb128 0x17
 562 0011 00       		.byte	0
 563 0012 00       		.byte	0
 564 0013 02       		.uleb128 0x2
 565 0014 04       		.uleb128 0x4
 566 0015 01       		.byte	0x1
 567 0016 0B       		.uleb128 0xb
 568 0017 0B       		.uleb128 0xb
 569 0018 49       		.uleb128 0x49
 570 0019 13       		.uleb128 0x13
 571 001a 3A       		.uleb128 0x3a
 572 001b 0B       		.uleb128 0xb
 573 001c 3B       		.uleb128 0x3b
 574 001d 0B       		.uleb128 0xb
 575 001e 01       		.uleb128 0x1
 576 001f 13       		.uleb128 0x13
 577 0020 00       		.byte	0
 578 0021 00       		.byte	0
 579 0022 03       		.uleb128 0x3
 580 0023 28       		.uleb128 0x28
 581 0024 00       		.byte	0
 582 0025 03       		.uleb128 0x3
ARM GAS  C:\Users\jon\AppData\Local\Temp\ccmJJXAa.s 			page 12


 583 0026 0E       		.uleb128 0xe
 584 0027 1C       		.uleb128 0x1c
 585 0028 0B       		.uleb128 0xb
 586 0029 00       		.byte	0
 587 002a 00       		.byte	0
 588 002b 04       		.uleb128 0x4
 589 002c 24       		.uleb128 0x24
 590 002d 00       		.byte	0
 591 002e 0B       		.uleb128 0xb
 592 002f 0B       		.uleb128 0xb
 593 0030 3E       		.uleb128 0x3e
 594 0031 0B       		.uleb128 0xb
 595 0032 03       		.uleb128 0x3
 596 0033 0E       		.uleb128 0xe
 597 0034 00       		.byte	0
 598 0035 00       		.byte	0
 599 0036 05       		.uleb128 0x5
 600 0037 16       		.uleb128 0x16
 601 0038 00       		.byte	0
 602 0039 03       		.uleb128 0x3
 603 003a 0E       		.uleb128 0xe
 604 003b 3A       		.uleb128 0x3a
 605 003c 0B       		.uleb128 0xb
 606 003d 3B       		.uleb128 0x3b
 607 003e 0B       		.uleb128 0xb
 608 003f 49       		.uleb128 0x49
 609 0040 13       		.uleb128 0x13
 610 0041 00       		.byte	0
 611 0042 00       		.byte	0
 612 0043 06       		.uleb128 0x6
 613 0044 24       		.uleb128 0x24
 614 0045 00       		.byte	0
 615 0046 0B       		.uleb128 0xb
 616 0047 0B       		.uleb128 0xb
 617 0048 3E       		.uleb128 0x3e
 618 0049 0B       		.uleb128 0xb
 619 004a 03       		.uleb128 0x3
 620 004b 08       		.uleb128 0x8
 621 004c 00       		.byte	0
 622 004d 00       		.byte	0
 623 004e 07       		.uleb128 0x7
 624 004f 28       		.uleb128 0x28
 625 0050 00       		.byte	0
 626 0051 03       		.uleb128 0x3
 627 0052 08       		.uleb128 0x8
 628 0053 1C       		.uleb128 0x1c
 629 0054 0B       		.uleb128 0xb
 630 0055 00       		.byte	0
 631 0056 00       		.byte	0
 632 0057 08       		.uleb128 0x8
 633 0058 2E       		.uleb128 0x2e
 634 0059 01       		.byte	0x1
 635 005a 3F       		.uleb128 0x3f
 636 005b 19       		.uleb128 0x19
 637 005c 03       		.uleb128 0x3
 638 005d 0E       		.uleb128 0xe
 639 005e 3A       		.uleb128 0x3a
ARM GAS  C:\Users\jon\AppData\Local\Temp\ccmJJXAa.s 			page 13


 640 005f 0B       		.uleb128 0xb
 641 0060 3B       		.uleb128 0x3b
 642 0061 0B       		.uleb128 0xb
 643 0062 27       		.uleb128 0x27
 644 0063 19       		.uleb128 0x19
 645 0064 11       		.uleb128 0x11
 646 0065 01       		.uleb128 0x1
 647 0066 12       		.uleb128 0x12
 648 0067 06       		.uleb128 0x6
 649 0068 40       		.uleb128 0x40
 650 0069 18       		.uleb128 0x18
 651 006a 9742     		.uleb128 0x2117
 652 006c 19       		.uleb128 0x19
 653 006d 01       		.uleb128 0x1
 654 006e 13       		.uleb128 0x13
 655 006f 00       		.byte	0
 656 0070 00       		.byte	0
 657 0071 09       		.uleb128 0x9
 658 0072 05       		.uleb128 0x5
 659 0073 00       		.byte	0
 660 0074 03       		.uleb128 0x3
 661 0075 0E       		.uleb128 0xe
 662 0076 3A       		.uleb128 0x3a
 663 0077 0B       		.uleb128 0xb
 664 0078 3B       		.uleb128 0x3b
 665 0079 0B       		.uleb128 0xb
 666 007a 49       		.uleb128 0x49
 667 007b 13       		.uleb128 0x13
 668 007c 02       		.uleb128 0x2
 669 007d 17       		.uleb128 0x17
 670 007e 00       		.byte	0
 671 007f 00       		.byte	0
 672 0080 0A       		.uleb128 0xa
 673 0081 898201   		.uleb128 0x4109
 674 0084 01       		.byte	0x1
 675 0085 11       		.uleb128 0x11
 676 0086 01       		.uleb128 0x1
 677 0087 31       		.uleb128 0x31
 678 0088 13       		.uleb128 0x13
 679 0089 01       		.uleb128 0x1
 680 008a 13       		.uleb128 0x13
 681 008b 00       		.byte	0
 682 008c 00       		.byte	0
 683 008d 0B       		.uleb128 0xb
 684 008e 8A8201   		.uleb128 0x410a
 685 0091 00       		.byte	0
 686 0092 02       		.uleb128 0x2
 687 0093 18       		.uleb128 0x18
 688 0094 9142     		.uleb128 0x2111
 689 0096 18       		.uleb128 0x18
 690 0097 00       		.byte	0
 691 0098 00       		.byte	0
 692 0099 0C       		.uleb128 0xc
 693 009a 898201   		.uleb128 0x4109
 694 009d 01       		.byte	0x1
 695 009e 11       		.uleb128 0x11
 696 009f 01       		.uleb128 0x1
ARM GAS  C:\Users\jon\AppData\Local\Temp\ccmJJXAa.s 			page 14


 697 00a0 31       		.uleb128 0x31
 698 00a1 13       		.uleb128 0x13
 699 00a2 00       		.byte	0
 700 00a3 00       		.byte	0
 701 00a4 0D       		.uleb128 0xd
 702 00a5 34       		.uleb128 0x34
 703 00a6 00       		.byte	0
 704 00a7 03       		.uleb128 0x3
 705 00a8 0E       		.uleb128 0xe
 706 00a9 3A       		.uleb128 0x3a
 707 00aa 0B       		.uleb128 0xb
 708 00ab 3B       		.uleb128 0x3b
 709 00ac 05       		.uleb128 0x5
 710 00ad 49       		.uleb128 0x49
 711 00ae 13       		.uleb128 0x13
 712 00af 3F       		.uleb128 0x3f
 713 00b0 19       		.uleb128 0x19
 714 00b1 3C       		.uleb128 0x3c
 715 00b2 19       		.uleb128 0x19
 716 00b3 00       		.byte	0
 717 00b4 00       		.byte	0
 718 00b5 0E       		.uleb128 0xe
 719 00b6 35       		.uleb128 0x35
 720 00b7 00       		.byte	0
 721 00b8 49       		.uleb128 0x49
 722 00b9 13       		.uleb128 0x13
 723 00ba 00       		.byte	0
 724 00bb 00       		.byte	0
 725 00bc 0F       		.uleb128 0xf
 726 00bd 2E       		.uleb128 0x2e
 727 00be 00       		.byte	0
 728 00bf 3F       		.uleb128 0x3f
 729 00c0 19       		.uleb128 0x19
 730 00c1 3C       		.uleb128 0x3c
 731 00c2 19       		.uleb128 0x19
 732 00c3 6E       		.uleb128 0x6e
 733 00c4 0E       		.uleb128 0xe
 734 00c5 03       		.uleb128 0x3
 735 00c6 0E       		.uleb128 0xe
 736 00c7 3A       		.uleb128 0x3a
 737 00c8 0B       		.uleb128 0xb
 738 00c9 3B       		.uleb128 0x3b
 739 00ca 0B       		.uleb128 0xb
 740 00cb 00       		.byte	0
 741 00cc 00       		.byte	0
 742 00cd 00       		.byte	0
 743              		.section	.debug_loc,"",%progbits
 744              	.Ldebug_loc0:
 745              	.LLST0:
 746 0000 00000000 		.4byte	.LVL0
 747 0004 0E000000 		.4byte	.LVL1
 748 0008 0100     		.2byte	0x1
 749 000a 50       		.byte	0x50
 750 000b 0E000000 		.4byte	.LVL1
 751 000f 14000000 		.4byte	.LVL3
 752 0013 0400     		.2byte	0x4
 753 0015 F3       		.byte	0xf3
ARM GAS  C:\Users\jon\AppData\Local\Temp\ccmJJXAa.s 			page 15


 754 0016 01       		.uleb128 0x1
 755 0017 50       		.byte	0x50
 756 0018 9F       		.byte	0x9f
 757 0019 14000000 		.4byte	.LVL3
 758 001d 18000000 		.4byte	.LVL4
 759 0021 0100     		.2byte	0x1
 760 0023 50       		.byte	0x50
 761 0024 18000000 		.4byte	.LVL4
 762 0028 1E000000 		.4byte	.LFE63
 763 002c 0400     		.2byte	0x4
 764 002e F3       		.byte	0xf3
 765 002f 01       		.uleb128 0x1
 766 0030 50       		.byte	0x50
 767 0031 9F       		.byte	0x9f
 768 0032 00000000 		.4byte	0
 769 0036 00000000 		.4byte	0
 770              	.LLST1:
 771 003a 00000000 		.4byte	.LVL6
 772 003e 12000000 		.4byte	.LVL7
 773 0042 0100     		.2byte	0x1
 774 0044 50       		.byte	0x50
 775 0045 12000000 		.4byte	.LVL7
 776 0049 20000000 		.4byte	.LVL10
 777 004d 0400     		.2byte	0x4
 778 004f F3       		.byte	0xf3
 779 0050 01       		.uleb128 0x1
 780 0051 50       		.byte	0x50
 781 0052 9F       		.byte	0x9f
 782 0053 20000000 		.4byte	.LVL10
 783 0057 24000000 		.4byte	.LVL11
 784 005b 0100     		.2byte	0x1
 785 005d 50       		.byte	0x50
 786 005e 24000000 		.4byte	.LVL11
 787 0062 32000000 		.4byte	.LVL14
 788 0066 0400     		.2byte	0x4
 789 0068 F3       		.byte	0xf3
 790 0069 01       		.uleb128 0x1
 791 006a 50       		.byte	0x50
 792 006b 9F       		.byte	0x9f
 793 006c 32000000 		.4byte	.LVL14
 794 0070 36000000 		.4byte	.LVL15
 795 0074 0100     		.2byte	0x1
 796 0076 50       		.byte	0x50
 797 0077 36000000 		.4byte	.LVL15
 798 007b 44000000 		.4byte	.LVL18
 799 007f 0400     		.2byte	0x4
 800 0081 F3       		.byte	0xf3
 801 0082 01       		.uleb128 0x1
 802 0083 50       		.byte	0x50
 803 0084 9F       		.byte	0x9f
 804 0085 44000000 		.4byte	.LVL18
 805 0089 48000000 		.4byte	.LVL19
 806 008d 0100     		.2byte	0x1
 807 008f 50       		.byte	0x50
 808 0090 48000000 		.4byte	.LVL19
 809 0094 56000000 		.4byte	.LFE64
 810 0098 0400     		.2byte	0x4
ARM GAS  C:\Users\jon\AppData\Local\Temp\ccmJJXAa.s 			page 16


 811 009a F3       		.byte	0xf3
 812 009b 01       		.uleb128 0x1
 813 009c 50       		.byte	0x50
 814 009d 9F       		.byte	0x9f
 815 009e 00000000 		.4byte	0
 816 00a2 00000000 		.4byte	0
 817              		.section	.debug_aranges,"",%progbits
 818 0000 24000000 		.4byte	0x24
 819 0004 0200     		.2byte	0x2
 820 0006 00000000 		.4byte	.Ldebug_info0
 821 000a 04       		.byte	0x4
 822 000b 00       		.byte	0
 823 000c 0000     		.2byte	0
 824 000e 0000     		.2byte	0
 825 0010 00000000 		.4byte	.LFB63
 826 0014 1E000000 		.4byte	.LFE63-.LFB63
 827 0018 00000000 		.4byte	.LFB64
 828 001c 56000000 		.4byte	.LFE64-.LFB64
 829 0020 00000000 		.4byte	0
 830 0024 00000000 		.4byte	0
 831              		.section	.debug_ranges,"",%progbits
 832              	.Ldebug_ranges0:
 833 0000 00000000 		.4byte	.LFB63
 834 0004 1E000000 		.4byte	.LFE63
 835 0008 00000000 		.4byte	.LFB64
 836 000c 56000000 		.4byte	.LFE64
 837 0010 00000000 		.4byte	0
 838 0014 00000000 		.4byte	0
 839              		.section	.debug_line,"",%progbits
 840              	.Ldebug_line0:
 841 0000 9F010000 		.section	.debug_str,"MS",%progbits,1
 841      02006B01 
 841      00000201 
 841      FB0E0D00 
 841      01010101 
 842              	.LASF7:
 843 0000 6C69705F 		.ascii	"lip_position\000"
 843      706F7369 
 843      74696F6E 
 843      00
 844              	.LASF33:
 845 000d 4559454C 		.ascii	"EYELID_TILT\000"
 845      49445F54 
 845      494C5400 
 846              	.LASF31:
 847 0019 52494748 		.ascii	"RIGHT_EYEBALL_TOP\000"
 847      545F4559 
 847      4542414C 
 847      4C5F544F 
 847      5000
 848              	.LASF12:
 849 002b 5F5F696E 		.ascii	"__int32_t\000"
 849      7433325F 
 849      7400
 850              	.LASF26:
 851 0035 4E45434B 		.ascii	"NECK_RIGHT\000"
 851      5F524947 
ARM GAS  C:\Users\jon\AppData\Local\Temp\ccmJJXAa.s 			page 17


 851      485400
 852              	.LASF6:
 853 0040 6D6F7574 		.ascii	"mouth_position\000"
 853      685F706F 
 853      73697469 
 853      6F6E00
 854              	.LASF29:
 855 004f 4C454654 		.ascii	"LEFT_EYEBALL_TOP\000"
 855      5F455945 
 855      42414C4C 
 855      5F544F50 
 855      00
 856              	.LASF28:
 857 0060 4C49505F 		.ascii	"LIP_RIGHT\000"
 857      52494748 
 857      5400
 858              	.LASF19:
 859 006a 666C6F61 		.ascii	"float\000"
 859      7400
 860              	.LASF9:
 861 0070 7369676E 		.ascii	"signed char\000"
 861      65642063 
 861      68617200 
 862              	.LASF1:
 863 007c 4D4F5554 		.ascii	"MOUTH_CLOSE\000"
 863      485F434C 
 863      4F534500 
 864              	.LASF8:
 865 0088 756E7369 		.ascii	"unsigned char\000"
 865      676E6564 
 865      20636861 
 865      7200
 866              	.LASF42:
 867 0096 474E5520 		.ascii	"GNU C11 5.4.1 20160609 (release) [ARM/embedded-5-br"
 867      43313120 
 867      352E342E 
 867      31203230 
 867      31363036 
 868 00c9 616E6368 		.ascii	"anch revision 237715] -mcpu=cortex-m3 -mthumb -g -O"
 868      20726576 
 868      6973696F 
 868      6E203233 
 868      37373135 
 869 00fc 67202D66 		.ascii	"g -ffunction-sections -ffat-lto-objects\000"
 869      66756E63 
 869      74696F6E 
 869      2D736563 
 869      74696F6E 
 870              	.LASF0:
 871 0124 4D4F5554 		.ascii	"MOUTH_OPEN\000"
 871      485F4F50 
 871      454E00
 872              	.LASF38:
 873 012f 52494748 		.ascii	"RIGHT_EYEBROW_RIGHT\000"
 873      545F4559 
 873      4542524F 
 873      575F5249 
ARM GAS  C:\Users\jon\AppData\Local\Temp\ccmJJXAa.s 			page 18


 873      47485400 
 874              	.LASF14:
 875 0143 6C6F6E67 		.ascii	"long unsigned int\000"
 875      20756E73 
 875      69676E65 
 875      6420696E 
 875      7400
 876              	.LASF11:
 877 0155 73686F72 		.ascii	"short unsigned int\000"
 877      7420756E 
 877      7369676E 
 877      65642069 
 877      6E7400
 878              	.LASF36:
 879 0168 4C454654 		.ascii	"LEFT_EYEBROW_RIGHT\000"
 879      5F455945 
 879      42524F57 
 879      5F524947 
 879      485400
 880              	.LASF40:
 881 017b 6C69705F 		.ascii	"lip_set\000"
 881      73657400 
 882              	.LASF35:
 883 0183 4C454654 		.ascii	"LEFT_EYEBROW_LEFT\000"
 883      5F455945 
 883      42524F57 
 883      5F4C4546 
 883      5400
 884              	.LASF45:
 885 0195 49544D5F 		.ascii	"ITM_RxBuffer\000"
 885      52784275 
 885      66666572 
 885      00
 886              	.LASF20:
 887 01a2 646F7562 		.ascii	"double\000"
 887      6C6500
 888              	.LASF2:
 889 01a9 4C49505F 		.ascii	"LIP_NORMAL\000"
 889      4E4F524D 
 889      414C00
 890              	.LASF25:
 891 01b4 4E45434B 		.ascii	"NECK_LEFT\000"
 891      5F4C4546 
 891      5400
 892              	.LASF3:
 893 01be 4C49505F 		.ascii	"LIP_LEFT_SMIRK\000"
 893      4C454654 
 893      5F534D49 
 893      524B00
 894              	.LASF17:
 895 01cd 756E7369 		.ascii	"unsigned int\000"
 895      676E6564 
 895      20696E74 
 895      00
 896              	.LASF16:
 897 01da 6C6F6E67 		.ascii	"long long unsigned int\000"
 897      206C6F6E 
ARM GAS  C:\Users\jon\AppData\Local\Temp\ccmJJXAa.s 			page 19


 897      6720756E 
 897      7369676E 
 897      65642069 
 898              	.LASF39:
 899 01f1 6D6F7574 		.ascii	"mouth_set\000"
 899      685F7365 
 899      7400
 900              	.LASF24:
 901 01fb 42415345 		.ascii	"BASE_ROTATE\000"
 901      5F524F54 
 901      41544500 
 902              	.LASF18:
 903 0207 696E7433 		.ascii	"int32_t\000"
 903      325F7400 
 904              	.LASF23:
 905 020f 73697A65 		.ascii	"sizetype\000"
 905      74797065 
 905      00
 906              	.LASF15:
 907 0218 6C6F6E67 		.ascii	"long long int\000"
 907      206C6F6E 
 907      6720696E 
 907      7400
 908              	.LASF21:
 909 0226 63686172 		.ascii	"char\000"
 909      00
 910              	.LASF34:
 911 022b 4559454C 		.ascii	"EYELID_CLOSE\000"
 911      49445F43 
 911      4C4F5345 
 911      00
 912              	.LASF32:
 913 0238 52494748 		.ascii	"RIGHT_EYEBALL_BOTTOM\000"
 913      545F4559 
 913      4542414C 
 913      4C5F424F 
 913      54544F4D 
 914              	.LASF27:
 915 024d 4C49505F 		.ascii	"LIP_LEFT\000"
 915      4C454654 
 915      00
 916              	.LASF10:
 917 0256 73686F72 		.ascii	"short int\000"
 917      7420696E 
 917      7400
 918              	.LASF37:
 919 0260 52494748 		.ascii	"RIGHT_EYEBROW_LEFT\000"
 919      545F4559 
 919      4542524F 
 919      575F4C45 
 919      465400
 920              	.LASF13:
 921 0273 6C6F6E67 		.ascii	"long int\000"
 921      20696E74 
 921      00
 922              	.LASF5:
 923 027c 4C49505F 		.ascii	"LIP_BOTH_DOWN\000"
ARM GAS  C:\Users\jon\AppData\Local\Temp\ccmJJXAa.s 			page 20


 923      424F5448 
 923      5F444F57 
 923      4E00
 924              	.LASF22:
 925 028a 6C6F6E67 		.ascii	"long double\000"
 925      20646F75 
 925      626C6500 
 926              	.LASF44:
 927 0296 433A5C55 		.ascii	"C:\\Users\\jon\\Desktop\\CSE564-PSoC\\Face\\Control"
 927      73657273 
 927      5C6A6F6E 
 927      5C446573 
 927      6B746F70 
 928 02c3 2E637964 		.ascii	".cydsn\000"
 928      736E00
 929              	.LASF46:
 930 02ca 7365745F 		.ascii	"set_smooth_servo_angle\000"
 930      736D6F6F 
 930      74685F73 
 930      6572766F 
 930      5F616E67 
 931              	.LASF4:
 932 02e1 4C49505F 		.ascii	"LIP_RIGHT_SMIRK\000"
 932      52494748 
 932      545F534D 
 932      49524B00 
 933              	.LASF43:
 934 02f1 6D6F7574 		.ascii	"mouthcontrol.c\000"
 934      68636F6E 
 934      74726F6C 
 934      2E6300
 935              	.LASF41:
 936 0300 6F707469 		.ascii	"option\000"
 936      6F6E00
 937              	.LASF30:
 938 0307 4C454654 		.ascii	"LEFT_EYEBALL_BOTTOM\000"
 938      5F455945 
 938      42414C4C 
 938      5F424F54 
 938      544F4D00 
 939              		.ident	"GCC: (GNU Tools for ARM Embedded Processors) 5.4.1 20160609 (release) [ARM/embedded-5-bran
