ARM GAS  C:\Users\jon\AppData\Local\Temp\ccd8ChlE.s 			page 1


   1              		.syntax unified
   2              		.cpu cortex-m3
   3              		.fpu softvfp
   4              		.eabi_attribute 20, 1
   5              		.eabi_attribute 21, 1
   6              		.eabi_attribute 23, 3
   7              		.eabi_attribute 24, 1
   8              		.eabi_attribute 25, 1
   9              		.eabi_attribute 26, 1
  10              		.eabi_attribute 30, 1
  11              		.eabi_attribute 34, 1
  12              		.eabi_attribute 18, 4
  13              		.thumb
  14              		.syntax unified
  15              		.file	"neckcontrol.c"
  16              		.text
  17              	.Ltext0:
  18              		.cfi_sections	.debug_frame
  19              		.section	.text.rotate_set,"ax",%progbits
  20              		.align	2
  21              		.global	rotate_set
  22              		.thumb
  23              		.thumb_func
  24              		.type	rotate_set, %function
  25              	rotate_set:
  26              	.LFB63:
  27              		.file 1 "neckcontrol.c"
   1:neckcontrol.c **** /* ========================================
   2:neckcontrol.c ****  *
   3:neckcontrol.c ****  * Copyright YOUR COMPANY, THE YEAR
   4:neckcontrol.c ****  * All Rights Reserved
   5:neckcontrol.c ****  * UNPUBLISHED, LICENSED SOFTWARE.
   6:neckcontrol.c ****  *
   7:neckcontrol.c ****  * CONFIDENTIAL AND PROPRIETARY INFORMATION
   8:neckcontrol.c ****  * WHICH IS THE PROPERTY OF your company.
   9:neckcontrol.c ****  *
  10:neckcontrol.c ****  * ========================================
  11:neckcontrol.c **** */
  12:neckcontrol.c **** 
  13:neckcontrol.c **** #include "neckcontrol.h"
  14:neckcontrol.c **** #include "servocontrol.h"
  15:neckcontrol.c **** 
  16:neckcontrol.c **** void rotate_set(neck_rotation option) {
  28              		.loc 1 16 0
  29              		.cfi_startproc
  30              		@ args = 0, pretend = 0, frame = 0
  31              		@ frame_needed = 0, uses_anonymous_args = 0
  32              	.LVL0:
  33 0000 08B5     		push	{r3, lr}
  34              		.cfi_def_cfa_offset 8
  35              		.cfi_offset 3, -8
  36              		.cfi_offset 14, -4
  17:neckcontrol.c ****     switch (option) {
  37              		.loc 1 17 0
  38 0002 0128     		cmp	r0, #1
  39 0004 08D0     		beq	.L3
  40 0006 10B1     		cbz	r0, .L4
ARM GAS  C:\Users\jon\AppData\Local\Temp\ccd8ChlE.s 			page 2


  41 0008 0228     		cmp	r0, #2
  42 000a 0AD0     		beq	.L5
  43 000c 08BD     		pop	{r3, pc}
  44              	.L4:
  18:neckcontrol.c ****         case NECK_ROTATE_LEFT:
  19:neckcontrol.c ****             set_smooth_servo_angle(BASE_ROTATE, 90);
  45              		.loc 1 19 0
  46 000e 5A21     		movs	r1, #90
  47 0010 0020     		movs	r0, #0
  48              	.LVL1:
  49 0012 FFF7FEFF 		bl	set_smooth_servo_angle
  50              	.LVL2:
  20:neckcontrol.c ****             break;
  51              		.loc 1 20 0
  52 0016 08BD     		pop	{r3, pc}
  53              	.LVL3:
  54              	.L3:
  21:neckcontrol.c ****         case NECK_ROTATE_CENTER:
  22:neckcontrol.c ****             set_smooth_servo_angle(BASE_ROTATE, 135);
  55              		.loc 1 22 0
  56 0018 8721     		movs	r1, #135
  57 001a 0020     		movs	r0, #0
  58              	.LVL4:
  59 001c FFF7FEFF 		bl	set_smooth_servo_angle
  60              	.LVL5:
  23:neckcontrol.c ****             break;        
  61              		.loc 1 23 0
  62 0020 08BD     		pop	{r3, pc}
  63              	.LVL6:
  64              	.L5:
  24:neckcontrol.c ****         case NECK_ROTATE_RIGHT:
  25:neckcontrol.c ****             set_smooth_servo_angle(BASE_ROTATE, 180);
  65              		.loc 1 25 0
  66 0022 B421     		movs	r1, #180
  67 0024 0020     		movs	r0, #0
  68              	.LVL7:
  69 0026 FFF7FEFF 		bl	set_smooth_servo_angle
  70              	.LVL8:
  71 002a 08BD     		pop	{r3, pc}
  72              		.cfi_endproc
  73              	.LFE63:
  74              		.size	rotate_set, .-rotate_set
  75              		.section	.text.tilt_set,"ax",%progbits
  76              		.align	2
  77              		.global	tilt_set
  78              		.thumb
  79              		.thumb_func
  80              		.type	tilt_set, %function
  81              	tilt_set:
  82              	.LFB64:
  26:neckcontrol.c ****             break;
  27:neckcontrol.c ****         default:
  28:neckcontrol.c ****             break;
  29:neckcontrol.c ****     }
  30:neckcontrol.c **** }
  31:neckcontrol.c **** 
  32:neckcontrol.c **** void tilt_set(head_tilt option) {
ARM GAS  C:\Users\jon\AppData\Local\Temp\ccd8ChlE.s 			page 3


  83              		.loc 1 32 0
  84              		.cfi_startproc
  85              		@ args = 0, pretend = 0, frame = 0
  86              		@ frame_needed = 0, uses_anonymous_args = 0
  87              	.LVL9:
  88 0000 08B5     		push	{r3, lr}
  89              		.cfi_def_cfa_offset 8
  90              		.cfi_offset 3, -8
  91              		.cfi_offset 14, -4
  33:neckcontrol.c ****     switch (option) {
  92              		.loc 1 33 0
  93 0002 0428     		cmp	r0, #4
  94 0004 30D8     		bhi	.L7
  95 0006 DFE800F0 		tbb	[pc, r0]
  96              	.L10:
  97 000a 15       		.byte	(.L9-.L10)/2
  98 000b 0C       		.byte	(.L11-.L10)/2
  99 000c 03       		.byte	(.L12-.L10)/2
 100 000d 1E       		.byte	(.L13-.L10)/2
 101 000e 27       		.byte	(.L14-.L10)/2
 102 000f 00       		.p2align 1
 103              	.L12:
  34:neckcontrol.c ****         case HEAD_TILT_RIGHT:
  35:neckcontrol.c ****             set_smooth_servo_angle(NECK_LEFT, 140);
 104              		.loc 1 35 0
 105 0010 8C21     		movs	r1, #140
 106 0012 0120     		movs	r0, #1
 107              	.LVL10:
 108 0014 FFF7FEFF 		bl	set_smooth_servo_angle
 109              	.LVL11:
  36:neckcontrol.c ****             set_smooth_servo_angle(NECK_RIGHT, 120);
 110              		.loc 1 36 0
 111 0018 7821     		movs	r1, #120
 112 001a 0220     		movs	r0, #2
 113 001c FFF7FEFF 		bl	set_smooth_servo_angle
 114              	.LVL12:
  37:neckcontrol.c ****             break;
 115              		.loc 1 37 0
 116 0020 08BD     		pop	{r3, pc}
 117              	.LVL13:
 118              	.L11:
  38:neckcontrol.c ****         case HEAD_TILT_CENTER:
  39:neckcontrol.c ****             set_smooth_servo_angle(NECK_LEFT, 90);
 119              		.loc 1 39 0
 120 0022 5A21     		movs	r1, #90
 121 0024 0120     		movs	r0, #1
 122              	.LVL14:
 123 0026 FFF7FEFF 		bl	set_smooth_servo_angle
 124              	.LVL15:
  40:neckcontrol.c ****             set_smooth_servo_angle(NECK_RIGHT, 100);
 125              		.loc 1 40 0
 126 002a 6421     		movs	r1, #100
 127 002c 0220     		movs	r0, #2
 128 002e FFF7FEFF 		bl	set_smooth_servo_angle
 129              	.LVL16:
  41:neckcontrol.c ****             break;
 130              		.loc 1 41 0
ARM GAS  C:\Users\jon\AppData\Local\Temp\ccd8ChlE.s 			page 4


 131 0032 08BD     		pop	{r3, pc}
 132              	.LVL17:
 133              	.L9:
  42:neckcontrol.c ****         case HEAD_TILT_LEFT:
  43:neckcontrol.c ****             set_smooth_servo_angle(NECK_LEFT, 80);
 134              		.loc 1 43 0
 135 0034 5021     		movs	r1, #80
 136 0036 0120     		movs	r0, #1
 137              	.LVL18:
 138 0038 FFF7FEFF 		bl	set_smooth_servo_angle
 139              	.LVL19:
  44:neckcontrol.c ****             set_smooth_servo_angle(NECK_RIGHT, 70);
 140              		.loc 1 44 0
 141 003c 4621     		movs	r1, #70
 142 003e 0220     		movs	r0, #2
 143 0040 FFF7FEFF 		bl	set_smooth_servo_angle
 144              	.LVL20:
  45:neckcontrol.c ****             break;
 145              		.loc 1 45 0
 146 0044 08BD     		pop	{r3, pc}
 147              	.LVL21:
 148              	.L13:
  46:neckcontrol.c ****         case HEAD_TILT_BACK:
  47:neckcontrol.c ****             set_smooth_servo_angle(NECK_LEFT, 60);
 149              		.loc 1 47 0
 150 0046 3C21     		movs	r1, #60
 151 0048 0120     		movs	r0, #1
 152              	.LVL22:
 153 004a FFF7FEFF 		bl	set_smooth_servo_angle
 154              	.LVL23:
  48:neckcontrol.c ****             set_smooth_servo_angle(NECK_RIGHT, 130);
 155              		.loc 1 48 0
 156 004e 8221     		movs	r1, #130
 157 0050 0220     		movs	r0, #2
 158 0052 FFF7FEFF 		bl	set_smooth_servo_angle
 159              	.LVL24:
  49:neckcontrol.c ****             break;
 160              		.loc 1 49 0
 161 0056 08BD     		pop	{r3, pc}
 162              	.LVL25:
 163              	.L14:
  50:neckcontrol.c ****         case HEAD_TILT_FORWARD:
  51:neckcontrol.c ****             set_smooth_servo_angle(NECK_LEFT, 160);
 164              		.loc 1 51 0
 165 0058 A021     		movs	r1, #160
 166 005a 0120     		movs	r0, #1
 167              	.LVL26:
 168 005c FFF7FEFF 		bl	set_smooth_servo_angle
 169              	.LVL27:
  52:neckcontrol.c ****             set_smooth_servo_angle(NECK_RIGHT, 30);
 170              		.loc 1 52 0
 171 0060 1E21     		movs	r1, #30
 172 0062 0220     		movs	r0, #2
 173 0064 FFF7FEFF 		bl	set_smooth_servo_angle
 174              	.LVL28:
 175              	.L7:
 176 0068 08BD     		pop	{r3, pc}
ARM GAS  C:\Users\jon\AppData\Local\Temp\ccd8ChlE.s 			page 5


 177              		.cfi_endproc
 178              	.LFE64:
 179              		.size	tilt_set, .-tilt_set
 180 006a 00BF     		.text
 181              	.Letext0:
 182              		.file 2 "neckcontrol.h"
 183              		.file 3 "c:\\program files (x86)\\cypress\\psoc creator\\4.2\\psoc creator\\import\\gnu\\arm\\5.4.
 184              		.file 4 "c:\\program files (x86)\\cypress\\psoc creator\\4.2\\psoc creator\\import\\gnu\\arm\\5.4.
 185              		.file 5 "servocontrol.h"
 186              		.file 6 "Generated_Source\\PSoC5/core_cm3.h"
 187              		.section	.debug_info,"",%progbits
 188              	.Ldebug_info0:
 189 0000 10030000 		.4byte	0x310
 190 0004 0400     		.2byte	0x4
 191 0006 00000000 		.4byte	.Ldebug_abbrev0
 192 000a 04       		.byte	0x4
 193 000b 01       		.uleb128 0x1
 194 000c 74000000 		.4byte	.LASF44
 195 0010 0C       		.byte	0xc
 196 0011 42020000 		.4byte	.LASF45
 197 0015 C7020000 		.4byte	.LASF46
 198 0019 00000000 		.4byte	.Ldebug_ranges0+0
 199 001d 00000000 		.4byte	0
 200 0021 00000000 		.4byte	.Ldebug_line0
 201 0025 02       		.uleb128 0x2
 202 0026 01       		.byte	0x1
 203 0027 44000000 		.4byte	0x44
 204 002b 02       		.byte	0x2
 205 002c 12       		.byte	0x12
 206 002d 44000000 		.4byte	0x44
 207 0031 03       		.uleb128 0x3
 208 0032 93010000 		.4byte	.LASF0
 209 0036 00       		.byte	0
 210 0037 03       		.uleb128 0x3
 211 0038 DC010000 		.4byte	.LASF1
 212 003c 01       		.byte	0x1
 213 003d 03       		.uleb128 0x3
 214 003e 65010000 		.4byte	.LASF2
 215 0042 02       		.byte	0x2
 216 0043 00       		.byte	0
 217 0044 04       		.uleb128 0x4
 218 0045 01       		.byte	0x1
 219 0046 08       		.byte	0x8
 220 0047 66000000 		.4byte	.LASF10
 221 004b 05       		.uleb128 0x5
 222 004c 16010000 		.4byte	.LASF8
 223 0050 02       		.byte	0x2
 224 0051 16       		.byte	0x16
 225 0052 25000000 		.4byte	0x25
 226 0056 02       		.uleb128 0x2
 227 0057 01       		.byte	0x1
 228 0058 44000000 		.4byte	0x44
 229 005c 02       		.byte	0x2
 230 005d 18       		.byte	0x18
 231 005e 81000000 		.4byte	0x81
 232 0062 03       		.uleb128 0x3
 233 0063 90020000 		.4byte	.LASF3
ARM GAS  C:\Users\jon\AppData\Local\Temp\ccd8ChlE.s 			page 6


 234 0067 00       		.byte	0
 235 0068 03       		.uleb128 0x3
 236 0069 12030000 		.4byte	.LASF4
 237 006d 01       		.byte	0x1
 238 006e 03       		.uleb128 0x3
 239 006f 80020000 		.4byte	.LASF5
 240 0073 02       		.byte	0x2
 241 0074 03       		.uleb128 0x3
 242 0075 EF010000 		.4byte	.LASF6
 243 0079 03       		.byte	0x3
 244 007a 03       		.uleb128 0x3
 245 007b 2A030000 		.4byte	.LASF7
 246 007f 04       		.byte	0x4
 247 0080 00       		.byte	0
 248 0081 05       		.uleb128 0x5
 249 0082 45000000 		.4byte	.LASF9
 250 0086 02       		.byte	0x2
 251 0087 1E       		.byte	0x1e
 252 0088 56000000 		.4byte	0x56
 253 008c 04       		.uleb128 0x4
 254 008d 01       		.byte	0x1
 255 008e 06       		.byte	0x6
 256 008f 0A020000 		.4byte	.LASF11
 257 0093 04       		.uleb128 0x4
 258 0094 02       		.byte	0x2
 259 0095 05       		.byte	0x5
 260 0096 89010000 		.4byte	.LASF12
 261 009a 04       		.uleb128 0x4
 262 009b 02       		.byte	0x2
 263 009c 07       		.byte	0x7
 264 009d 24010000 		.4byte	.LASF13
 265 00a1 05       		.uleb128 0x5
 266 00a2 1E000000 		.4byte	.LASF14
 267 00a6 03       		.byte	0x3
 268 00a7 3F       		.byte	0x3f
 269 00a8 AC000000 		.4byte	0xac
 270 00ac 04       		.uleb128 0x4
 271 00ad 04       		.byte	0x4
 272 00ae 05       		.byte	0x5
 273 00af B2020000 		.4byte	.LASF15
 274 00b3 04       		.uleb128 0x4
 275 00b4 04       		.byte	0x4
 276 00b5 07       		.byte	0x7
 277 00b6 77010000 		.4byte	.LASF16
 278 00ba 04       		.uleb128 0x4
 279 00bb 08       		.byte	0x8
 280 00bc 05       		.byte	0x5
 281 00bd 34020000 		.4byte	.LASF17
 282 00c1 04       		.uleb128 0x4
 283 00c2 08       		.byte	0x8
 284 00c3 07       		.byte	0x7
 285 00c4 BB010000 		.4byte	.LASF18
 286 00c8 06       		.uleb128 0x6
 287 00c9 04       		.byte	0x4
 288 00ca 05       		.byte	0x5
 289 00cb 696E7400 		.ascii	"int\000"
 290 00cf 04       		.uleb128 0x4
ARM GAS  C:\Users\jon\AppData\Local\Temp\ccd8ChlE.s 			page 7


 291 00d0 04       		.byte	0x4
 292 00d1 07       		.byte	0x7
 293 00d2 AE010000 		.4byte	.LASF19
 294 00d6 05       		.uleb128 0x5
 295 00d7 23020000 		.4byte	.LASF20
 296 00db 04       		.byte	0x4
 297 00dc 2C       		.byte	0x2c
 298 00dd A1000000 		.4byte	0xa1
 299 00e1 04       		.uleb128 0x4
 300 00e2 04       		.byte	0x4
 301 00e3 04       		.byte	0x4
 302 00e4 60000000 		.4byte	.LASF21
 303 00e8 04       		.uleb128 0x4
 304 00e9 08       		.byte	0x8
 305 00ea 04       		.byte	0x4
 306 00eb 3E000000 		.4byte	.LASF22
 307 00ef 04       		.uleb128 0x4
 308 00f0 01       		.byte	0x1
 309 00f1 08       		.byte	0x8
 310 00f2 50020000 		.4byte	.LASF23
 311 00f6 04       		.uleb128 0x4
 312 00f7 08       		.byte	0x8
 313 00f8 04       		.byte	0x4
 314 00f9 BB020000 		.4byte	.LASF24
 315 00fd 04       		.uleb128 0x4
 316 00fe 04       		.byte	0x4
 317 00ff 07       		.byte	0x7
 318 0100 2B020000 		.4byte	.LASF25
 319 0104 02       		.uleb128 0x2
 320 0105 01       		.byte	0x1
 321 0106 44000000 		.4byte	0x44
 322 010a 05       		.byte	0x5
 323 010b 1E       		.byte	0x1e
 324 010c 71010000 		.4byte	0x171
 325 0110 03       		.uleb128 0x3
 326 0111 FE010000 		.4byte	.LASF26
 327 0115 00       		.byte	0
 328 0116 03       		.uleb128 0x3
 329 0117 A4010000 		.4byte	.LASF27
 330 011b 01       		.byte	0x1
 331 011c 03       		.uleb128 0x3
 332 011d 28000000 		.4byte	.LASF28
 333 0121 02       		.byte	0x2
 334 0122 07       		.uleb128 0x7
 335 0123 4A415700 		.ascii	"JAW\000"
 336 0127 03       		.byte	0x3
 337 0128 03       		.uleb128 0x3
 338 0129 77020000 		.4byte	.LASF29
 339 012d 04       		.byte	0x4
 340 012e 03       		.uleb128 0x3
 341 012f D2010000 		.4byte	.LASF30
 342 0133 05       		.byte	0x5
 343 0134 03       		.uleb128 0x3
 344 0135 4F000000 		.4byte	.LASF31
 345 0139 06       		.byte	0x6
 346 013a 03       		.uleb128 0x3
 347 013b 3C030000 		.4byte	.LASF32
ARM GAS  C:\Users\jon\AppData\Local\Temp\ccd8ChlE.s 			page 8


 348 013f 07       		.byte	0x7
 349 0140 03       		.uleb128 0x3
 350 0141 0C000000 		.4byte	.LASF33
 351 0145 08       		.byte	0x8
 352 0146 03       		.uleb128 0x3
 353 0147 62020000 		.4byte	.LASF34
 354 014b 09       		.byte	0x9
 355 014c 03       		.uleb128 0x3
 356 014d 00000000 		.4byte	.LASF35
 357 0151 0A       		.byte	0xa
 358 0152 03       		.uleb128 0x3
 359 0153 55020000 		.4byte	.LASF36
 360 0157 0B       		.byte	0xb
 361 0158 03       		.uleb128 0x3
 362 0159 4A010000 		.4byte	.LASF37
 363 015d 0C       		.byte	0xc
 364 015e 03       		.uleb128 0x3
 365 015f 37010000 		.4byte	.LASF38
 366 0163 0D       		.byte	0xd
 367 0164 03       		.uleb128 0x3
 368 0165 9F020000 		.4byte	.LASF39
 369 0169 0E       		.byte	0xe
 370 016a 03       		.uleb128 0x3
 371 016b 02010000 		.4byte	.LASF40
 372 016f 0F       		.byte	0xf
 373 0170 00       		.byte	0
 374 0171 08       		.uleb128 0x8
 375 0172 33000000 		.4byte	.LASF41
 376 0176 01       		.byte	0x1
 377 0177 10       		.byte	0x10
 378 0178 00000000 		.4byte	.LFB63
 379 017c 2C000000 		.4byte	.LFE63-.LFB63
 380 0180 01       		.uleb128 0x1
 381 0181 9C       		.byte	0x9c
 382 0182 DD010000 		.4byte	0x1dd
 383 0186 09       		.uleb128 0x9
 384 0187 23030000 		.4byte	.LASF43
 385 018b 01       		.byte	0x1
 386 018c 10       		.byte	0x10
 387 018d 4B000000 		.4byte	0x4b
 388 0191 00000000 		.4byte	.LLST0
 389 0195 0A       		.uleb128 0xa
 390 0196 16000000 		.4byte	.LVL2
 391 019a 08030000 		.4byte	0x308
 392 019e AE010000 		.4byte	0x1ae
 393 01a2 0B       		.uleb128 0xb
 394 01a3 01       		.uleb128 0x1
 395 01a4 50       		.byte	0x50
 396 01a5 01       		.uleb128 0x1
 397 01a6 30       		.byte	0x30
 398 01a7 0B       		.uleb128 0xb
 399 01a8 01       		.uleb128 0x1
 400 01a9 51       		.byte	0x51
 401 01aa 02       		.uleb128 0x2
 402 01ab 08       		.byte	0x8
 403 01ac 5A       		.byte	0x5a
 404 01ad 00       		.byte	0
ARM GAS  C:\Users\jon\AppData\Local\Temp\ccd8ChlE.s 			page 9


 405 01ae 0A       		.uleb128 0xa
 406 01af 20000000 		.4byte	.LVL5
 407 01b3 08030000 		.4byte	0x308
 408 01b7 C7010000 		.4byte	0x1c7
 409 01bb 0B       		.uleb128 0xb
 410 01bc 01       		.uleb128 0x1
 411 01bd 50       		.byte	0x50
 412 01be 01       		.uleb128 0x1
 413 01bf 30       		.byte	0x30
 414 01c0 0B       		.uleb128 0xb
 415 01c1 01       		.uleb128 0x1
 416 01c2 51       		.byte	0x51
 417 01c3 02       		.uleb128 0x2
 418 01c4 09       		.byte	0x9
 419 01c5 87       		.byte	0x87
 420 01c6 00       		.byte	0
 421 01c7 0C       		.uleb128 0xc
 422 01c8 2A000000 		.4byte	.LVL8
 423 01cc 08030000 		.4byte	0x308
 424 01d0 0B       		.uleb128 0xb
 425 01d1 01       		.uleb128 0x1
 426 01d2 50       		.byte	0x50
 427 01d3 01       		.uleb128 0x1
 428 01d4 30       		.byte	0x30
 429 01d5 0B       		.uleb128 0xb
 430 01d6 01       		.uleb128 0x1
 431 01d7 51       		.byte	0x51
 432 01d8 02       		.uleb128 0x2
 433 01d9 09       		.byte	0x9
 434 01da B4       		.byte	0xb4
 435 01db 00       		.byte	0
 436 01dc 00       		.byte	0
 437 01dd 08       		.uleb128 0x8
 438 01de 5C010000 		.4byte	.LASF42
 439 01e2 01       		.byte	0x1
 440 01e3 20       		.byte	0x20
 441 01e4 00000000 		.4byte	.LFB64
 442 01e8 6A000000 		.4byte	.LFE64-.LFB64
 443 01ec 01       		.uleb128 0x1
 444 01ed 9C       		.byte	0x9c
 445 01ee F7020000 		.4byte	0x2f7
 446 01f2 09       		.uleb128 0x9
 447 01f3 23030000 		.4byte	.LASF43
 448 01f7 01       		.byte	0x1
 449 01f8 20       		.byte	0x20
 450 01f9 81000000 		.4byte	0x81
 451 01fd 53000000 		.4byte	.LLST1
 452 0201 0A       		.uleb128 0xa
 453 0202 18000000 		.4byte	.LVL11
 454 0206 08030000 		.4byte	0x308
 455 020a 1A020000 		.4byte	0x21a
 456 020e 0B       		.uleb128 0xb
 457 020f 01       		.uleb128 0x1
 458 0210 50       		.byte	0x50
 459 0211 01       		.uleb128 0x1
 460 0212 31       		.byte	0x31
 461 0213 0B       		.uleb128 0xb
ARM GAS  C:\Users\jon\AppData\Local\Temp\ccd8ChlE.s 			page 10


 462 0214 01       		.uleb128 0x1
 463 0215 51       		.byte	0x51
 464 0216 02       		.uleb128 0x2
 465 0217 09       		.byte	0x9
 466 0218 8C       		.byte	0x8c
 467 0219 00       		.byte	0
 468 021a 0A       		.uleb128 0xa
 469 021b 20000000 		.4byte	.LVL12
 470 021f 08030000 		.4byte	0x308
 471 0223 33020000 		.4byte	0x233
 472 0227 0B       		.uleb128 0xb
 473 0228 01       		.uleb128 0x1
 474 0229 50       		.byte	0x50
 475 022a 01       		.uleb128 0x1
 476 022b 32       		.byte	0x32
 477 022c 0B       		.uleb128 0xb
 478 022d 01       		.uleb128 0x1
 479 022e 51       		.byte	0x51
 480 022f 02       		.uleb128 0x2
 481 0230 08       		.byte	0x8
 482 0231 78       		.byte	0x78
 483 0232 00       		.byte	0
 484 0233 0A       		.uleb128 0xa
 485 0234 2A000000 		.4byte	.LVL15
 486 0238 08030000 		.4byte	0x308
 487 023c 4C020000 		.4byte	0x24c
 488 0240 0B       		.uleb128 0xb
 489 0241 01       		.uleb128 0x1
 490 0242 50       		.byte	0x50
 491 0243 01       		.uleb128 0x1
 492 0244 31       		.byte	0x31
 493 0245 0B       		.uleb128 0xb
 494 0246 01       		.uleb128 0x1
 495 0247 51       		.byte	0x51
 496 0248 02       		.uleb128 0x2
 497 0249 08       		.byte	0x8
 498 024a 5A       		.byte	0x5a
 499 024b 00       		.byte	0
 500 024c 0A       		.uleb128 0xa
 501 024d 32000000 		.4byte	.LVL16
 502 0251 08030000 		.4byte	0x308
 503 0255 65020000 		.4byte	0x265
 504 0259 0B       		.uleb128 0xb
 505 025a 01       		.uleb128 0x1
 506 025b 50       		.byte	0x50
 507 025c 01       		.uleb128 0x1
 508 025d 32       		.byte	0x32
 509 025e 0B       		.uleb128 0xb
 510 025f 01       		.uleb128 0x1
 511 0260 51       		.byte	0x51
 512 0261 02       		.uleb128 0x2
 513 0262 08       		.byte	0x8
 514 0263 64       		.byte	0x64
 515 0264 00       		.byte	0
 516 0265 0A       		.uleb128 0xa
 517 0266 3C000000 		.4byte	.LVL19
 518 026a 08030000 		.4byte	0x308
ARM GAS  C:\Users\jon\AppData\Local\Temp\ccd8ChlE.s 			page 11


 519 026e 7E020000 		.4byte	0x27e
 520 0272 0B       		.uleb128 0xb
 521 0273 01       		.uleb128 0x1
 522 0274 50       		.byte	0x50
 523 0275 01       		.uleb128 0x1
 524 0276 31       		.byte	0x31
 525 0277 0B       		.uleb128 0xb
 526 0278 01       		.uleb128 0x1
 527 0279 51       		.byte	0x51
 528 027a 02       		.uleb128 0x2
 529 027b 08       		.byte	0x8
 530 027c 50       		.byte	0x50
 531 027d 00       		.byte	0
 532 027e 0A       		.uleb128 0xa
 533 027f 44000000 		.4byte	.LVL20
 534 0283 08030000 		.4byte	0x308
 535 0287 97020000 		.4byte	0x297
 536 028b 0B       		.uleb128 0xb
 537 028c 01       		.uleb128 0x1
 538 028d 50       		.byte	0x50
 539 028e 01       		.uleb128 0x1
 540 028f 32       		.byte	0x32
 541 0290 0B       		.uleb128 0xb
 542 0291 01       		.uleb128 0x1
 543 0292 51       		.byte	0x51
 544 0293 02       		.uleb128 0x2
 545 0294 08       		.byte	0x8
 546 0295 46       		.byte	0x46
 547 0296 00       		.byte	0
 548 0297 0A       		.uleb128 0xa
 549 0298 4E000000 		.4byte	.LVL23
 550 029c 08030000 		.4byte	0x308
 551 02a0 B0020000 		.4byte	0x2b0
 552 02a4 0B       		.uleb128 0xb
 553 02a5 01       		.uleb128 0x1
 554 02a6 50       		.byte	0x50
 555 02a7 01       		.uleb128 0x1
 556 02a8 31       		.byte	0x31
 557 02a9 0B       		.uleb128 0xb
 558 02aa 01       		.uleb128 0x1
 559 02ab 51       		.byte	0x51
 560 02ac 02       		.uleb128 0x2
 561 02ad 08       		.byte	0x8
 562 02ae 3C       		.byte	0x3c
 563 02af 00       		.byte	0
 564 02b0 0A       		.uleb128 0xa
 565 02b1 56000000 		.4byte	.LVL24
 566 02b5 08030000 		.4byte	0x308
 567 02b9 C9020000 		.4byte	0x2c9
 568 02bd 0B       		.uleb128 0xb
 569 02be 01       		.uleb128 0x1
 570 02bf 50       		.byte	0x50
 571 02c0 01       		.uleb128 0x1
 572 02c1 32       		.byte	0x32
 573 02c2 0B       		.uleb128 0xb
 574 02c3 01       		.uleb128 0x1
 575 02c4 51       		.byte	0x51
ARM GAS  C:\Users\jon\AppData\Local\Temp\ccd8ChlE.s 			page 12


 576 02c5 02       		.uleb128 0x2
 577 02c6 09       		.byte	0x9
 578 02c7 82       		.byte	0x82
 579 02c8 00       		.byte	0
 580 02c9 0A       		.uleb128 0xa
 581 02ca 60000000 		.4byte	.LVL27
 582 02ce 08030000 		.4byte	0x308
 583 02d2 E2020000 		.4byte	0x2e2
 584 02d6 0B       		.uleb128 0xb
 585 02d7 01       		.uleb128 0x1
 586 02d8 50       		.byte	0x50
 587 02d9 01       		.uleb128 0x1
 588 02da 31       		.byte	0x31
 589 02db 0B       		.uleb128 0xb
 590 02dc 01       		.uleb128 0x1
 591 02dd 51       		.byte	0x51
 592 02de 02       		.uleb128 0x2
 593 02df 09       		.byte	0x9
 594 02e0 A0       		.byte	0xa0
 595 02e1 00       		.byte	0
 596 02e2 0C       		.uleb128 0xc
 597 02e3 68000000 		.4byte	.LVL28
 598 02e7 08030000 		.4byte	0x308
 599 02eb 0B       		.uleb128 0xb
 600 02ec 01       		.uleb128 0x1
 601 02ed 50       		.byte	0x50
 602 02ee 01       		.uleb128 0x1
 603 02ef 32       		.byte	0x32
 604 02f0 0B       		.uleb128 0xb
 605 02f1 01       		.uleb128 0x1
 606 02f2 51       		.byte	0x51
 607 02f3 01       		.uleb128 0x1
 608 02f4 4E       		.byte	0x4e
 609 02f5 00       		.byte	0
 610 02f6 00       		.byte	0
 611 02f7 0D       		.uleb128 0xd
 612 02f8 16020000 		.4byte	.LASF47
 613 02fc 06       		.byte	0x6
 614 02fd 1207     		.2byte	0x712
 615 02ff 03030000 		.4byte	0x303
 616 0303 0E       		.uleb128 0xe
 617 0304 D6000000 		.4byte	0xd6
 618 0308 0F       		.uleb128 0xf
 619 0309 FB020000 		.4byte	.LASF48
 620 030d FB020000 		.4byte	.LASF48
 621 0311 05       		.byte	0x5
 622 0312 33       		.byte	0x33
 623 0313 00       		.byte	0
 624              		.section	.debug_abbrev,"",%progbits
 625              	.Ldebug_abbrev0:
 626 0000 01       		.uleb128 0x1
 627 0001 11       		.uleb128 0x11
 628 0002 01       		.byte	0x1
 629 0003 25       		.uleb128 0x25
 630 0004 0E       		.uleb128 0xe
 631 0005 13       		.uleb128 0x13
 632 0006 0B       		.uleb128 0xb
ARM GAS  C:\Users\jon\AppData\Local\Temp\ccd8ChlE.s 			page 13


 633 0007 03       		.uleb128 0x3
 634 0008 0E       		.uleb128 0xe
 635 0009 1B       		.uleb128 0x1b
 636 000a 0E       		.uleb128 0xe
 637 000b 55       		.uleb128 0x55
 638 000c 17       		.uleb128 0x17
 639 000d 11       		.uleb128 0x11
 640 000e 01       		.uleb128 0x1
 641 000f 10       		.uleb128 0x10
 642 0010 17       		.uleb128 0x17
 643 0011 00       		.byte	0
 644 0012 00       		.byte	0
 645 0013 02       		.uleb128 0x2
 646 0014 04       		.uleb128 0x4
 647 0015 01       		.byte	0x1
 648 0016 0B       		.uleb128 0xb
 649 0017 0B       		.uleb128 0xb
 650 0018 49       		.uleb128 0x49
 651 0019 13       		.uleb128 0x13
 652 001a 3A       		.uleb128 0x3a
 653 001b 0B       		.uleb128 0xb
 654 001c 3B       		.uleb128 0x3b
 655 001d 0B       		.uleb128 0xb
 656 001e 01       		.uleb128 0x1
 657 001f 13       		.uleb128 0x13
 658 0020 00       		.byte	0
 659 0021 00       		.byte	0
 660 0022 03       		.uleb128 0x3
 661 0023 28       		.uleb128 0x28
 662 0024 00       		.byte	0
 663 0025 03       		.uleb128 0x3
 664 0026 0E       		.uleb128 0xe
 665 0027 1C       		.uleb128 0x1c
 666 0028 0B       		.uleb128 0xb
 667 0029 00       		.byte	0
 668 002a 00       		.byte	0
 669 002b 04       		.uleb128 0x4
 670 002c 24       		.uleb128 0x24
 671 002d 00       		.byte	0
 672 002e 0B       		.uleb128 0xb
 673 002f 0B       		.uleb128 0xb
 674 0030 3E       		.uleb128 0x3e
 675 0031 0B       		.uleb128 0xb
 676 0032 03       		.uleb128 0x3
 677 0033 0E       		.uleb128 0xe
 678 0034 00       		.byte	0
 679 0035 00       		.byte	0
 680 0036 05       		.uleb128 0x5
 681 0037 16       		.uleb128 0x16
 682 0038 00       		.byte	0
 683 0039 03       		.uleb128 0x3
 684 003a 0E       		.uleb128 0xe
 685 003b 3A       		.uleb128 0x3a
 686 003c 0B       		.uleb128 0xb
 687 003d 3B       		.uleb128 0x3b
 688 003e 0B       		.uleb128 0xb
 689 003f 49       		.uleb128 0x49
ARM GAS  C:\Users\jon\AppData\Local\Temp\ccd8ChlE.s 			page 14


 690 0040 13       		.uleb128 0x13
 691 0041 00       		.byte	0
 692 0042 00       		.byte	0
 693 0043 06       		.uleb128 0x6
 694 0044 24       		.uleb128 0x24
 695 0045 00       		.byte	0
 696 0046 0B       		.uleb128 0xb
 697 0047 0B       		.uleb128 0xb
 698 0048 3E       		.uleb128 0x3e
 699 0049 0B       		.uleb128 0xb
 700 004a 03       		.uleb128 0x3
 701 004b 08       		.uleb128 0x8
 702 004c 00       		.byte	0
 703 004d 00       		.byte	0
 704 004e 07       		.uleb128 0x7
 705 004f 28       		.uleb128 0x28
 706 0050 00       		.byte	0
 707 0051 03       		.uleb128 0x3
 708 0052 08       		.uleb128 0x8
 709 0053 1C       		.uleb128 0x1c
 710 0054 0B       		.uleb128 0xb
 711 0055 00       		.byte	0
 712 0056 00       		.byte	0
 713 0057 08       		.uleb128 0x8
 714 0058 2E       		.uleb128 0x2e
 715 0059 01       		.byte	0x1
 716 005a 3F       		.uleb128 0x3f
 717 005b 19       		.uleb128 0x19
 718 005c 03       		.uleb128 0x3
 719 005d 0E       		.uleb128 0xe
 720 005e 3A       		.uleb128 0x3a
 721 005f 0B       		.uleb128 0xb
 722 0060 3B       		.uleb128 0x3b
 723 0061 0B       		.uleb128 0xb
 724 0062 27       		.uleb128 0x27
 725 0063 19       		.uleb128 0x19
 726 0064 11       		.uleb128 0x11
 727 0065 01       		.uleb128 0x1
 728 0066 12       		.uleb128 0x12
 729 0067 06       		.uleb128 0x6
 730 0068 40       		.uleb128 0x40
 731 0069 18       		.uleb128 0x18
 732 006a 9742     		.uleb128 0x2117
 733 006c 19       		.uleb128 0x19
 734 006d 01       		.uleb128 0x1
 735 006e 13       		.uleb128 0x13
 736 006f 00       		.byte	0
 737 0070 00       		.byte	0
 738 0071 09       		.uleb128 0x9
 739 0072 05       		.uleb128 0x5
 740 0073 00       		.byte	0
 741 0074 03       		.uleb128 0x3
 742 0075 0E       		.uleb128 0xe
 743 0076 3A       		.uleb128 0x3a
 744 0077 0B       		.uleb128 0xb
 745 0078 3B       		.uleb128 0x3b
 746 0079 0B       		.uleb128 0xb
ARM GAS  C:\Users\jon\AppData\Local\Temp\ccd8ChlE.s 			page 15


 747 007a 49       		.uleb128 0x49
 748 007b 13       		.uleb128 0x13
 749 007c 02       		.uleb128 0x2
 750 007d 17       		.uleb128 0x17
 751 007e 00       		.byte	0
 752 007f 00       		.byte	0
 753 0080 0A       		.uleb128 0xa
 754 0081 898201   		.uleb128 0x4109
 755 0084 01       		.byte	0x1
 756 0085 11       		.uleb128 0x11
 757 0086 01       		.uleb128 0x1
 758 0087 31       		.uleb128 0x31
 759 0088 13       		.uleb128 0x13
 760 0089 01       		.uleb128 0x1
 761 008a 13       		.uleb128 0x13
 762 008b 00       		.byte	0
 763 008c 00       		.byte	0
 764 008d 0B       		.uleb128 0xb
 765 008e 8A8201   		.uleb128 0x410a
 766 0091 00       		.byte	0
 767 0092 02       		.uleb128 0x2
 768 0093 18       		.uleb128 0x18
 769 0094 9142     		.uleb128 0x2111
 770 0096 18       		.uleb128 0x18
 771 0097 00       		.byte	0
 772 0098 00       		.byte	0
 773 0099 0C       		.uleb128 0xc
 774 009a 898201   		.uleb128 0x4109
 775 009d 01       		.byte	0x1
 776 009e 11       		.uleb128 0x11
 777 009f 01       		.uleb128 0x1
 778 00a0 31       		.uleb128 0x31
 779 00a1 13       		.uleb128 0x13
 780 00a2 00       		.byte	0
 781 00a3 00       		.byte	0
 782 00a4 0D       		.uleb128 0xd
 783 00a5 34       		.uleb128 0x34
 784 00a6 00       		.byte	0
 785 00a7 03       		.uleb128 0x3
 786 00a8 0E       		.uleb128 0xe
 787 00a9 3A       		.uleb128 0x3a
 788 00aa 0B       		.uleb128 0xb
 789 00ab 3B       		.uleb128 0x3b
 790 00ac 05       		.uleb128 0x5
 791 00ad 49       		.uleb128 0x49
 792 00ae 13       		.uleb128 0x13
 793 00af 3F       		.uleb128 0x3f
 794 00b0 19       		.uleb128 0x19
 795 00b1 3C       		.uleb128 0x3c
 796 00b2 19       		.uleb128 0x19
 797 00b3 00       		.byte	0
 798 00b4 00       		.byte	0
 799 00b5 0E       		.uleb128 0xe
 800 00b6 35       		.uleb128 0x35
 801 00b7 00       		.byte	0
 802 00b8 49       		.uleb128 0x49
 803 00b9 13       		.uleb128 0x13
ARM GAS  C:\Users\jon\AppData\Local\Temp\ccd8ChlE.s 			page 16


 804 00ba 00       		.byte	0
 805 00bb 00       		.byte	0
 806 00bc 0F       		.uleb128 0xf
 807 00bd 2E       		.uleb128 0x2e
 808 00be 00       		.byte	0
 809 00bf 3F       		.uleb128 0x3f
 810 00c0 19       		.uleb128 0x19
 811 00c1 3C       		.uleb128 0x3c
 812 00c2 19       		.uleb128 0x19
 813 00c3 6E       		.uleb128 0x6e
 814 00c4 0E       		.uleb128 0xe
 815 00c5 03       		.uleb128 0x3
 816 00c6 0E       		.uleb128 0xe
 817 00c7 3A       		.uleb128 0x3a
 818 00c8 0B       		.uleb128 0xb
 819 00c9 3B       		.uleb128 0x3b
 820 00ca 0B       		.uleb128 0xb
 821 00cb 00       		.byte	0
 822 00cc 00       		.byte	0
 823 00cd 00       		.byte	0
 824              		.section	.debug_loc,"",%progbits
 825              	.Ldebug_loc0:
 826              	.LLST0:
 827 0000 00000000 		.4byte	.LVL0
 828 0004 12000000 		.4byte	.LVL1
 829 0008 0100     		.2byte	0x1
 830 000a 50       		.byte	0x50
 831 000b 12000000 		.4byte	.LVL1
 832 000f 18000000 		.4byte	.LVL3
 833 0013 0400     		.2byte	0x4
 834 0015 F3       		.byte	0xf3
 835 0016 01       		.uleb128 0x1
 836 0017 50       		.byte	0x50
 837 0018 9F       		.byte	0x9f
 838 0019 18000000 		.4byte	.LVL3
 839 001d 1C000000 		.4byte	.LVL4
 840 0021 0100     		.2byte	0x1
 841 0023 50       		.byte	0x50
 842 0024 1C000000 		.4byte	.LVL4
 843 0028 22000000 		.4byte	.LVL6
 844 002c 0400     		.2byte	0x4
 845 002e F3       		.byte	0xf3
 846 002f 01       		.uleb128 0x1
 847 0030 50       		.byte	0x50
 848 0031 9F       		.byte	0x9f
 849 0032 22000000 		.4byte	.LVL6
 850 0036 26000000 		.4byte	.LVL7
 851 003a 0100     		.2byte	0x1
 852 003c 50       		.byte	0x50
 853 003d 26000000 		.4byte	.LVL7
 854 0041 2C000000 		.4byte	.LFE63
 855 0045 0400     		.2byte	0x4
 856 0047 F3       		.byte	0xf3
 857 0048 01       		.uleb128 0x1
 858 0049 50       		.byte	0x50
 859 004a 9F       		.byte	0x9f
 860 004b 00000000 		.4byte	0
ARM GAS  C:\Users\jon\AppData\Local\Temp\ccd8ChlE.s 			page 17


 861 004f 00000000 		.4byte	0
 862              	.LLST1:
 863 0053 00000000 		.4byte	.LVL9
 864 0057 14000000 		.4byte	.LVL10
 865 005b 0100     		.2byte	0x1
 866 005d 50       		.byte	0x50
 867 005e 14000000 		.4byte	.LVL10
 868 0062 22000000 		.4byte	.LVL13
 869 0066 0400     		.2byte	0x4
 870 0068 F3       		.byte	0xf3
 871 0069 01       		.uleb128 0x1
 872 006a 50       		.byte	0x50
 873 006b 9F       		.byte	0x9f
 874 006c 22000000 		.4byte	.LVL13
 875 0070 26000000 		.4byte	.LVL14
 876 0074 0100     		.2byte	0x1
 877 0076 50       		.byte	0x50
 878 0077 26000000 		.4byte	.LVL14
 879 007b 34000000 		.4byte	.LVL17
 880 007f 0400     		.2byte	0x4
 881 0081 F3       		.byte	0xf3
 882 0082 01       		.uleb128 0x1
 883 0083 50       		.byte	0x50
 884 0084 9F       		.byte	0x9f
 885 0085 34000000 		.4byte	.LVL17
 886 0089 38000000 		.4byte	.LVL18
 887 008d 0100     		.2byte	0x1
 888 008f 50       		.byte	0x50
 889 0090 38000000 		.4byte	.LVL18
 890 0094 46000000 		.4byte	.LVL21
 891 0098 0400     		.2byte	0x4
 892 009a F3       		.byte	0xf3
 893 009b 01       		.uleb128 0x1
 894 009c 50       		.byte	0x50
 895 009d 9F       		.byte	0x9f
 896 009e 46000000 		.4byte	.LVL21
 897 00a2 4A000000 		.4byte	.LVL22
 898 00a6 0100     		.2byte	0x1
 899 00a8 50       		.byte	0x50
 900 00a9 4A000000 		.4byte	.LVL22
 901 00ad 58000000 		.4byte	.LVL25
 902 00b1 0400     		.2byte	0x4
 903 00b3 F3       		.byte	0xf3
 904 00b4 01       		.uleb128 0x1
 905 00b5 50       		.byte	0x50
 906 00b6 9F       		.byte	0x9f
 907 00b7 58000000 		.4byte	.LVL25
 908 00bb 5C000000 		.4byte	.LVL26
 909 00bf 0100     		.2byte	0x1
 910 00c1 50       		.byte	0x50
 911 00c2 5C000000 		.4byte	.LVL26
 912 00c6 6A000000 		.4byte	.LFE64
 913 00ca 0400     		.2byte	0x4
 914 00cc F3       		.byte	0xf3
 915 00cd 01       		.uleb128 0x1
 916 00ce 50       		.byte	0x50
 917 00cf 9F       		.byte	0x9f
ARM GAS  C:\Users\jon\AppData\Local\Temp\ccd8ChlE.s 			page 18


 918 00d0 00000000 		.4byte	0
 919 00d4 00000000 		.4byte	0
 920              		.section	.debug_aranges,"",%progbits
 921 0000 24000000 		.4byte	0x24
 922 0004 0200     		.2byte	0x2
 923 0006 00000000 		.4byte	.Ldebug_info0
 924 000a 04       		.byte	0x4
 925 000b 00       		.byte	0
 926 000c 0000     		.2byte	0
 927 000e 0000     		.2byte	0
 928 0010 00000000 		.4byte	.LFB63
 929 0014 2C000000 		.4byte	.LFE63-.LFB63
 930 0018 00000000 		.4byte	.LFB64
 931 001c 6A000000 		.4byte	.LFE64-.LFB64
 932 0020 00000000 		.4byte	0
 933 0024 00000000 		.4byte	0
 934              		.section	.debug_ranges,"",%progbits
 935              	.Ldebug_ranges0:
 936 0000 00000000 		.4byte	.LFB63
 937 0004 2C000000 		.4byte	.LFE63
 938 0008 00000000 		.4byte	.LFB64
 939 000c 6A000000 		.4byte	.LFE64
 940 0010 00000000 		.4byte	0
 941 0014 00000000 		.4byte	0
 942              		.section	.debug_line,"",%progbits
 943              	.Ldebug_line0:
 944 0000 A2010000 		.section	.debug_str,"MS",%progbits,1
 944      02006901 
 944      00000201 
 944      FB0E0D00 
 944      01010101 
 945              	.LASF35:
 946 0000 4559454C 		.ascii	"EYELID_TILT\000"
 946      49445F54 
 946      494C5400 
 947              	.LASF33:
 948 000c 52494748 		.ascii	"RIGHT_EYEBALL_TOP\000"
 948      545F4559 
 948      4542414C 
 948      4C5F544F 
 948      5000
 949              	.LASF14:
 950 001e 5F5F696E 		.ascii	"__int32_t\000"
 950      7433325F 
 950      7400
 951              	.LASF28:
 952 0028 4E45434B 		.ascii	"NECK_RIGHT\000"
 952      5F524947 
 952      485400
 953              	.LASF41:
 954 0033 726F7461 		.ascii	"rotate_set\000"
 954      74655F73 
 954      657400
 955              	.LASF22:
 956 003e 646F7562 		.ascii	"double\000"
 956      6C6500
 957              	.LASF9:
ARM GAS  C:\Users\jon\AppData\Local\Temp\ccd8ChlE.s 			page 19


 958 0045 68656164 		.ascii	"head_tilt\000"
 958      5F74696C 
 958      7400
 959              	.LASF31:
 960 004f 4C454654 		.ascii	"LEFT_EYEBALL_TOP\000"
 960      5F455945 
 960      42414C4C 
 960      5F544F50 
 960      00
 961              	.LASF21:
 962 0060 666C6F61 		.ascii	"float\000"
 962      7400
 963              	.LASF10:
 964 0066 756E7369 		.ascii	"unsigned char\000"
 964      676E6564 
 964      20636861 
 964      7200
 965              	.LASF44:
 966 0074 474E5520 		.ascii	"GNU C11 5.4.1 20160609 (release) [ARM/embedded-5-br"
 966      43313120 
 966      352E342E 
 966      31203230 
 966      31363036 
 967 00a7 616E6368 		.ascii	"anch revision 237715] -mcpu=cortex-m3 -mthumb -g -O"
 967      20726576 
 967      6973696F 
 967      6E203233 
 967      37373135 
 968 00da 67202D66 		.ascii	"g -ffunction-sections -ffat-lto-objects\000"
 968      66756E63 
 968      74696F6E 
 968      2D736563 
 968      74696F6E 
 969              	.LASF40:
 970 0102 52494748 		.ascii	"RIGHT_EYEBROW_RIGHT\000"
 970      545F4559 
 970      4542524F 
 970      575F5249 
 970      47485400 
 971              	.LASF8:
 972 0116 6E65636B 		.ascii	"neck_rotation\000"
 972      5F726F74 
 972      6174696F 
 972      6E00
 973              	.LASF13:
 974 0124 73686F72 		.ascii	"short unsigned int\000"
 974      7420756E 
 974      7369676E 
 974      65642069 
 974      6E7400
 975              	.LASF38:
 976 0137 4C454654 		.ascii	"LEFT_EYEBROW_RIGHT\000"
 976      5F455945 
 976      42524F57 
 976      5F524947 
 976      485400
 977              	.LASF37:
ARM GAS  C:\Users\jon\AppData\Local\Temp\ccd8ChlE.s 			page 20


 978 014a 4C454654 		.ascii	"LEFT_EYEBROW_LEFT\000"
 978      5F455945 
 978      42524F57 
 978      5F4C4546 
 978      5400
 979              	.LASF42:
 980 015c 74696C74 		.ascii	"tilt_set\000"
 980      5F736574 
 980      00
 981              	.LASF2:
 982 0165 4E45434B 		.ascii	"NECK_ROTATE_RIGHT\000"
 982      5F524F54 
 982      4154455F 
 982      52494748 
 982      5400
 983              	.LASF16:
 984 0177 6C6F6E67 		.ascii	"long unsigned int\000"
 984      20756E73 
 984      69676E65 
 984      6420696E 
 984      7400
 985              	.LASF12:
 986 0189 73686F72 		.ascii	"short int\000"
 986      7420696E 
 986      7400
 987              	.LASF0:
 988 0193 4E45434B 		.ascii	"NECK_ROTATE_LEFT\000"
 988      5F524F54 
 988      4154455F 
 988      4C454654 
 988      00
 989              	.LASF27:
 990 01a4 4E45434B 		.ascii	"NECK_LEFT\000"
 990      5F4C4546 
 990      5400
 991              	.LASF19:
 992 01ae 756E7369 		.ascii	"unsigned int\000"
 992      676E6564 
 992      20696E74 
 992      00
 993              	.LASF18:
 994 01bb 6C6F6E67 		.ascii	"long long unsigned int\000"
 994      206C6F6E 
 994      6720756E 
 994      7369676E 
 994      65642069 
 995              	.LASF30:
 996 01d2 4C49505F 		.ascii	"LIP_RIGHT\000"
 996      52494748 
 996      5400
 997              	.LASF1:
 998 01dc 4E45434B 		.ascii	"NECK_ROTATE_CENTER\000"
 998      5F524F54 
 998      4154455F 
 998      43454E54 
 998      455200
 999              	.LASF6:
ARM GAS  C:\Users\jon\AppData\Local\Temp\ccd8ChlE.s 			page 21


 1000 01ef 48454144 		.ascii	"HEAD_TILT_BACK\000"
 1000      5F54494C 
 1000      545F4241 
 1000      434B00
 1001              	.LASF26:
 1002 01fe 42415345 		.ascii	"BASE_ROTATE\000"
 1002      5F524F54 
 1002      41544500 
 1003              	.LASF11:
 1004 020a 7369676E 		.ascii	"signed char\000"
 1004      65642063 
 1004      68617200 
 1005              	.LASF47:
 1006 0216 49544D5F 		.ascii	"ITM_RxBuffer\000"
 1006      52784275 
 1006      66666572 
 1006      00
 1007              	.LASF20:
 1008 0223 696E7433 		.ascii	"int32_t\000"
 1008      325F7400 
 1009              	.LASF25:
 1010 022b 73697A65 		.ascii	"sizetype\000"
 1010      74797065 
 1010      00
 1011              	.LASF17:
 1012 0234 6C6F6E67 		.ascii	"long long int\000"
 1012      206C6F6E 
 1012      6720696E 
 1012      7400
 1013              	.LASF45:
 1014 0242 6E65636B 		.ascii	"neckcontrol.c\000"
 1014      636F6E74 
 1014      726F6C2E 
 1014      6300
 1015              	.LASF23:
 1016 0250 63686172 		.ascii	"char\000"
 1016      00
 1017              	.LASF36:
 1018 0255 4559454C 		.ascii	"EYELID_CLOSE\000"
 1018      49445F43 
 1018      4C4F5345 
 1018      00
 1019              	.LASF34:
 1020 0262 52494748 		.ascii	"RIGHT_EYEBALL_BOTTOM\000"
 1020      545F4559 
 1020      4542414C 
 1020      4C5F424F 
 1020      54544F4D 
 1021              	.LASF29:
 1022 0277 4C49505F 		.ascii	"LIP_LEFT\000"
 1022      4C454654 
 1022      00
 1023              	.LASF5:
 1024 0280 48454144 		.ascii	"HEAD_TILT_RIGHT\000"
 1024      5F54494C 
 1024      545F5249 
 1024      47485400 
ARM GAS  C:\Users\jon\AppData\Local\Temp\ccd8ChlE.s 			page 22


 1025              	.LASF3:
 1026 0290 48454144 		.ascii	"HEAD_TILT_LEFT\000"
 1026      5F54494C 
 1026      545F4C45 
 1026      465400
 1027              	.LASF39:
 1028 029f 52494748 		.ascii	"RIGHT_EYEBROW_LEFT\000"
 1028      545F4559 
 1028      4542524F 
 1028      575F4C45 
 1028      465400
 1029              	.LASF15:
 1030 02b2 6C6F6E67 		.ascii	"long int\000"
 1030      20696E74 
 1030      00
 1031              	.LASF24:
 1032 02bb 6C6F6E67 		.ascii	"long double\000"
 1032      20646F75 
 1032      626C6500 
 1033              	.LASF46:
 1034 02c7 433A5C55 		.ascii	"C:\\Users\\jon\\Desktop\\CSE564-PSoC\\Face\\Control"
 1034      73657273 
 1034      5C6A6F6E 
 1034      5C446573 
 1034      6B746F70 
 1035 02f4 2E637964 		.ascii	".cydsn\000"
 1035      736E00
 1036              	.LASF48:
 1037 02fb 7365745F 		.ascii	"set_smooth_servo_angle\000"
 1037      736D6F6F 
 1037      74685F73 
 1037      6572766F 
 1037      5F616E67 
 1038              	.LASF4:
 1039 0312 48454144 		.ascii	"HEAD_TILT_CENTER\000"
 1039      5F54494C 
 1039      545F4345 
 1039      4E544552 
 1039      00
 1040              	.LASF43:
 1041 0323 6F707469 		.ascii	"option\000"
 1041      6F6E00
 1042              	.LASF7:
 1043 032a 48454144 		.ascii	"HEAD_TILT_FORWARD\000"
 1043      5F54494C 
 1043      545F464F 
 1043      52574152 
 1043      4400
 1044              	.LASF32:
 1045 033c 4C454654 		.ascii	"LEFT_EYEBALL_BOTTOM\000"
 1045      5F455945 
 1045      42414C4C 
 1045      5F424F54 
 1045      544F4D00 
 1046              		.ident	"GCC: (GNU Tools for ARM Embedded Processors) 5.4.1 20160609 (release) [ARM/embedded-5-bran
