ARM GAS  C:\Users\jon\AppData\Local\Temp\ccUnMwXV.s 			page 1


   1              		.syntax unified
   2              		.cpu cortex-m3
   3              		.fpu softvfp
   4              		.eabi_attribute 20, 1
   5              		.eabi_attribute 21, 1
   6              		.eabi_attribute 23, 3
   7              		.eabi_attribute 24, 1
   8              		.eabi_attribute 25, 1
   9              		.eabi_attribute 26, 1
  10              		.eabi_attribute 30, 1
  11              		.eabi_attribute 34, 1
  12              		.eabi_attribute 18, 4
  13              		.thumb
  14              		.syntax unified
  15              		.file	"servocontrol.c"
  16              		.text
  17              	.Ltext0:
  18              		.cfi_sections	.debug_frame
  19              		.section	.text.angle_to_compare,"ax",%progbits
  20              		.align	2
  21              		.global	angle_to_compare
  22              		.thumb
  23              		.thumb_func
  24              		.type	angle_to_compare, %function
  25              	angle_to_compare:
  26              	.LFB63:
  27              		.file 1 "servocontrol.c"
   1:servocontrol.c **** /* ========================================
   2:servocontrol.c ****  *
   3:servocontrol.c ****  * Function definitions for smooth servo control
   4:servocontrol.c ****  * 
   5:servocontrol.c ****  * Developed for CSE 564
   6:servocontrol.c ****  * Arizona State University
   7:servocontrol.c ****  * 
   8:servocontrol.c ****  * Authors:
   9:servocontrol.c ****  * Jonathan Bush
  10:servocontrol.c ****  * Zachary Monroe
  11:servocontrol.c ****  *
  12:servocontrol.c ****  * Released under the BSE 3-Clause License
  13:servocontrol.c ****  * 2019
  14:servocontrol.c ****  *
  15:servocontrol.c ****  * ========================================
  16:servocontrol.c **** */
  17:servocontrol.c **** 
  18:servocontrol.c **** #include "servocontrol.h"
  19:servocontrol.c **** 
  20:servocontrol.c **** typedef struct {
  21:servocontrol.c ****     void (*write_compare)(uint16);
  22:servocontrol.c ****     uint16 current;
  23:servocontrol.c ****     uint16 target;
  24:servocontrol.c ****     uint16 step;
  25:servocontrol.c **** } servo_state;
  26:servocontrol.c **** 
  27:servocontrol.c **** /* this maps each servo defined in the servo struct to its respective compare function and settings
  28:servocontrol.c **** servo_state servo_map[] = {
  29:servocontrol.c ****     {.write_compare = Base_WriteCompare1, .current = MOTOR_CENTER, .target = MOTOR_CENTER, .step = 
  30:servocontrol.c ****     {.write_compare = Neck_WriteCompare1, .current = MOTOR_CENTER, .target = MOTOR_CENTER, .step = 
ARM GAS  C:\Users\jon\AppData\Local\Temp\ccUnMwXV.s 			page 2


  31:servocontrol.c ****     {.write_compare = Neck_WriteCompare2, .current = MOTOR_CENTER, .target = MOTOR_CENTER, .step = 
  32:servocontrol.c ****     {.write_compare = Base_WriteCompare2, .current = MOTOR_CENTER, .target = MOTOR_CENTER, .step = 
  33:servocontrol.c ****     {.write_compare = Lips_WriteCompare1, .current = MOTOR_CENTER, .target = MOTOR_CENTER, .step = 
  34:servocontrol.c ****     {.write_compare = Lips_WriteCompare2, .current = MOTOR_CENTER, .target = MOTOR_CENTER, .step = 
  35:servocontrol.c ****     {.write_compare = LeftEyeball_WriteCompare1, .current = MOTOR_CENTER, .target = MOTOR_CENTER, .
  36:servocontrol.c ****     {.write_compare = LeftEyeball_WriteCompare2, .current = MOTOR_CENTER, .target = MOTOR_CENTER, .
  37:servocontrol.c ****     {.write_compare = RightEyeball_WriteCompare1, .current = MOTOR_CENTER, .target = MOTOR_CENTER, 
  38:servocontrol.c ****     {.write_compare = RightEyeball_WriteCompare2, .current = MOTOR_CENTER, .target = MOTOR_CENTER, 
  39:servocontrol.c ****     {.write_compare = Eyelids_WriteCompare1, .current = MOTOR_CENTER, .target = MOTOR_CENTER, .step
  40:servocontrol.c ****     {.write_compare = Eyelids_WriteCompare2, .current = MOTOR_CENTER, .target = MOTOR_CENTER, .step
  41:servocontrol.c ****     {.write_compare = LeftEyebrow_WriteCompare1, .current = MOTOR_CENTER, .target = MOTOR_CENTER, .
  42:servocontrol.c ****     {.write_compare = LeftEyebrow_WriteCompare2, .current = MOTOR_CENTER, .target = MOTOR_CENTER, .
  43:servocontrol.c ****     {.write_compare = RightEyebrow_WriteCompare1, .current = MOTOR_CENTER, .target = MOTOR_CENTER, 
  44:servocontrol.c ****     {.write_compare = RightEyebrow_WriteCompare2, .current = MOTOR_CENTER, .target = MOTOR_CENTER, 
  45:servocontrol.c **** };
  46:servocontrol.c **** 
  47:servocontrol.c **** 
  48:servocontrol.c **** uint16 angle_to_compare(uint16 angle_value) {
  28              		.loc 1 48 0
  29              		.cfi_startproc
  30              		@ args = 0, pretend = 0, frame = 0
  31              		@ frame_needed = 0, uses_anonymous_args = 0
  32              		@ link register save eliminated.
  33              	.LVL0:
  49:servocontrol.c ****     return MOTOR_LOW + (angle_value * (MOTOR_HIGH - MOTOR_LOW)) / 180;
  34              		.loc 1 49 0
  35 0000 C0EB0010 		rsb	r0, r0, r0, lsl #4
  36              	.LVL1:
  37 0004 C301     		lsls	r3, r0, #7
  38 0006 0548     		ldr	r0, .L2
  39 0008 80FB0320 		smull	r2, r0, r0, r3
  40 000c 1844     		add	r0, r0, r3
  41 000e DB17     		asrs	r3, r3, #31
  42 0010 C3EBE010 		rsb	r0, r3, r0, asr #7
  43 0014 00F58C70 		add	r0, r0, #280
  50:servocontrol.c **** }
  44              		.loc 1 50 0
  45 0018 80B2     		uxth	r0, r0
  46 001a 7047     		bx	lr
  47              	.L3:
  48              		.align	2
  49              	.L2:
  50 001c B7600BB6 		.word	-1240768329
  51              		.cfi_endproc
  52              	.LFE63:
  53              		.size	angle_to_compare, .-angle_to_compare
  54              		.section	.text.set_smooth_servo_angle,"ax",%progbits
  55              		.align	2
  56              		.global	set_smooth_servo_angle
  57              		.thumb
  58              		.thumb_func
  59              		.type	set_smooth_servo_angle, %function
  60              	set_smooth_servo_angle:
  61              	.LFB64:
  51:servocontrol.c **** 
  52:servocontrol.c **** void set_smooth_servo_angle(servo servo_id, uint8 angle) {
  62              		.loc 1 52 0
ARM GAS  C:\Users\jon\AppData\Local\Temp\ccUnMwXV.s 			page 3


  63              		.cfi_startproc
  64              		@ args = 0, pretend = 0, frame = 0
  65              		@ frame_needed = 0, uses_anonymous_args = 0
  66              	.LVL2:
  67 0000 10B5     		push	{r4, lr}
  68              		.cfi_def_cfa_offset 8
  69              		.cfi_offset 4, -8
  70              		.cfi_offset 14, -4
  71 0002 0446     		mov	r4, r0
  53:servocontrol.c ****     servo_map[(uint8)servo_id].target = angle_to_compare(angle);
  72              		.loc 1 53 0
  73 0004 0846     		mov	r0, r1
  74              	.LVL3:
  75 0006 FFF7FEFF 		bl	angle_to_compare
  76              	.LVL4:
  77 000a 04EB4404 		add	r4, r4, r4, lsl #1
  78 000e A300     		lsls	r3, r4, #2
  79 0010 014A     		ldr	r2, .L6
  80 0012 1344     		add	r3, r3, r2
  81 0014 D880     		strh	r0, [r3, #6]	@ movhi
  82 0016 10BD     		pop	{r4, pc}
  83              	.L7:
  84              		.align	2
  85              	.L6:
  86 0018 00000000 		.word	.LANCHOR0
  87              		.cfi_endproc
  88              	.LFE64:
  89              		.size	set_smooth_servo_angle, .-set_smooth_servo_angle
  90              		.section	.text.update_servos,"ax",%progbits
  91              		.align	2
  92              		.global	update_servos
  93              		.thumb
  94              		.thumb_func
  95              		.type	update_servos, %function
  96              	update_servos:
  97              	.LFB65:
  54:servocontrol.c **** }
  55:servocontrol.c **** 
  56:servocontrol.c **** void update_servos() {
  98              		.loc 1 56 0
  99              		.cfi_startproc
 100              		@ args = 0, pretend = 0, frame = 0
 101              		@ frame_needed = 0, uses_anonymous_args = 0
 102 0000 38B5     		push	{r3, r4, r5, lr}
 103              		.cfi_def_cfa_offset 16
 104              		.cfi_offset 3, -16
 105              		.cfi_offset 4, -12
 106              		.cfi_offset 5, -8
 107              		.cfi_offset 14, -4
 108              	.LVL5:
 109              	.LBB2:
  57:servocontrol.c ****     servo_state *serv;
  58:servocontrol.c ****     
  59:servocontrol.c ****     for (uint8 i = 0; i < 16; ++i) {
 110              		.loc 1 59 0
 111 0002 0024     		movs	r4, #0
 112 0004 2FE0     		b	.L9
ARM GAS  C:\Users\jon\AppData\Local\Temp\ccUnMwXV.s 			page 4


 113              	.LVL6:
 114              	.L13:
  60:servocontrol.c ****         serv = &servo_map[i];
 115              		.loc 1 60 0
 116 0006 2346     		mov	r3, r4
 117              	.LVL7:
  61:servocontrol.c ****         if (serv->current + serv->step < serv->target) {
 118              		.loc 1 61 0
 119 0008 6100     		lsls	r1, r4, #1
 120 000a 2144     		add	r1, r1, r4
 121 000c 8A00     		lsls	r2, r1, #2
 122 000e 1749     		ldr	r1, .L15
 123 0010 0A44     		add	r2, r2, r1
 124 0012 9588     		ldrh	r5, [r2, #4]
 125 0014 1189     		ldrh	r1, [r2, #8]
 126 0016 6818     		adds	r0, r5, r1
 127 0018 D288     		ldrh	r2, [r2, #6]
 128 001a 9042     		cmp	r0, r2
 129 001c 07DA     		bge	.L10
  62:servocontrol.c ****             serv->current += serv->step;
 130              		.loc 1 62 0
 131 001e 04EB4400 		add	r0, r4, r4, lsl #1
 132 0022 8200     		lsls	r2, r0, #2
 133 0024 1148     		ldr	r0, .L15
 134 0026 0244     		add	r2, r2, r0
 135 0028 2944     		add	r1, r1, r5
 136 002a 9180     		strh	r1, [r2, #4]	@ movhi
 137 002c 10E0     		b	.L11
 138              	.L10:
  63:servocontrol.c ****         } else if (serv->current - serv->step > serv->target) {
 139              		.loc 1 63 0
 140 002e 681A     		subs	r0, r5, r1
 141 0030 8242     		cmp	r2, r0
 142 0032 07DA     		bge	.L12
  64:servocontrol.c ****             serv->current -= serv->step;
 143              		.loc 1 64 0
 144 0034 04EB4400 		add	r0, r4, r4, lsl #1
 145 0038 8200     		lsls	r2, r0, #2
 146 003a 0C48     		ldr	r0, .L15
 147 003c 0244     		add	r2, r2, r0
 148 003e 691A     		subs	r1, r5, r1
 149 0040 9180     		strh	r1, [r2, #4]	@ movhi
 150 0042 05E0     		b	.L11
 151              	.L12:
  65:servocontrol.c ****         } else {
  66:servocontrol.c ****             serv->current = serv->target;
 152              		.loc 1 66 0
 153 0044 04EB4400 		add	r0, r4, r4, lsl #1
 154 0048 8100     		lsls	r1, r0, #2
 155 004a 0848     		ldr	r0, .L15
 156 004c 0144     		add	r1, r1, r0
 157 004e 8A80     		strh	r2, [r1, #4]	@ movhi
 158              	.L11:
  67:servocontrol.c ****         }
  68:servocontrol.c ****         (*serv->write_compare)(serv->current);
 159              		.loc 1 68 0 discriminator 2
 160 0050 0648     		ldr	r0, .L15
ARM GAS  C:\Users\jon\AppData\Local\Temp\ccUnMwXV.s 			page 5


 161 0052 5900     		lsls	r1, r3, #1
 162 0054 CD18     		adds	r5, r1, r3
 163 0056 AA00     		lsls	r2, r5, #2
 164 0058 1546     		mov	r5, r2
 165 005a 0244     		add	r2, r2, r0
 166 005c 4359     		ldr	r3, [r0, r5]
 167              	.LVL8:
 168 005e 9088     		ldrh	r0, [r2, #4]
 169 0060 9847     		blx	r3
 170              	.LVL9:
  59:servocontrol.c ****         serv = &servo_map[i];
 171              		.loc 1 59 0 discriminator 2
 172 0062 0134     		adds	r4, r4, #1
 173              	.LVL10:
 174 0064 E4B2     		uxtb	r4, r4
 175              	.LVL11:
 176              	.L9:
  59:servocontrol.c ****         serv = &servo_map[i];
 177              		.loc 1 59 0 is_stmt 0 discriminator 1
 178 0066 0F2C     		cmp	r4, #15
 179 0068 CDD9     		bls	.L13
 180              	.LBE2:
  69:servocontrol.c ****     }
  70:servocontrol.c **** }
 181              		.loc 1 70 0 is_stmt 1
 182 006a 38BD     		pop	{r3, r4, r5, pc}
 183              	.LVL12:
 184              	.L16:
 185              		.align	2
 186              	.L15:
 187 006c 00000000 		.word	.LANCHOR0
 188              		.cfi_endproc
 189              	.LFE65:
 190              		.size	update_servos, .-update_servos
 191              		.section	.text.start_servos,"ax",%progbits
 192              		.align	2
 193              		.global	start_servos
 194              		.thumb
 195              		.thumb_func
 196              		.type	start_servos, %function
 197              	start_servos:
 198              	.LFB66:
  71:servocontrol.c **** 
  72:servocontrol.c **** void start_servos() {
 199              		.loc 1 72 0
 200              		.cfi_startproc
 201              		@ args = 0, pretend = 0, frame = 0
 202              		@ frame_needed = 0, uses_anonymous_args = 0
 203 0000 08B5     		push	{r3, lr}
 204              		.cfi_def_cfa_offset 8
 205              		.cfi_offset 3, -8
 206              		.cfi_offset 14, -4
  73:servocontrol.c ****     LeftEyebrow_Start();
 207              		.loc 1 73 0
 208 0002 FFF7FEFF 		bl	LeftEyebrow_Start
 209              	.LVL13:
  74:servocontrol.c ****     RightEyebrow_Start();
ARM GAS  C:\Users\jon\AppData\Local\Temp\ccUnMwXV.s 			page 6


 210              		.loc 1 74 0
 211 0006 FFF7FEFF 		bl	RightEyebrow_Start
 212              	.LVL14:
  75:servocontrol.c ****     RightEyeball_Start();
 213              		.loc 1 75 0
 214 000a FFF7FEFF 		bl	RightEyeball_Start
 215              	.LVL15:
  76:servocontrol.c ****     LeftEyeball_Start();
 216              		.loc 1 76 0
 217 000e FFF7FEFF 		bl	LeftEyeball_Start
 218              	.LVL16:
  77:servocontrol.c ****     Eyelids_Start();
 219              		.loc 1 77 0
 220 0012 FFF7FEFF 		bl	Eyelids_Start
 221              	.LVL17:
  78:servocontrol.c ****     Lips_Start();
 222              		.loc 1 78 0
 223 0016 FFF7FEFF 		bl	Lips_Start
 224              	.LVL18:
  79:servocontrol.c ****     Base_Start();
 225              		.loc 1 79 0
 226 001a FFF7FEFF 		bl	Base_Start
 227              	.LVL19:
  80:servocontrol.c ****     Neck_Start();
 228              		.loc 1 80 0
 229 001e FFF7FEFF 		bl	Neck_Start
 230              	.LVL20:
 231 0022 08BD     		pop	{r3, pc}
 232              		.cfi_endproc
 233              	.LFE66:
 234              		.size	start_servos, .-start_servos
 235              		.global	servo_map
 236              		.data
 237              		.align	2
 238              		.set	.LANCHOR0,. + 0
 239              		.type	servo_map, %object
 240              		.size	servo_map, 192
 241              	servo_map:
 242 0000 00000000 		.word	Base_WriteCompare1
 243 0004 D804     		.short	1240
 244 0006 D804     		.short	1240
 245 0008 0300     		.short	3
 246 000a 0000     		.space	2
 247 000c 00000000 		.word	Neck_WriteCompare1
 248 0010 D804     		.short	1240
 249 0012 D804     		.short	1240
 250 0014 0500     		.short	5
 251 0016 0000     		.space	2
 252 0018 00000000 		.word	Neck_WriteCompare2
 253 001c D804     		.short	1240
 254 001e D804     		.short	1240
 255 0020 0500     		.short	5
 256 0022 0000     		.space	2
 257 0024 00000000 		.word	Base_WriteCompare2
 258 0028 D804     		.short	1240
 259 002a D804     		.short	1240
 260 002c 0700     		.short	7
ARM GAS  C:\Users\jon\AppData\Local\Temp\ccUnMwXV.s 			page 7


 261 002e 0000     		.space	2
 262 0030 00000000 		.word	Lips_WriteCompare1
 263 0034 D804     		.short	1240
 264 0036 D804     		.short	1240
 265 0038 0500     		.short	5
 266 003a 0000     		.space	2
 267 003c 00000000 		.word	Lips_WriteCompare2
 268 0040 D804     		.short	1240
 269 0042 D804     		.short	1240
 270 0044 0500     		.short	5
 271 0046 0000     		.space	2
 272 0048 00000000 		.word	LeftEyeball_WriteCompare1
 273 004c D804     		.short	1240
 274 004e D804     		.short	1240
 275 0050 0500     		.short	5
 276 0052 0000     		.space	2
 277 0054 00000000 		.word	LeftEyeball_WriteCompare2
 278 0058 D804     		.short	1240
 279 005a D804     		.short	1240
 280 005c 0500     		.short	5
 281 005e 0000     		.space	2
 282 0060 00000000 		.word	RightEyeball_WriteCompare1
 283 0064 D804     		.short	1240
 284 0066 D804     		.short	1240
 285 0068 0500     		.short	5
 286 006a 0000     		.space	2
 287 006c 00000000 		.word	RightEyeball_WriteCompare2
 288 0070 D804     		.short	1240
 289 0072 D804     		.short	1240
 290 0074 0500     		.short	5
 291 0076 0000     		.space	2
 292 0078 00000000 		.word	Eyelids_WriteCompare1
 293 007c D804     		.short	1240
 294 007e D804     		.short	1240
 295 0080 0500     		.short	5
 296 0082 0000     		.space	2
 297 0084 00000000 		.word	Eyelids_WriteCompare2
 298 0088 D804     		.short	1240
 299 008a D804     		.short	1240
 300 008c 0A00     		.short	10
 301 008e 0000     		.space	2
 302 0090 00000000 		.word	LeftEyebrow_WriteCompare1
 303 0094 D804     		.short	1240
 304 0096 D804     		.short	1240
 305 0098 0500     		.short	5
 306 009a 0000     		.space	2
 307 009c 00000000 		.word	LeftEyebrow_WriteCompare2
 308 00a0 D804     		.short	1240
 309 00a2 D804     		.short	1240
 310 00a4 0500     		.short	5
 311 00a6 0000     		.space	2
 312 00a8 00000000 		.word	RightEyebrow_WriteCompare1
 313 00ac D804     		.short	1240
 314 00ae D804     		.short	1240
 315 00b0 0500     		.short	5
 316 00b2 0000     		.space	2
 317 00b4 00000000 		.word	RightEyebrow_WriteCompare2
ARM GAS  C:\Users\jon\AppData\Local\Temp\ccUnMwXV.s 			page 8


 318 00b8 D804     		.short	1240
 319 00ba D804     		.short	1240
 320 00bc 0500     		.short	5
 321 00be 0000     		.space	2
 322              		.text
 323              	.Letext0:
 324              		.file 2 "c:\\program files (x86)\\cypress\\psoc creator\\4.2\\psoc creator\\import\\gnu\\arm\\5.4.
 325              		.file 3 "c:\\program files (x86)\\cypress\\psoc creator\\4.2\\psoc creator\\import\\gnu\\arm\\5.4.
 326              		.file 4 "Generated_Source\\PSoC5/cytypes.h"
 327              		.file 5 "servocontrol.h"
 328              		.file 6 "Generated_Source\\PSoC5/core_cm3.h"
 329              		.file 7 "Generated_Source\\PSoC5/LeftEyebrow.h"
 330              		.file 8 "Generated_Source\\PSoC5/RightEyebrow.h"
 331              		.file 9 "Generated_Source\\PSoC5/RightEyeball.h"
 332              		.file 10 "Generated_Source\\PSoC5/LeftEyeball.h"
 333              		.file 11 "Generated_Source\\PSoC5/Eyelids.h"
 334              		.file 12 "Generated_Source\\PSoC5/Lips.h"
 335              		.file 13 "Generated_Source\\PSoC5/Base.h"
 336              		.file 14 "Generated_Source\\PSoC5/Neck.h"
 337              		.section	.debug_info,"",%progbits
 338              	.Ldebug_info0:
 339 0000 16030000 		.4byte	0x316
 340 0004 0400     		.2byte	0x4
 341 0006 00000000 		.4byte	.Ldebug_abbrev0
 342 000a 04       		.byte	0x4
 343 000b 01       		.uleb128 0x1
 344 000c C7000000 		.4byte	.LASF55
 345 0010 0C       		.byte	0xc
 346 0011 C6010000 		.4byte	.LASF56
 347 0015 DC010000 		.4byte	.LASF57
 348 0019 00000000 		.4byte	.Ldebug_ranges0+0
 349 001d 00000000 		.4byte	0
 350 0021 00000000 		.4byte	.Ldebug_line0
 351 0025 02       		.uleb128 0x2
 352 0026 01       		.byte	0x1
 353 0027 06       		.byte	0x6
 354 0028 9A000000 		.4byte	.LASF0
 355 002c 02       		.uleb128 0x2
 356 002d 01       		.byte	0x1
 357 002e 08       		.byte	0x8
 358 002f B9000000 		.4byte	.LASF1
 359 0033 02       		.uleb128 0x2
 360 0034 02       		.byte	0x2
 361 0035 05       		.byte	0x5
 362 0036 14020000 		.4byte	.LASF2
 363 003a 02       		.uleb128 0x2
 364 003b 02       		.byte	0x2
 365 003c 07       		.byte	0x7
 366 003d 7B010000 		.4byte	.LASF3
 367 0041 03       		.uleb128 0x3
 368 0042 25000000 		.4byte	.LASF9
 369 0046 02       		.byte	0x2
 370 0047 3F       		.byte	0x3f
 371 0048 4C000000 		.4byte	0x4c
 372 004c 02       		.uleb128 0x2
 373 004d 04       		.byte	0x4
 374 004e 05       		.byte	0x5
ARM GAS  C:\Users\jon\AppData\Local\Temp\ccUnMwXV.s 			page 9


 375 004f 5F030000 		.4byte	.LASF4
 376 0053 02       		.uleb128 0x2
 377 0054 04       		.byte	0x4
 378 0055 07       		.byte	0x7
 379 0056 69010000 		.4byte	.LASF5
 380 005a 02       		.uleb128 0x2
 381 005b 08       		.byte	0x8
 382 005c 05       		.byte	0x5
 383 005d BD020000 		.4byte	.LASF6
 384 0061 02       		.uleb128 0x2
 385 0062 08       		.byte	0x8
 386 0063 07       		.byte	0x7
 387 0064 73020000 		.4byte	.LASF7
 388 0068 04       		.uleb128 0x4
 389 0069 04       		.byte	0x4
 390 006a 05       		.byte	0x5
 391 006b 696E7400 		.ascii	"int\000"
 392 006f 02       		.uleb128 0x2
 393 0070 04       		.byte	0x4
 394 0071 07       		.byte	0x7
 395 0072 5A020000 		.4byte	.LASF8
 396 0076 03       		.uleb128 0x3
 397 0077 A1020000 		.4byte	.LASF10
 398 007b 03       		.byte	0x3
 399 007c 2C       		.byte	0x2c
 400 007d 41000000 		.4byte	0x41
 401 0081 05       		.uleb128 0x5
 402 0082 57000000 		.4byte	.LASF11
 403 0086 04       		.byte	0x4
 404 0087 E401     		.2byte	0x1e4
 405 0089 2C000000 		.4byte	0x2c
 406 008d 05       		.uleb128 0x5
 407 008e 30020000 		.4byte	.LASF12
 408 0092 04       		.byte	0x4
 409 0093 E501     		.2byte	0x1e5
 410 0095 3A000000 		.4byte	0x3a
 411 0099 02       		.uleb128 0x2
 412 009a 04       		.byte	0x4
 413 009b 04       		.byte	0x4
 414 009c 94000000 		.4byte	.LASF13
 415 00a0 02       		.uleb128 0x2
 416 00a1 08       		.byte	0x8
 417 00a2 04       		.byte	0x4
 418 00a3 D5010000 		.4byte	.LASF14
 419 00a7 02       		.uleb128 0x2
 420 00a8 01       		.byte	0x1
 421 00a9 08       		.byte	0x8
 422 00aa CB020000 		.4byte	.LASF15
 423 00ae 02       		.uleb128 0x2
 424 00af 08       		.byte	0x8
 425 00b0 04       		.byte	0x4
 426 00b1 68030000 		.4byte	.LASF16
 427 00b5 02       		.uleb128 0x2
 428 00b6 04       		.byte	0x4
 429 00b7 07       		.byte	0x7
 430 00b8 A9020000 		.4byte	.LASF17
 431 00bc 06       		.uleb128 0x6
ARM GAS  C:\Users\jon\AppData\Local\Temp\ccUnMwXV.s 			page 10


 432 00bd 01       		.byte	0x1
 433 00be 2C000000 		.4byte	0x2c
 434 00c2 05       		.byte	0x5
 435 00c3 1E       		.byte	0x1e
 436 00c4 29010000 		.4byte	0x129
 437 00c8 07       		.uleb128 0x7
 438 00c9 67020000 		.4byte	.LASF18
 439 00cd 00       		.byte	0
 440 00ce 07       		.uleb128 0x7
 441 00cf 41020000 		.4byte	.LASF19
 442 00d3 01       		.byte	0x1
 443 00d4 07       		.uleb128 0x7
 444 00d5 4C000000 		.4byte	.LASF20
 445 00d9 02       		.byte	0x2
 446 00da 08       		.uleb128 0x8
 447 00db 4A415700 		.ascii	"JAW\000"
 448 00df 03       		.byte	0x3
 449 00e0 07       		.uleb128 0x7
 450 00e1 15030000 		.4byte	.LASF21
 451 00e5 04       		.byte	0x4
 452 00e6 07       		.uleb128 0x7
 453 00e7 8D030000 		.4byte	.LASF22
 454 00eb 05       		.byte	0x5
 455 00ec 07       		.uleb128 0x7
 456 00ed 1E030000 		.4byte	.LASF23
 457 00f1 06       		.byte	0x6
 458 00f2 07       		.uleb128 0x7
 459 00f3 97030000 		.4byte	.LASF24
 460 00f7 07       		.byte	0x7
 461 00f8 07       		.uleb128 0x7
 462 00f9 5D000000 		.4byte	.LASF25
 463 00fd 08       		.byte	0x8
 464 00fe 07       		.uleb128 0x7
 465 00ff E9020000 		.4byte	.LASF26
 466 0103 09       		.byte	0x9
 467 0104 07       		.uleb128 0x7
 468 0105 0B000000 		.4byte	.LASF27
 469 0109 0A       		.byte	0xa
 470 010a 07       		.uleb128 0x7
 471 010b DC020000 		.4byte	.LASF28
 472 010f 0B       		.byte	0xb
 473 0110 07       		.uleb128 0x7
 474 0111 A7010000 		.4byte	.LASF29
 475 0115 0C       		.byte	0xc
 476 0116 07       		.uleb128 0x7
 477 0117 8E010000 		.4byte	.LASF30
 478 011b 0D       		.byte	0xd
 479 011c 07       		.uleb128 0x7
 480 011d 40030000 		.4byte	.LASF31
 481 0121 0E       		.byte	0xe
 482 0122 07       		.uleb128 0x7
 483 0123 55010000 		.4byte	.LASF32
 484 0127 0F       		.byte	0xf
 485 0128 00       		.byte	0
 486 0129 03       		.uleb128 0x3
 487 012a 74030000 		.4byte	.LASF33
 488 012e 05       		.byte	0x5
ARM GAS  C:\Users\jon\AppData\Local\Temp\ccUnMwXV.s 			page 11


 489 012f 2F       		.byte	0x2f
 490 0130 BC000000 		.4byte	0xbc
 491 0134 09       		.uleb128 0x9
 492 0135 0C       		.byte	0xc
 493 0136 01       		.byte	0x1
 494 0137 14       		.byte	0x14
 495 0138 6D010000 		.4byte	0x16d
 496 013c 0A       		.uleb128 0xa
 497 013d 78000000 		.4byte	.LASF34
 498 0141 01       		.byte	0x1
 499 0142 15       		.byte	0x15
 500 0143 78010000 		.4byte	0x178
 501 0147 00       		.byte	0
 502 0148 0A       		.uleb128 0xa
 503 0149 4B020000 		.4byte	.LASF35
 504 014d 01       		.byte	0x1
 505 014e 16       		.byte	0x16
 506 014f 8D000000 		.4byte	0x8d
 507 0153 04       		.byte	0x4
 508 0154 0A       		.uleb128 0xa
 509 0155 53020000 		.4byte	.LASF36
 510 0159 01       		.byte	0x1
 511 015a 17       		.byte	0x17
 512 015b 8D000000 		.4byte	0x8d
 513 015f 06       		.byte	0x6
 514 0160 0A       		.uleb128 0xa
 515 0161 2F000000 		.4byte	.LASF37
 516 0165 01       		.byte	0x1
 517 0166 18       		.byte	0x18
 518 0167 8D000000 		.4byte	0x8d
 519 016b 08       		.byte	0x8
 520 016c 00       		.byte	0
 521 016d 0B       		.uleb128 0xb
 522 016e 78010000 		.4byte	0x178
 523 0172 0C       		.uleb128 0xc
 524 0173 8D000000 		.4byte	0x8d
 525 0177 00       		.byte	0
 526 0178 0D       		.uleb128 0xd
 527 0179 04       		.byte	0x4
 528 017a 6D010000 		.4byte	0x16d
 529 017e 03       		.uleb128 0x3
 530 017f D0020000 		.4byte	.LASF38
 531 0183 01       		.byte	0x1
 532 0184 19       		.byte	0x19
 533 0185 34010000 		.4byte	0x134
 534 0189 0E       		.uleb128 0xe
 535 018a 2F030000 		.4byte	.LASF58
 536 018e 01       		.byte	0x1
 537 018f 30       		.byte	0x30
 538 0190 8D000000 		.4byte	0x8d
 539 0194 00000000 		.4byte	.LFB63
 540 0198 20000000 		.4byte	.LFE63-.LFB63
 541 019c 01       		.uleb128 0x1
 542 019d 9C       		.byte	0x9c
 543 019e B2010000 		.4byte	0x1b2
 544 01a2 0F       		.uleb128 0xf
 545 01a3 53030000 		.4byte	.LASF39
ARM GAS  C:\Users\jon\AppData\Local\Temp\ccUnMwXV.s 			page 12


 546 01a7 01       		.byte	0x1
 547 01a8 30       		.byte	0x30
 548 01a9 8D000000 		.4byte	0x8d
 549 01ad 00000000 		.4byte	.LLST0
 550 01b1 00       		.byte	0
 551 01b2 10       		.uleb128 0x10
 552 01b3 FE020000 		.4byte	.LASF59
 553 01b7 01       		.byte	0x1
 554 01b8 34       		.byte	0x34
 555 01b9 00000000 		.4byte	.LFB64
 556 01bd 1C000000 		.4byte	.LFE64-.LFB64
 557 01c1 01       		.uleb128 0x1
 558 01c2 9C       		.byte	0x9c
 559 01c3 EF010000 		.4byte	0x1ef
 560 01c7 0F       		.uleb128 0xf
 561 01c8 6F000000 		.4byte	.LASF40
 562 01cc 01       		.byte	0x1
 563 01cd 34       		.byte	0x34
 564 01ce 29010000 		.4byte	0x129
 565 01d2 21000000 		.4byte	.LLST1
 566 01d6 0F       		.uleb128 0xf
 567 01d7 A1010000 		.4byte	.LASF41
 568 01db 01       		.byte	0x1
 569 01dc 34       		.byte	0x34
 570 01dd 81000000 		.4byte	0x81
 571 01e1 42000000 		.4byte	.LLST2
 572 01e5 11       		.uleb128 0x11
 573 01e6 0A000000 		.4byte	.LVL4
 574 01ea 89010000 		.4byte	0x189
 575 01ee 00       		.byte	0
 576 01ef 12       		.uleb128 0x12
 577 01f0 17000000 		.4byte	.LASF43
 578 01f4 01       		.byte	0x1
 579 01f5 38       		.byte	0x38
 580 01f6 00000000 		.4byte	.LFB65
 581 01fa 70000000 		.4byte	.LFE65-.LFB65
 582 01fe 01       		.uleb128 0x1
 583 01ff 9C       		.byte	0x9c
 584 0200 2B020000 		.4byte	0x22b
 585 0204 13       		.uleb128 0x13
 586 0205 9C020000 		.4byte	.LASF42
 587 0209 01       		.byte	0x1
 588 020a 39       		.byte	0x39
 589 020b 2B020000 		.4byte	0x22b
 590 020f 63000000 		.4byte	.LLST3
 591 0213 14       		.uleb128 0x14
 592 0214 02000000 		.4byte	.LBB2
 593 0218 68000000 		.4byte	.LBE2-.LBB2
 594 021c 15       		.uleb128 0x15
 595 021d 6900     		.ascii	"i\000"
 596 021f 01       		.byte	0x1
 597 0220 3B       		.byte	0x3b
 598 0221 81000000 		.4byte	0x81
 599 0225 AA000000 		.4byte	.LLST4
 600 0229 00       		.byte	0
 601 022a 00       		.byte	0
 602 022b 0D       		.uleb128 0xd
ARM GAS  C:\Users\jon\AppData\Local\Temp\ccUnMwXV.s 			page 13


 603 022c 04       		.byte	0x4
 604 022d 7E010000 		.4byte	0x17e
 605 0231 16       		.uleb128 0x16
 606 0232 3F000000 		.4byte	.LASF44
 607 0236 01       		.byte	0x1
 608 0237 48       		.byte	0x48
 609 0238 00000000 		.4byte	.LFB66
 610 023c 24000000 		.4byte	.LFE66-.LFB66
 611 0240 01       		.uleb128 0x1
 612 0241 9C       		.byte	0x9c
 613 0242 8F020000 		.4byte	0x28f
 614 0246 11       		.uleb128 0x11
 615 0247 06000000 		.4byte	.LVL13
 616 024b C1020000 		.4byte	0x2c1
 617 024f 11       		.uleb128 0x11
 618 0250 0A000000 		.4byte	.LVL14
 619 0254 CC020000 		.4byte	0x2cc
 620 0258 11       		.uleb128 0x11
 621 0259 0E000000 		.4byte	.LVL15
 622 025d D7020000 		.4byte	0x2d7
 623 0261 11       		.uleb128 0x11
 624 0262 12000000 		.4byte	.LVL16
 625 0266 E2020000 		.4byte	0x2e2
 626 026a 11       		.uleb128 0x11
 627 026b 16000000 		.4byte	.LVL17
 628 026f ED020000 		.4byte	0x2ed
 629 0273 11       		.uleb128 0x11
 630 0274 1A000000 		.4byte	.LVL18
 631 0278 F8020000 		.4byte	0x2f8
 632 027c 11       		.uleb128 0x11
 633 027d 1E000000 		.4byte	.LVL19
 634 0281 03030000 		.4byte	0x303
 635 0285 11       		.uleb128 0x11
 636 0286 22000000 		.4byte	.LVL20
 637 028a 0E030000 		.4byte	0x30e
 638 028e 00       		.byte	0
 639 028f 17       		.uleb128 0x17
 640 0290 B9010000 		.4byte	.LASF45
 641 0294 06       		.byte	0x6
 642 0295 1207     		.2byte	0x712
 643 0297 9B020000 		.4byte	0x29b
 644 029b 18       		.uleb128 0x18
 645 029c 76000000 		.4byte	0x76
 646 02a0 19       		.uleb128 0x19
 647 02a1 7E010000 		.4byte	0x17e
 648 02a5 B0020000 		.4byte	0x2b0
 649 02a9 1A       		.uleb128 0x1a
 650 02aa B5000000 		.4byte	0xb5
 651 02ae 0F       		.byte	0xf
 652 02af 00       		.byte	0
 653 02b0 1B       		.uleb128 0x1b
 654 02b1 37020000 		.4byte	.LASF46
 655 02b5 01       		.byte	0x1
 656 02b6 1C       		.byte	0x1c
 657 02b7 A0020000 		.4byte	0x2a0
 658 02bb 05       		.uleb128 0x5
 659 02bc 03       		.byte	0x3
ARM GAS  C:\Users\jon\AppData\Local\Temp\ccUnMwXV.s 			page 14


 660 02bd 00000000 		.4byte	servo_map
 661 02c1 1C       		.uleb128 0x1c
 662 02c2 8A020000 		.4byte	.LASF47
 663 02c6 8A020000 		.4byte	.LASF47
 664 02ca 07       		.byte	0x7
 665 02cb 92       		.byte	0x92
 666 02cc 1C       		.uleb128 0x1c
 667 02cd 7A030000 		.4byte	.LASF48
 668 02d1 7A030000 		.4byte	.LASF48
 669 02d5 08       		.byte	0x8
 670 02d6 92       		.byte	0x92
 671 02d7 1C       		.uleb128 0x1c
 672 02d8 A6000000 		.4byte	.LASF49
 673 02dc A6000000 		.4byte	.LASF49
 674 02e0 09       		.byte	0x9
 675 02e1 92       		.byte	0x92
 676 02e2 1C       		.uleb128 0x1c
 677 02e3 1E020000 		.4byte	.LASF50
 678 02e7 1E020000 		.4byte	.LASF50
 679 02eb 0A       		.byte	0xa
 680 02ec 92       		.byte	0x92
 681 02ed 1C       		.uleb128 0x1c
 682 02ee 86000000 		.4byte	.LASF51
 683 02f2 86000000 		.4byte	.LASF51
 684 02f6 0B       		.byte	0xb
 685 02f7 92       		.byte	0x92
 686 02f8 1C       		.uleb128 0x1c
 687 02f9 34000000 		.4byte	.LASF52
 688 02fd 34000000 		.4byte	.LASF52
 689 0301 0C       		.byte	0xc
 690 0302 92       		.byte	0x92
 691 0303 1C       		.uleb128 0x1c
 692 0304 B2020000 		.4byte	.LASF53
 693 0308 B2020000 		.4byte	.LASF53
 694 030c 0D       		.byte	0xd
 695 030d 92       		.byte	0x92
 696 030e 1C       		.uleb128 0x1c
 697 030f 00000000 		.4byte	.LASF54
 698 0313 00000000 		.4byte	.LASF54
 699 0317 0E       		.byte	0xe
 700 0318 92       		.byte	0x92
 701 0319 00       		.byte	0
 702              		.section	.debug_abbrev,"",%progbits
 703              	.Ldebug_abbrev0:
 704 0000 01       		.uleb128 0x1
 705 0001 11       		.uleb128 0x11
 706 0002 01       		.byte	0x1
 707 0003 25       		.uleb128 0x25
 708 0004 0E       		.uleb128 0xe
 709 0005 13       		.uleb128 0x13
 710 0006 0B       		.uleb128 0xb
 711 0007 03       		.uleb128 0x3
 712 0008 0E       		.uleb128 0xe
 713 0009 1B       		.uleb128 0x1b
 714 000a 0E       		.uleb128 0xe
 715 000b 55       		.uleb128 0x55
 716 000c 17       		.uleb128 0x17
ARM GAS  C:\Users\jon\AppData\Local\Temp\ccUnMwXV.s 			page 15


 717 000d 11       		.uleb128 0x11
 718 000e 01       		.uleb128 0x1
 719 000f 10       		.uleb128 0x10
 720 0010 17       		.uleb128 0x17
 721 0011 00       		.byte	0
 722 0012 00       		.byte	0
 723 0013 02       		.uleb128 0x2
 724 0014 24       		.uleb128 0x24
 725 0015 00       		.byte	0
 726 0016 0B       		.uleb128 0xb
 727 0017 0B       		.uleb128 0xb
 728 0018 3E       		.uleb128 0x3e
 729 0019 0B       		.uleb128 0xb
 730 001a 03       		.uleb128 0x3
 731 001b 0E       		.uleb128 0xe
 732 001c 00       		.byte	0
 733 001d 00       		.byte	0
 734 001e 03       		.uleb128 0x3
 735 001f 16       		.uleb128 0x16
 736 0020 00       		.byte	0
 737 0021 03       		.uleb128 0x3
 738 0022 0E       		.uleb128 0xe
 739 0023 3A       		.uleb128 0x3a
 740 0024 0B       		.uleb128 0xb
 741 0025 3B       		.uleb128 0x3b
 742 0026 0B       		.uleb128 0xb
 743 0027 49       		.uleb128 0x49
 744 0028 13       		.uleb128 0x13
 745 0029 00       		.byte	0
 746 002a 00       		.byte	0
 747 002b 04       		.uleb128 0x4
 748 002c 24       		.uleb128 0x24
 749 002d 00       		.byte	0
 750 002e 0B       		.uleb128 0xb
 751 002f 0B       		.uleb128 0xb
 752 0030 3E       		.uleb128 0x3e
 753 0031 0B       		.uleb128 0xb
 754 0032 03       		.uleb128 0x3
 755 0033 08       		.uleb128 0x8
 756 0034 00       		.byte	0
 757 0035 00       		.byte	0
 758 0036 05       		.uleb128 0x5
 759 0037 16       		.uleb128 0x16
 760 0038 00       		.byte	0
 761 0039 03       		.uleb128 0x3
 762 003a 0E       		.uleb128 0xe
 763 003b 3A       		.uleb128 0x3a
 764 003c 0B       		.uleb128 0xb
 765 003d 3B       		.uleb128 0x3b
 766 003e 05       		.uleb128 0x5
 767 003f 49       		.uleb128 0x49
 768 0040 13       		.uleb128 0x13
 769 0041 00       		.byte	0
 770 0042 00       		.byte	0
 771 0043 06       		.uleb128 0x6
 772 0044 04       		.uleb128 0x4
 773 0045 01       		.byte	0x1
ARM GAS  C:\Users\jon\AppData\Local\Temp\ccUnMwXV.s 			page 16


 774 0046 0B       		.uleb128 0xb
 775 0047 0B       		.uleb128 0xb
 776 0048 49       		.uleb128 0x49
 777 0049 13       		.uleb128 0x13
 778 004a 3A       		.uleb128 0x3a
 779 004b 0B       		.uleb128 0xb
 780 004c 3B       		.uleb128 0x3b
 781 004d 0B       		.uleb128 0xb
 782 004e 01       		.uleb128 0x1
 783 004f 13       		.uleb128 0x13
 784 0050 00       		.byte	0
 785 0051 00       		.byte	0
 786 0052 07       		.uleb128 0x7
 787 0053 28       		.uleb128 0x28
 788 0054 00       		.byte	0
 789 0055 03       		.uleb128 0x3
 790 0056 0E       		.uleb128 0xe
 791 0057 1C       		.uleb128 0x1c
 792 0058 0B       		.uleb128 0xb
 793 0059 00       		.byte	0
 794 005a 00       		.byte	0
 795 005b 08       		.uleb128 0x8
 796 005c 28       		.uleb128 0x28
 797 005d 00       		.byte	0
 798 005e 03       		.uleb128 0x3
 799 005f 08       		.uleb128 0x8
 800 0060 1C       		.uleb128 0x1c
 801 0061 0B       		.uleb128 0xb
 802 0062 00       		.byte	0
 803 0063 00       		.byte	0
 804 0064 09       		.uleb128 0x9
 805 0065 13       		.uleb128 0x13
 806 0066 01       		.byte	0x1
 807 0067 0B       		.uleb128 0xb
 808 0068 0B       		.uleb128 0xb
 809 0069 3A       		.uleb128 0x3a
 810 006a 0B       		.uleb128 0xb
 811 006b 3B       		.uleb128 0x3b
 812 006c 0B       		.uleb128 0xb
 813 006d 01       		.uleb128 0x1
 814 006e 13       		.uleb128 0x13
 815 006f 00       		.byte	0
 816 0070 00       		.byte	0
 817 0071 0A       		.uleb128 0xa
 818 0072 0D       		.uleb128 0xd
 819 0073 00       		.byte	0
 820 0074 03       		.uleb128 0x3
 821 0075 0E       		.uleb128 0xe
 822 0076 3A       		.uleb128 0x3a
 823 0077 0B       		.uleb128 0xb
 824 0078 3B       		.uleb128 0x3b
 825 0079 0B       		.uleb128 0xb
 826 007a 49       		.uleb128 0x49
 827 007b 13       		.uleb128 0x13
 828 007c 38       		.uleb128 0x38
 829 007d 0B       		.uleb128 0xb
 830 007e 00       		.byte	0
ARM GAS  C:\Users\jon\AppData\Local\Temp\ccUnMwXV.s 			page 17


 831 007f 00       		.byte	0
 832 0080 0B       		.uleb128 0xb
 833 0081 15       		.uleb128 0x15
 834 0082 01       		.byte	0x1
 835 0083 27       		.uleb128 0x27
 836 0084 19       		.uleb128 0x19
 837 0085 01       		.uleb128 0x1
 838 0086 13       		.uleb128 0x13
 839 0087 00       		.byte	0
 840 0088 00       		.byte	0
 841 0089 0C       		.uleb128 0xc
 842 008a 05       		.uleb128 0x5
 843 008b 00       		.byte	0
 844 008c 49       		.uleb128 0x49
 845 008d 13       		.uleb128 0x13
 846 008e 00       		.byte	0
 847 008f 00       		.byte	0
 848 0090 0D       		.uleb128 0xd
 849 0091 0F       		.uleb128 0xf
 850 0092 00       		.byte	0
 851 0093 0B       		.uleb128 0xb
 852 0094 0B       		.uleb128 0xb
 853 0095 49       		.uleb128 0x49
 854 0096 13       		.uleb128 0x13
 855 0097 00       		.byte	0
 856 0098 00       		.byte	0
 857 0099 0E       		.uleb128 0xe
 858 009a 2E       		.uleb128 0x2e
 859 009b 01       		.byte	0x1
 860 009c 3F       		.uleb128 0x3f
 861 009d 19       		.uleb128 0x19
 862 009e 03       		.uleb128 0x3
 863 009f 0E       		.uleb128 0xe
 864 00a0 3A       		.uleb128 0x3a
 865 00a1 0B       		.uleb128 0xb
 866 00a2 3B       		.uleb128 0x3b
 867 00a3 0B       		.uleb128 0xb
 868 00a4 27       		.uleb128 0x27
 869 00a5 19       		.uleb128 0x19
 870 00a6 49       		.uleb128 0x49
 871 00a7 13       		.uleb128 0x13
 872 00a8 11       		.uleb128 0x11
 873 00a9 01       		.uleb128 0x1
 874 00aa 12       		.uleb128 0x12
 875 00ab 06       		.uleb128 0x6
 876 00ac 40       		.uleb128 0x40
 877 00ad 18       		.uleb128 0x18
 878 00ae 9742     		.uleb128 0x2117
 879 00b0 19       		.uleb128 0x19
 880 00b1 01       		.uleb128 0x1
 881 00b2 13       		.uleb128 0x13
 882 00b3 00       		.byte	0
 883 00b4 00       		.byte	0
 884 00b5 0F       		.uleb128 0xf
 885 00b6 05       		.uleb128 0x5
 886 00b7 00       		.byte	0
 887 00b8 03       		.uleb128 0x3
ARM GAS  C:\Users\jon\AppData\Local\Temp\ccUnMwXV.s 			page 18


 888 00b9 0E       		.uleb128 0xe
 889 00ba 3A       		.uleb128 0x3a
 890 00bb 0B       		.uleb128 0xb
 891 00bc 3B       		.uleb128 0x3b
 892 00bd 0B       		.uleb128 0xb
 893 00be 49       		.uleb128 0x49
 894 00bf 13       		.uleb128 0x13
 895 00c0 02       		.uleb128 0x2
 896 00c1 17       		.uleb128 0x17
 897 00c2 00       		.byte	0
 898 00c3 00       		.byte	0
 899 00c4 10       		.uleb128 0x10
 900 00c5 2E       		.uleb128 0x2e
 901 00c6 01       		.byte	0x1
 902 00c7 3F       		.uleb128 0x3f
 903 00c8 19       		.uleb128 0x19
 904 00c9 03       		.uleb128 0x3
 905 00ca 0E       		.uleb128 0xe
 906 00cb 3A       		.uleb128 0x3a
 907 00cc 0B       		.uleb128 0xb
 908 00cd 3B       		.uleb128 0x3b
 909 00ce 0B       		.uleb128 0xb
 910 00cf 27       		.uleb128 0x27
 911 00d0 19       		.uleb128 0x19
 912 00d1 11       		.uleb128 0x11
 913 00d2 01       		.uleb128 0x1
 914 00d3 12       		.uleb128 0x12
 915 00d4 06       		.uleb128 0x6
 916 00d5 40       		.uleb128 0x40
 917 00d6 18       		.uleb128 0x18
 918 00d7 9742     		.uleb128 0x2117
 919 00d9 19       		.uleb128 0x19
 920 00da 01       		.uleb128 0x1
 921 00db 13       		.uleb128 0x13
 922 00dc 00       		.byte	0
 923 00dd 00       		.byte	0
 924 00de 11       		.uleb128 0x11
 925 00df 898201   		.uleb128 0x4109
 926 00e2 00       		.byte	0
 927 00e3 11       		.uleb128 0x11
 928 00e4 01       		.uleb128 0x1
 929 00e5 31       		.uleb128 0x31
 930 00e6 13       		.uleb128 0x13
 931 00e7 00       		.byte	0
 932 00e8 00       		.byte	0
 933 00e9 12       		.uleb128 0x12
 934 00ea 2E       		.uleb128 0x2e
 935 00eb 01       		.byte	0x1
 936 00ec 3F       		.uleb128 0x3f
 937 00ed 19       		.uleb128 0x19
 938 00ee 03       		.uleb128 0x3
 939 00ef 0E       		.uleb128 0xe
 940 00f0 3A       		.uleb128 0x3a
 941 00f1 0B       		.uleb128 0xb
 942 00f2 3B       		.uleb128 0x3b
 943 00f3 0B       		.uleb128 0xb
 944 00f4 11       		.uleb128 0x11
ARM GAS  C:\Users\jon\AppData\Local\Temp\ccUnMwXV.s 			page 19


 945 00f5 01       		.uleb128 0x1
 946 00f6 12       		.uleb128 0x12
 947 00f7 06       		.uleb128 0x6
 948 00f8 40       		.uleb128 0x40
 949 00f9 18       		.uleb128 0x18
 950 00fa 9642     		.uleb128 0x2116
 951 00fc 19       		.uleb128 0x19
 952 00fd 01       		.uleb128 0x1
 953 00fe 13       		.uleb128 0x13
 954 00ff 00       		.byte	0
 955 0100 00       		.byte	0
 956 0101 13       		.uleb128 0x13
 957 0102 34       		.uleb128 0x34
 958 0103 00       		.byte	0
 959 0104 03       		.uleb128 0x3
 960 0105 0E       		.uleb128 0xe
 961 0106 3A       		.uleb128 0x3a
 962 0107 0B       		.uleb128 0xb
 963 0108 3B       		.uleb128 0x3b
 964 0109 0B       		.uleb128 0xb
 965 010a 49       		.uleb128 0x49
 966 010b 13       		.uleb128 0x13
 967 010c 02       		.uleb128 0x2
 968 010d 17       		.uleb128 0x17
 969 010e 00       		.byte	0
 970 010f 00       		.byte	0
 971 0110 14       		.uleb128 0x14
 972 0111 0B       		.uleb128 0xb
 973 0112 01       		.byte	0x1
 974 0113 11       		.uleb128 0x11
 975 0114 01       		.uleb128 0x1
 976 0115 12       		.uleb128 0x12
 977 0116 06       		.uleb128 0x6
 978 0117 00       		.byte	0
 979 0118 00       		.byte	0
 980 0119 15       		.uleb128 0x15
 981 011a 34       		.uleb128 0x34
 982 011b 00       		.byte	0
 983 011c 03       		.uleb128 0x3
 984 011d 08       		.uleb128 0x8
 985 011e 3A       		.uleb128 0x3a
 986 011f 0B       		.uleb128 0xb
 987 0120 3B       		.uleb128 0x3b
 988 0121 0B       		.uleb128 0xb
 989 0122 49       		.uleb128 0x49
 990 0123 13       		.uleb128 0x13
 991 0124 02       		.uleb128 0x2
 992 0125 17       		.uleb128 0x17
 993 0126 00       		.byte	0
 994 0127 00       		.byte	0
 995 0128 16       		.uleb128 0x16
 996 0129 2E       		.uleb128 0x2e
 997 012a 01       		.byte	0x1
 998 012b 3F       		.uleb128 0x3f
 999 012c 19       		.uleb128 0x19
 1000 012d 03       		.uleb128 0x3
 1001 012e 0E       		.uleb128 0xe
ARM GAS  C:\Users\jon\AppData\Local\Temp\ccUnMwXV.s 			page 20


 1002 012f 3A       		.uleb128 0x3a
 1003 0130 0B       		.uleb128 0xb
 1004 0131 3B       		.uleb128 0x3b
 1005 0132 0B       		.uleb128 0xb
 1006 0133 11       		.uleb128 0x11
 1007 0134 01       		.uleb128 0x1
 1008 0135 12       		.uleb128 0x12
 1009 0136 06       		.uleb128 0x6
 1010 0137 40       		.uleb128 0x40
 1011 0138 18       		.uleb128 0x18
 1012 0139 9742     		.uleb128 0x2117
 1013 013b 19       		.uleb128 0x19
 1014 013c 01       		.uleb128 0x1
 1015 013d 13       		.uleb128 0x13
 1016 013e 00       		.byte	0
 1017 013f 00       		.byte	0
 1018 0140 17       		.uleb128 0x17
 1019 0141 34       		.uleb128 0x34
 1020 0142 00       		.byte	0
 1021 0143 03       		.uleb128 0x3
 1022 0144 0E       		.uleb128 0xe
 1023 0145 3A       		.uleb128 0x3a
 1024 0146 0B       		.uleb128 0xb
 1025 0147 3B       		.uleb128 0x3b
 1026 0148 05       		.uleb128 0x5
 1027 0149 49       		.uleb128 0x49
 1028 014a 13       		.uleb128 0x13
 1029 014b 3F       		.uleb128 0x3f
 1030 014c 19       		.uleb128 0x19
 1031 014d 3C       		.uleb128 0x3c
 1032 014e 19       		.uleb128 0x19
 1033 014f 00       		.byte	0
 1034 0150 00       		.byte	0
 1035 0151 18       		.uleb128 0x18
 1036 0152 35       		.uleb128 0x35
 1037 0153 00       		.byte	0
 1038 0154 49       		.uleb128 0x49
 1039 0155 13       		.uleb128 0x13
 1040 0156 00       		.byte	0
 1041 0157 00       		.byte	0
 1042 0158 19       		.uleb128 0x19
 1043 0159 01       		.uleb128 0x1
 1044 015a 01       		.byte	0x1
 1045 015b 49       		.uleb128 0x49
 1046 015c 13       		.uleb128 0x13
 1047 015d 01       		.uleb128 0x1
 1048 015e 13       		.uleb128 0x13
 1049 015f 00       		.byte	0
 1050 0160 00       		.byte	0
 1051 0161 1A       		.uleb128 0x1a
 1052 0162 21       		.uleb128 0x21
 1053 0163 00       		.byte	0
 1054 0164 49       		.uleb128 0x49
 1055 0165 13       		.uleb128 0x13
 1056 0166 2F       		.uleb128 0x2f
 1057 0167 0B       		.uleb128 0xb
 1058 0168 00       		.byte	0
ARM GAS  C:\Users\jon\AppData\Local\Temp\ccUnMwXV.s 			page 21


 1059 0169 00       		.byte	0
 1060 016a 1B       		.uleb128 0x1b
 1061 016b 34       		.uleb128 0x34
 1062 016c 00       		.byte	0
 1063 016d 03       		.uleb128 0x3
 1064 016e 0E       		.uleb128 0xe
 1065 016f 3A       		.uleb128 0x3a
 1066 0170 0B       		.uleb128 0xb
 1067 0171 3B       		.uleb128 0x3b
 1068 0172 0B       		.uleb128 0xb
 1069 0173 49       		.uleb128 0x49
 1070 0174 13       		.uleb128 0x13
 1071 0175 3F       		.uleb128 0x3f
 1072 0176 19       		.uleb128 0x19
 1073 0177 02       		.uleb128 0x2
 1074 0178 18       		.uleb128 0x18
 1075 0179 00       		.byte	0
 1076 017a 00       		.byte	0
 1077 017b 1C       		.uleb128 0x1c
 1078 017c 2E       		.uleb128 0x2e
 1079 017d 00       		.byte	0
 1080 017e 3F       		.uleb128 0x3f
 1081 017f 19       		.uleb128 0x19
 1082 0180 3C       		.uleb128 0x3c
 1083 0181 19       		.uleb128 0x19
 1084 0182 6E       		.uleb128 0x6e
 1085 0183 0E       		.uleb128 0xe
 1086 0184 03       		.uleb128 0x3
 1087 0185 0E       		.uleb128 0xe
 1088 0186 3A       		.uleb128 0x3a
 1089 0187 0B       		.uleb128 0xb
 1090 0188 3B       		.uleb128 0x3b
 1091 0189 0B       		.uleb128 0xb
 1092 018a 00       		.byte	0
 1093 018b 00       		.byte	0
 1094 018c 00       		.byte	0
 1095              		.section	.debug_loc,"",%progbits
 1096              	.Ldebug_loc0:
 1097              	.LLST0:
 1098 0000 00000000 		.4byte	.LVL0
 1099 0004 04000000 		.4byte	.LVL1
 1100 0008 0100     		.2byte	0x1
 1101 000a 50       		.byte	0x50
 1102 000b 04000000 		.4byte	.LVL1
 1103 000f 20000000 		.4byte	.LFE63
 1104 0013 0400     		.2byte	0x4
 1105 0015 F3       		.byte	0xf3
 1106 0016 01       		.uleb128 0x1
 1107 0017 50       		.byte	0x50
 1108 0018 9F       		.byte	0x9f
 1109 0019 00000000 		.4byte	0
 1110 001d 00000000 		.4byte	0
 1111              	.LLST1:
 1112 0021 00000000 		.4byte	.LVL2
 1113 0025 06000000 		.4byte	.LVL3
 1114 0029 0100     		.2byte	0x1
 1115 002b 50       		.byte	0x50
ARM GAS  C:\Users\jon\AppData\Local\Temp\ccUnMwXV.s 			page 22


 1116 002c 06000000 		.4byte	.LVL3
 1117 0030 1C000000 		.4byte	.LFE64
 1118 0034 0400     		.2byte	0x4
 1119 0036 F3       		.byte	0xf3
 1120 0037 01       		.uleb128 0x1
 1121 0038 50       		.byte	0x50
 1122 0039 9F       		.byte	0x9f
 1123 003a 00000000 		.4byte	0
 1124 003e 00000000 		.4byte	0
 1125              	.LLST2:
 1126 0042 00000000 		.4byte	.LVL2
 1127 0046 09000000 		.4byte	.LVL4-1
 1128 004a 0100     		.2byte	0x1
 1129 004c 51       		.byte	0x51
 1130 004d 09000000 		.4byte	.LVL4-1
 1131 0051 1C000000 		.4byte	.LFE64
 1132 0055 0400     		.2byte	0x4
 1133 0057 F3       		.byte	0xf3
 1134 0058 01       		.uleb128 0x1
 1135 0059 51       		.byte	0x51
 1136 005a 9F       		.byte	0x9f
 1137 005b 00000000 		.4byte	0
 1138 005f 00000000 		.4byte	0
 1139              	.LLST3:
 1140 0063 08000000 		.4byte	.LVL7
 1141 0067 5E000000 		.4byte	.LVL8
 1142 006b 0B00     		.2byte	0xb
 1143 006d 73       		.byte	0x73
 1144 006e 00       		.sleb128 0
 1145 006f 3C       		.byte	0x3c
 1146 0070 1E       		.byte	0x1e
 1147 0071 03       		.byte	0x3
 1148 0072 00000000 		.4byte	servo_map
 1149 0076 22       		.byte	0x22
 1150 0077 9F       		.byte	0x9f
 1151 0078 5E000000 		.4byte	.LVL8
 1152 007c 64000000 		.4byte	.LVL10
 1153 0080 0B00     		.2byte	0xb
 1154 0082 74       		.byte	0x74
 1155 0083 00       		.sleb128 0
 1156 0084 3C       		.byte	0x3c
 1157 0085 1E       		.byte	0x1e
 1158 0086 03       		.byte	0x3
 1159 0087 00000000 		.4byte	servo_map
 1160 008b 22       		.byte	0x22
 1161 008c 9F       		.byte	0x9f
 1162 008d 64000000 		.4byte	.LVL10
 1163 0091 66000000 		.4byte	.LVL11
 1164 0095 0B00     		.2byte	0xb
 1165 0097 74       		.byte	0x74
 1166 0098 7F       		.sleb128 -1
 1167 0099 3C       		.byte	0x3c
 1168 009a 1E       		.byte	0x1e
 1169 009b 03       		.byte	0x3
 1170 009c 00000000 		.4byte	servo_map
 1171 00a0 22       		.byte	0x22
 1172 00a1 9F       		.byte	0x9f
ARM GAS  C:\Users\jon\AppData\Local\Temp\ccUnMwXV.s 			page 23


 1173 00a2 00000000 		.4byte	0
 1174 00a6 00000000 		.4byte	0
 1175              	.LLST4:
 1176 00aa 02000000 		.4byte	.LVL5
 1177 00ae 06000000 		.4byte	.LVL6
 1178 00b2 0200     		.2byte	0x2
 1179 00b4 30       		.byte	0x30
 1180 00b5 9F       		.byte	0x9f
 1181 00b6 06000000 		.4byte	.LVL6
 1182 00ba 64000000 		.4byte	.LVL10
 1183 00be 0100     		.2byte	0x1
 1184 00c0 54       		.byte	0x54
 1185 00c1 66000000 		.4byte	.LVL11
 1186 00c5 6C000000 		.4byte	.LVL12
 1187 00c9 0100     		.2byte	0x1
 1188 00cb 54       		.byte	0x54
 1189 00cc 00000000 		.4byte	0
 1190 00d0 00000000 		.4byte	0
 1191              		.section	.debug_aranges,"",%progbits
 1192 0000 34000000 		.4byte	0x34
 1193 0004 0200     		.2byte	0x2
 1194 0006 00000000 		.4byte	.Ldebug_info0
 1195 000a 04       		.byte	0x4
 1196 000b 00       		.byte	0
 1197 000c 0000     		.2byte	0
 1198 000e 0000     		.2byte	0
 1199 0010 00000000 		.4byte	.LFB63
 1200 0014 20000000 		.4byte	.LFE63-.LFB63
 1201 0018 00000000 		.4byte	.LFB64
 1202 001c 1C000000 		.4byte	.LFE64-.LFB64
 1203 0020 00000000 		.4byte	.LFB65
 1204 0024 70000000 		.4byte	.LFE65-.LFB65
 1205 0028 00000000 		.4byte	.LFB66
 1206 002c 24000000 		.4byte	.LFE66-.LFB66
 1207 0030 00000000 		.4byte	0
 1208 0034 00000000 		.4byte	0
 1209              		.section	.debug_ranges,"",%progbits
 1210              	.Ldebug_ranges0:
 1211 0000 00000000 		.4byte	.LFB63
 1212 0004 20000000 		.4byte	.LFE63
 1213 0008 00000000 		.4byte	.LFB64
 1214 000c 1C000000 		.4byte	.LFE64
 1215 0010 00000000 		.4byte	.LFB65
 1216 0014 70000000 		.4byte	.LFE65
 1217 0018 00000000 		.4byte	.LFB66
 1218 001c 24000000 		.4byte	.LFE66
 1219 0020 00000000 		.4byte	0
 1220 0024 00000000 		.4byte	0
 1221              		.section	.debug_line,"",%progbits
 1222              	.Ldebug_line0:
 1223 0000 42020000 		.section	.debug_str,"MS",%progbits,1
 1223      0200D701 
 1223      00000201 
 1223      FB0E0D00 
 1223      01010101 
 1224              	.LASF54:
 1225 0000 4E65636B 		.ascii	"Neck_Start\000"
ARM GAS  C:\Users\jon\AppData\Local\Temp\ccUnMwXV.s 			page 24


 1225      5F537461 
 1225      727400
 1226              	.LASF27:
 1227 000b 4559454C 		.ascii	"EYELID_TILT\000"
 1227      49445F54 
 1227      494C5400 
 1228              	.LASF43:
 1229 0017 75706461 		.ascii	"update_servos\000"
 1229      74655F73 
 1229      6572766F 
 1229      7300
 1230              	.LASF9:
 1231 0025 5F5F696E 		.ascii	"__int32_t\000"
 1231      7433325F 
 1231      7400
 1232              	.LASF37:
 1233 002f 73746570 		.ascii	"step\000"
 1233      00
 1234              	.LASF52:
 1235 0034 4C697073 		.ascii	"Lips_Start\000"
 1235      5F537461 
 1235      727400
 1236              	.LASF44:
 1237 003f 73746172 		.ascii	"start_servos\000"
 1237      745F7365 
 1237      72766F73 
 1237      00
 1238              	.LASF20:
 1239 004c 4E45434B 		.ascii	"NECK_RIGHT\000"
 1239      5F524947 
 1239      485400
 1240              	.LASF11:
 1241 0057 75696E74 		.ascii	"uint8\000"
 1241      3800
 1242              	.LASF25:
 1243 005d 52494748 		.ascii	"RIGHT_EYEBALL_TOP\000"
 1243      545F4559 
 1243      4542414C 
 1243      4C5F544F 
 1243      5000
 1244              	.LASF40:
 1245 006f 73657276 		.ascii	"servo_id\000"
 1245      6F5F6964 
 1245      00
 1246              	.LASF34:
 1247 0078 77726974 		.ascii	"write_compare\000"
 1247      655F636F 
 1247      6D706172 
 1247      6500
 1248              	.LASF51:
 1249 0086 4579656C 		.ascii	"Eyelids_Start\000"
 1249      6964735F 
 1249      53746172 
 1249      7400
 1250              	.LASF13:
 1251 0094 666C6F61 		.ascii	"float\000"
 1251      7400
ARM GAS  C:\Users\jon\AppData\Local\Temp\ccUnMwXV.s 			page 25


 1252              	.LASF0:
 1253 009a 7369676E 		.ascii	"signed char\000"
 1253      65642063 
 1253      68617200 
 1254              	.LASF49:
 1255 00a6 52696768 		.ascii	"RightEyeball_Start\000"
 1255      74457965 
 1255      62616C6C 
 1255      5F537461 
 1255      727400
 1256              	.LASF1:
 1257 00b9 756E7369 		.ascii	"unsigned char\000"
 1257      676E6564 
 1257      20636861 
 1257      7200
 1258              	.LASF55:
 1259 00c7 474E5520 		.ascii	"GNU C11 5.4.1 20160609 (release) [ARM/embedded-5-br"
 1259      43313120 
 1259      352E342E 
 1259      31203230 
 1259      31363036 
 1260 00fa 616E6368 		.ascii	"anch revision 237715] -mcpu=cortex-m3 -mthumb -g -O"
 1260      20726576 
 1260      6973696F 
 1260      6E203233 
 1260      37373135 
 1261 012d 67202D66 		.ascii	"g -ffunction-sections -ffat-lto-objects\000"
 1261      66756E63 
 1261      74696F6E 
 1261      2D736563 
 1261      74696F6E 
 1262              	.LASF32:
 1263 0155 52494748 		.ascii	"RIGHT_EYEBROW_RIGHT\000"
 1263      545F4559 
 1263      4542524F 
 1263      575F5249 
 1263      47485400 
 1264              	.LASF5:
 1265 0169 6C6F6E67 		.ascii	"long unsigned int\000"
 1265      20756E73 
 1265      69676E65 
 1265      6420696E 
 1265      7400
 1266              	.LASF3:
 1267 017b 73686F72 		.ascii	"short unsigned int\000"
 1267      7420756E 
 1267      7369676E 
 1267      65642069 
 1267      6E7400
 1268              	.LASF30:
 1269 018e 4C454654 		.ascii	"LEFT_EYEBROW_RIGHT\000"
 1269      5F455945 
 1269      42524F57 
 1269      5F524947 
 1269      485400
 1270              	.LASF41:
 1271 01a1 616E676C 		.ascii	"angle\000"
ARM GAS  C:\Users\jon\AppData\Local\Temp\ccUnMwXV.s 			page 26


 1271      6500
 1272              	.LASF29:
 1273 01a7 4C454654 		.ascii	"LEFT_EYEBROW_LEFT\000"
 1273      5F455945 
 1273      42524F57 
 1273      5F4C4546 
 1273      5400
 1274              	.LASF45:
 1275 01b9 49544D5F 		.ascii	"ITM_RxBuffer\000"
 1275      52784275 
 1275      66666572 
 1275      00
 1276              	.LASF56:
 1277 01c6 73657276 		.ascii	"servocontrol.c\000"
 1277      6F636F6E 
 1277      74726F6C 
 1277      2E6300
 1278              	.LASF14:
 1279 01d5 646F7562 		.ascii	"double\000"
 1279      6C6500
 1280              	.LASF57:
 1281 01dc 433A5C55 		.ascii	"C:\\Users\\jon\\development\\CSE564-PSoC\\Face\\Con"
 1281      73657273 
 1281      5C6A6F6E 
 1281      5C646576 
 1281      656C6F70 
 1282 0209 74726F6C 		.ascii	"trol.cydsn\000"
 1282      2E637964 
 1282      736E00
 1283              	.LASF2:
 1284 0214 73686F72 		.ascii	"short int\000"
 1284      7420696E 
 1284      7400
 1285              	.LASF50:
 1286 021e 4C656674 		.ascii	"LeftEyeball_Start\000"
 1286      45796562 
 1286      616C6C5F 
 1286      53746172 
 1286      7400
 1287              	.LASF12:
 1288 0230 75696E74 		.ascii	"uint16\000"
 1288      313600
 1289              	.LASF46:
 1290 0237 73657276 		.ascii	"servo_map\000"
 1290      6F5F6D61 
 1290      7000
 1291              	.LASF19:
 1292 0241 4E45434B 		.ascii	"NECK_LEFT\000"
 1292      5F4C4546 
 1292      5400
 1293              	.LASF35:
 1294 024b 63757272 		.ascii	"current\000"
 1294      656E7400 
 1295              	.LASF36:
 1296 0253 74617267 		.ascii	"target\000"
 1296      657400
 1297              	.LASF8:
ARM GAS  C:\Users\jon\AppData\Local\Temp\ccUnMwXV.s 			page 27


 1298 025a 756E7369 		.ascii	"unsigned int\000"
 1298      676E6564 
 1298      20696E74 
 1298      00
 1299              	.LASF18:
 1300 0267 42415345 		.ascii	"BASE_ROTATE\000"
 1300      5F524F54 
 1300      41544500 
 1301              	.LASF7:
 1302 0273 6C6F6E67 		.ascii	"long long unsigned int\000"
 1302      206C6F6E 
 1302      6720756E 
 1302      7369676E 
 1302      65642069 
 1303              	.LASF47:
 1304 028a 4C656674 		.ascii	"LeftEyebrow_Start\000"
 1304      45796562 
 1304      726F775F 
 1304      53746172 
 1304      7400
 1305              	.LASF42:
 1306 029c 73657276 		.ascii	"serv\000"
 1306      00
 1307              	.LASF10:
 1308 02a1 696E7433 		.ascii	"int32_t\000"
 1308      325F7400 
 1309              	.LASF17:
 1310 02a9 73697A65 		.ascii	"sizetype\000"
 1310      74797065 
 1310      00
 1311              	.LASF53:
 1312 02b2 42617365 		.ascii	"Base_Start\000"
 1312      5F537461 
 1312      727400
 1313              	.LASF6:
 1314 02bd 6C6F6E67 		.ascii	"long long int\000"
 1314      206C6F6E 
 1314      6720696E 
 1314      7400
 1315              	.LASF15:
 1316 02cb 63686172 		.ascii	"char\000"
 1316      00
 1317              	.LASF38:
 1318 02d0 73657276 		.ascii	"servo_state\000"
 1318      6F5F7374 
 1318      61746500 
 1319              	.LASF28:
 1320 02dc 4559454C 		.ascii	"EYELID_CLOSE\000"
 1320      49445F43 
 1320      4C4F5345 
 1320      00
 1321              	.LASF26:
 1322 02e9 52494748 		.ascii	"RIGHT_EYEBALL_BOTTOM\000"
 1322      545F4559 
 1322      4542414C 
 1322      4C5F424F 
 1322      54544F4D 
ARM GAS  C:\Users\jon\AppData\Local\Temp\ccUnMwXV.s 			page 28


 1323              	.LASF59:
 1324 02fe 7365745F 		.ascii	"set_smooth_servo_angle\000"
 1324      736D6F6F 
 1324      74685F73 
 1324      6572766F 
 1324      5F616E67 
 1325              	.LASF21:
 1326 0315 4C49505F 		.ascii	"LIP_LEFT\000"
 1326      4C454654 
 1326      00
 1327              	.LASF23:
 1328 031e 4C454654 		.ascii	"LEFT_EYEBALL_TOP\000"
 1328      5F455945 
 1328      42414C4C 
 1328      5F544F50 
 1328      00
 1329              	.LASF58:
 1330 032f 616E676C 		.ascii	"angle_to_compare\000"
 1330      655F746F 
 1330      5F636F6D 
 1330      70617265 
 1330      00
 1331              	.LASF31:
 1332 0340 52494748 		.ascii	"RIGHT_EYEBROW_LEFT\000"
 1332      545F4559 
 1332      4542524F 
 1332      575F4C45 
 1332      465400
 1333              	.LASF39:
 1334 0353 616E676C 		.ascii	"angle_value\000"
 1334      655F7661 
 1334      6C756500 
 1335              	.LASF4:
 1336 035f 6C6F6E67 		.ascii	"long int\000"
 1336      20696E74 
 1336      00
 1337              	.LASF16:
 1338 0368 6C6F6E67 		.ascii	"long double\000"
 1338      20646F75 
 1338      626C6500 
 1339              	.LASF33:
 1340 0374 73657276 		.ascii	"servo\000"
 1340      6F00
 1341              	.LASF48:
 1342 037a 52696768 		.ascii	"RightEyebrow_Start\000"
 1342      74457965 
 1342      62726F77 
 1342      5F537461 
 1342      727400
 1343              	.LASF22:
 1344 038d 4C49505F 		.ascii	"LIP_RIGHT\000"
 1344      52494748 
 1344      5400
 1345              	.LASF24:
 1346 0397 4C454654 		.ascii	"LEFT_EYEBALL_BOTTOM\000"
 1346      5F455945 
 1346      42414C4C 
ARM GAS  C:\Users\jon\AppData\Local\Temp\ccUnMwXV.s 			page 29


 1346      5F424F54 
 1346      544F4D00 
 1347              		.ident	"GCC: (GNU Tools for ARM Embedded Processors) 5.4.1 20160609 (release) [ARM/embedded-5-bran
